ARM GAS  C:\Users\11401393\AppData\Local\Temp\cclBIIYS.s 			page 1


   1              		.cpu cortex-m0
   2              		.fpu softvfp
   3              		.eabi_attribute 20, 1
   4              		.eabi_attribute 21, 1
   5              		.eabi_attribute 23, 3
   6              		.eabi_attribute 24, 1
   7              		.eabi_attribute 25, 1
   8              		.eabi_attribute 26, 1
   9              		.eabi_attribute 30, 6
  10              		.eabi_attribute 34, 0
  11              		.eabi_attribute 18, 4
  12              		.code	16
  13              		.file	"I2CS_I2C.c"
  14              		.text
  15              	.Ltext0:
  16              		.cfi_sections	.debug_frame
  17              		.comm	I2CS_state,1,1
  18              		.section	.text.I2CS_I2CInit,"ax",%progbits
  19              		.align	2
  20              		.global	I2CS_I2CInit
  21              		.code	16
  22              		.thumb_func
  23              		.type	I2CS_I2CInit, %function
  24              	I2CS_I2CInit:
  25              	.LFB0:
  26              		.file 1 ".\\Generated_Source\\PSoC4\\I2CS_I2C.c"
   1:.\Generated_Source\PSoC4/I2CS_I2C.c **** /*******************************************************************************
   2:.\Generated_Source\PSoC4/I2CS_I2C.c **** * File Name: I2CS_I2C.c
   3:.\Generated_Source\PSoC4/I2CS_I2C.c **** * Version 3.0
   4:.\Generated_Source\PSoC4/I2CS_I2C.c **** *
   5:.\Generated_Source\PSoC4/I2CS_I2C.c **** * Description:
   6:.\Generated_Source\PSoC4/I2CS_I2C.c **** *  This file provides the source code to the API for the SCB Component in
   7:.\Generated_Source\PSoC4/I2CS_I2C.c **** *  I2C mode.
   8:.\Generated_Source\PSoC4/I2CS_I2C.c **** *
   9:.\Generated_Source\PSoC4/I2CS_I2C.c **** * Note:
  10:.\Generated_Source\PSoC4/I2CS_I2C.c **** *
  11:.\Generated_Source\PSoC4/I2CS_I2C.c **** *******************************************************************************
  12:.\Generated_Source\PSoC4/I2CS_I2C.c **** * Copyright 2013-2015, Cypress Semiconductor Corporation.  All rights reserved.
  13:.\Generated_Source\PSoC4/I2CS_I2C.c **** * You may use this file only in accordance with the license, terms, conditions,
  14:.\Generated_Source\PSoC4/I2CS_I2C.c **** * disclaimers, and limitations in the end user license agreement accompanying
  15:.\Generated_Source\PSoC4/I2CS_I2C.c **** * the software package with which this file was provided.
  16:.\Generated_Source\PSoC4/I2CS_I2C.c **** *******************************************************************************/
  17:.\Generated_Source\PSoC4/I2CS_I2C.c **** 
  18:.\Generated_Source\PSoC4/I2CS_I2C.c **** #include "I2CS_PVT.h"
  19:.\Generated_Source\PSoC4/I2CS_I2C.c **** #include "I2CS_I2C_PVT.h"
  20:.\Generated_Source\PSoC4/I2CS_I2C.c **** 
  21:.\Generated_Source\PSoC4/I2CS_I2C.c **** 
  22:.\Generated_Source\PSoC4/I2CS_I2C.c **** /***************************************
  23:.\Generated_Source\PSoC4/I2CS_I2C.c **** *      I2C Private Vars
  24:.\Generated_Source\PSoC4/I2CS_I2C.c **** ***************************************/
  25:.\Generated_Source\PSoC4/I2CS_I2C.c **** 
  26:.\Generated_Source\PSoC4/I2CS_I2C.c **** volatile uint8 I2CS_state;  /* Current state of I2C FSM */
  27:.\Generated_Source\PSoC4/I2CS_I2C.c **** 
  28:.\Generated_Source\PSoC4/I2CS_I2C.c **** #if(I2CS_SCB_MODE_UNCONFIG_CONST_CFG)
  29:.\Generated_Source\PSoC4/I2CS_I2C.c **** 
  30:.\Generated_Source\PSoC4/I2CS_I2C.c ****     /***************************************
  31:.\Generated_Source\PSoC4/I2CS_I2C.c ****     *  Configuration Structure Initialization
ARM GAS  C:\Users\11401393\AppData\Local\Temp\cclBIIYS.s 			page 2


  32:.\Generated_Source\PSoC4/I2CS_I2C.c ****     ***************************************/
  33:.\Generated_Source\PSoC4/I2CS_I2C.c **** 
  34:.\Generated_Source\PSoC4/I2CS_I2C.c ****     /* Constant configuration of I2C */
  35:.\Generated_Source\PSoC4/I2CS_I2C.c ****     const I2CS_I2C_INIT_STRUCT I2CS_configI2C =
  36:.\Generated_Source\PSoC4/I2CS_I2C.c ****     {
  37:.\Generated_Source\PSoC4/I2CS_I2C.c ****         I2CS_I2C_MODE,
  38:.\Generated_Source\PSoC4/I2CS_I2C.c ****         I2CS_I2C_OVS_FACTOR_LOW,
  39:.\Generated_Source\PSoC4/I2CS_I2C.c ****         I2CS_I2C_OVS_FACTOR_HIGH,
  40:.\Generated_Source\PSoC4/I2CS_I2C.c ****         I2CS_I2C_MEDIAN_FILTER_ENABLE,
  41:.\Generated_Source\PSoC4/I2CS_I2C.c ****         I2CS_I2C_SLAVE_ADDRESS,
  42:.\Generated_Source\PSoC4/I2CS_I2C.c ****         I2CS_I2C_SLAVE_ADDRESS_MASK,
  43:.\Generated_Source\PSoC4/I2CS_I2C.c ****         I2CS_I2C_ACCEPT_ADDRESS,
  44:.\Generated_Source\PSoC4/I2CS_I2C.c ****         I2CS_I2C_WAKE_ENABLE,
  45:.\Generated_Source\PSoC4/I2CS_I2C.c ****         I2CS_I2C_BYTE_MODE_ENABLE,
  46:.\Generated_Source\PSoC4/I2CS_I2C.c ****         I2CS_I2C_DATA_RATE,
  47:.\Generated_Source\PSoC4/I2CS_I2C.c ****         I2CS_I2C_ACCEPT_GENERAL_CALL,
  48:.\Generated_Source\PSoC4/I2CS_I2C.c ****     };
  49:.\Generated_Source\PSoC4/I2CS_I2C.c **** 
  50:.\Generated_Source\PSoC4/I2CS_I2C.c ****     /*******************************************************************************
  51:.\Generated_Source\PSoC4/I2CS_I2C.c ****     * Function Name: I2CS_I2CInit
  52:.\Generated_Source\PSoC4/I2CS_I2C.c ****     ********************************************************************************
  53:.\Generated_Source\PSoC4/I2CS_I2C.c ****     *
  54:.\Generated_Source\PSoC4/I2CS_I2C.c ****     * Summary:
  55:.\Generated_Source\PSoC4/I2CS_I2C.c ****     *  Configures the SCB for I2C operation.
  56:.\Generated_Source\PSoC4/I2CS_I2C.c ****     *
  57:.\Generated_Source\PSoC4/I2CS_I2C.c ****     * Parameters:
  58:.\Generated_Source\PSoC4/I2CS_I2C.c ****     *  config:  Pointer to a structure that contains the following ordered list of
  59:.\Generated_Source\PSoC4/I2CS_I2C.c ****     *           fields. These fields match the selections available in the
  60:.\Generated_Source\PSoC4/I2CS_I2C.c ****     *           customizer.
  61:.\Generated_Source\PSoC4/I2CS_I2C.c ****     *
  62:.\Generated_Source\PSoC4/I2CS_I2C.c ****     * Return:
  63:.\Generated_Source\PSoC4/I2CS_I2C.c ****     *  None
  64:.\Generated_Source\PSoC4/I2CS_I2C.c ****     *
  65:.\Generated_Source\PSoC4/I2CS_I2C.c ****     *******************************************************************************/
  66:.\Generated_Source\PSoC4/I2CS_I2C.c ****     void I2CS_I2CInit(const I2CS_I2C_INIT_STRUCT *config)
  67:.\Generated_Source\PSoC4/I2CS_I2C.c ****     {
  68:.\Generated_Source\PSoC4/I2CS_I2C.c ****         uint32 medianFilter;
  69:.\Generated_Source\PSoC4/I2CS_I2C.c ****         uint32 locEnableWake;
  70:.\Generated_Source\PSoC4/I2CS_I2C.c **** 
  71:.\Generated_Source\PSoC4/I2CS_I2C.c ****         if(NULL == config)
  72:.\Generated_Source\PSoC4/I2CS_I2C.c ****         {
  73:.\Generated_Source\PSoC4/I2CS_I2C.c ****             CYASSERT(0u != 0u); /* Halt execution due to bad function parameter */
  74:.\Generated_Source\PSoC4/I2CS_I2C.c ****         }
  75:.\Generated_Source\PSoC4/I2CS_I2C.c ****         else
  76:.\Generated_Source\PSoC4/I2CS_I2C.c ****         {
  77:.\Generated_Source\PSoC4/I2CS_I2C.c ****             /* Configure pins */
  78:.\Generated_Source\PSoC4/I2CS_I2C.c ****             I2CS_SetPins(I2CS_SCB_MODE_I2C, I2CS_DUMMY_PARAM,
  79:.\Generated_Source\PSoC4/I2CS_I2C.c ****                                      I2CS_DUMMY_PARAM);
  80:.\Generated_Source\PSoC4/I2CS_I2C.c **** 
  81:.\Generated_Source\PSoC4/I2CS_I2C.c ****             /* Store internal configuration */
  82:.\Generated_Source\PSoC4/I2CS_I2C.c ****             I2CS_scbMode       = (uint8) I2CS_SCB_MODE_I2C;
  83:.\Generated_Source\PSoC4/I2CS_I2C.c ****             I2CS_scbEnableWake = (uint8) config->enableWake;
  84:.\Generated_Source\PSoC4/I2CS_I2C.c ****             I2CS_scbEnableIntr = (uint8) I2CS_SCB_IRQ_INTERNAL;
  85:.\Generated_Source\PSoC4/I2CS_I2C.c **** 
  86:.\Generated_Source\PSoC4/I2CS_I2C.c ****             I2CS_mode          = (uint8) config->mode;
  87:.\Generated_Source\PSoC4/I2CS_I2C.c ****             I2CS_acceptAddr    = (uint8) config->acceptAddr;
  88:.\Generated_Source\PSoC4/I2CS_I2C.c **** 
ARM GAS  C:\Users\11401393\AppData\Local\Temp\cclBIIYS.s 			page 3


  89:.\Generated_Source\PSoC4/I2CS_I2C.c ****         #if (I2CS_CY_SCBIP_V0)
  90:.\Generated_Source\PSoC4/I2CS_I2C.c ****             /* Adjust SDA filter settings. Ticket ID#150521 */
  91:.\Generated_Source\PSoC4/I2CS_I2C.c ****             I2CS_SET_I2C_CFG_SDA_FILT_TRIM(I2CS_EC_AM_I2C_CFG_SDA_FILT_TRIM);
  92:.\Generated_Source\PSoC4/I2CS_I2C.c ****         #endif /* (I2CS_CY_SCBIP_V0) */
  93:.\Generated_Source\PSoC4/I2CS_I2C.c **** 
  94:.\Generated_Source\PSoC4/I2CS_I2C.c ****             /* Adjust AF and DF filter settings. Ticket ID#176179 */
  95:.\Generated_Source\PSoC4/I2CS_I2C.c ****             if (((I2CS_I2C_MODE_SLAVE != config->mode) &&
  96:.\Generated_Source\PSoC4/I2CS_I2C.c ****                  (config->dataRate <= I2CS_I2C_DATA_RATE_FS_MODE_MAX)) ||
  97:.\Generated_Source\PSoC4/I2CS_I2C.c ****                  (I2CS_I2C_MODE_SLAVE == config->mode))
  98:.\Generated_Source\PSoC4/I2CS_I2C.c ****             {
  99:.\Generated_Source\PSoC4/I2CS_I2C.c ****                 /* AF = 1, DF = 0 */
 100:.\Generated_Source\PSoC4/I2CS_I2C.c ****                 I2CS_I2C_CFG_ANALOG_FITER_ENABLE;
 101:.\Generated_Source\PSoC4/I2CS_I2C.c ****                 medianFilter = I2CS_DIGITAL_FILTER_DISABLE;
 102:.\Generated_Source\PSoC4/I2CS_I2C.c ****             }
 103:.\Generated_Source\PSoC4/I2CS_I2C.c ****             else
 104:.\Generated_Source\PSoC4/I2CS_I2C.c ****             {
 105:.\Generated_Source\PSoC4/I2CS_I2C.c ****                 /* AF = 0, DF = 1 */
 106:.\Generated_Source\PSoC4/I2CS_I2C.c ****                 I2CS_I2C_CFG_ANALOG_FITER_DISABLE;
 107:.\Generated_Source\PSoC4/I2CS_I2C.c ****                 medianFilter = I2CS_DIGITAL_FILTER_ENABLE;
 108:.\Generated_Source\PSoC4/I2CS_I2C.c ****             }
 109:.\Generated_Source\PSoC4/I2CS_I2C.c **** 
 110:.\Generated_Source\PSoC4/I2CS_I2C.c ****         #if (!I2CS_CY_SCBIP_V0)
 111:.\Generated_Source\PSoC4/I2CS_I2C.c ****             locEnableWake = (I2CS_I2C_MULTI_MASTER_SLAVE) ? (0u) : (config->enableWake);
 112:.\Generated_Source\PSoC4/I2CS_I2C.c ****         #else
 113:.\Generated_Source\PSoC4/I2CS_I2C.c ****             locEnableWake = config->enableWake;
 114:.\Generated_Source\PSoC4/I2CS_I2C.c ****         #endif /* (!I2CS_CY_SCBIP_V0) */
 115:.\Generated_Source\PSoC4/I2CS_I2C.c **** 
 116:.\Generated_Source\PSoC4/I2CS_I2C.c ****             /* Configure I2C interface */
 117:.\Generated_Source\PSoC4/I2CS_I2C.c ****             I2CS_CTRL_REG     = I2CS_GET_CTRL_BYTE_MODE  (config->enableByteMode) |
 118:.\Generated_Source\PSoC4/I2CS_I2C.c ****                                             I2CS_GET_CTRL_ADDR_ACCEPT(config->acceptAddr)     |
 119:.\Generated_Source\PSoC4/I2CS_I2C.c ****                                             I2CS_GET_CTRL_EC_AM_MODE (locEnableWake);
 120:.\Generated_Source\PSoC4/I2CS_I2C.c **** 
 121:.\Generated_Source\PSoC4/I2CS_I2C.c ****             I2CS_I2C_CTRL_REG = I2CS_GET_I2C_CTRL_HIGH_PHASE_OVS(config->oversampleHigh) |
 122:.\Generated_Source\PSoC4/I2CS_I2C.c ****                     I2CS_GET_I2C_CTRL_LOW_PHASE_OVS (config->oversampleLow)                        
 123:.\Generated_Source\PSoC4/I2CS_I2C.c ****                     I2CS_GET_I2C_CTRL_S_GENERAL_IGNORE((uint32)(0u == config->acceptGeneralAddr))  
 124:.\Generated_Source\PSoC4/I2CS_I2C.c ****                     I2CS_GET_I2C_CTRL_SL_MSTR_MODE  (config->mode);
 125:.\Generated_Source\PSoC4/I2CS_I2C.c **** 
 126:.\Generated_Source\PSoC4/I2CS_I2C.c ****             /* Configure RX direction */
 127:.\Generated_Source\PSoC4/I2CS_I2C.c ****             I2CS_RX_CTRL_REG      = I2CS_GET_RX_CTRL_MEDIAN(medianFilter) |
 128:.\Generated_Source\PSoC4/I2CS_I2C.c ****                                                 I2CS_I2C_RX_CTRL;
 129:.\Generated_Source\PSoC4/I2CS_I2C.c ****             I2CS_RX_FIFO_CTRL_REG = I2CS_CLEAR_REG;
 130:.\Generated_Source\PSoC4/I2CS_I2C.c **** 
 131:.\Generated_Source\PSoC4/I2CS_I2C.c ****             /* Set default address and mask */
 132:.\Generated_Source\PSoC4/I2CS_I2C.c ****             I2CS_RX_MATCH_REG    = ((I2CS_I2C_SLAVE) ?
 133:.\Generated_Source\PSoC4/I2CS_I2C.c ****                                                 (I2CS_GET_I2C_8BIT_ADDRESS(config->slaveAddr) |
 134:.\Generated_Source\PSoC4/I2CS_I2C.c ****                                                  I2CS_GET_RX_MATCH_MASK(config->slaveAddrMask)) :
 135:.\Generated_Source\PSoC4/I2CS_I2C.c ****                                                 (I2CS_CLEAR_REG));
 136:.\Generated_Source\PSoC4/I2CS_I2C.c **** 
 137:.\Generated_Source\PSoC4/I2CS_I2C.c **** 
 138:.\Generated_Source\PSoC4/I2CS_I2C.c ****             /* Configure TX direction */
 139:.\Generated_Source\PSoC4/I2CS_I2C.c ****             I2CS_TX_CTRL_REG      = I2CS_I2C_TX_CTRL;
 140:.\Generated_Source\PSoC4/I2CS_I2C.c ****             I2CS_TX_FIFO_CTRL_REG = I2CS_CLEAR_REG;
 141:.\Generated_Source\PSoC4/I2CS_I2C.c **** 
 142:.\Generated_Source\PSoC4/I2CS_I2C.c ****             /* Configure interrupt with I2C handler but do not enable it */
 143:.\Generated_Source\PSoC4/I2CS_I2C.c ****             CyIntDisable    (I2CS_ISR_NUMBER);
 144:.\Generated_Source\PSoC4/I2CS_I2C.c ****             CyIntSetPriority(I2CS_ISR_NUMBER, I2CS_ISR_PRIORITY);
 145:.\Generated_Source\PSoC4/I2CS_I2C.c ****             (void) CyIntSetVector(I2CS_ISR_NUMBER, &I2CS_I2C_ISR);
ARM GAS  C:\Users\11401393\AppData\Local\Temp\cclBIIYS.s 			page 4


 146:.\Generated_Source\PSoC4/I2CS_I2C.c **** 
 147:.\Generated_Source\PSoC4/I2CS_I2C.c ****             /* Configure interrupt sources */
 148:.\Generated_Source\PSoC4/I2CS_I2C.c ****         #if(!I2CS_CY_SCBIP_V1)
 149:.\Generated_Source\PSoC4/I2CS_I2C.c ****             I2CS_INTR_SPI_EC_MASK_REG = I2CS_NO_INTR_SOURCES;
 150:.\Generated_Source\PSoC4/I2CS_I2C.c ****         #endif /* (!I2CS_CY_SCBIP_V1) */
 151:.\Generated_Source\PSoC4/I2CS_I2C.c **** 
 152:.\Generated_Source\PSoC4/I2CS_I2C.c ****             I2CS_INTR_I2C_EC_MASK_REG = I2CS_NO_INTR_SOURCES;
 153:.\Generated_Source\PSoC4/I2CS_I2C.c ****             I2CS_INTR_RX_MASK_REG     = I2CS_NO_INTR_SOURCES;
 154:.\Generated_Source\PSoC4/I2CS_I2C.c ****             I2CS_INTR_TX_MASK_REG     = I2CS_NO_INTR_SOURCES;
 155:.\Generated_Source\PSoC4/I2CS_I2C.c **** 
 156:.\Generated_Source\PSoC4/I2CS_I2C.c ****             I2CS_INTR_SLAVE_MASK_REG  = ((I2CS_I2C_SLAVE) ?
 157:.\Generated_Source\PSoC4/I2CS_I2C.c ****                             (I2CS_GET_INTR_SLAVE_I2C_GENERAL(config->acceptGeneralAddr) |
 158:.\Generated_Source\PSoC4/I2CS_I2C.c ****                              I2CS_I2C_INTR_SLAVE_MASK) : (I2CS_CLEAR_REG));
 159:.\Generated_Source\PSoC4/I2CS_I2C.c **** 
 160:.\Generated_Source\PSoC4/I2CS_I2C.c ****             I2CS_INTR_MASTER_MASK_REG = ((I2CS_I2C_MASTER) ?
 161:.\Generated_Source\PSoC4/I2CS_I2C.c ****                                                      (I2CS_I2C_INTR_MASTER_MASK) :
 162:.\Generated_Source\PSoC4/I2CS_I2C.c ****                                                      (I2CS_CLEAR_REG));
 163:.\Generated_Source\PSoC4/I2CS_I2C.c **** 
 164:.\Generated_Source\PSoC4/I2CS_I2C.c ****             /* Configure global variables */
 165:.\Generated_Source\PSoC4/I2CS_I2C.c ****             I2CS_state = I2CS_I2C_FSM_IDLE;
 166:.\Generated_Source\PSoC4/I2CS_I2C.c **** 
 167:.\Generated_Source\PSoC4/I2CS_I2C.c ****             /* Internal slave variables */
 168:.\Generated_Source\PSoC4/I2CS_I2C.c ****             I2CS_slStatus        = 0u;
 169:.\Generated_Source\PSoC4/I2CS_I2C.c ****             I2CS_slRdBufIndex    = 0u;
 170:.\Generated_Source\PSoC4/I2CS_I2C.c ****             I2CS_slWrBufIndex    = 0u;
 171:.\Generated_Source\PSoC4/I2CS_I2C.c ****             I2CS_slOverFlowCount = 0u;
 172:.\Generated_Source\PSoC4/I2CS_I2C.c **** 
 173:.\Generated_Source\PSoC4/I2CS_I2C.c ****             /* Internal master variables */
 174:.\Generated_Source\PSoC4/I2CS_I2C.c ****             I2CS_mstrStatus     = 0u;
 175:.\Generated_Source\PSoC4/I2CS_I2C.c ****             I2CS_mstrRdBufIndex = 0u;
 176:.\Generated_Source\PSoC4/I2CS_I2C.c ****             I2CS_mstrWrBufIndex = 0u;
 177:.\Generated_Source\PSoC4/I2CS_I2C.c ****         }
 178:.\Generated_Source\PSoC4/I2CS_I2C.c ****     }
 179:.\Generated_Source\PSoC4/I2CS_I2C.c **** 
 180:.\Generated_Source\PSoC4/I2CS_I2C.c **** #else
 181:.\Generated_Source\PSoC4/I2CS_I2C.c **** 
 182:.\Generated_Source\PSoC4/I2CS_I2C.c ****     /*******************************************************************************
 183:.\Generated_Source\PSoC4/I2CS_I2C.c ****     * Function Name: I2CS_I2CInit
 184:.\Generated_Source\PSoC4/I2CS_I2C.c ****     ********************************************************************************
 185:.\Generated_Source\PSoC4/I2CS_I2C.c ****     *
 186:.\Generated_Source\PSoC4/I2CS_I2C.c ****     * Summary:
 187:.\Generated_Source\PSoC4/I2CS_I2C.c ****     *  Configures the SCB for the I2C operation.
 188:.\Generated_Source\PSoC4/I2CS_I2C.c ****     *
 189:.\Generated_Source\PSoC4/I2CS_I2C.c ****     * Parameters:
 190:.\Generated_Source\PSoC4/I2CS_I2C.c ****     *  None
 191:.\Generated_Source\PSoC4/I2CS_I2C.c ****     *
 192:.\Generated_Source\PSoC4/I2CS_I2C.c ****     * Return:
 193:.\Generated_Source\PSoC4/I2CS_I2C.c ****     *  None
 194:.\Generated_Source\PSoC4/I2CS_I2C.c ****     *
 195:.\Generated_Source\PSoC4/I2CS_I2C.c ****     *******************************************************************************/
 196:.\Generated_Source\PSoC4/I2CS_I2C.c ****     void I2CS_I2CInit(void)
 197:.\Generated_Source\PSoC4/I2CS_I2C.c ****     {
  27              		.loc 1 197 0
  28              		.cfi_startproc
  29 0000 80B5     		push	{r7, lr}
  30              		.cfi_def_cfa_offset 8
  31              		.cfi_offset 7, -8
ARM GAS  C:\Users\11401393\AppData\Local\Temp\cclBIIYS.s 			page 5


  32              		.cfi_offset 14, -4
  33 0002 00AF     		add	r7, sp, #0
  34              		.cfi_def_cfa_register 7
 198:.\Generated_Source\PSoC4/I2CS_I2C.c ****     #if(I2CS_CY_SCBIP_V0)
 199:.\Generated_Source\PSoC4/I2CS_I2C.c ****         /* Adjust SDA filter settings. Ticket ID#150521 */
 200:.\Generated_Source\PSoC4/I2CS_I2C.c ****         I2CS_SET_I2C_CFG_SDA_FILT_TRIM(I2CS_EC_AM_I2C_CFG_SDA_FILT_TRIM);
  35              		.loc 1 200 0
  36 0004 254B     		ldr	r3, .L2
  37 0006 254A     		ldr	r2, .L2
  38 0008 1268     		ldr	r2, [r2]
  39 000a 0C21     		mov	r1, #12
  40 000c 0A43     		orr	r2, r1
  41 000e 1A60     		str	r2, [r3]
 201:.\Generated_Source\PSoC4/I2CS_I2C.c ****     #endif /* (I2CS_CY_SCBIP_V0) */
 202:.\Generated_Source\PSoC4/I2CS_I2C.c **** 
 203:.\Generated_Source\PSoC4/I2CS_I2C.c ****         /* Adjust AF and DF filter settings. Ticket ID#176179 */
 204:.\Generated_Source\PSoC4/I2CS_I2C.c ****         I2CS_I2C_CFG_ANALOG_FITER_ENABLE_ADJ;
 205:.\Generated_Source\PSoC4/I2CS_I2C.c **** 
 206:.\Generated_Source\PSoC4/I2CS_I2C.c ****         /* Configure I2C interface */
 207:.\Generated_Source\PSoC4/I2CS_I2C.c ****         I2CS_CTRL_REG     = I2CS_I2C_DEFAULT_CTRL;
  42              		.loc 1 207 0
  43 0010 234B     		ldr	r3, .L2+4
  44 0012 0022     		mov	r2, #0
  45 0014 1A60     		str	r2, [r3]
 208:.\Generated_Source\PSoC4/I2CS_I2C.c ****         I2CS_I2C_CTRL_REG = I2CS_I2C_DEFAULT_I2C_CTRL;
  46              		.loc 1 208 0
  47 0016 234B     		ldr	r3, .L2+8
  48 0018 234A     		ldr	r2, .L2+12
  49 001a 1A60     		str	r2, [r3]
 209:.\Generated_Source\PSoC4/I2CS_I2C.c **** 
 210:.\Generated_Source\PSoC4/I2CS_I2C.c ****         /* Configure RX direction */
 211:.\Generated_Source\PSoC4/I2CS_I2C.c ****         I2CS_RX_CTRL_REG      = I2CS_I2C_DEFAULT_RX_CTRL;
  50              		.loc 1 211 0
  51 001c 234B     		ldr	r3, .L2+16
  52 001e 244A     		ldr	r2, .L2+20
  53 0020 1A60     		str	r2, [r3]
 212:.\Generated_Source\PSoC4/I2CS_I2C.c ****         I2CS_RX_FIFO_CTRL_REG = I2CS_I2C_DEFAULT_RX_FIFO_CTRL;
  54              		.loc 1 212 0
  55 0022 244B     		ldr	r3, .L2+24
  56 0024 0022     		mov	r2, #0
  57 0026 1A60     		str	r2, [r3]
 213:.\Generated_Source\PSoC4/I2CS_I2C.c **** 
 214:.\Generated_Source\PSoC4/I2CS_I2C.c ****         /* Set default address and mask */
 215:.\Generated_Source\PSoC4/I2CS_I2C.c ****         I2CS_RX_MATCH_REG     = I2CS_I2C_DEFAULT_RX_MATCH;
  58              		.loc 1 215 0
  59 0028 234B     		ldr	r3, .L2+28
  60 002a 244A     		ldr	r2, .L2+32
  61 002c 1A60     		str	r2, [r3]
 216:.\Generated_Source\PSoC4/I2CS_I2C.c **** 
 217:.\Generated_Source\PSoC4/I2CS_I2C.c ****         /* Configure TX direction */
 218:.\Generated_Source\PSoC4/I2CS_I2C.c ****         I2CS_TX_CTRL_REG      = I2CS_I2C_DEFAULT_TX_CTRL;
  62              		.loc 1 218 0
  63 002e 244B     		ldr	r3, .L2+36
  64 0030 1F4A     		ldr	r2, .L2+20
  65 0032 1A60     		str	r2, [r3]
 219:.\Generated_Source\PSoC4/I2CS_I2C.c ****         I2CS_TX_FIFO_CTRL_REG = I2CS_I2C_DEFAULT_TX_FIFO_CTRL;
  66              		.loc 1 219 0
ARM GAS  C:\Users\11401393\AppData\Local\Temp\cclBIIYS.s 			page 6


  67 0034 234B     		ldr	r3, .L2+40
  68 0036 0022     		mov	r2, #0
  69 0038 1A60     		str	r2, [r3]
 220:.\Generated_Source\PSoC4/I2CS_I2C.c **** 
 221:.\Generated_Source\PSoC4/I2CS_I2C.c ****         /* Configure interrupt with I2C handler but do not enable it */
 222:.\Generated_Source\PSoC4/I2CS_I2C.c ****         CyIntDisable    (I2CS_ISR_NUMBER);
  70              		.loc 1 222 0
  71 003a 0B20     		mov	r0, #11
  72 003c FFF7FEFF 		bl	CyIntDisable
 223:.\Generated_Source\PSoC4/I2CS_I2C.c ****         CyIntSetPriority(I2CS_ISR_NUMBER, I2CS_ISR_PRIORITY);
  73              		.loc 1 223 0
  74 0040 0B20     		mov	r0, #11
  75 0042 0321     		mov	r1, #3
  76 0044 FFF7FEFF 		bl	CyIntSetPriority
 224:.\Generated_Source\PSoC4/I2CS_I2C.c ****     #if(!I2CS_I2C_EXTERN_INTR_HANDLER)
 225:.\Generated_Source\PSoC4/I2CS_I2C.c ****         (void) CyIntSetVector(I2CS_ISR_NUMBER, &I2CS_I2C_ISR);
  77              		.loc 1 225 0
  78 0048 1F4B     		ldr	r3, .L2+44
  79 004a 0B20     		mov	r0, #11
  80 004c 191C     		mov	r1, r3
  81 004e FFF7FEFF 		bl	CyIntSetVector
 226:.\Generated_Source\PSoC4/I2CS_I2C.c ****     #endif /* (I2CS_I2C_EXTERN_INTR_HANDLER) */
 227:.\Generated_Source\PSoC4/I2CS_I2C.c **** 
 228:.\Generated_Source\PSoC4/I2CS_I2C.c ****         /* Configure interrupt sources */
 229:.\Generated_Source\PSoC4/I2CS_I2C.c ****     #if(!I2CS_CY_SCBIP_V1)
 230:.\Generated_Source\PSoC4/I2CS_I2C.c ****         I2CS_INTR_SPI_EC_MASK_REG = I2CS_I2C_DEFAULT_INTR_SPI_EC_MASK;
  82              		.loc 1 230 0
  83 0052 1E4B     		ldr	r3, .L2+48
  84 0054 0022     		mov	r2, #0
  85 0056 1A60     		str	r2, [r3]
 231:.\Generated_Source\PSoC4/I2CS_I2C.c ****     #endif /* (!I2CS_CY_SCBIP_V1) */
 232:.\Generated_Source\PSoC4/I2CS_I2C.c **** 
 233:.\Generated_Source\PSoC4/I2CS_I2C.c ****         I2CS_INTR_I2C_EC_MASK_REG = I2CS_I2C_DEFAULT_INTR_I2C_EC_MASK;
  86              		.loc 1 233 0
  87 0058 1D4B     		ldr	r3, .L2+52
  88 005a 0022     		mov	r2, #0
  89 005c 1A60     		str	r2, [r3]
 234:.\Generated_Source\PSoC4/I2CS_I2C.c ****         I2CS_INTR_SLAVE_MASK_REG  = I2CS_I2C_DEFAULT_INTR_SLAVE_MASK;
  90              		.loc 1 234 0
  91 005e 1D4B     		ldr	r3, .L2+56
  92 0060 4C22     		mov	r2, #76
  93 0062 FF32     		add	r2, r2, #255
  94 0064 1A60     		str	r2, [r3]
 235:.\Generated_Source\PSoC4/I2CS_I2C.c ****         I2CS_INTR_MASTER_MASK_REG = I2CS_I2C_DEFAULT_INTR_MASTER_MASK;
  95              		.loc 1 235 0
  96 0066 1C4B     		ldr	r3, .L2+60
  97 0068 0022     		mov	r2, #0
  98 006a 1A60     		str	r2, [r3]
 236:.\Generated_Source\PSoC4/I2CS_I2C.c ****         I2CS_INTR_RX_MASK_REG     = I2CS_I2C_DEFAULT_INTR_RX_MASK;
  99              		.loc 1 236 0
 100 006c 1B4B     		ldr	r3, .L2+64
 101 006e 0022     		mov	r2, #0
 102 0070 1A60     		str	r2, [r3]
 237:.\Generated_Source\PSoC4/I2CS_I2C.c ****         I2CS_INTR_TX_MASK_REG     = I2CS_I2C_DEFAULT_INTR_TX_MASK;
 103              		.loc 1 237 0
 104 0072 1B4B     		ldr	r3, .L2+68
 105 0074 0022     		mov	r2, #0
ARM GAS  C:\Users\11401393\AppData\Local\Temp\cclBIIYS.s 			page 7


 106 0076 1A60     		str	r2, [r3]
 238:.\Generated_Source\PSoC4/I2CS_I2C.c **** 
 239:.\Generated_Source\PSoC4/I2CS_I2C.c ****         /* Configure global variables */
 240:.\Generated_Source\PSoC4/I2CS_I2C.c ****         I2CS_state = I2CS_I2C_FSM_IDLE;
 107              		.loc 1 240 0
 108 0078 1A4B     		ldr	r3, .L2+72
 109 007a 1022     		mov	r2, #16
 110 007c 1A70     		strb	r2, [r3]
 241:.\Generated_Source\PSoC4/I2CS_I2C.c **** 
 242:.\Generated_Source\PSoC4/I2CS_I2C.c ****     #if(I2CS_I2C_SLAVE)
 243:.\Generated_Source\PSoC4/I2CS_I2C.c ****         /* Internal slave variable */
 244:.\Generated_Source\PSoC4/I2CS_I2C.c ****         I2CS_slStatus        = 0u;
 111              		.loc 1 244 0
 112 007e 1A4B     		ldr	r3, .L2+76
 113 0080 0022     		mov	r2, #0
 114 0082 1A70     		strb	r2, [r3]
 245:.\Generated_Source\PSoC4/I2CS_I2C.c ****         I2CS_slRdBufIndex    = 0u;
 115              		.loc 1 245 0
 116 0084 194B     		ldr	r3, .L2+80
 117 0086 0022     		mov	r2, #0
 118 0088 1A60     		str	r2, [r3]
 246:.\Generated_Source\PSoC4/I2CS_I2C.c ****         I2CS_slWrBufIndex    = 0u;
 119              		.loc 1 246 0
 120 008a 194B     		ldr	r3, .L2+84
 121 008c 0022     		mov	r2, #0
 122 008e 1A60     		str	r2, [r3]
 247:.\Generated_Source\PSoC4/I2CS_I2C.c ****         I2CS_slOverFlowCount = 0u;
 123              		.loc 1 247 0
 124 0090 184B     		ldr	r3, .L2+88
 125 0092 0022     		mov	r2, #0
 126 0094 1A70     		strb	r2, [r3]
 248:.\Generated_Source\PSoC4/I2CS_I2C.c ****     #endif /* (I2CS_I2C_SLAVE) */
 249:.\Generated_Source\PSoC4/I2CS_I2C.c **** 
 250:.\Generated_Source\PSoC4/I2CS_I2C.c ****     #if(I2CS_I2C_MASTER)
 251:.\Generated_Source\PSoC4/I2CS_I2C.c ****     /* Internal master variable */
 252:.\Generated_Source\PSoC4/I2CS_I2C.c ****         I2CS_mstrStatus     = 0u;
 253:.\Generated_Source\PSoC4/I2CS_I2C.c ****         I2CS_mstrRdBufIndex = 0u;
 254:.\Generated_Source\PSoC4/I2CS_I2C.c ****         I2CS_mstrWrBufIndex = 0u;
 255:.\Generated_Source\PSoC4/I2CS_I2C.c ****     #endif /* (I2CS_I2C_MASTER) */
 256:.\Generated_Source\PSoC4/I2CS_I2C.c ****     }
 127              		.loc 1 256 0
 128 0096 BD46     		mov	sp, r7
 129              		@ sp needed
 130 0098 80BD     		pop	{r7, pc}
 131              	.L3:
 132 009a C046     		.align	2
 133              	.L2:
 134 009c 70000740 		.word	1074200688
 135 00a0 00000740 		.word	1074200576
 136 00a4 60000740 		.word	1074200672
 137 00a8 77080040 		.word	1073743991
 138 00ac 00030740 		.word	1074201344
 139 00b0 07010080 		.word	-2147483385
 140 00b4 04030740 		.word	1074201348
 141 00b8 10030740 		.word	1074201360
 142 00bc 1000FE00 		.word	16646160
 143 00c0 00020740 		.word	1074201088
ARM GAS  C:\Users\11401393\AppData\Local\Temp\cclBIIYS.s 			page 8


 144 00c4 04020740 		.word	1074201092
 145 00c8 00000000 		.word	I2CS_I2C_ISR
 146 00cc C80E0740 		.word	1074204360
 147 00d0 880E0740 		.word	1074204296
 148 00d4 480F0740 		.word	1074204488
 149 00d8 080F0740 		.word	1074204424
 150 00dc C80F0740 		.word	1074204616
 151 00e0 880F0740 		.word	1074204552
 152 00e4 00000000 		.word	I2CS_state
 153 00e8 00000000 		.word	I2CS_slStatus
 154 00ec 00000000 		.word	I2CS_slRdBufIndex
 155 00f0 00000000 		.word	I2CS_slWrBufIndex
 156 00f4 00000000 		.word	I2CS_slOverFlowCount
 157              		.cfi_endproc
 158              	.LFE0:
 159              		.size	I2CS_I2CInit, .-I2CS_I2CInit
 160              		.section	.text.I2CS_I2CStop,"ax",%progbits
 161              		.align	2
 162              		.global	I2CS_I2CStop
 163              		.code	16
 164              		.thumb_func
 165              		.type	I2CS_I2CStop, %function
 166              	I2CS_I2CStop:
 167              	.LFB1:
 257:.\Generated_Source\PSoC4/I2CS_I2C.c **** #endif /* (I2CS_SCB_MODE_UNCONFIG_CONST_CFG) */
 258:.\Generated_Source\PSoC4/I2CS_I2C.c **** 
 259:.\Generated_Source\PSoC4/I2CS_I2C.c **** 
 260:.\Generated_Source\PSoC4/I2CS_I2C.c **** /*******************************************************************************
 261:.\Generated_Source\PSoC4/I2CS_I2C.c **** * Function Name: I2CS_I2CStop
 262:.\Generated_Source\PSoC4/I2CS_I2C.c **** ********************************************************************************
 263:.\Generated_Source\PSoC4/I2CS_I2C.c **** *
 264:.\Generated_Source\PSoC4/I2CS_I2C.c **** * Summary:
 265:.\Generated_Source\PSoC4/I2CS_I2C.c **** *  Resets the I2C FSM into the default state.
 266:.\Generated_Source\PSoC4/I2CS_I2C.c **** *
 267:.\Generated_Source\PSoC4/I2CS_I2C.c **** * Parameters:
 268:.\Generated_Source\PSoC4/I2CS_I2C.c **** *  None
 269:.\Generated_Source\PSoC4/I2CS_I2C.c **** *
 270:.\Generated_Source\PSoC4/I2CS_I2C.c **** * Return:
 271:.\Generated_Source\PSoC4/I2CS_I2C.c **** *  None
 272:.\Generated_Source\PSoC4/I2CS_I2C.c **** *
 273:.\Generated_Source\PSoC4/I2CS_I2C.c **** *******************************************************************************/
 274:.\Generated_Source\PSoC4/I2CS_I2C.c **** void I2CS_I2CStop(void)
 275:.\Generated_Source\PSoC4/I2CS_I2C.c **** {
 168              		.loc 1 275 0
 169              		.cfi_startproc
 170 0000 80B5     		push	{r7, lr}
 171              		.cfi_def_cfa_offset 8
 172              		.cfi_offset 7, -8
 173              		.cfi_offset 14, -4
 174 0002 00AF     		add	r7, sp, #0
 175              		.cfi_def_cfa_register 7
 276:.\Generated_Source\PSoC4/I2CS_I2C.c ****     I2CS_state = I2CS_I2C_FSM_IDLE;
 176              		.loc 1 276 0
 177 0004 024B     		ldr	r3, .L5
 178 0006 1022     		mov	r2, #16
 179 0008 1A70     		strb	r2, [r3]
 277:.\Generated_Source\PSoC4/I2CS_I2C.c **** }
ARM GAS  C:\Users\11401393\AppData\Local\Temp\cclBIIYS.s 			page 9


 180              		.loc 1 277 0
 181 000a BD46     		mov	sp, r7
 182              		@ sp needed
 183 000c 80BD     		pop	{r7, pc}
 184              	.L6:
 185 000e C046     		.align	2
 186              	.L5:
 187 0010 00000000 		.word	I2CS_state
 188              		.cfi_endproc
 189              	.LFE1:
 190              		.size	I2CS_I2CStop, .-I2CS_I2CStop
 191              		.text
 192              	.Letext0:
 193              		.file 2 "Generated_Source\\PSoC4/cytypes.h"
 194              		.file 3 ".\\Generated_Source\\PSoC4\\I2CS_I2C_PVT.h"
 195              		.section	.debug_info,"",%progbits
 196              	.Ldebug_info0:
 197 0000 10010000 		.4byte	0x110
 198 0004 0400     		.2byte	0x4
 199 0006 00000000 		.4byte	.Ldebug_abbrev0
 200 000a 04       		.byte	0x4
 201 000b 01       		.uleb128 0x1
 202 000c 65000000 		.4byte	.LASF23
 203 0010 01       		.byte	0x1
 204 0011 E1010000 		.4byte	.LASF24
 205 0015 48010000 		.4byte	.LASF25
 206 0019 00000000 		.4byte	.Ldebug_ranges0+0
 207 001d 00000000 		.4byte	0
 208 0021 00000000 		.4byte	.Ldebug_line0
 209 0025 02       		.uleb128 0x2
 210 0026 01       		.byte	0x1
 211 0027 06       		.byte	0x6
 212 0028 3C010000 		.4byte	.LASF0
 213 002c 02       		.uleb128 0x2
 214 002d 01       		.byte	0x1
 215 002e 08       		.byte	0x8
 216 002f E1000000 		.4byte	.LASF1
 217 0033 02       		.uleb128 0x2
 218 0034 02       		.byte	0x2
 219 0035 05       		.byte	0x5
 220 0036 D7010000 		.4byte	.LASF2
 221 003a 02       		.uleb128 0x2
 222 003b 02       		.byte	0x2
 223 003c 07       		.byte	0x7
 224 003d 29010000 		.4byte	.LASF3
 225 0041 02       		.uleb128 0x2
 226 0042 04       		.byte	0x4
 227 0043 05       		.byte	0x5
 228 0044 01010000 		.4byte	.LASF4
 229 0048 02       		.uleb128 0x2
 230 0049 04       		.byte	0x4
 231 004a 07       		.byte	0x7
 232 004b 28000000 		.4byte	.LASF5
 233 004f 02       		.uleb128 0x2
 234 0050 08       		.byte	0x8
 235 0051 05       		.byte	0x5
 236 0052 00000000 		.4byte	.LASF6
ARM GAS  C:\Users\11401393\AppData\Local\Temp\cclBIIYS.s 			page 10


 237 0056 02       		.uleb128 0x2
 238 0057 08       		.byte	0x8
 239 0058 07       		.byte	0x7
 240 0059 3A000000 		.4byte	.LASF7
 241 005d 03       		.uleb128 0x3
 242 005e 04       		.byte	0x4
 243 005f 05       		.byte	0x5
 244 0060 696E7400 		.ascii	"int\000"
 245 0064 02       		.uleb128 0x2
 246 0065 04       		.byte	0x4
 247 0066 07       		.byte	0x7
 248 0067 15000000 		.4byte	.LASF8
 249 006b 04       		.uleb128 0x4
 250 006c 22000000 		.4byte	.LASF9
 251 0070 02       		.byte	0x2
 252 0071 B3       		.byte	0xb3
 253 0072 2C000000 		.4byte	0x2c
 254 0076 04       		.uleb128 0x4
 255 0077 0E000000 		.4byte	.LASF10
 256 007b 02       		.byte	0x2
 257 007c B5       		.byte	0xb5
 258 007d 48000000 		.4byte	0x48
 259 0081 02       		.uleb128 0x2
 260 0082 04       		.byte	0x4
 261 0083 04       		.byte	0x4
 262 0084 5F000000 		.4byte	.LASF11
 263 0088 02       		.uleb128 0x2
 264 0089 08       		.byte	0x8
 265 008a 04       		.byte	0x4
 266 008b 0A010000 		.4byte	.LASF12
 267 008f 02       		.uleb128 0x2
 268 0090 01       		.byte	0x1
 269 0091 08       		.byte	0x8
 270 0092 FC000000 		.4byte	.LASF13
 271 0096 05       		.uleb128 0x5
 272 0097 6B000000 		.4byte	0x6b
 273 009b 06       		.uleb128 0x6
 274 009c 23010000 		.4byte	.LASF14
 275 00a0 02       		.byte	0x2
 276 00a1 5F01     		.2byte	0x15f
 277 00a3 A7000000 		.4byte	0xa7
 278 00a7 05       		.uleb128 0x5
 279 00a8 76000000 		.4byte	0x76
 280 00ac 02       		.uleb128 0x2
 281 00ad 04       		.byte	0x4
 282 00ae 07       		.byte	0x7
 283 00af CE010000 		.4byte	.LASF15
 284 00b3 07       		.uleb128 0x7
 285 00b4 EF000000 		.4byte	.LASF16
 286 00b8 01       		.byte	0x1
 287 00b9 C4       		.byte	0xc4
 288 00ba 00000000 		.4byte	.LFB0
 289 00be F8000000 		.4byte	.LFE0-.LFB0
 290 00c2 01       		.uleb128 0x1
 291 00c3 9C       		.byte	0x9c
 292 00c4 08       		.uleb128 0x8
 293 00c5 05020000 		.4byte	.LASF17
ARM GAS  C:\Users\11401393\AppData\Local\Temp\cclBIIYS.s 			page 11


 294 00c9 01       		.byte	0x1
 295 00ca 1201     		.2byte	0x112
 296 00cc 00000000 		.4byte	.LFB1
 297 00d0 14000000 		.4byte	.LFE1-.LFB1
 298 00d4 01       		.uleb128 0x1
 299 00d5 9C       		.byte	0x9c
 300 00d6 09       		.uleb128 0x9
 301 00d7 12020000 		.4byte	.LASF18
 302 00db 01       		.byte	0x1
 303 00dc 1A       		.byte	0x1a
 304 00dd 96000000 		.4byte	0x96
 305 00e1 05       		.uleb128 0x5
 306 00e2 03       		.byte	0x3
 307 00e3 00000000 		.4byte	I2CS_state
 308 00e7 0A       		.uleb128 0xa
 309 00e8 51000000 		.4byte	.LASF19
 310 00ec 03       		.byte	0x3
 311 00ed 20       		.byte	0x20
 312 00ee 96000000 		.4byte	0x96
 313 00f2 0A       		.uleb128 0xa
 314 00f3 11010000 		.4byte	.LASF20
 315 00f7 03       		.byte	0x3
 316 00f8 25       		.byte	0x25
 317 00f9 A7000000 		.4byte	0xa7
 318 00fd 0A       		.uleb128 0xa
 319 00fe A7010000 		.4byte	.LASF21
 320 0102 03       		.byte	0x3
 321 0103 2A       		.byte	0x2a
 322 0104 A7000000 		.4byte	0xa7
 323 0108 0A       		.uleb128 0xa
 324 0109 B9010000 		.4byte	.LASF22
 325 010d 03       		.byte	0x3
 326 010e 2C       		.byte	0x2c
 327 010f 96000000 		.4byte	0x96
 328 0113 00       		.byte	0
 329              		.section	.debug_abbrev,"",%progbits
 330              	.Ldebug_abbrev0:
 331 0000 01       		.uleb128 0x1
 332 0001 11       		.uleb128 0x11
 333 0002 01       		.byte	0x1
 334 0003 25       		.uleb128 0x25
 335 0004 0E       		.uleb128 0xe
 336 0005 13       		.uleb128 0x13
 337 0006 0B       		.uleb128 0xb
 338 0007 03       		.uleb128 0x3
 339 0008 0E       		.uleb128 0xe
 340 0009 1B       		.uleb128 0x1b
 341 000a 0E       		.uleb128 0xe
 342 000b 55       		.uleb128 0x55
 343 000c 17       		.uleb128 0x17
 344 000d 11       		.uleb128 0x11
 345 000e 01       		.uleb128 0x1
 346 000f 10       		.uleb128 0x10
 347 0010 17       		.uleb128 0x17
 348 0011 00       		.byte	0
 349 0012 00       		.byte	0
 350 0013 02       		.uleb128 0x2
ARM GAS  C:\Users\11401393\AppData\Local\Temp\cclBIIYS.s 			page 12


 351 0014 24       		.uleb128 0x24
 352 0015 00       		.byte	0
 353 0016 0B       		.uleb128 0xb
 354 0017 0B       		.uleb128 0xb
 355 0018 3E       		.uleb128 0x3e
 356 0019 0B       		.uleb128 0xb
 357 001a 03       		.uleb128 0x3
 358 001b 0E       		.uleb128 0xe
 359 001c 00       		.byte	0
 360 001d 00       		.byte	0
 361 001e 03       		.uleb128 0x3
 362 001f 24       		.uleb128 0x24
 363 0020 00       		.byte	0
 364 0021 0B       		.uleb128 0xb
 365 0022 0B       		.uleb128 0xb
 366 0023 3E       		.uleb128 0x3e
 367 0024 0B       		.uleb128 0xb
 368 0025 03       		.uleb128 0x3
 369 0026 08       		.uleb128 0x8
 370 0027 00       		.byte	0
 371 0028 00       		.byte	0
 372 0029 04       		.uleb128 0x4
 373 002a 16       		.uleb128 0x16
 374 002b 00       		.byte	0
 375 002c 03       		.uleb128 0x3
 376 002d 0E       		.uleb128 0xe
 377 002e 3A       		.uleb128 0x3a
 378 002f 0B       		.uleb128 0xb
 379 0030 3B       		.uleb128 0x3b
 380 0031 0B       		.uleb128 0xb
 381 0032 49       		.uleb128 0x49
 382 0033 13       		.uleb128 0x13
 383 0034 00       		.byte	0
 384 0035 00       		.byte	0
 385 0036 05       		.uleb128 0x5
 386 0037 35       		.uleb128 0x35
 387 0038 00       		.byte	0
 388 0039 49       		.uleb128 0x49
 389 003a 13       		.uleb128 0x13
 390 003b 00       		.byte	0
 391 003c 00       		.byte	0
 392 003d 06       		.uleb128 0x6
 393 003e 16       		.uleb128 0x16
 394 003f 00       		.byte	0
 395 0040 03       		.uleb128 0x3
 396 0041 0E       		.uleb128 0xe
 397 0042 3A       		.uleb128 0x3a
 398 0043 0B       		.uleb128 0xb
 399 0044 3B       		.uleb128 0x3b
 400 0045 05       		.uleb128 0x5
 401 0046 49       		.uleb128 0x49
 402 0047 13       		.uleb128 0x13
 403 0048 00       		.byte	0
 404 0049 00       		.byte	0
 405 004a 07       		.uleb128 0x7
 406 004b 2E       		.uleb128 0x2e
 407 004c 00       		.byte	0
ARM GAS  C:\Users\11401393\AppData\Local\Temp\cclBIIYS.s 			page 13


 408 004d 3F       		.uleb128 0x3f
 409 004e 19       		.uleb128 0x19
 410 004f 03       		.uleb128 0x3
 411 0050 0E       		.uleb128 0xe
 412 0051 3A       		.uleb128 0x3a
 413 0052 0B       		.uleb128 0xb
 414 0053 3B       		.uleb128 0x3b
 415 0054 0B       		.uleb128 0xb
 416 0055 27       		.uleb128 0x27
 417 0056 19       		.uleb128 0x19
 418 0057 11       		.uleb128 0x11
 419 0058 01       		.uleb128 0x1
 420 0059 12       		.uleb128 0x12
 421 005a 06       		.uleb128 0x6
 422 005b 40       		.uleb128 0x40
 423 005c 18       		.uleb128 0x18
 424 005d 9642     		.uleb128 0x2116
 425 005f 19       		.uleb128 0x19
 426 0060 00       		.byte	0
 427 0061 00       		.byte	0
 428 0062 08       		.uleb128 0x8
 429 0063 2E       		.uleb128 0x2e
 430 0064 00       		.byte	0
 431 0065 3F       		.uleb128 0x3f
 432 0066 19       		.uleb128 0x19
 433 0067 03       		.uleb128 0x3
 434 0068 0E       		.uleb128 0xe
 435 0069 3A       		.uleb128 0x3a
 436 006a 0B       		.uleb128 0xb
 437 006b 3B       		.uleb128 0x3b
 438 006c 05       		.uleb128 0x5
 439 006d 27       		.uleb128 0x27
 440 006e 19       		.uleb128 0x19
 441 006f 11       		.uleb128 0x11
 442 0070 01       		.uleb128 0x1
 443 0071 12       		.uleb128 0x12
 444 0072 06       		.uleb128 0x6
 445 0073 40       		.uleb128 0x40
 446 0074 18       		.uleb128 0x18
 447 0075 9742     		.uleb128 0x2117
 448 0077 19       		.uleb128 0x19
 449 0078 00       		.byte	0
 450 0079 00       		.byte	0
 451 007a 09       		.uleb128 0x9
 452 007b 34       		.uleb128 0x34
 453 007c 00       		.byte	0
 454 007d 03       		.uleb128 0x3
 455 007e 0E       		.uleb128 0xe
 456 007f 3A       		.uleb128 0x3a
 457 0080 0B       		.uleb128 0xb
 458 0081 3B       		.uleb128 0x3b
 459 0082 0B       		.uleb128 0xb
 460 0083 49       		.uleb128 0x49
 461 0084 13       		.uleb128 0x13
 462 0085 3F       		.uleb128 0x3f
 463 0086 19       		.uleb128 0x19
 464 0087 02       		.uleb128 0x2
ARM GAS  C:\Users\11401393\AppData\Local\Temp\cclBIIYS.s 			page 14


 465 0088 18       		.uleb128 0x18
 466 0089 00       		.byte	0
 467 008a 00       		.byte	0
 468 008b 0A       		.uleb128 0xa
 469 008c 34       		.uleb128 0x34
 470 008d 00       		.byte	0
 471 008e 03       		.uleb128 0x3
 472 008f 0E       		.uleb128 0xe
 473 0090 3A       		.uleb128 0x3a
 474 0091 0B       		.uleb128 0xb
 475 0092 3B       		.uleb128 0x3b
 476 0093 0B       		.uleb128 0xb
 477 0094 49       		.uleb128 0x49
 478 0095 13       		.uleb128 0x13
 479 0096 3F       		.uleb128 0x3f
 480 0097 19       		.uleb128 0x19
 481 0098 3C       		.uleb128 0x3c
 482 0099 19       		.uleb128 0x19
 483 009a 00       		.byte	0
 484 009b 00       		.byte	0
 485 009c 00       		.byte	0
 486              		.section	.debug_aranges,"",%progbits
 487 0000 24000000 		.4byte	0x24
 488 0004 0200     		.2byte	0x2
 489 0006 00000000 		.4byte	.Ldebug_info0
 490 000a 04       		.byte	0x4
 491 000b 00       		.byte	0
 492 000c 0000     		.2byte	0
 493 000e 0000     		.2byte	0
 494 0010 00000000 		.4byte	.LFB0
 495 0014 F8000000 		.4byte	.LFE0-.LFB0
 496 0018 00000000 		.4byte	.LFB1
 497 001c 14000000 		.4byte	.LFE1-.LFB1
 498 0020 00000000 		.4byte	0
 499 0024 00000000 		.4byte	0
 500              		.section	.debug_ranges,"",%progbits
 501              	.Ldebug_ranges0:
 502 0000 00000000 		.4byte	.LFB0
 503 0004 F8000000 		.4byte	.LFE0
 504 0008 00000000 		.4byte	.LFB1
 505 000c 14000000 		.4byte	.LFE1
 506 0010 00000000 		.4byte	0
 507 0014 00000000 		.4byte	0
 508              		.section	.debug_line,"",%progbits
 509              	.Ldebug_line0:
 510 0000 B1000000 		.section	.debug_str,"MS",%progbits,1
 510      02007000 
 510      00000201 
 510      FB0E0D00 
 510      01010101 
 511              	.LASF6:
 512 0000 6C6F6E67 		.ascii	"long long int\000"
 512      206C6F6E 
 512      6720696E 
 512      7400
 513              	.LASF10:
 514 000e 75696E74 		.ascii	"uint32\000"
ARM GAS  C:\Users\11401393\AppData\Local\Temp\cclBIIYS.s 			page 15


 514      333200
 515              	.LASF8:
 516 0015 756E7369 		.ascii	"unsigned int\000"
 516      676E6564 
 516      20696E74 
 516      00
 517              	.LASF9:
 518 0022 75696E74 		.ascii	"uint8\000"
 518      3800
 519              	.LASF5:
 520 0028 6C6F6E67 		.ascii	"long unsigned int\000"
 520      20756E73 
 520      69676E65 
 520      6420696E 
 520      7400
 521              	.LASF7:
 522 003a 6C6F6E67 		.ascii	"long long unsigned int\000"
 522      206C6F6E 
 522      6720756E 
 522      7369676E 
 522      65642069 
 523              	.LASF19:
 524 0051 49324353 		.ascii	"I2CS_slStatus\000"
 524      5F736C53 
 524      74617475 
 524      7300
 525              	.LASF11:
 526 005f 666C6F61 		.ascii	"float\000"
 526      7400
 527              	.LASF23:
 528 0065 474E5520 		.ascii	"GNU C 4.8.4 20140526 (release) [ARM/embedded-4_8-br"
 528      4320342E 
 528      382E3420 
 528      32303134 
 528      30353236 
 529 0098 616E6368 		.ascii	"anch revision 211358] -mcpu=cortex-m0 -mthumb -g -O"
 529      20726576 
 529      6973696F 
 529      6E203231 
 529      31333538 
 530 00cb 30202D66 		.ascii	"0 -ffunction-sections\000"
 530      66756E63 
 530      74696F6E 
 530      2D736563 
 530      74696F6E 
 531              	.LASF1:
 532 00e1 756E7369 		.ascii	"unsigned char\000"
 532      676E6564 
 532      20636861 
 532      7200
 533              	.LASF16:
 534 00ef 49324353 		.ascii	"I2CS_I2CInit\000"
 534      5F493243 
 534      496E6974 
 534      00
 535              	.LASF13:
 536 00fc 63686172 		.ascii	"char\000"
ARM GAS  C:\Users\11401393\AppData\Local\Temp\cclBIIYS.s 			page 16


 536      00
 537              	.LASF4:
 538 0101 6C6F6E67 		.ascii	"long int\000"
 538      20696E74 
 538      00
 539              	.LASF12:
 540 010a 646F7562 		.ascii	"double\000"
 540      6C6500
 541              	.LASF20:
 542 0111 49324353 		.ascii	"I2CS_slWrBufIndex\000"
 542      5F736C57 
 542      72427566 
 542      496E6465 
 542      7800
 543              	.LASF14:
 544 0123 72656733 		.ascii	"reg32\000"
 544      3200
 545              	.LASF3:
 546 0129 73686F72 		.ascii	"short unsigned int\000"
 546      7420756E 
 546      7369676E 
 546      65642069 
 546      6E7400
 547              	.LASF0:
 548 013c 7369676E 		.ascii	"signed char\000"
 548      65642063 
 548      68617200 
 549              	.LASF25:
 550 0148 433A5C55 		.ascii	"C:\\Users\\11401393\\Documents\\PSoC Creator\\CE976"
 550      73657273 
 550      5C313134 
 550      30313339 
 550      335C446F 
 551 0176 33342050 		.ascii	"34 PSoC 4 Breathing LED\\SCB_I2cCommSlave01.cydsn\000"
 551      536F4320 
 551      34204272 
 551      65617468 
 551      696E6720 
 552              	.LASF21:
 553 01a7 49324353 		.ascii	"I2CS_slRdBufIndex\000"
 553      5F736C52 
 553      64427566 
 553      496E6465 
 553      7800
 554              	.LASF22:
 555 01b9 49324353 		.ascii	"I2CS_slOverFlowCount\000"
 555      5F736C4F 
 555      76657246 
 555      6C6F7743 
 555      6F756E74 
 556              	.LASF15:
 557 01ce 73697A65 		.ascii	"sizetype\000"
 557      74797065 
 557      00
 558              	.LASF2:
 559 01d7 73686F72 		.ascii	"short int\000"
 559      7420696E 
ARM GAS  C:\Users\11401393\AppData\Local\Temp\cclBIIYS.s 			page 17


 559      7400
 560              	.LASF24:
 561 01e1 2E5C4765 		.ascii	".\\Generated_Source\\PSoC4\\I2CS_I2C.c\000"
 561      6E657261 
 561      7465645F 
 561      536F7572 
 561      63655C50 
 562              	.LASF17:
 563 0205 49324353 		.ascii	"I2CS_I2CStop\000"
 563      5F493243 
 563      53746F70 
 563      00
 564              	.LASF18:
 565 0212 49324353 		.ascii	"I2CS_state\000"
 565      5F737461 
 565      746500
 566              		.ident	"GCC: (GNU Tools for ARM Embedded Processors) 4.8.4 20140526 (release) [ARM/embedded-4_8-br
