ARM GAS  C:\Users\11401393\AppData\Local\Temp\ccM1mZT4.s 			page 1


   1              		.cpu cortex-m0
   2              		.fpu softvfp
   3              		.eabi_attribute 20, 1
   4              		.eabi_attribute 21, 1
   5              		.eabi_attribute 23, 3
   6              		.eabi_attribute 24, 1
   7              		.eabi_attribute 25, 1
   8              		.eabi_attribute 26, 1
   9              		.eabi_attribute 30, 6
  10              		.eabi_attribute 34, 0
  11              		.eabi_attribute 18, 4
  12              		.code	16
  13              		.file	"main.c"
  14              		.text
  15              	.Ltext0:
  16              		.cfi_sections	.debug_frame
  17              		.global	i2cReadBuffer
  18              		.data
  19              		.align	2
  20              		.type	i2cReadBuffer, %object
  21              		.size	i2cReadBuffer, 3
  22              	i2cReadBuffer:
  23 0000 01       		.byte	1
  24 0001 FF       		.byte	-1
  25 0002 17       		.byte	23
  26              		.comm	i2cWriteBuffer,3,4
  27 0003 00       		.section	.text.main,"ax",%progbits
  28              		.align	2
  29              		.global	main
  30              		.code	16
  31              		.thumb_func
  32              		.type	main, %function
  33              	main:
  34              	.LFB33:
  35              		.file 1 ".\\main.c"
   1:.\main.c      **** /*******************************************************************************
   2:.\main.c      **** * File Name: main.c
   3:.\main.c      **** *
   4:.\main.c      **** * Version: 1.20
   5:.\main.c      **** *
   6:.\main.c      **** * Description:
   7:.\main.c      **** *  This example project demonstrates the basic operation of the I2C slave
   8:.\main.c      **** *  (SCB mode) component. The I2C slave accepts a packet with a command from
   9:.\main.c      **** *  the I2C master to control the RGB LED color. The I2C slave updates its
  10:.\main.c      **** *  buffer with a status packet in response to the accepted command.
  11:.\main.c      **** *  For more information refer to the example project datasheet.
  12:.\main.c      **** *
  13:.\main.c      **** ********************************************************************************
  14:.\main.c      **** * Copyright 2014-2015, Cypress Semiconductor Corporation. All rights reserved.
  15:.\main.c      **** * This software is owned by Cypress Semiconductor Corporation and is protected
  16:.\main.c      **** * by and subject to worldwide patent and copyright laws and treaties.
  17:.\main.c      **** * Therefore, you may use this software only as provided in the license agreement
  18:.\main.c      **** * accompanying the software package from which you obtained this software.
  19:.\main.c      **** * CYPRESS AND ITS SUPPLIERS MAKE NO WARRANTY OF ANY KIND, EXPRESS OR IMPLIED,
  20:.\main.c      **** * WITH REGARD TO THIS SOFTWARE, INCLUDING, BUT NOT LIMITED TO, NONINFRINGEMENT,
  21:.\main.c      **** * IMPLIED WARRANTIES OF MERCHANTABILITY AND FITNESS FOR A PARTICULAR PURPOSE.
  22:.\main.c      **** *******************************************************************************/
ARM GAS  C:\Users\11401393\AppData\Local\Temp\ccM1mZT4.s 			page 2


  23:.\main.c      **** 
  24:.\main.c      **** #include <main.h>
  25:.\main.c      **** 
  26:.\main.c      **** /* I2C slave read and write buffers */
  27:.\main.c      **** uint8 i2cReadBuffer [BUFFER_SIZE] = {PACKET_SOP, STS_CMD_FAIL, PACKET_EOP};
  28:.\main.c      **** uint8 i2cWriteBuffer[BUFFER_SIZE];
  29:.\main.c      **** 
  30:.\main.c      **** 
  31:.\main.c      **** /*******************************************************************************
  32:.\main.c      **** * Function Name: main
  33:.\main.c      **** ********************************************************************************
  34:.\main.c      **** * Summary:
  35:.\main.c      **** *  Main function performs following actions:
  36:.\main.c      **** *   1. Turns off status RGB LED
  37:.\main.c      **** *   2. Sets up I2C slave write and read buffers.
  38:.\main.c      **** *   3. Starts I2C slave (SCB mode) component.
  39:.\main.c      **** *   4. Enables global interrupts.
  40:.\main.c      **** *   5. Waits for command from the I2C master to control the RGB LED.
  41:.\main.c      **** *
  42:.\main.c      **** * Parameters:
  43:.\main.c      **** *  None
  44:.\main.c      **** *
  45:.\main.c      **** * Return:
  46:.\main.c      **** *  None
  47:.\main.c      **** *
  48:.\main.c      **** *******************************************************************************/
  49:.\main.c      **** int main()
  50:.\main.c      **** {
  36              		.loc 1 50 0
  37              		.cfi_startproc
  38 0000 90B5     		push	{r4, r7, lr}
  39              		.cfi_def_cfa_offset 12
  40              		.cfi_offset 4, -12
  41              		.cfi_offset 7, -8
  42              		.cfi_offset 14, -4
  43 0002 83B0     		sub	sp, sp, #12
  44              		.cfi_def_cfa_offset 24
  45 0004 00AF     		add	r7, sp, #0
  46              		.cfi_def_cfa_register 7
  51:.\main.c      ****     uint8 status = STS_CMD_FAIL;
  47              		.loc 1 51 0
  48 0006 FB1D     		add	r3, r7, #7
  49 0008 FF22     		mov	r2, #255
  50 000a 1A70     		strb	r2, [r3]
  52:.\main.c      **** 
  53:.\main.c      ****     RGB_LED_OFF;
  51              		.loc 1 53 0
  52 000c 0120     		mov	r0, #1
  53 000e FFF7FEFF 		bl	LED_RED_Write
  54 0012 0120     		mov	r0, #1
  55 0014 FFF7FEFF 		bl	LED_GREEN_Write
  56 0018 0120     		mov	r0, #1
  57 001a FFF7FEFF 		bl	LED_BLUE_Write
  54:.\main.c      **** 
  55:.\main.c      ****     /* Start I2C slave (SCB mode) */
  56:.\main.c      ****     I2CS_I2CSlaveInitReadBuf (i2cReadBuffer,  BUFFER_SIZE);
  58              		.loc 1 56 0
ARM GAS  C:\Users\11401393\AppData\Local\Temp\ccM1mZT4.s 			page 3


  59 001e 1F4B     		ldr	r3, .L6
  60 0020 181C     		mov	r0, r3
  61 0022 0321     		mov	r1, #3
  62 0024 FFF7FEFF 		bl	I2CS_I2CSlaveInitReadBuf
  57:.\main.c      ****     I2CS_I2CSlaveInitWriteBuf(i2cWriteBuffer, BUFFER_SIZE);
  63              		.loc 1 57 0
  64 0028 1D4B     		ldr	r3, .L6+4
  65 002a 181C     		mov	r0, r3
  66 002c 0321     		mov	r1, #3
  67 002e FFF7FEFF 		bl	I2CS_I2CSlaveInitWriteBuf
  58:.\main.c      ****     I2CS_Start();
  68              		.loc 1 58 0
  69 0032 FFF7FEFF 		bl	I2CS_Start
  59:.\main.c      **** 
  60:.\main.c      ****     CyGlobalIntEnable;
  70              		.loc 1 60 0
  71              	@ 60 ".\main.c" 1
  72 0036 62B6     		CPSIE   i
  73              	@ 0 "" 2
  74              		.code	16
  75              	.L5:
  61:.\main.c      **** 
  62:.\main.c      ****     /***************************************************************************
  63:.\main.c      ****     * Main polling loop
  64:.\main.c      ****     ***************************************************************************/
  65:.\main.c      ****     for (;;)
  66:.\main.c      ****     {
  67:.\main.c      ****         /* Write complete: parse command packet */
  68:.\main.c      ****         if (0u != (I2CS_I2CSlaveStatus() & I2CS_I2C_SSTAT_WR_CMPLT))
  76              		.loc 1 68 0
  77 0038 FFF7FEFF 		bl	I2CS_I2CSlaveStatus
  78 003c 021C     		mov	r2, r0
  79 003e 1023     		mov	r3, #16
  80 0040 1340     		and	r3, r2
  81 0042 1FD0     		beq	.L2
  69:.\main.c      ****         {
  70:.\main.c      ****             /* Check packet length */
  71:.\main.c      ****             if (PACKET_SIZE == I2CS_I2CSlaveGetWriteBufSize())
  82              		.loc 1 71 0
  83 0044 FFF7FEFF 		bl	I2CS_I2CSlaveGetWriteBufSize
  84 0048 031C     		mov	r3, r0
  85 004a 032B     		cmp	r3, #3
  86 004c 0FD1     		bne	.L3
  72:.\main.c      ****             {
  73:.\main.c      ****                 /* Check start and end of packet markers */
  74:.\main.c      ****                 if ((i2cWriteBuffer[PACKET_SOP_POS] == PACKET_SOP) &&
  87              		.loc 1 74 0
  88 004e 144B     		ldr	r3, .L6+4
  89 0050 1B78     		ldrb	r3, [r3]
  90 0052 012B     		cmp	r3, #1
  91 0054 0BD1     		bne	.L3
  75:.\main.c      ****                     (i2cWriteBuffer[PACKET_EOP_POS] == PACKET_EOP))
  92              		.loc 1 75 0 discriminator 1
  93 0056 124B     		ldr	r3, .L6+4
  94 0058 9B78     		ldrb	r3, [r3, #2]
  74:.\main.c      ****                 if ((i2cWriteBuffer[PACKET_SOP_POS] == PACKET_SOP) &&
  95              		.loc 1 74 0 discriminator 1
ARM GAS  C:\Users\11401393\AppData\Local\Temp\ccM1mZT4.s 			page 4


  96 005a 172B     		cmp	r3, #23
  97 005c 07D1     		bne	.L3
  76:.\main.c      ****                 {
  77:.\main.c      ****                     status = ExecuteCommand(i2cWriteBuffer[PACKET_CMD_POS]);
  98              		.loc 1 77 0
  99 005e 104B     		ldr	r3, .L6+4
 100 0060 5B78     		ldrb	r3, [r3, #1]
 101 0062 FC1D     		add	r4, r7, #7
 102 0064 181C     		mov	r0, r3
 103 0066 FFF7FEFF 		bl	ExecuteCommand
 104 006a 031C     		mov	r3, r0
 105 006c 2370     		strb	r3, [r4]
 106              	.L3:
  78:.\main.c      ****                 }
  79:.\main.c      ****             }
  80:.\main.c      **** 
  81:.\main.c      ****             /* Clear slave write buffer and status */
  82:.\main.c      ****             I2CS_I2CSlaveClearWriteBuf();
 107              		.loc 1 82 0
 108 006e FFF7FEFF 		bl	I2CS_I2CSlaveClearWriteBuf
  83:.\main.c      ****             (void) I2CS_I2CSlaveClearWriteStatus();
 109              		.loc 1 83 0
 110 0072 FFF7FEFF 		bl	I2CS_I2CSlaveClearWriteStatus
  84:.\main.c      **** 
  85:.\main.c      ****             /* Update read buffer */
  86:.\main.c      ****             i2cReadBuffer[PACKET_STS_POS] = status;
 111              		.loc 1 86 0
 112 0076 094B     		ldr	r3, .L6
 113 0078 FA1D     		add	r2, r7, #7
 114 007a 1278     		ldrb	r2, [r2]
 115 007c 5A70     		strb	r2, [r3, #1]
  87:.\main.c      ****             status = STS_CMD_FAIL;
 116              		.loc 1 87 0
 117 007e FB1D     		add	r3, r7, #7
 118 0080 FF22     		mov	r2, #255
 119 0082 1A70     		strb	r2, [r3]
 120              	.L2:
  88:.\main.c      ****         }
  89:.\main.c      **** 
  90:.\main.c      ****         /* Read complete: expose buffer to master */
  91:.\main.c      ****         if (0u != (I2CS_I2CSlaveStatus() & I2CS_I2C_SSTAT_RD_CMPLT))
 121              		.loc 1 91 0
 122 0084 FFF7FEFF 		bl	I2CS_I2CSlaveStatus
 123 0088 021C     		mov	r2, r0
 124 008a 0123     		mov	r3, #1
 125 008c 1340     		and	r3, r2
 126 008e 04D0     		beq	.L4
  92:.\main.c      ****         {
  93:.\main.c      ****             /* Clear slave read buffer and status */
  94:.\main.c      ****             I2CS_I2CSlaveClearReadBuf();
 127              		.loc 1 94 0
 128 0090 FFF7FEFF 		bl	I2CS_I2CSlaveClearReadBuf
  95:.\main.c      ****             (void) I2CS_I2CSlaveClearReadStatus();
 129              		.loc 1 95 0
 130 0094 FFF7FEFF 		bl	I2CS_I2CSlaveClearReadStatus
  96:.\main.c      ****         }
  97:.\main.c      ****     }
ARM GAS  C:\Users\11401393\AppData\Local\Temp\ccM1mZT4.s 			page 5


 131              		.loc 1 97 0
 132 0098 CEE7     		b	.L5
 133              	.L4:
 134 009a CDE7     		b	.L5
 135              	.L7:
 136              		.align	2
 137              	.L6:
 138 009c 00000000 		.word	i2cReadBuffer
 139 00a0 00000000 		.word	i2cWriteBuffer
 140              		.cfi_endproc
 141              	.LFE33:
 142              		.size	main, .-main
 143              		.section	.text.ExecuteCommand,"ax",%progbits
 144              		.align	2
 145              		.global	ExecuteCommand
 146              		.code	16
 147              		.thumb_func
 148              		.type	ExecuteCommand, %function
 149              	ExecuteCommand:
 150              	.LFB34:
  98:.\main.c      **** }
  99:.\main.c      **** 
 100:.\main.c      **** 
 101:.\main.c      **** /*******************************************************************************
 102:.\main.c      **** * Function Name: ExecuteCommand
 103:.\main.c      **** ********************************************************************************
 104:.\main.c      **** * Summary:
 105:.\main.c      **** *  Executes received command to control the LED color and returns status.
 106:.\main.c      **** *  If the command is unknown, the LED color is not changed.
 107:.\main.c      **** *
 108:.\main.c      **** * Parameters:
 109:.\main.c      **** *  cmd: command to execute. Available commands:
 110:.\main.c      **** *   - CMD_SET_RED:   set red color of the LED.
 111:.\main.c      **** *   - CMD_SET_GREEN: set green color of the LED.
 112:.\main.c      **** *   - CMD_SET_BLUE:  set blue color of the LED.
 113:.\main.c      **** *   - CMD_SET_OFF:   turn off the LED.
 114:.\main.c      **** *
 115:.\main.c      **** * Return:
 116:.\main.c      **** *  Returns status of command execution. There are two statuses
 117:.\main.c      **** *  - STS_CMD_DONE: command is executed successfully.
 118:.\main.c      **** *  - STS_CMD_FAIL: unknown command
 119:.\main.c      **** *
 120:.\main.c      **** *******************************************************************************/
 121:.\main.c      **** uint8 ExecuteCommand(uint32 cmd)
 122:.\main.c      **** {
 151              		.loc 1 122 0
 152              		.cfi_startproc
 153 0000 80B5     		push	{r7, lr}
 154              		.cfi_def_cfa_offset 8
 155              		.cfi_offset 7, -8
 156              		.cfi_offset 14, -4
 157 0002 84B0     		sub	sp, sp, #16
 158              		.cfi_def_cfa_offset 24
 159 0004 00AF     		add	r7, sp, #0
 160              		.cfi_def_cfa_register 7
 161 0006 7860     		str	r0, [r7, #4]
 123:.\main.c      ****     uint8 status;
ARM GAS  C:\Users\11401393\AppData\Local\Temp\ccM1mZT4.s 			page 6


 124:.\main.c      **** 
 125:.\main.c      ****     status = STS_CMD_DONE;
 162              		.loc 1 125 0
 163 0008 3B1C     		mov	r3, r7
 164 000a 0F33     		add	r3, r3, #15
 165 000c 0022     		mov	r2, #0
 166 000e 1A70     		strb	r2, [r3]
 126:.\main.c      **** 
 127:.\main.c      ****     /* Execute received command */
 128:.\main.c      ****     switch (cmd)
 167              		.loc 1 128 0
 168 0010 7B68     		ldr	r3, [r7, #4]
 169 0012 012B     		cmp	r3, #1
 170 0014 05D0     		beq	.L10
 171 0016 22D3     		bcc	.L11
 172 0018 022B     		cmp	r3, #2
 173 001a 0CD0     		beq	.L12
 174 001c 032B     		cmp	r3, #3
 175 001e 14D0     		beq	.L13
 176 0020 27E0     		b	.L16
 177              	.L10:
 129:.\main.c      ****     {
 130:.\main.c      ****         case CMD_SET_RED:
 131:.\main.c      ****             RGB_LED_ON_RED;
 178              		.loc 1 131 0
 179 0022 0020     		mov	r0, #0
 180 0024 FFF7FEFF 		bl	LED_RED_Write
 181 0028 0120     		mov	r0, #1
 182 002a FFF7FEFF 		bl	LED_GREEN_Write
 183 002e 0120     		mov	r0, #1
 184 0030 FFF7FEFF 		bl	LED_BLUE_Write
 132:.\main.c      ****             break;
 185              		.loc 1 132 0
 186 0034 22E0     		b	.L14
 187              	.L12:
 133:.\main.c      **** 
 134:.\main.c      ****         case CMD_SET_GREEN:
 135:.\main.c      ****             RGB_LED_ON_GREEN;
 188              		.loc 1 135 0
 189 0036 0120     		mov	r0, #1
 190 0038 FFF7FEFF 		bl	LED_RED_Write
 191 003c 0020     		mov	r0, #0
 192 003e FFF7FEFF 		bl	LED_GREEN_Write
 193 0042 0120     		mov	r0, #1
 194 0044 FFF7FEFF 		bl	LED_BLUE_Write
 136:.\main.c      ****             break;
 195              		.loc 1 136 0
 196 0048 18E0     		b	.L14
 197              	.L13:
 137:.\main.c      **** 
 138:.\main.c      ****         case CMD_SET_BLUE:
 139:.\main.c      ****             RGB_LED_ON_BLUE;
 198              		.loc 1 139 0
 199 004a 0120     		mov	r0, #1
 200 004c FFF7FEFF 		bl	LED_RED_Write
 201 0050 0120     		mov	r0, #1
 202 0052 FFF7FEFF 		bl	LED_GREEN_Write
ARM GAS  C:\Users\11401393\AppData\Local\Temp\ccM1mZT4.s 			page 7


 203 0056 0020     		mov	r0, #0
 204 0058 FFF7FEFF 		bl	LED_BLUE_Write
 140:.\main.c      ****             break;
 205              		.loc 1 140 0
 206 005c 0EE0     		b	.L14
 207              	.L11:
 141:.\main.c      **** 
 142:.\main.c      ****         case CMD_SET_OFF:
 143:.\main.c      ****             RGB_LED_OFF;
 208              		.loc 1 143 0
 209 005e 0120     		mov	r0, #1
 210 0060 FFF7FEFF 		bl	LED_RED_Write
 211 0064 0120     		mov	r0, #1
 212 0066 FFF7FEFF 		bl	LED_GREEN_Write
 213 006a 0120     		mov	r0, #1
 214 006c FFF7FEFF 		bl	LED_BLUE_Write
 144:.\main.c      ****             break;
 215              		.loc 1 144 0
 216 0070 04E0     		b	.L14
 217              	.L16:
 145:.\main.c      **** 
 146:.\main.c      ****         default:
 147:.\main.c      ****             status = STS_CMD_FAIL;
 218              		.loc 1 147 0
 219 0072 3B1C     		mov	r3, r7
 220 0074 0F33     		add	r3, r3, #15
 221 0076 FF22     		mov	r2, #255
 222 0078 1A70     		strb	r2, [r3]
 148:.\main.c      ****             break;
 223              		.loc 1 148 0
 224 007a C046     		mov	r8, r8
 225              	.L14:
 149:.\main.c      ****     }
 150:.\main.c      **** 
 151:.\main.c      ****     return (status);
 226              		.loc 1 151 0
 227 007c 3B1C     		mov	r3, r7
 228 007e 0F33     		add	r3, r3, #15
 229 0080 1B78     		ldrb	r3, [r3]
 152:.\main.c      **** }
 230              		.loc 1 152 0
 231 0082 181C     		mov	r0, r3
 232 0084 BD46     		mov	sp, r7
 233 0086 04B0     		add	sp, sp, #16
 234              		@ sp needed
 235 0088 80BD     		pop	{r7, pc}
 236              		.cfi_endproc
 237              	.LFE34:
 238              		.size	ExecuteCommand, .-ExecuteCommand
 239 008a C046     		.text
 240              	.Letext0:
 241              		.file 2 "Generated_Source\\PSoC4/cytypes.h"
 242              		.section	.debug_info,"",%progbits
 243              	.Ldebug_info0:
 244 0000 2A010000 		.4byte	0x12a
 245 0004 0400     		.2byte	0x4
 246 0006 00000000 		.4byte	.Ldebug_abbrev0
ARM GAS  C:\Users\11401393\AppData\Local\Temp\ccM1mZT4.s 			page 8


 247 000a 04       		.byte	0x4
 248 000b 01       		.uleb128 0x1
 249 000c 5D000000 		.4byte	.LASF18
 250 0010 01       		.byte	0x1
 251 0011 A8010000 		.4byte	.LASF19
 252 0015 43010000 		.4byte	.LASF20
 253 0019 00000000 		.4byte	.Ldebug_ranges0+0
 254 001d 00000000 		.4byte	0
 255 0021 00000000 		.4byte	.Ldebug_line0
 256 0025 02       		.uleb128 0x2
 257 0026 01       		.byte	0x1
 258 0027 06       		.byte	0x6
 259 0028 37010000 		.4byte	.LASF0
 260 002c 02       		.uleb128 0x2
 261 002d 01       		.byte	0x1
 262 002e 08       		.byte	0x8
 263 002f E8000000 		.4byte	.LASF1
 264 0033 02       		.uleb128 0x2
 265 0034 02       		.byte	0x2
 266 0035 05       		.byte	0x5
 267 0036 13010000 		.4byte	.LASF2
 268 003a 02       		.uleb128 0x2
 269 003b 02       		.byte	0x2
 270 003c 07       		.byte	0x7
 271 003d 24010000 		.4byte	.LASF3
 272 0041 02       		.uleb128 0x2
 273 0042 04       		.byte	0x4
 274 0043 05       		.byte	0x5
 275 0044 0A010000 		.4byte	.LASF4
 276 0048 02       		.uleb128 0x2
 277 0049 04       		.byte	0x4
 278 004a 07       		.byte	0x7
 279 004b 34000000 		.4byte	.LASF5
 280 004f 02       		.uleb128 0x2
 281 0050 08       		.byte	0x8
 282 0051 05       		.byte	0x5
 283 0052 00000000 		.4byte	.LASF6
 284 0056 02       		.uleb128 0x2
 285 0057 08       		.byte	0x8
 286 0058 07       		.byte	0x7
 287 0059 46000000 		.4byte	.LASF7
 288 005d 03       		.uleb128 0x3
 289 005e 04       		.byte	0x4
 290 005f 05       		.byte	0x5
 291 0060 696E7400 		.ascii	"int\000"
 292 0064 02       		.uleb128 0x2
 293 0065 04       		.byte	0x4
 294 0066 07       		.byte	0x7
 295 0067 15000000 		.4byte	.LASF8
 296 006b 04       		.uleb128 0x4
 297 006c 2E000000 		.4byte	.LASF9
 298 0070 02       		.byte	0x2
 299 0071 B3       		.byte	0xb3
 300 0072 2C000000 		.4byte	0x2c
 301 0076 04       		.uleb128 0x4
 302 0077 0E000000 		.4byte	.LASF10
 303 007b 02       		.byte	0x2
ARM GAS  C:\Users\11401393\AppData\Local\Temp\ccM1mZT4.s 			page 9


 304 007c B5       		.byte	0xb5
 305 007d 48000000 		.4byte	0x48
 306 0081 02       		.uleb128 0x2
 307 0082 04       		.byte	0x4
 308 0083 04       		.byte	0x4
 309 0084 A2010000 		.4byte	.LASF11
 310 0088 02       		.uleb128 0x2
 311 0089 08       		.byte	0x8
 312 008a 04       		.byte	0x4
 313 008b 1D010000 		.4byte	.LASF12
 314 008f 02       		.uleb128 0x2
 315 0090 01       		.byte	0x1
 316 0091 08       		.byte	0x8
 317 0092 F6000000 		.4byte	.LASF13
 318 0096 02       		.uleb128 0x2
 319 0097 04       		.byte	0x4
 320 0098 07       		.byte	0x7
 321 0099 BF010000 		.4byte	.LASF14
 322 009d 05       		.uleb128 0x5
 323 009e 22000000 		.4byte	.LASF21
 324 00a2 01       		.byte	0x1
 325 00a3 31       		.byte	0x31
 326 00a4 5D000000 		.4byte	0x5d
 327 00a8 00000000 		.4byte	.LFB33
 328 00ac A4000000 		.4byte	.LFE33-.LFB33
 329 00b0 01       		.uleb128 0x1
 330 00b1 9C       		.byte	0x9c
 331 00b2 C5000000 		.4byte	0xc5
 332 00b6 06       		.uleb128 0x6
 333 00b7 27000000 		.4byte	.LASF15
 334 00bb 01       		.byte	0x1
 335 00bc 33       		.byte	0x33
 336 00bd 6B000000 		.4byte	0x6b
 337 00c1 02       		.uleb128 0x2
 338 00c2 91       		.byte	0x91
 339 00c3 6F       		.sleb128 -17
 340 00c4 00       		.byte	0
 341 00c5 07       		.uleb128 0x7
 342 00c6 FB000000 		.4byte	.LASF22
 343 00ca 01       		.byte	0x1
 344 00cb 79       		.byte	0x79
 345 00cc 6B000000 		.4byte	0x6b
 346 00d0 00000000 		.4byte	.LFB34
 347 00d4 8A000000 		.4byte	.LFE34-.LFB34
 348 00d8 01       		.uleb128 0x1
 349 00d9 9C       		.byte	0x9c
 350 00da FB000000 		.4byte	0xfb
 351 00de 08       		.uleb128 0x8
 352 00df 636D6400 		.ascii	"cmd\000"
 353 00e3 01       		.byte	0x1
 354 00e4 79       		.byte	0x79
 355 00e5 76000000 		.4byte	0x76
 356 00e9 02       		.uleb128 0x2
 357 00ea 91       		.byte	0x91
 358 00eb 6C       		.sleb128 -20
 359 00ec 06       		.uleb128 0x6
 360 00ed 27000000 		.4byte	.LASF15
ARM GAS  C:\Users\11401393\AppData\Local\Temp\ccM1mZT4.s 			page 10


 361 00f1 01       		.byte	0x1
 362 00f2 7B       		.byte	0x7b
 363 00f3 6B000000 		.4byte	0x6b
 364 00f7 02       		.uleb128 0x2
 365 00f8 91       		.byte	0x91
 366 00f9 77       		.sleb128 -9
 367 00fa 00       		.byte	0
 368 00fb 09       		.uleb128 0x9
 369 00fc 6B000000 		.4byte	0x6b
 370 0100 0B010000 		.4byte	0x10b
 371 0104 0A       		.uleb128 0xa
 372 0105 96000000 		.4byte	0x96
 373 0109 02       		.byte	0x2
 374 010a 00       		.byte	0
 375 010b 0B       		.uleb128 0xb
 376 010c B1010000 		.4byte	.LASF16
 377 0110 01       		.byte	0x1
 378 0111 1B       		.byte	0x1b
 379 0112 FB000000 		.4byte	0xfb
 380 0116 05       		.uleb128 0x5
 381 0117 03       		.byte	0x3
 382 0118 00000000 		.4byte	i2cReadBuffer
 383 011c 0B       		.uleb128 0xb
 384 011d D9000000 		.4byte	.LASF17
 385 0121 01       		.byte	0x1
 386 0122 1C       		.byte	0x1c
 387 0123 FB000000 		.4byte	0xfb
 388 0127 05       		.uleb128 0x5
 389 0128 03       		.byte	0x3
 390 0129 00000000 		.4byte	i2cWriteBuffer
 391 012d 00       		.byte	0
 392              		.section	.debug_abbrev,"",%progbits
 393              	.Ldebug_abbrev0:
 394 0000 01       		.uleb128 0x1
 395 0001 11       		.uleb128 0x11
 396 0002 01       		.byte	0x1
 397 0003 25       		.uleb128 0x25
 398 0004 0E       		.uleb128 0xe
 399 0005 13       		.uleb128 0x13
 400 0006 0B       		.uleb128 0xb
 401 0007 03       		.uleb128 0x3
 402 0008 0E       		.uleb128 0xe
 403 0009 1B       		.uleb128 0x1b
 404 000a 0E       		.uleb128 0xe
 405 000b 55       		.uleb128 0x55
 406 000c 17       		.uleb128 0x17
 407 000d 11       		.uleb128 0x11
 408 000e 01       		.uleb128 0x1
 409 000f 10       		.uleb128 0x10
 410 0010 17       		.uleb128 0x17
 411 0011 00       		.byte	0
 412 0012 00       		.byte	0
 413 0013 02       		.uleb128 0x2
 414 0014 24       		.uleb128 0x24
 415 0015 00       		.byte	0
 416 0016 0B       		.uleb128 0xb
 417 0017 0B       		.uleb128 0xb
ARM GAS  C:\Users\11401393\AppData\Local\Temp\ccM1mZT4.s 			page 11


 418 0018 3E       		.uleb128 0x3e
 419 0019 0B       		.uleb128 0xb
 420 001a 03       		.uleb128 0x3
 421 001b 0E       		.uleb128 0xe
 422 001c 00       		.byte	0
 423 001d 00       		.byte	0
 424 001e 03       		.uleb128 0x3
 425 001f 24       		.uleb128 0x24
 426 0020 00       		.byte	0
 427 0021 0B       		.uleb128 0xb
 428 0022 0B       		.uleb128 0xb
 429 0023 3E       		.uleb128 0x3e
 430 0024 0B       		.uleb128 0xb
 431 0025 03       		.uleb128 0x3
 432 0026 08       		.uleb128 0x8
 433 0027 00       		.byte	0
 434 0028 00       		.byte	0
 435 0029 04       		.uleb128 0x4
 436 002a 16       		.uleb128 0x16
 437 002b 00       		.byte	0
 438 002c 03       		.uleb128 0x3
 439 002d 0E       		.uleb128 0xe
 440 002e 3A       		.uleb128 0x3a
 441 002f 0B       		.uleb128 0xb
 442 0030 3B       		.uleb128 0x3b
 443 0031 0B       		.uleb128 0xb
 444 0032 49       		.uleb128 0x49
 445 0033 13       		.uleb128 0x13
 446 0034 00       		.byte	0
 447 0035 00       		.byte	0
 448 0036 05       		.uleb128 0x5
 449 0037 2E       		.uleb128 0x2e
 450 0038 01       		.byte	0x1
 451 0039 3F       		.uleb128 0x3f
 452 003a 19       		.uleb128 0x19
 453 003b 03       		.uleb128 0x3
 454 003c 0E       		.uleb128 0xe
 455 003d 3A       		.uleb128 0x3a
 456 003e 0B       		.uleb128 0xb
 457 003f 3B       		.uleb128 0x3b
 458 0040 0B       		.uleb128 0xb
 459 0041 49       		.uleb128 0x49
 460 0042 13       		.uleb128 0x13
 461 0043 11       		.uleb128 0x11
 462 0044 01       		.uleb128 0x1
 463 0045 12       		.uleb128 0x12
 464 0046 06       		.uleb128 0x6
 465 0047 40       		.uleb128 0x40
 466 0048 18       		.uleb128 0x18
 467 0049 9642     		.uleb128 0x2116
 468 004b 19       		.uleb128 0x19
 469 004c 01       		.uleb128 0x1
 470 004d 13       		.uleb128 0x13
 471 004e 00       		.byte	0
 472 004f 00       		.byte	0
 473 0050 06       		.uleb128 0x6
 474 0051 34       		.uleb128 0x34
ARM GAS  C:\Users\11401393\AppData\Local\Temp\ccM1mZT4.s 			page 12


 475 0052 00       		.byte	0
 476 0053 03       		.uleb128 0x3
 477 0054 0E       		.uleb128 0xe
 478 0055 3A       		.uleb128 0x3a
 479 0056 0B       		.uleb128 0xb
 480 0057 3B       		.uleb128 0x3b
 481 0058 0B       		.uleb128 0xb
 482 0059 49       		.uleb128 0x49
 483 005a 13       		.uleb128 0x13
 484 005b 02       		.uleb128 0x2
 485 005c 18       		.uleb128 0x18
 486 005d 00       		.byte	0
 487 005e 00       		.byte	0
 488 005f 07       		.uleb128 0x7
 489 0060 2E       		.uleb128 0x2e
 490 0061 01       		.byte	0x1
 491 0062 3F       		.uleb128 0x3f
 492 0063 19       		.uleb128 0x19
 493 0064 03       		.uleb128 0x3
 494 0065 0E       		.uleb128 0xe
 495 0066 3A       		.uleb128 0x3a
 496 0067 0B       		.uleb128 0xb
 497 0068 3B       		.uleb128 0x3b
 498 0069 0B       		.uleb128 0xb
 499 006a 27       		.uleb128 0x27
 500 006b 19       		.uleb128 0x19
 501 006c 49       		.uleb128 0x49
 502 006d 13       		.uleb128 0x13
 503 006e 11       		.uleb128 0x11
 504 006f 01       		.uleb128 0x1
 505 0070 12       		.uleb128 0x12
 506 0071 06       		.uleb128 0x6
 507 0072 40       		.uleb128 0x40
 508 0073 18       		.uleb128 0x18
 509 0074 9642     		.uleb128 0x2116
 510 0076 19       		.uleb128 0x19
 511 0077 01       		.uleb128 0x1
 512 0078 13       		.uleb128 0x13
 513 0079 00       		.byte	0
 514 007a 00       		.byte	0
 515 007b 08       		.uleb128 0x8
 516 007c 05       		.uleb128 0x5
 517 007d 00       		.byte	0
 518 007e 03       		.uleb128 0x3
 519 007f 08       		.uleb128 0x8
 520 0080 3A       		.uleb128 0x3a
 521 0081 0B       		.uleb128 0xb
 522 0082 3B       		.uleb128 0x3b
 523 0083 0B       		.uleb128 0xb
 524 0084 49       		.uleb128 0x49
 525 0085 13       		.uleb128 0x13
 526 0086 02       		.uleb128 0x2
 527 0087 18       		.uleb128 0x18
 528 0088 00       		.byte	0
 529 0089 00       		.byte	0
 530 008a 09       		.uleb128 0x9
 531 008b 01       		.uleb128 0x1
ARM GAS  C:\Users\11401393\AppData\Local\Temp\ccM1mZT4.s 			page 13


 532 008c 01       		.byte	0x1
 533 008d 49       		.uleb128 0x49
 534 008e 13       		.uleb128 0x13
 535 008f 01       		.uleb128 0x1
 536 0090 13       		.uleb128 0x13
 537 0091 00       		.byte	0
 538 0092 00       		.byte	0
 539 0093 0A       		.uleb128 0xa
 540 0094 21       		.uleb128 0x21
 541 0095 00       		.byte	0
 542 0096 49       		.uleb128 0x49
 543 0097 13       		.uleb128 0x13
 544 0098 2F       		.uleb128 0x2f
 545 0099 0B       		.uleb128 0xb
 546 009a 00       		.byte	0
 547 009b 00       		.byte	0
 548 009c 0B       		.uleb128 0xb
 549 009d 34       		.uleb128 0x34
 550 009e 00       		.byte	0
 551 009f 03       		.uleb128 0x3
 552 00a0 0E       		.uleb128 0xe
 553 00a1 3A       		.uleb128 0x3a
 554 00a2 0B       		.uleb128 0xb
 555 00a3 3B       		.uleb128 0x3b
 556 00a4 0B       		.uleb128 0xb
 557 00a5 49       		.uleb128 0x49
 558 00a6 13       		.uleb128 0x13
 559 00a7 3F       		.uleb128 0x3f
 560 00a8 19       		.uleb128 0x19
 561 00a9 02       		.uleb128 0x2
 562 00aa 18       		.uleb128 0x18
 563 00ab 00       		.byte	0
 564 00ac 00       		.byte	0
 565 00ad 00       		.byte	0
 566              		.section	.debug_aranges,"",%progbits
 567 0000 24000000 		.4byte	0x24
 568 0004 0200     		.2byte	0x2
 569 0006 00000000 		.4byte	.Ldebug_info0
 570 000a 04       		.byte	0x4
 571 000b 00       		.byte	0
 572 000c 0000     		.2byte	0
 573 000e 0000     		.2byte	0
 574 0010 00000000 		.4byte	.LFB33
 575 0014 A4000000 		.4byte	.LFE33-.LFB33
 576 0018 00000000 		.4byte	.LFB34
 577 001c 8A000000 		.4byte	.LFE34-.LFB34
 578 0020 00000000 		.4byte	0
 579 0024 00000000 		.4byte	0
 580              		.section	.debug_ranges,"",%progbits
 581              	.Ldebug_ranges0:
 582 0000 00000000 		.4byte	.LFB33
 583 0004 A4000000 		.4byte	.LFE33
 584 0008 00000000 		.4byte	.LFB34
 585 000c 8A000000 		.4byte	.LFE34
 586 0010 00000000 		.4byte	0
 587 0014 00000000 		.4byte	0
 588              		.section	.debug_line,"",%progbits
ARM GAS  C:\Users\11401393\AppData\Local\Temp\ccM1mZT4.s 			page 14


 589              	.Ldebug_line0:
 590 0000 92000000 		.section	.debug_str,"MS",%progbits,1
 590      02004300 
 590      00000201 
 590      FB0E0D00 
 590      01010101 
 591              	.LASF6:
 592 0000 6C6F6E67 		.ascii	"long long int\000"
 592      206C6F6E 
 592      6720696E 
 592      7400
 593              	.LASF10:
 594 000e 75696E74 		.ascii	"uint32\000"
 594      333200
 595              	.LASF8:
 596 0015 756E7369 		.ascii	"unsigned int\000"
 596      676E6564 
 596      20696E74 
 596      00
 597              	.LASF21:
 598 0022 6D61696E 		.ascii	"main\000"
 598      00
 599              	.LASF15:
 600 0027 73746174 		.ascii	"status\000"
 600      757300
 601              	.LASF9:
 602 002e 75696E74 		.ascii	"uint8\000"
 602      3800
 603              	.LASF5:
 604 0034 6C6F6E67 		.ascii	"long unsigned int\000"
 604      20756E73 
 604      69676E65 
 604      6420696E 
 604      7400
 605              	.LASF7:
 606 0046 6C6F6E67 		.ascii	"long long unsigned int\000"
 606      206C6F6E 
 606      6720756E 
 606      7369676E 
 606      65642069 
 607              	.LASF18:
 608 005d 474E5520 		.ascii	"GNU C 4.8.4 20140526 (release) [ARM/embedded-4_8-br"
 608      4320342E 
 608      382E3420 
 608      32303134 
 608      30353236 
 609 0090 616E6368 		.ascii	"anch revision 211358] -mcpu=cortex-m0 -mthumb -g -O"
 609      20726576 
 609      6973696F 
 609      6E203231 
 609      31333538 
 610 00c3 30202D66 		.ascii	"0 -ffunction-sections\000"
 610      66756E63 
 610      74696F6E 
 610      2D736563 
 610      74696F6E 
 611              	.LASF17:
ARM GAS  C:\Users\11401393\AppData\Local\Temp\ccM1mZT4.s 			page 15


 612 00d9 69326357 		.ascii	"i2cWriteBuffer\000"
 612      72697465 
 612      42756666 
 612      657200
 613              	.LASF1:
 614 00e8 756E7369 		.ascii	"unsigned char\000"
 614      676E6564 
 614      20636861 
 614      7200
 615              	.LASF13:
 616 00f6 63686172 		.ascii	"char\000"
 616      00
 617              	.LASF22:
 618 00fb 45786563 		.ascii	"ExecuteCommand\000"
 618      75746543 
 618      6F6D6D61 
 618      6E6400
 619              	.LASF4:
 620 010a 6C6F6E67 		.ascii	"long int\000"
 620      20696E74 
 620      00
 621              	.LASF2:
 622 0113 73686F72 		.ascii	"short int\000"
 622      7420696E 
 622      7400
 623              	.LASF12:
 624 011d 646F7562 		.ascii	"double\000"
 624      6C6500
 625              	.LASF3:
 626 0124 73686F72 		.ascii	"short unsigned int\000"
 626      7420756E 
 626      7369676E 
 626      65642069 
 626      6E7400
 627              	.LASF0:
 628 0137 7369676E 		.ascii	"signed char\000"
 628      65642063 
 628      68617200 
 629              	.LASF20:
 630 0143 433A5C55 		.ascii	"C:\\Users\\11401393\\Documents\\PSoC Creator\\CE976"
 630      73657273 
 630      5C313134 
 630      30313339 
 630      335C446F 
 631 0171 33342050 		.ascii	"34 PSoC 4 Breathing LED\\SCB_I2cCommSlave01.cydsn\000"
 631      536F4320 
 631      34204272 
 631      65617468 
 631      696E6720 
 632              	.LASF11:
 633 01a2 666C6F61 		.ascii	"float\000"
 633      7400
 634              	.LASF19:
 635 01a8 2E5C6D61 		.ascii	".\\main.c\000"
 635      696E2E63 
 635      00
 636              	.LASF16:
ARM GAS  C:\Users\11401393\AppData\Local\Temp\ccM1mZT4.s 			page 16


 637 01b1 69326352 		.ascii	"i2cReadBuffer\000"
 637      65616442 
 637      75666665 
 637      7200
 638              	.LASF14:
 639 01bf 73697A65 		.ascii	"sizetype\000"
 639      74797065 
 639      00
 640              		.ident	"GCC: (GNU Tools for ARM Embedded Processors) 4.8.4 20140526 (release) [ARM/embedded-4_8-br
