#
# A fatal error has been detected by the Java Runtime Environment:
#
#  Internal Error (0xc000000d), pid=6788, tid=8984
#
# JRE version: Java(TM) SE Runtime Environment (8.0_66-b18) (build 1.8.0_66-b18)
# Java VM: Java HotSpot(TM) 64-Bit Server VM (25.66-b18 mixed mode windows-amd64 compressed oops)
# Problematic frame:
# C  [ntdll.dll+0xff44c]
#
# Failed to write core dump. Minidumps are not enabled by default on client versions of Windows
#
# If you would like to submit a bug report, please visit:
#   http://bugreport.java.com/bugreport/crash.jsp
#

---------------  T H R E A D  ---------------

Current thread (0x0000000013b17000):  VMThread [stack: 0x0000000014ba0000,0x0000000014ca0000] [id=8984]

siginfo: ExceptionCode=0xc000000d

Registers:
RAX=0x0000000000000000, RBX=0xfffffffffffffffe, RCX=0x0000000000000000, RDX=0x0000000000000000
RSP=0x0000000014c9f470, RBP=0x00007ffbc7f17444, RSI=0x0000000000000000, RDI=0x00000000000007c8
R8 =0x0000000000000000, R9 =0x0000000000020000, R10=0x0000000014c9ef50, R11=0x0000000014c9ef50
R12=0x000000002731e270, R13=0x00000000005fd7e0, R14=0x000000002731e378, R15=0x0000000014c9f5e8
RIP=0x00007ffbd599f44c, EFLAGS=0x0000000000000206

Top of Stack: (sp=0x0000000014c9f470)
0x0000000014c9f470:   0000000000000057 fffffffffffffffe
0x0000000014c9f480:   0000000000000000 00000000000007c8
0x0000000014c9f490:   00000000c000000d 0000000000000000
0x0000000014c9f4a0:   00007ffbd599f44c 0000000000000000
0x0000000014c9f4b0:   0000000000000000 0000000000000000
0x0000000014c9f4c0:   0000000000000000 0000000000000000
0x0000000014c9f4d0:   0000000000000000 0000000000000000
0x0000000014c9f4e0:   0000000000000000 0000000000000000
0x0000000014c9f4f0:   0000000000000000 0000000000000000
0x0000000014c9f500:   0000000000000000 0000000000000000
0x0000000014c9f510:   0000000000000000 0000000000000000
0x0000000014c9f520:   0000000000000000 0000000000000000
0x0000000014c9f530:   00002f42fa310665 0000000000000400
0x0000000014c9f540:   0000000900000020 00007ffbd596150d
0x0000000014c9f550:   0000000900000000 0000000000000000
0x0000000014c9f560:   004e00520045004b 00320033004c0045 

Instructions: (pc=0x00007ffbd599f44c)
0x00007ffbd599f42c:   d5 fa ff c7 44 24 20 0d 00 00 c0 b9 57 00 00 00
0x00007ffbd599f43c:   e8 7f 13 f6 ff 90 48 8d 4c 24 20 e8 04 bf f4 ff
0x00007ffbd599f44c:   eb 00 48 8b 8c 24 c0 00 00 00 48 33 cc e8 82 74
0x00007ffbd599f45c:   f9 ff 48 81 c4 d8 00 00 00 c3 40 55 48 83 ec 20 


Register to memory mapping:

RAX=0x0000000000000000 is an unknown value
RBX=0xfffffffffffffffe is an unknown value
RCX=0x0000000000000000 is an unknown value
RDX=0x0000000000000000 is an unknown value
RSP=0x0000000014c9f470 is an unknown value
RBP=0x00007ffbc7f17444 is an unknown value
RSI=0x0000000000000000 is an unknown value
RDI=0x00000000000007c8 is an unknown value
R8 =0x0000000000000000 is an unknown value
R9 =0x0000000000020000 is an unknown value
R10=0x0000000014c9ef50 is an unknown value
R11=0x0000000014c9ef50 is an unknown value
R12=0x000000002731e270 is an unknown value
R13=0x00000000005fd7e0 is an unknown value
R14=0x000000002731e378 is an unknown value
R15=0x0000000014c9f5e8 is an unknown value


Stack: [0x0000000014ba0000,0x0000000014ca0000],  sp=0x0000000014c9f470,  free space=1021k
Native frames: (J=compiled Java code, j=interpreted, Vv=VM code, C=native code)
C  [ntdll.dll+0xff44c]
C  [ntdll.dll+0xc150d]
C  [KERNEL32.DLL+0x1fafa]
C  [MSVCR110.dll+0x756a]
C  [MSVCR110.dll+0x7402]
C  [MSVCR110.dll+0x14a32]
C  [MSVCR110.dll+0x13c44]
C  [MSVCR110.dll+0x239e]
C  [MSVCR110.dll+0xabfe]
C  [MSVCP110.dll+0x3986d]
C  [librdi_common.dll+0x183a66]
C  [librdi_common.dll+0x1826fb]
C  [librdi_target_manager.dll+0x2400]
C  [librdi_target_manager.dll+0x2682]
C  [ntdll.dll+0x2a35f]
C  [ntdll.dll+0x806b]
C  [ntdll.dll+0x7d94]
C  [KERNEL32.DLL+0x1ce6a]
C  [MSVCR100.dll+0x20ccd]
V  [jvm.dll+0x210cc5]
V  [jvm.dll+0x249897]
V  [jvm.dll+0x248b36]
V  [jvm.dll+0x248fd1]
V  [jvm.dll+0x2491ee]
V  [jvm.dll+0x29a0fa]
C  [MSVCR100.dll+0x21d9f]
C  [MSVCR100.dll+0x21e3b]
C  [KERNEL32.DLL+0x8364]
C  [ntdll.dll+0x670d1]

VM_Operation (0x000000000014f4c0): Exit, mode: safepoint, requested by thread 0x0000000002582800


---------------  P R O C E S S  ---------------

Java Threads: ( => current thread )
  0x0000000016c20000 JavaThread "EventThread COM5" [_thread_blocked, id=13332, stack(0x0000000059150000,0x0000000059250000)]
  0x0000000016c23800 JavaThread "EventThread COM5" [_thread_blocked, id=13100, stack(0x000000004b150000,0x000000004b250000)]
  0x0000000016c22000 JavaThread "EventThread COM5" [_thread_blocked, id=23560, stack(0x000000003bc50000,0x000000003bd50000)]
  0x0000000016c98000 JavaThread "Thread-256" daemon [_thread_blocked, id=23764, stack(0x000000003a450000,0x000000003a550000)]
  0x000000001e9e1000 JavaThread "EventThread COM5" [_thread_blocked, id=12244, stack(0x0000000026a50000,0x0000000026b50000)]
  0x000000001e9d7800 JavaThread "TCF Channel Transmitter" daemon [_thread_blocked, id=23724, stack(0x0000000026580000,0x0000000026680000)]
  0x000000001e9de000 JavaThread "TCF Channel Receiver" daemon [_thread_in_native, id=19000, stack(0x0000000026480000,0x0000000026580000)]
  0x000000001e9dd800 JavaThread "EventThread COM5" [_thread_blocked, id=20684, stack(0x0000000026280000,0x0000000026380000)]
  0x000000001e9db000 JavaThread "Process monitor" daemon [_thread_in_native, id=14648, stack(0x0000000026080000,0x0000000026180000)]
  0x000000001e9dc800 JavaThread "Input Stream Monitor" daemon [_thread_blocked, id=9316, stack(0x0000000025f80000,0x0000000026080000)]
  0x000000001e9d9000 JavaThread "Output Stream Monitor" daemon [_thread_in_native, id=15348, stack(0x0000000025e80000,0x0000000025f80000)]
  0x000000001e9d8000 JavaThread "Output Stream Monitor" daemon [_thread_in_native, id=16784, stack(0x0000000025cc0000,0x0000000025dc0000)]
  0x00000000192e4800 JavaThread "TCF Locator DNS Lookup" daemon [_thread_blocked, id=19496, stack(0x0000000023c10000,0x0000000023d10000)]
  0x00000000192e3000 JavaThread "TCF Locator Timer" daemon [_thread_blocked, id=17880, stack(0x0000000023b10000,0x0000000023c10000)]
  0x00000000192e7800 JavaThread "TCF Locator Receiver" daemon [_thread_in_native, id=24032, stack(0x0000000023a10000,0x0000000023b10000)]
  0x0000000016c9a000 JavaThread "TCF Timer Dispatcher" daemon [_thread_blocked, id=19124, stack(0x0000000023810000,0x0000000023910000)]
  0x0000000015508000 JavaThread "EMF Reference Cleaner" daemon [_thread_blocked, id=13432, stack(0x0000000018330000,0x0000000018430000)]
  0x00000000152a9800 JavaThread "Service Thread" daemon [_thread_blocked, id=18172, stack(0x00000000158a0000,0x00000000159a0000)]
  0x00000000152a4000 JavaThread "C1 CompilerThread2" daemon [_thread_blocked, id=1828, stack(0x00000000157a0000,0x00000000158a0000)]
  0x00000000152a1000 JavaThread "C2 CompilerThread1" daemon [_thread_blocked, id=15060, stack(0x00000000156a0000,0x00000000157a0000)]
  0x0000000013b52000 JavaThread "C2 CompilerThread0" daemon [_thread_blocked, id=8200, stack(0x00000000151a0000,0x00000000152a0000)]
  0x0000000013b4e800 JavaThread "Attach Listener" daemon [_thread_blocked, id=20548, stack(0x00000000150a0000,0x00000000151a0000)]
  0x0000000013b4d800 JavaThread "Signal Dispatcher" daemon [_thread_blocked, id=17564, stack(0x0000000014fa0000,0x00000000150a0000)]
  0x0000000002678000 JavaThread "Finalizer" daemon [_thread_blocked, id=18412, stack(0x0000000014da0000,0x0000000014ea0000)]
  0x000000000266f800 JavaThread "Reference Handler" daemon [_thread_blocked, id=4180, stack(0x0000000014ca0000,0x0000000014da0000)]
  0x0000000002582800 JavaThread "main" [_thread_blocked, id=14232, stack(0x0000000000050000,0x0000000000150000)]

Other Threads:
=>0x0000000013b17000 VMThread [stack: 0x0000000014ba0000,0x0000000014ca0000] [id=8984]

VM state:at safepoint (shutting down)

VM Mutex/Monitor currently owned by a thread:  ([mutex/lock_event])
[0x000000000272e830] Threads_lock - owner thread: 0x0000000013b17000

Heap:
 PSYoungGen      total 172544K, used 65282K [0x00000000f5580000, 0x0000000100000000, 0x0000000100000000)
  eden space 171520K, 37% used [0x00000000f5580000,0x00000000f9440908,0x00000000ffd00000)
  from space 1024K, 100% used [0x00000000fff00000,0x0000000100000000,0x0000000100000000)
  to   space 1536K, 0% used [0x00000000ffd00000,0x00000000ffd00000,0x00000000ffe80000)
 ParOldGen       total 101888K, used 62473K [0x00000000e0000000, 0x00000000e6380000, 0x00000000f5580000)
  object space 101888K, 61% used [0x00000000e0000000,0x00000000e3d02568,0x00000000e6380000)
 Metaspace       used 89079K, capacity 96348K, committed 96560K, reserved 1132544K
  class space    used 10516K, capacity 12776K, committed 12848K, reserved 1048576K

Card table byte_map: [0x0000000011af0000,0x0000000011c00000] byte_map_base: 0x00000000113f0000

Marking Bits: (ParMarkBitMap*) 0x000000006581a5b0
 Begin Bits: [0x00000000120b0000, 0x00000000128b0000)
 End Bits:   [0x00000000128b0000, 0x00000000130b0000)

Polling page: 0x0000000000490000

CodeCache: size=245760Kb used=44864Kb max_used=45606Kb free=200895Kb
 bounds [0x0000000002730000, 0x0000000005410000, 0x0000000011730000]
 total_blobs=12754 nmethods=11851 adapters=809
 compilation: enabled

Compilation events (10 events):
Event: 6250.295 Thread 0x00000000152a4000 15106   !   3       org.eclipse.osgi.container.ModuleDatabase::getRevisionsTimestamp (25 bytes)
Event: 6250.296 Thread 0x00000000152a4000 nmethod 15106 0x00000000048a1490 code [0x00000000048a16a0, 0x00000000048a23d8]
Event: 6250.296 Thread 0x00000000152a4000 15108   !   3       org.eclipse.osgi.storage.BundleInfo$Generation::clearManifestCache (30 bytes)
Event: 6250.296 Thread 0x00000000152a4000 nmethod 15108 0x0000000004f66650 code [0x0000000004f667e0, 0x0000000004f66e28]
Event: 6250.296 Thread 0x00000000152a4000 15102       3       org.eclipse.osgi.internal.container.AtomicLazyInitializer::getAndClear (9 bytes)
Event: 6250.296 Thread 0x00000000152a4000 nmethod 15102 0x0000000003426390 code [0x0000000003426500, 0x0000000003426750]
Event: 6250.296 Thread 0x00000000152a4000 15103       3       java.util.concurrent.atomic.AtomicReference::getAndSet (12 bytes)
Event: 6250.297 Thread 0x00000000152a4000 nmethod 15103 0x000000000378be10 code [0x000000000378bf60, 0x000000000378c0d0]
Event: 6250.297 Thread 0x00000000152a4000 15104       3       sun.misc.Unsafe::getAndSetObject (24 bytes)
Event: 6250.297 Thread 0x00000000152a4000 nmethod 15104 0x0000000003175190 code [0x0000000003175300, 0x0000000003175510]

GC Heap History (10 events):
Event: 6232.666 GC heap before
{Heap before GC invocations=5908 (full 6):
 PSYoungGen      total 173568K, used 172736K [0x00000000f5580000, 0x0000000100000000, 0x0000000100000000)
  eden space 172544K, 100% used [0x00000000f5580000,0x00000000ffe00000,0x00000000ffe00000)
  from space 1024K, 18% used [0x00000000ffe00000,0x00000000ffe30000,0x00000000fff00000)
  to   space 1024K, 0% used [0x00000000fff00000,0x00000000fff00000,0x0000000100000000)
 ParOldGen       total 101888K, used 61435K [0x00000000e0000000, 0x00000000e6380000, 0x00000000f5580000)
  object space 101888K, 60% used [0x00000000e0000000,0x00000000e3bfede0,0x00000000e6380000)
 Metaspace       used 88283K, capacity 95410K, committed 95664K, reserved 1132544K
  class space    used 10426K, capacity 12615K, committed 12720K, reserved 1048576K
Event: 6232.669 GC heap after
Heap after GC invocations=5908 (full 6):
 PSYoungGen      total 173568K, used 256K [0x00000000f5580000, 0x0000000100000000, 0x0000000100000000)
  eden space 172544K, 0% used [0x00000000f5580000,0x00000000f5580000,0x00000000ffe00000)
  from space 1024K, 25% used [0x00000000fff00000,0x00000000fff40000,0x0000000100000000)
  to   space 1024K, 0% used [0x00000000ffe00000,0x00000000ffe00000,0x00000000fff00000)
 ParOldGen       total 101888K, used 61435K [0x00000000e0000000, 0x00000000e6380000, 0x00000000f5580000)
  object space 101888K, 60% used [0x00000000e0000000,0x00000000e3bfede0,0x00000000e6380000)
 Metaspace       used 88283K, capacity 95410K, committed 95664K, reserved 1132544K
  class space    used 10426K, capacity 12615K, committed 12720K, reserved 1048576K
}
Event: 6236.266 GC heap before
{Heap before GC invocations=5909 (full 6):
 PSYoungGen      total 173568K, used 172800K [0x00000000f5580000, 0x0000000100000000, 0x0000000100000000)
  eden space 172544K, 100% used [0x00000000f5580000,0x00000000ffe00000,0x00000000ffe00000)
  from space 1024K, 25% used [0x00000000fff00000,0x00000000fff40000,0x0000000100000000)
  to   space 1024K, 0% used [0x00000000ffe00000,0x00000000ffe00000,0x00000000fff00000)
 ParOldGen       total 101888K, used 61435K [0x00000000e0000000, 0x00000000e6380000, 0x00000000f5580000)
  object space 101888K, 60% used [0x00000000e0000000,0x00000000e3bfede0,0x00000000e6380000)
 Metaspace       used 88283K, capacity 95410K, committed 95664K, reserved 1132544K
  class space    used 10426K, capacity 12615K, committed 12720K, reserved 1048576K
Event: 6236.269 GC heap after
Heap after GC invocations=5909 (full 6):
 PSYoungGen      total 173568K, used 224K [0x00000000f5580000, 0x0000000100000000, 0x0000000100000000)
  eden space 172544K, 0% used [0x00000000f5580000,0x00000000f5580000,0x00000000ffe00000)
  from space 1024K, 21% used [0x00000000ffe00000,0x00000000ffe38000,0x00000000fff00000)
  to   space 1024K, 0% used [0x00000000fff00000,0x00000000fff00000,0x0000000100000000)
 ParOldGen       total 101888K, used 61435K [0x00000000e0000000, 0x00000000e6380000, 0x00000000f5580000)
  object space 101888K, 60% used [0x00000000e0000000,0x00000000e3bfede0,0x00000000e6380000)
 Metaspace       used 88283K, capacity 95410K, committed 95664K, reserved 1132544K
  class space    used 10426K, capacity 12615K, committed 12720K, reserved 1048576K
}
Event: 6240.162 GC heap before
{Heap before GC invocations=5910 (full 6):
 PSYoungGen      total 173568K, used 172768K [0x00000000f5580000, 0x0000000100000000, 0x0000000100000000)
  eden space 172544K, 100% used [0x00000000f5580000,0x00000000ffe00000,0x00000000ffe00000)
  from space 1024K, 21% used [0x00000000ffe00000,0x00000000ffe38000,0x00000000fff00000)
  to   space 1024K, 0% used [0x00000000fff00000,0x00000000fff00000,0x0000000100000000)
 ParOldGen       total 101888K, used 61435K [0x00000000e0000000, 0x00000000e6380000, 0x00000000f5580000)
  object space 101888K, 60% used [0x00000000e0000000,0x00000000e3bfede0,0x00000000e6380000)
 Metaspace       used 88283K, capacity 95410K, committed 95664K, reserved 1132544K
  class space    used 10426K, capacity 12615K, committed 12720K, reserved 1048576K
Event: 6240.165 GC heap after
Heap after GC invocations=5910 (full 6):
 PSYoungGen      total 173568K, used 160K [0x00000000f5580000, 0x0000000100000000, 0x0000000100000000)
  eden space 172544K, 0% used [0x00000000f5580000,0x00000000f5580000,0x00000000ffe00000)
  from space 1024K, 15% used [0x00000000fff00000,0x00000000fff28000,0x0000000100000000)
  to   space 1024K, 0% used [0x00000000ffe00000,0x00000000ffe00000,0x00000000fff00000)
 ParOldGen       total 101888K, used 61435K [0x00000000e0000000, 0x00000000e6380000, 0x00000000f5580000)
  object space 101888K, 60% used [0x00000000e0000000,0x00000000e3bfede0,0x00000000e6380000)
 Metaspace       used 88283K, capacity 95410K, committed 95664K, reserved 1132544K
  class space    used 10426K, capacity 12615K, committed 12720K, reserved 1048576K
}
Event: 6244.939 GC heap before
{Heap before GC invocations=5911 (full 6):
 PSYoungGen      total 173568K, used 172647K [0x00000000f5580000, 0x0000000100000000, 0x0000000100000000)
  eden space 172544K, 99% used [0x00000000f5580000,0x00000000ffdf1de8,0x00000000ffe00000)
  from space 1024K, 15% used [0x00000000fff00000,0x00000000fff28000,0x0000000100000000)
  to   space 1024K, 0% used [0x00000000ffe00000,0x00000000ffe00000,0x00000000fff00000)
 ParOldGen       total 101888K, used 61435K [0x00000000e0000000, 0x00000000e6380000, 0x00000000f5580000)
  object space 101888K, 60% used [0x00000000e0000000,0x00000000e3bfede0,0x00000000e6380000)
 Metaspace       used 88729K, capacity 95992K, committed 96176K, reserved 1132544K
  class space    used 10477K, capacity 12680K, committed 12720K, reserved 1048576K
Event: 6244.948 GC heap after
Heap after GC invocations=5911 (full 6):
 PSYoungGen      total 173568K, used 1023K [0x00000000f5580000, 0x0000000100000000, 0x0000000100000000)
  eden space 172544K, 0% used [0x00000000f5580000,0x00000000f5580000,0x00000000ffe00000)
  from space 1024K, 99% used [0x00000000ffe00000,0x00000000ffeffc10,0x00000000fff00000)
  to   space 1024K, 0% used [0x00000000fff00000,0x00000000fff00000,0x0000000100000000)
 ParOldGen       total 101888K, used 61992K [0x00000000e0000000, 0x00000000e6380000, 0x00000000f5580000)
  object space 101888K, 60% used [0x00000000e0000000,0x00000000e3c8a178,0x00000000e6380000)
 Metaspace       used 88729K, capacity 95992K, committed 96176K, reserved 1132544K
  class space    used 10477K, capacity 12680K, committed 12720K, reserved 1048576K
}
Event: 6248.696 GC heap before
{Heap before GC invocations=5912 (full 6):
 PSYoungGen      total 173568K, used 173567K [0x00000000f5580000, 0x0000000100000000, 0x0000000100000000)
  eden space 172544K, 100% used [0x00000000f5580000,0x00000000ffe00000,0x00000000ffe00000)
  from space 1024K, 99% used [0x00000000ffe00000,0x00000000ffeffc10,0x00000000fff00000)
  to   space 1024K, 0% used [0x00000000fff00000,0x00000000fff00000,0x0000000100000000)
 ParOldGen       total 101888K, used 61992K [0x00000000e0000000, 0x00000000e6380000, 0x00000000f5580000)
  object space 101888K, 60% used [0x00000000e0000000,0x00000000e3c8a178,0x00000000e6380000)
 Metaspace       used 88892K, capacity 96156K, committed 96304K, reserved 1132544K
  class space    used 10496K, capacity 12776K, committed 12848K, reserved 1048576K
Event: 6248.701 GC heap after
Heap after GC invocations=5912 (full 6):
 PSYoungGen      total 172544K, used 1024K [0x00000000f5580000, 0x0000000100000000, 0x0000000100000000)
  eden space 171520K, 0% used [0x00000000f5580000,0x00000000f5580000,0x00000000ffd00000)
  from space 1024K, 100% used [0x00000000fff00000,0x0000000100000000,0x0000000100000000)
  to   space 1536K, 0% used [0x00000000ffd00000,0x00000000ffd00000,0x00000000ffe80000)
 ParOldGen       total 101888K, used 62473K [0x00000000e0000000, 0x00000000e6380000, 0x00000000f5580000)
  object space 101888K, 61% used [0x00000000e0000000,0x00000000e3d02568,0x00000000e6380000)
 Metaspace       used 88892K, capacity 96156K, committed 96304K, reserved 1132544K
  class space    used 10496K, capacity 12776K, committed 12848K, reserved 1048576K
}

Deoptimization events (10 events):
Event: 6248.978 Thread 0x0000000015ec2800 Uncommon trap: reason=unstable_if action=reinterpret pc=0x00000000031a00f0 method=org.eclipse.osgi.internal.framework.BundleContextImpl.dispatchEvent(Ljava/lang/Object;Ljava/lang/Object;ILjava/lang/Object;)V @ 16
Event: 6250.102 Thread 0x0000000016c94000 Uncommon trap: reason=unstable_if action=reinterpret pc=0x000000000516cb00 method=org.eclipse.core.internal.jobs.WorkerPool.startJob(Lorg/eclipse/core/internal/jobs/Worker;)Lorg/eclipse/core/internal/jobs/InternalJob; @ 177
Event: 6250.103 Thread 0x0000000016c97000 Uncommon trap: reason=unstable_if action=reinterpret pc=0x000000000516cb00 method=org.eclipse.core.internal.jobs.WorkerPool.startJob(Lorg/eclipse/core/internal/jobs/Worker;)Lorg/eclipse/core/internal/jobs/InternalJob; @ 177
Event: 6250.106 Thread 0x0000000016c1f000 Uncommon trap: reason=unstable_if action=reinterpret pc=0x000000000516cb00 method=org.eclipse.core.internal.jobs.WorkerPool.startJob(Lorg/eclipse/core/internal/jobs/Worker;)Lorg/eclipse/core/internal/jobs/InternalJob; @ 177
Event: 6250.132 Thread 0x0000000016c26800 Uncommon trap: reason=unstable_if action=reinterpret pc=0x0000000003175fb8 method=org.eclipse.core.internal.jobs.JobManager.nextJob()Lorg/eclipse/core/runtime/jobs/Job; @ 80
Event: 6250.132 Thread 0x0000000016c26800 Uncommon trap: reason=unstable_if action=reinterpret pc=0x000000000516cb00 method=org.eclipse.core.internal.jobs.WorkerPool.startJob(Lorg/eclipse/core/internal/jobs/Worker;)Lorg/eclipse/core/internal/jobs/InternalJob; @ 177
Event: 6250.137 Thread 0x0000000016c24800 Uncommon trap: reason=unstable_if action=reinterpret pc=0x000000000516cb00 method=org.eclipse.core.internal.jobs.WorkerPool.startJob(Lorg/eclipse/core/internal/jobs/Worker;)Lorg/eclipse/core/internal/jobs/InternalJob; @ 177
Event: 6250.138 Thread 0x0000000016c25000 Uncommon trap: reason=unstable_if action=reinterpret pc=0x000000000516cb00 method=org.eclipse.core.internal.jobs.WorkerPool.startJob(Lorg/eclipse/core/internal/jobs/Worker;)Lorg/eclipse/core/internal/jobs/InternalJob; @ 177
Event: 6250.139 Thread 0x000000001662c800 Uncommon trap: reason=unstable_if action=reinterpret pc=0x000000000516cb00 method=org.eclipse.core.internal.jobs.WorkerPool.startJob(Lorg/eclipse/core/internal/jobs/Worker;)Lorg/eclipse/core/internal/jobs/InternalJob; @ 177
Event: 6250.141 Thread 0x000000001e9e6800 Uncommon trap: reason=unstable_if action=reinterpret pc=0x000000000516cb00 method=org.eclipse.core.internal.jobs.WorkerPool.startJob(Lorg/eclipse/core/internal/jobs/Worker;)Lorg/eclipse/core/internal/jobs/InternalJob; @ 177

Internal exceptions (10 events):
Event: 6244.626 Thread 0x0000000002582800 Exception <a 'java/io/FileNotFoundException'> (0x00000000ff300f40) thrown at [C:\re\workspace\8-2-build-windows-amd64-cygwin\jdk8u66\5298\hotspot\src\share\vm\prims\jni.cpp, line 709]
Event: 6244.626 Thread 0x0000000002582800 Exception <a 'java/io/FileNotFoundException'> (0x00000000ff3031c0) thrown at [C:\re\workspace\8-2-build-windows-amd64-cygwin\jdk8u66\5298\hotspot\src\share\vm\prims\jni.cpp, line 709]
Event: 6244.626 Thread 0x0000000002582800 Exception <a 'java/io/FileNotFoundException'> (0x00000000ff305448) thrown at [C:\re\workspace\8-2-build-windows-amd64-cygwin\jdk8u66\5298\hotspot\src\share\vm\prims\jni.cpp, line 709]
Event: 6244.627 Thread 0x0000000002582800 Exception <a 'java/io/FileNotFoundException'> (0x00000000ff45b240) thrown at [C:\re\workspace\8-2-build-windows-amd64-cygwin\jdk8u66\5298\hotspot\src\share\vm\prims\jni.cpp, line 709]
Event: 6245.312 Thread 0x0000000016c27800 Implicit null exception at 0x0000000003343196 to 0x0000000003343319
Event: 6245.437 Thread 0x00000000192e6000 Exception <a 'java/lang/InterruptedException'> (0x00000000f6c98be0) thrown at [C:\re\workspace\8-2-build-windows-amd64-cygwin\jdk8u66\5298\hotspot\src\share\vm\runtime\objectMonitor.cpp, line 1683]
Event: 6250.068 Thread 0x0000000016c99800 Exception <a 'java/lang/InterruptedException'> (0x00000000f89b8fa0) thrown at [C:\re\workspace\8-2-build-windows-amd64-cygwin\jdk8u66\5298\hotspot\src\share\vm\runtime\objectMonitor.cpp, line 1683]
Event: 6250.211 Thread 0x0000000015ec2800 Exception <a 'java/lang/InterruptedException'> (0x00000000f8879618) thrown at [C:\re\workspace\8-2-build-windows-amd64-cygwin\jdk8u66\5298\hotspot\src\share\vm\runtime\objectMonitor.cpp, line 1683]
Event: 6250.252 Thread 0x0000000016c95800 Exception <a 'java/lang/InterruptedException'> (0x00000000f58f4020) thrown at [C:\re\workspace\8-2-build-windows-amd64-cygwin\jdk8u66\5298\hotspot\src\share\vm\runtime\objectMonitor.cpp, line 1683]
Event: 6250.291 Thread 0x0000000016024800 Exception <a 'java/lang/InterruptedException'> (0x00000000f91080c8) thrown at [C:\re\workspace\8-2-build-windows-amd64-cygwin\jdk8u66\5298\hotspot\src\share\vm\runtime\objectMonitor.cpp, line 1683]

Events (10 events):
Event: 6250.293 loading class java/util/IdentityHashMap$KeyIterator done
Event: 6250.293 Thread 0x0000000016c23000 Thread added: 0x0000000016c23000
Event: 6250.371 Executing VM operation: RevokeBias
Event: 6250.371 Executing VM operation: RevokeBias done
Event: 6250.373 Executing VM operation: RevokeBias
Event: 6250.373 Executing VM operation: RevokeBias done
Event: 6250.373 Executing VM operation: RevokeBias
Event: 6250.373 Executing VM operation: RevokeBias done
Event: 6250.374 Thread 0x0000000016c23000 Thread exited: 0x0000000016c23000
Event: 6250.412 Executing VM operation: Exit


Dynamic libraries:
0x0000000000400000 - 0x000000000044f000 	C:\Xilinx\SDK\2016.4\eclipse\win64.o\eclipse.exe
0x00007ffbd58a0000 - 0x00007ffbd5a71000 	C:\WINDOWS\SYSTEM32\ntdll.dll
0x00007ffbd53d0000 - 0x00007ffbd547c000 	C:\WINDOWS\System32\KERNEL32.DLL
0x00007ffbd2080000 - 0x00007ffbd229d000 	C:\WINDOWS\System32\KERNELBASE.dll
0x00007ffbd4cc0000 - 0x00007ffbd4e25000 	C:\WINDOWS\System32\USER32.dll
0x00007ffbd1de0000 - 0x00007ffbd1dfe000 	C:\WINDOWS\System32\win32u.dll
0x00007ffbd2ec0000 - 0x00007ffbd2ef4000 	C:\WINDOWS\System32\GDI32.dll
0x00007ffbd22a0000 - 0x00007ffbd2422000 	C:\WINDOWS\System32\gdi32full.dll
0x00007ffbd5750000 - 0x00007ffbd57ee000 	C:\WINDOWS\System32\msvcrt.dll
0x00007ffbc6820000 - 0x00007ffbc6a9a000 	C:\WINDOWS\WinSxS\amd64_microsoft.windows.common-controls_6595b64144ccf1df_6.0.14393.953_none_42151e83c686086b\COMCTL32.dll
0x00007ffbd5480000 - 0x00007ffbd5748000 	C:\WINDOWS\System32\combase.dll
0x00007ffbd1f10000 - 0x00007ffbd2005000 	C:\WINDOWS\System32\ucrtbase.dll
0x00007ffbd5050000 - 0x00007ffbd5171000 	C:\WINDOWS\System32\RPCRT4.dll
0x00007ffbd2010000 - 0x00007ffbd207a000 	C:\WINDOWS\System32\bcryptPrimitives.dll
0x00007ffbd52e0000 - 0x00007ffbd530e000 	C:\WINDOWS\System32\IMM32.DLL
0x0000000072000000 - 0x0000000072012000 	C:\Xilinx\SDK\2016.4\eclipse\win64.o\plugins\org.eclipse.equinox.launcher.win32.win32.x86_64_1.1.300.v20150602-1417\eclipse_1611.dll
0x00007ffbd57f0000 - 0x00007ffbd5892000 	C:\WINDOWS\System32\ADVAPI32.dll
0x00007ffbd2e50000 - 0x00007ffbd2ea9000 	C:\WINDOWS\System32\sechost.dll
0x00007ffbc2050000 - 0x00007ffbc205a000 	C:\WINDOWS\SYSTEM32\VERSION.dll
0x00007ffbd0480000 - 0x00007ffbd0515000 	C:\WINDOWS\system32\uxtheme.dll
0x00007ffbd2fa0000 - 0x00007ffbd30fa000 	C:\WINDOWS\System32\MSCTF.dll
0x00007ffbd5310000 - 0x00007ffbd53cf000 	C:\WINDOWS\System32\OLEAUT32.dll
0x00007ffbd2b10000 - 0x00007ffbd2bac000 	C:\WINDOWS\System32\msvcp_win.dll
0x0000000065010000 - 0x0000000065899000 	C:\Xilinx\SDK\2016.4\tps\win64\jre\bin\server\jvm.dll
0x00007ffbd3240000 - 0x00007ffbd3248000 	C:\WINDOWS\System32\PSAPI.DLL
0x00007ffbc16f0000 - 0x00007ffbc16f9000 	C:\WINDOWS\SYSTEM32\WSOCK32.dll
0x00007ffbd4bf0000 - 0x00007ffbd4c5a000 	C:\WINDOWS\System32\WS2_32.dll
0x00007ffbcfdd0000 - 0x00007ffbcfdf3000 	C:\WINDOWS\SYSTEM32\WINMM.dll
0x0000000068710000 - 0x00000000687e2000 	C:\WINDOWS\SYSTEM32\MSVCR100.dll
0x00007ffbcfda0000 - 0x00007ffbcfdcb000 	C:\WINDOWS\SYSTEM32\WINMMBASE.dll
0x00007ffbd1d90000 - 0x00007ffbd1dd2000 	C:\WINDOWS\System32\cfgmgr32.dll
0x0000000064ed0000 - 0x0000000064edf000 	C:\Xilinx\SDK\2016.4\tps\win64\jre\bin\verify.dll
0x0000000064ea0000 - 0x0000000064ec9000 	C:\Xilinx\SDK\2016.4\tps\win64\jre\bin\java.dll
0x0000000064e80000 - 0x0000000064e96000 	C:\Xilinx\SDK\2016.4\tps\win64\jre\bin\zip.dll
0x00007ffbd36e0000 - 0x00007ffbd4be8000 	C:\WINDOWS\System32\SHELL32.dll
0x00007ffbd2430000 - 0x00007ffbd2b0a000 	C:\WINDOWS\System32\windows.storage.dll
0x00007ffbd1d00000 - 0x00007ffbd1d4c000 	C:\WINDOWS\System32\powrprof.dll
0x00007ffbd3680000 - 0x00007ffbd36d2000 	C:\WINDOWS\System32\shlwapi.dll
0x00007ffbd1d70000 - 0x00007ffbd1d7f000 	C:\WINDOWS\System32\kernel.appcore.dll
0x00007ffbd1e60000 - 0x00007ffbd1f09000 	C:\WINDOWS\System32\shcore.dll
0x00007ffbd1d50000 - 0x00007ffbd1d64000 	C:\WINDOWS\System32\profapi.dll
0x00007ffbd17d0000 - 0x00007ffbd17e7000 	C:\WINDOWS\SYSTEM32\CRYPTSP.dll
0x00007ffbd1230000 - 0x00007ffbd1263000 	C:\WINDOWS\system32\rsaenh.dll
0x00007ffbd18e0000 - 0x00007ffbd190b000 	C:\WINDOWS\SYSTEM32\bcrypt.dll
0x00007ffbd14b0000 - 0x00007ffbd14cf000 	C:\WINDOWS\SYSTEM32\USERENV.dll
0x00007ffbd17f0000 - 0x00007ffbd17fb000 	C:\WINDOWS\SYSTEM32\CRYPTBASE.dll
0x0000000064e60000 - 0x0000000064e7a000 	C:\Xilinx\SDK\2016.4\tps\win64\jre\bin\net.dll
0x00007ffbd1630000 - 0x00007ffbd168c000 	C:\WINDOWS\system32\mswsock.dll
0x00007ffbd13b0000 - 0x00007ffbd13e8000 	C:\WINDOWS\SYSTEM32\IPHLPAPI.DLL
0x00007ffbd4ea0000 - 0x00007ffbd4ea8000 	C:\WINDOWS\System32\NSI.dll
0x00007ffbca150000 - 0x00007ffbca166000 	C:\WINDOWS\SYSTEM32\dhcpcsvc6.DLL
0x00007ffbca190000 - 0x00007ffbca1aa000 	C:\WINDOWS\SYSTEM32\dhcpcsvc.DLL
0x0000000064e40000 - 0x0000000064e51000 	C:\Xilinx\SDK\2016.4\tps\win64\jre\bin\nio.dll
0x00007ffbbe530000 - 0x00007ffbbe546000 	C:\WINDOWS\system32\napinsp.dll
0x00007ffbbe510000 - 0x00007ffbbe52a000 	C:\WINDOWS\system32\pnrpnsp.dll
0x00007ffbcf5e0000 - 0x00007ffbcf5f8000 	C:\WINDOWS\system32\NLAapi.dll
0x00007ffbd13f0000 - 0x00007ffbd1491000 	C:\WINDOWS\SYSTEM32\DNSAPI.dll
0x00007ffbbe500000 - 0x00007ffbbe50e000 	C:\WINDOWS\System32\winrnr.dll
0x00007ffbbe490000 - 0x00007ffbbe4a5000 	C:\WINDOWS\System32\wshbth.dll
0x0000000068830000 - 0x000000006883a000 	C:\Program Files\National Instruments\Shared\mDNS Responder\nimdnsNSP.dll
0x0000000068820000 - 0x0000000068830000 	C:\WINDOWS\SYSTEM32\nimdnsResponder.dll
0x00007ffbc3510000 - 0x00007ffbc3527000 	C:\WINDOWS\SYSTEM32\VCRUNTIME140.dll
0x00000000687f0000 - 0x0000000068816000 	C:\Program Files\Bonjour\mdnsNSP.dll
0x00007ffbc3270000 - 0x00007ffbc327a000 	C:\Windows\System32\rasadhlp.dll
0x00007ffbc7c10000 - 0x00007ffbc7c7a000 	C:\WINDOWS\System32\fwpuclnt.dll
0x0000000018030000 - 0x00000000180d8000 	C:\Users\11401393\.Xilinx\SDK\2016.4\org.eclipse.osgi\319\0\.cp\swt-win32-4527.dll
0x00007ffbd3100000 - 0x00007ffbd3238000 	C:\WINDOWS\System32\ole32.dll
0x00007ffbd5180000 - 0x00007ffbd527a000 	C:\WINDOWS\System32\comdlg32.dll
0x00007ffbd2c60000 - 0x00007ffbd2e29000 	C:\WINDOWS\System32\CRYPT32.dll
0x00007ffbd1d80000 - 0x00007ffbd1d90000 	C:\WINDOWS\System32\MSASN1.dll
0x00007ffbcc490000 - 0x00007ffbcc516000 	C:\WINDOWS\SYSTEM32\WINSPOOL.DRV
0x00007ffbc65c0000 - 0x00007ffbc65d9000 	C:\WINDOWS\SYSTEM32\USP10.dll
0x00007ffbc5fd0000 - 0x00007ffbc629a000 	C:\WINDOWS\SYSTEM32\WININET.dll
0x00007ffbcf600000 - 0x00007ffbcf626000 	C:\WINDOWS\system32\dwmapi.dll
0x00007ffbcf780000 - 0x00007ffbcf905000 	C:\WINDOWS\SYSTEM32\propsys.dll
0x00007ffbd2f00000 - 0x00007ffbd2f9f000 	C:\WINDOWS\System32\clbcatq.dll
0x00000000026e0000 - 0x00000000026fe000 	C:\Users\11401393\.Xilinx\SDK\2016.4\org.eclipse.osgi\319\0\.cp\swt-gdip-win32-4527.dll
0x00007ffbbe1d0000 - 0x00007ffbbe36a000 	C:\WINDOWS\WinSxS\amd64_microsoft.windows.gdiplus_6595b64144ccf1df_1.1.14393.953_none_7300116921188239\gdiplus.dll
0x00007ffbcf1e0000 - 0x00007ffbcf388000 	C:\WINDOWS\SYSTEM32\WindowsCodecs.dll
0x0000000180000000 - 0x0000000180012000 	C:\Users\11401393\.Xilinx\SDK\2016.4\org.eclipse.osgi\133\0\.cp\os\win32\x86_64\localfile_1_0_0.dll
0x00007ffbb8210000 - 0x00007ffbb8275000 	C:\WINDOWS\SYSTEM32\oleacc.dll
0x00007ffbcf1b0000 - 0x00007ffbcf1b7000 	C:\WINDOWS\SYSTEM32\msimg32.dll
0x00007ffbc5d50000 - 0x00007ffbc5d61000 	C:\Users\11401393\.Xilinx\SDK\2016.4\org.eclipse.osgi\136\0\.cp\jWinHttp-1.0.0.dll
0x00007ffbce280000 - 0x00007ffbce34d000 	C:\WINDOWS\SYSTEM32\WINHTTP.dll
0x00007ffbcde90000 - 0x00007ffbcde9f000 	C:\Xilinx\SDK\2016.4\lib\win64.o\librdi_repo_manager.dll
0x00007ffbc4f60000 - 0x00007ffbc4f8a000 	C:\Xilinx\SDK\2016.4\lib\win64.o\libisl_sysinfo.dll
0x00007ffbbf180000 - 0x00007ffbbf1d3000 	C:\Xilinx\SDK\2016.4\lib\win64.o\librdi_commonxillic.dll
0x00007ffbc7fe0000 - 0x00007ffbc8087000 	C:\WINDOWS\SYSTEM32\MSVCP110.dll
0x00007ffb6eaa0000 - 0x00007ffb6f54a000 	C:\Xilinx\SDK\2016.4\lib\win64.o\librdi_common.dll
0x00007ffbc7f10000 - 0x00007ffbc7fde000 	C:\WINDOWS\SYSTEM32\MSVCR110.dll
0x00007ffbb0730000 - 0x00007ffbb094f000 	C:\Xilinx\SDK\2016.4\lib\win64.o\libXil_lmgr11.dll
0x00007ffbc4e60000 - 0x00007ffbc4e84000 	C:\Xilinx\SDK\2016.4\lib\win64.o\libboost_filesystem.dll
0x00007ffbd1e00000 - 0x00007ffbd1e55000 	C:\WINDOWS\System32\WINTRUST.dll
0x00007ffbb1610000 - 0x00007ffbb1808000 	C:\Xilinx\SDK\2016.4\lib\win64.o\librdi_hsm.dll
0x00007ffb9f760000 - 0x00007ffb9f866000 	C:\Xilinx\SDK\2016.4\lib\win64.o\libboost_regex.dll
0x00007ffbcdc90000 - 0x00007ffbcdc99000 	C:\Xilinx\SDK\2016.4\lib\win64.o\libboost_system.dll
0x00007ffbb0950000 - 0x00007ffbb0cbe000 	C:\Xilinx\SDK\2016.4\lib\win64.o\libCOIN-all.dll
0x00007ffbcdce0000 - 0x00007ffbcdcf0000 	C:\Xilinx\SDK\2016.4\lib\win64.o\libboost_date_time.dll
0x00007ffbbf020000 - 0x00007ffbbf097000 	C:\Xilinx\SDK\2016.4\lib\win64.o\libboost_program_options.dll
0x00007ffbc5860000 - 0x00007ffbc5873000 	C:\Xilinx\SDK\2016.4\lib\win64.o\libboost_signals.dll
0x00007ffbbf160000 - 0x00007ffbbf17d000 	C:\Xilinx\SDK\2016.4\lib\win64.o\libboost_thread.dll
0x00007ffbcdb40000 - 0x00007ffbcdb4b000 	C:\Xilinx\SDK\2016.4\lib\win64.o\libboost_xilinx.dll
0x00007ffbb25f0000 - 0x00007ffbb2670000 	C:\Xilinx\SDK\2016.4\lib\win64.o\libhdlpsolve.dll
0x00007ffb9fd30000 - 0x00007ffb9fdca000 	C:\Xilinx\SDK\2016.4\lib\win64.o\libhdxml.dll
0x00007ffbbf0d0000 - 0x00007ffbbf0e5000 	C:\Xilinx\SDK\2016.4\lib\win64.o\pthreadVC2.dll
0x00007ffb729b0000 - 0x00007ffb72d79000 	C:\Xilinx\SDK\2016.4\lib\win64.o\libisl_iostreams.dll
0x00007ffbbf000000 - 0x00007ffbbf018000 	C:\Xilinx\SDK\2016.4\lib\win64.o\librdiconfig.dll
0x00007ffb9f630000 - 0x00007ffb9f760000 	C:\Xilinx\SDK\2016.4\lib\win64.o\librdi_curl.dll
0x00007ffbbefe0000 - 0x00007ffbbefff000 	C:\Xilinx\SDK\2016.4\lib\win64.o\librdizlib.dll
0x00007ffbc63e0000 - 0x00007ffbc65a3000 	C:\WINDOWS\SYSTEM32\urlmon.dll
0x00007ffbb8670000 - 0x00007ffbb8693000 	C:\WINDOWS\SYSTEM32\VCOMP110.DLL
0x00007ffbc3740000 - 0x00007ffbc3758000 	C:\WINDOWS\SYSTEM32\NETAPI32.dll
0x0000000064ee0000 - 0x0000000065007000 	C:\Xilinx\SDK\2016.4\lib\win64.o\tcl85t.dll
0x0000000024fb0000 - 0x0000000025213000 	C:\Xilinx\SDK\2016.4\lib\win64.o\xerces-c_3_1.dll
0x00007ffbb25a0000 - 0x00007ffbb25e3000 	C:\Xilinx\SDK\2016.4\lib\win64.o\librdi_hdf.dll
0x00007ffb6e7d0000 - 0x00007ffb6ea98000 	C:\Xilinx\SDK\2016.4\lib\win64.o\librdi_ippcw.dll
0x00007ffbc6320000 - 0x00007ffbc632b000 	C:\Xilinx\SDK\2016.4\lib\win64.o\libboost_chrono.dll
0x00007ffbb4400000 - 0x00007ffbb4416000 	C:\Xilinx\SDK\2016.4\lib\win64.o\libboost_iostreams.dll
0x00007ffbb0700000 - 0x00007ffbb0723000 	C:\Xilinx\SDK\2016.4\lib\win64.o\libisl_iosutils.dll
0x00007ffbc8260000 - 0x00007ffbc8505000 	C:\WINDOWS\SYSTEM32\iertutil.dll
0x00007ffbbd110000 - 0x00007ffbbd152000 	C:\WINDOWS\SYSTEM32\edputil.dll
0x0000000071100000 - 0x0000000071125000 	C:\Users\11401393\.jssc\windows\jSSC-2.8_x86_64.dll
0x00007ffbb2680000 - 0x00007ffbb2696000 	C:\Xilinx\SDK\2016.4\eclipse\win64.o\plugins\org.eclipse.cdt.core.win32.x86_64_5.4.0.201509131935\os\win32\x86_64\spawner.dll
0x00007ffbcdbb0000 - 0x00007ffbcdbba000 	C:\Xilinx\SDK\2016.4\lib\win64.o\librdi_jtag_settings.dll
0x00007ffbb2510000 - 0x00007ffbb2539000 	C:\Xilinx\SDK\2016.4\lib\win64.o\librdi_debug_dialog.dll
0x00007ffbcdb80000 - 0x00007ffbcdb88000 	C:\Xilinx\SDK\2016.4\lib\win64.o\librdi_target_manager.dll
0x00007ffb6be10000 - 0x00007ffb6c620000 	C:\Xilinx\SDK\2016.4\lib\win64.o\libXil_lmgr11FNP.dll
0x00007ffbd3250000 - 0x00007ffbd3679000 	C:\WINDOWS\System32\SETUPAPI.dll

VM Arguments:
jvm_args: -Dcom.xilinx.sdk.args.hwspec=C:/Users/11401393/Desktop/NCO_audio_output/Vivado_BD_SDK/Aansturing_Audio_output/Aansturing_Audio_output.sdk/design_1_wrapper.hdf -Xms64m -Xmx512m & 
java_command: <unknown>
java_class_path (initial): C:\Xilinx\SDK\2016.4\eclipse\win64.o\\plugins/org.eclipse.equinox.launcher_1.3.100.v20150511-1540.jar
Launcher Type: generic

Environment Variables:
USERNAME=11401393
OS=Windows_NT
PROCESSOR_IDENTIFIER=Intel64 Family 6 Model 60 Stepping 3, GenuineIntel



---------------  S Y S T E M  ---------------

OS: Windows 10.0 , 64 bit Build 14393 (10.0.14393.1198)

CPU:total 4 (2 cores per cpu, 2 threads per core) family 6 model 60 stepping 3, cmov, cx8, fxsr, mmx, sse, sse2, sse3, ssse3, sse4.1, sse4.2, popcnt, avx, avx2, aes, clmul, erms, lzcnt, ht, tsc, tscinvbit, bmi1, bmi2

Memory: 4k page, physical 8299628k(1372212k free), swap 15483744k(3113504k free)

vm_info: Java HotSpot(TM) 64-Bit Server VM (25.66-b18) for windows-amd64 JRE (1.8.0_66-b18), built on Nov  9 2015 10:51:13 by "java_re" with MS VC++ 10.0 (VS2010)

time: Thu Jun 01 20:11:23 2017
elapsed time: 6251 seconds (0d 1h 44m 11s)

