#
# A fatal error has been detected by the Java Runtime Environment:
#
#  Internal Error (0xc000000d), pid=23544, tid=18752
#
# JRE version: Java(TM) SE Runtime Environment (8.0_66-b18) (build 1.8.0_66-b18)
# Java VM: Java HotSpot(TM) 64-Bit Server VM (25.66-b18 mixed mode windows-amd64 compressed oops)
# Problematic frame:
# C  [ntdll.dll+0xff44c]
#
# Failed to write core dump. Minidumps are not enabled by default on client versions of Windows
#
# If you would like to submit a bug report, please visit:
#   http://bugreport.java.com/bugreport/crash.jsp
#

---------------  T H R E A D  ---------------

Current thread (0x0000000013bc7000):  VMThread [stack: 0x0000000014c60000,0x0000000014d60000] [id=18752]

siginfo: ExceptionCode=0xc000000d

Registers:
RAX=0x0000000000000000, RBX=0xfffffffffffffffe, RCX=0x0000000000000000, RDX=0x0000000000000000
RSP=0x0000000014d5f270, RBP=0x00007ffbc7f17444, RSI=0x0000000000000000, RDI=0x0000000000000d44
R8 =0x0000000000000000, R9 =0x0000000000020000, R10=0x0000000014d5ed50, R11=0x0000000014d5ed50
R12=0x0000000024462190, R13=0x00000000005bc2c0, R14=0x0000000024462298, R15=0x0000000014d5f3e8
RIP=0x00007ffbd599f44c, EFLAGS=0x0000000000000206

Top of Stack: (sp=0x0000000014d5f270)
0x0000000014d5f270:   0000000000000057 fffffffffffffffe
0x0000000014d5f280:   0000000000000000 0000000000000d44
0x0000000014d5f290:   00000000c000000d 0000000000000000
0x0000000014d5f2a0:   00007ffbd599f44c 0000000000000000
0x0000000014d5f2b0:   0000000000000000 0000000000000000
0x0000000014d5f2c0:   0000000000000000 0000000000000000
0x0000000014d5f2d0:   0000000000000000 0000000000000000
0x0000000014d5f2e0:   0000000000000000 0000000000000000
0x0000000014d5f2f0:   0000000000000000 0000000000000000
0x0000000014d5f300:   0000000000000000 0000000000000000
0x0000000014d5f310:   0000000000000000 0000000000000000
0x0000000014d5f320:   0000000000000000 0000000000000000
0x0000000014d5f330:   00007ea0b934892b 0000000000000400
0x0000000014d5f340:   0000000900000020 00007ffbd596150d
0x0000000014d5f350:   0000000900000000 0000000000000000
0x0000000014d5f360:   004e00520045004b 00320033004c0045 

Instructions: (pc=0x00007ffbd599f44c)
0x00007ffbd599f42c:   d5 fa ff c7 44 24 20 0d 00 00 c0 b9 57 00 00 00
0x00007ffbd599f43c:   e8 7f 13 f6 ff 90 48 8d 4c 24 20 e8 04 bf f4 ff
0x00007ffbd599f44c:   eb 00 48 8b 8c 24 c0 00 00 00 48 33 cc e8 82 74
0x00007ffbd599f45c:   f9 ff 48 81 c4 d8 00 00 00 c3 40 55 48 83 ec 20 


Register to memory mapping:

RAX=0x0000000000000000 is an unknown value
RBX=0xfffffffffffffffe is an unknown value
RCX=0x0000000000000000 is an unknown value
RDX=0x0000000000000000 is an unknown value
RSP=0x0000000014d5f270 is an unknown value
RBP=0x00007ffbc7f17444 is an unknown value
RSI=0x0000000000000000 is an unknown value
RDI=0x0000000000000d44 is an unknown value
R8 =0x0000000000000000 is an unknown value
R9 =0x0000000000020000 is an unknown value
R10=0x0000000014d5ed50 is an unknown value
R11=0x0000000014d5ed50 is an unknown value
R12=0x0000000024462190 is an unknown value
R13=0x00000000005bc2c0 is an unknown value
R14=0x0000000024462298 is an unknown value
R15=0x0000000014d5f3e8 is an unknown value


Stack: [0x0000000014c60000,0x0000000014d60000],  sp=0x0000000014d5f270,  free space=1020k
Native frames: (J=compiled Java code, j=interpreted, Vv=VM code, C=native code)
C  [ntdll.dll+0xff44c]
C  [ntdll.dll+0xc150d]
C  [KERNEL32.DLL+0x1fafa]
C  [MSVCR110.dll+0x756a]
C  [MSVCR110.dll+0x7402]
C  [MSVCR110.dll+0x14a32]
C  [MSVCR110.dll+0x13c44]
C  [MSVCR110.dll+0x239e]
C  [MSVCR110.dll+0xabfe]
C  [MSVCP110.dll+0x3986d]
C  [librdi_common.dll+0x183a66]
C  [librdi_common.dll+0x1826fb]
C  [librdi_target_manager.dll+0x2400]
C  [librdi_target_manager.dll+0x2682]
C  [ntdll.dll+0x2a35f]
C  [ntdll.dll+0x806b]
C  [ntdll.dll+0x7d94]
C  [KERNEL32.DLL+0x1ce6a]
C  [MSVCR100.dll+0x20ccd]
V  [jvm.dll+0x210cc5]
V  [jvm.dll+0x249897]
V  [jvm.dll+0x248b36]
V  [jvm.dll+0x248fd1]
V  [jvm.dll+0x2491ee]
V  [jvm.dll+0x29a0fa]
C  [MSVCR100.dll+0x21d9f]
C  [MSVCR100.dll+0x21e3b]
C  [KERNEL32.DLL+0x8364]
C  [ntdll.dll+0x670d1]

VM_Operation (0x000000000014f4c0): Exit, mode: safepoint, requested by thread 0x0000000002792800


---------------  P R O C E S S  ---------------

Java Threads: ( => current thread )
  0x000000001f2ab000 JavaThread "EventThread COM5" [_thread_blocked, id=13360, stack(0x0000000031bd0000,0x0000000031cd0000)]
  0x000000001f2b2000 JavaThread "EventThread COM5" [_thread_blocked, id=22476, stack(0x0000000031ad0000,0x0000000031bd0000)]
  0x0000000019aed000 JavaThread "Thread-161" daemon [_thread_blocked, id=1940, stack(0x00000000307d0000,0x00000000308d0000)]
  0x000000001f2b3000 JavaThread "EventThread COM5" [_thread_blocked, id=18176, stack(0x00000000260d0000,0x00000000261d0000)]
  0x000000001f2a8000 JavaThread "TCF Channel Transmitter" daemon [_thread_blocked, id=20268, stack(0x00000000246d0000,0x00000000247d0000)]
  0x000000001f2a7800 JavaThread "TCF Channel Receiver" daemon [_thread_in_native, id=19520, stack(0x00000000245d0000,0x00000000246d0000)]
  0x0000000019ba1000 JavaThread "Process monitor" daemon [_thread_in_native, id=8988, stack(0x0000000023bd0000,0x0000000023cd0000)]
  0x0000000019ba4000 JavaThread "Input Stream Monitor" daemon [_thread_blocked, id=12860, stack(0x0000000023ad0000,0x0000000023bd0000)]
  0x0000000019ba5800 JavaThread "Output Stream Monitor" daemon [_thread_in_native, id=23608, stack(0x00000000239d0000,0x0000000023ad0000)]
  0x0000000019ba7000 JavaThread "Output Stream Monitor" daemon [_thread_in_native, id=22732, stack(0x00000000238d0000,0x00000000239d0000)]
  0x0000000019b9f800 JavaThread "TCF Locator DNS Lookup" daemon [_thread_blocked, id=17732, stack(0x0000000021e00000,0x0000000021f00000)]
  0x0000000019b9b000 JavaThread "TCF Locator Timer" daemon [_thread_blocked, id=9488, stack(0x0000000021d00000,0x0000000021e00000)]
  0x0000000019b98000 JavaThread "TCF Locator Receiver" daemon [_thread_in_native, id=16032, stack(0x0000000021c00000,0x0000000021d00000)]
  0x0000000019b99800 JavaThread "TCF Timer Dispatcher" daemon [_thread_blocked, id=14348, stack(0x0000000020e00000,0x0000000020f00000)]
  0x00000000164f5800 JavaThread "EMF Reference Cleaner" daemon [_thread_blocked, id=18740, stack(0x00000000183f0000,0x00000000184f0000)]
  0x0000000015593000 JavaThread "Service Thread" daemon [_thread_blocked, id=19084, stack(0x0000000015960000,0x0000000015a60000)]
  0x0000000013c0d800 JavaThread "C1 CompilerThread2" daemon [_thread_blocked, id=15400, stack(0x0000000015460000,0x0000000015560000)]
  0x0000000013c09800 JavaThread "C2 CompilerThread1" daemon [_thread_blocked, id=12632, stack(0x0000000015360000,0x0000000015460000)]
  0x0000000013c02000 JavaThread "C2 CompilerThread0" daemon [_thread_blocked, id=22200, stack(0x0000000015260000,0x0000000015360000)]
  0x0000000013bfe800 JavaThread "Attach Listener" daemon [_thread_blocked, id=19068, stack(0x0000000015160000,0x0000000015260000)]
  0x0000000013bfd800 JavaThread "Signal Dispatcher" daemon [_thread_blocked, id=17204, stack(0x0000000015060000,0x0000000015160000)]
  0x0000000002888000 JavaThread "Finalizer" daemon [_thread_blocked, id=11452, stack(0x0000000014e60000,0x0000000014f60000)]
  0x000000000287f800 JavaThread "Reference Handler" daemon [_thread_blocked, id=20432, stack(0x0000000014d60000,0x0000000014e60000)]
  0x0000000002792800 JavaThread "main" [_thread_blocked, id=3744, stack(0x0000000000050000,0x0000000000150000)]

Other Threads:
=>0x0000000013bc7000 VMThread [stack: 0x0000000014c60000,0x0000000014d60000] [id=18752]

VM state:at safepoint (shutting down)

VM Mutex/Monitor currently owned by a thread:  ([mutex/lock_event])
[0x000000000278dc30] Threads_lock - owner thread: 0x0000000013bc7000

Heap:
 PSYoungGen      total 167936K, used 70241K [0x00000000f5580000, 0x00000000ffe80000, 0x0000000100000000)
  eden space 162816K, 41% used [0x00000000f5580000,0x00000000f97dcb80,0x00000000ff480000)
  from space 5120K, 44% used [0x00000000ff980000,0x00000000ffbbb9f0,0x00000000ffe80000)
  to   space 5120K, 0% used [0x00000000ff480000,0x00000000ff480000,0x00000000ff980000)
 ParOldGen       total 124416K, used 67978K [0x00000000e0000000, 0x00000000e7980000, 0x00000000f5580000)
  object space 124416K, 54% used [0x00000000e0000000,0x00000000e42629d0,0x00000000e7980000)
 Metaspace       used 90969K, capacity 98134K, committed 98456K, reserved 1134592K
  class space    used 10679K, capacity 12878K, committed 12952K, reserved 1048576K

Card table byte_map: [0x0000000011c50000,0x0000000011d60000] byte_map_base: 0x0000000011550000

Marking Bits: (ParMarkBitMap*) 0x000000006581a5b0
 Begin Bits: [0x0000000012160000, 0x0000000012960000)
 End Bits:   [0x0000000012960000, 0x0000000013160000)

Polling page: 0x0000000000490000

CodeCache: size=245760Kb used=48471Kb max_used=49164Kb free=197288Kb
 bounds [0x0000000002890000, 0x00000000058f0000, 0x0000000011890000]
 total_blobs=13750 nmethods=12846 adapters=810
 compilation: enabled

Compilation events (10 events):
Event: 3403.035 Thread 0x0000000013c0d800 16295       3       org.eclipse.osgi.internal.framework.EquinoxContainerAdaptor::clearManifestCache (84 bytes)
Event: 3403.036 Thread 0x0000000013c0d800 nmethod 16295 0x0000000003f30150 code [0x0000000003f303a0, 0x0000000003f31ab8]
Event: 3403.036 Thread 0x0000000013c0d800 16288       3       org.eclipse.osgi.container.ModuleWiring::unload (6 bytes)
Event: 3403.037 Thread 0x0000000013c0d800 nmethod 16288 0x00000000030808d0 code [0x0000000003080a40, 0x0000000003080bc8]
Event: 3403.037 Thread 0x0000000013c0d800 16296   !   3       org.eclipse.osgi.storage.BundleInfo$Generation::clearManifestCache (30 bytes)
Event: 3403.037 Thread 0x0000000013c0d800 nmethod 16296 0x0000000004287d10 code [0x0000000004287ea0, 0x00000000042884e8]
Event: 3403.038 Thread 0x0000000013c0d800 16297  s    3       java.util.Hashtable::clear (38 bytes)
Event: 3403.039 Thread 0x0000000013c0d800 nmethod 16297 0x0000000004a3aed0 code [0x0000000004a3b040, 0x0000000004a3b510]
Event: 3403.039 Thread 0x0000000013c0d800 16298   !   3       org.eclipse.osgi.internal.loader.BundleLoader::close (74 bytes)
Event: 3403.040 Thread 0x0000000013c0d800 nmethod 16298 0x0000000002ba8c50 code [0x0000000002ba8e40, 0x0000000002ba9838]

GC Heap History (10 events):
Event: 3382.697 GC heap before
{Heap before GC invocations=1527 (full 5):
 PSYoungGen      total 164352K, used 161098K [0x00000000f5580000, 0x00000000ffc80000, 0x0000000100000000)
  eden space 158208K, 100% used [0x00000000f5580000,0x00000000ff000000,0x00000000ff000000)
  from space 6144K, 47% used [0x00000000ff000000,0x00000000ff2d2b98,0x00000000ff600000)
  to   space 5632K, 0% used [0x00000000ff700000,0x00000000ff700000,0x00000000ffc80000)
 ParOldGen       total 124416K, used 66685K [0x00000000e0000000, 0x00000000e7980000, 0x00000000f5580000)
  object space 124416K, 53% used [0x00000000e0000000,0x00000000e411f730,0x00000000e7980000)
 Metaspace       used 90245K, capacity 97580K, committed 97816K, reserved 1134592K
  class space    used 10592K, capacity 12781K, committed 12824K, reserved 1048576K
Event: 3382.703 GC heap after
Heap after GC invocations=1527 (full 5):
 PSYoungGen      total 165376K, used 2827K [0x00000000f5580000, 0x00000000ffc80000, 0x0000000100000000)
  eden space 159744K, 0% used [0x00000000f5580000,0x00000000f5580000,0x00000000ff180000)
  from space 5632K, 50% used [0x00000000ff700000,0x00000000ff9c2cc8,0x00000000ffc80000)
  to   space 5632K, 0% used [0x00000000ff180000,0x00000000ff180000,0x00000000ff700000)
 ParOldGen       total 124416K, used 66709K [0x00000000e0000000, 0x00000000e7980000, 0x00000000f5580000)
  object space 124416K, 53% used [0x00000000e0000000,0x00000000e4125730,0x00000000e7980000)
 Metaspace       used 90245K, capacity 97580K, committed 97816K, reserved 1134592K
  class space    used 10592K, capacity 12781K, committed 12824K, reserved 1048576K
}
Event: 3387.364 GC heap before
{Heap before GC invocations=1528 (full 5):
 PSYoungGen      total 165376K, used 162571K [0x00000000f5580000, 0x00000000ffc80000, 0x0000000100000000)
  eden space 159744K, 100% used [0x00000000f5580000,0x00000000ff180000,0x00000000ff180000)
  from space 5632K, 50% used [0x00000000ff700000,0x00000000ff9c2cc8,0x00000000ffc80000)
  to   space 5632K, 0% used [0x00000000ff180000,0x00000000ff180000,0x00000000ff700000)
 ParOldGen       total 124416K, used 66709K [0x00000000e0000000, 0x00000000e7980000, 0x00000000f5580000)
  object space 124416K, 53% used [0x00000000e0000000,0x00000000e4125730,0x00000000e7980000)
 Metaspace       used 90246K, capacity 97580K, committed 97816K, reserved 1134592K
  class space    used 10592K, capacity 12781K, committed 12824K, reserved 1048576K
Event: 3387.370 GC heap after
Heap after GC invocations=1528 (full 5):
 PSYoungGen      total 165376K, used 2090K [0x00000000f5580000, 0x00000000ffd00000, 0x0000000100000000)
  eden space 159744K, 0% used [0x00000000f5580000,0x00000000f5580000,0x00000000ff180000)
  from space 5632K, 37% used [0x00000000ff180000,0x00000000ff38ab98,0x00000000ff700000)
  to   space 5120K, 0% used [0x00000000ff800000,0x00000000ff800000,0x00000000ffd00000)
 ParOldGen       total 124416K, used 67478K [0x00000000e0000000, 0x00000000e7980000, 0x00000000f5580000)
  object space 124416K, 54% used [0x00000000e0000000,0x00000000e41e5850,0x00000000e7980000)
 Metaspace       used 90246K, capacity 97580K, committed 97816K, reserved 1134592K
  class space    used 10592K, capacity 12781K, committed 12824K, reserved 1048576K
}
Event: 3391.985 GC heap before
{Heap before GC invocations=1529 (full 5):
 PSYoungGen      total 165376K, used 161834K [0x00000000f5580000, 0x00000000ffd00000, 0x0000000100000000)
  eden space 159744K, 100% used [0x00000000f5580000,0x00000000ff180000,0x00000000ff180000)
  from space 5632K, 37% used [0x00000000ff180000,0x00000000ff38ab98,0x00000000ff700000)
  to   space 5120K, 0% used [0x00000000ff800000,0x00000000ff800000,0x00000000ffd00000)
 ParOldGen       total 124416K, used 67478K [0x00000000e0000000, 0x00000000e7980000, 0x00000000f5580000)
  object space 124416K, 54% used [0x00000000e0000000,0x00000000e41e5850,0x00000000e7980000)
 Metaspace       used 90246K, capacity 97580K, committed 97816K, reserved 1134592K
  class space    used 10592K, capacity 12781K, committed 12824K, reserved 1048576K
Event: 3391.989 GC heap after
Heap after GC invocations=1529 (full 5):
 PSYoungGen      total 166400K, used 1887K [0x00000000f5580000, 0x00000000ffd00000, 0x0000000100000000)
  eden space 161280K, 0% used [0x00000000f5580000,0x00000000f5580000,0x00000000ff300000)
  from space 5120K, 36% used [0x00000000ff800000,0x00000000ff9d7ee8,0x00000000ffd00000)
  to   space 5120K, 0% used [0x00000000ff300000,0x00000000ff300000,0x00000000ff800000)
 ParOldGen       total 124416K, used 67742K [0x00000000e0000000, 0x00000000e7980000, 0x00000000f5580000)
  object space 124416K, 54% used [0x00000000e0000000,0x00000000e4227850,0x00000000e7980000)
 Metaspace       used 90246K, capacity 97580K, committed 97816K, reserved 1134592K
  class space    used 10592K, capacity 12781K, committed 12824K, reserved 1048576K
}
Event: 3396.594 GC heap before
{Heap before GC invocations=1530 (full 5):
 PSYoungGen      total 166400K, used 163167K [0x00000000f5580000, 0x00000000ffd00000, 0x0000000100000000)
  eden space 161280K, 100% used [0x00000000f5580000,0x00000000ff300000,0x00000000ff300000)
  from space 5120K, 36% used [0x00000000ff800000,0x00000000ff9d7ee8,0x00000000ffd00000)
  to   space 5120K, 0% used [0x00000000ff300000,0x00000000ff300000,0x00000000ff800000)
 ParOldGen       total 124416K, used 67742K [0x00000000e0000000, 0x00000000e7980000, 0x00000000f5580000)
  object space 124416K, 54% used [0x00000000e0000000,0x00000000e4227850,0x00000000e7980000)
 Metaspace       used 90249K, capacity 97580K, committed 97816K, reserved 1134592K
  class space    used 10592K, capacity 12781K, committed 12824K, reserved 1048576K
Event: 3396.598 GC heap after
Heap after GC invocations=1530 (full 5):
 PSYoungGen      total 166400K, used 1823K [0x00000000f5580000, 0x00000000ffe80000, 0x0000000100000000)
  eden space 161280K, 0% used [0x00000000f5580000,0x00000000f5580000,0x00000000ff300000)
  from space 5120K, 35% used [0x00000000ff300000,0x00000000ff4c7ee8,0x00000000ff800000)
  to   space 5120K, 0% used [0x00000000ff980000,0x00000000ff980000,0x00000000ffe80000)
 ParOldGen       total 124416K, used 67846K [0x00000000e0000000, 0x00000000e7980000, 0x00000000f5580000)
  object space 124416K, 54% used [0x00000000e0000000,0x00000000e4241850,0x00000000e7980000)
 Metaspace       used 90249K, capacity 97580K, committed 97816K, reserved 1134592K
  class space    used 10592K, capacity 12781K, committed 12824K, reserved 1048576K
}
Event: 3400.953 GC heap before
{Heap before GC invocations=1531 (full 5):
 PSYoungGen      total 166400K, used 163103K [0x00000000f5580000, 0x00000000ffe80000, 0x0000000100000000)
  eden space 161280K, 100% used [0x00000000f5580000,0x00000000ff300000,0x00000000ff300000)
  from space 5120K, 35% used [0x00000000ff300000,0x00000000ff4c7ee8,0x00000000ff800000)
  to   space 5120K, 0% used [0x00000000ff980000,0x00000000ff980000,0x00000000ffe80000)
 ParOldGen       total 124416K, used 67846K [0x00000000e0000000, 0x00000000e7980000, 0x00000000f5580000)
  object space 124416K, 54% used [0x00000000e0000000,0x00000000e4241850,0x00000000e7980000)
 Metaspace       used 90577K, capacity 97874K, committed 98200K, reserved 1134592K
  class space    used 10640K, capacity 12814K, committed 12952K, reserved 1048576K
Event: 3400.961 GC heap after
Heap after GC invocations=1531 (full 5):
 PSYoungGen      total 167936K, used 2286K [0x00000000f5580000, 0x00000000ffe80000, 0x0000000100000000)
  eden space 162816K, 0% used [0x00000000f5580000,0x00000000f5580000,0x00000000ff480000)
  from space 5120K, 44% used [0x00000000ff980000,0x00000000ffbbb9f0,0x00000000ffe80000)
  to   space 5120K, 0% used [0x00000000ff480000,0x00000000ff480000,0x00000000ff980000)
 ParOldGen       total 124416K, used 67978K [0x00000000e0000000, 0x00000000e7980000, 0x00000000f5580000)
  object space 124416K, 54% used [0x00000000e0000000,0x00000000e42629d0,0x00000000e7980000)
 Metaspace       used 90577K, capacity 97874K, committed 98200K, reserved 1134592K
  class space    used 10640K, capacity 12814K, committed 12952K, reserved 1048576K
}

Deoptimization events (10 events):
Event: 3402.597 Thread 0x0000000019aee800 Uncommon trap: reason=bimorphic action=maybe_recompile pc=0x00000000057028e0 method=org.eclipse.core.internal.dtree.AbstractDataTreeNode.assembleWith([Lorg/eclipse/core/internal/dtree/AbstractDataTreeNode;[Lorg/eclipse/core/internal/dtree/AbstractDataTreeN|JÚØ1•ª@
Event: 3402.597 Thread 0x0000000019aee800 Uncommon trap: reason=bimorphic action=maybe_recompile pc=0x00000000057028e0 method=org.eclipse.core.internal.dtree.AbstractDataTreeNode.assembleWith([Lorg/eclipse/core/internal/dtree/AbstractDataTreeNode;[Lorg/eclipse/core/internal/dtree/AbstractDataTreeNO„e€à•ª@
Event: 3402.938 Thread 0x0000000019b9d800 Uncommon trap: reason=unstable_if action=reinterpret pc=0x00000000056710b4 method=org.eclipse.core.internal.jobs.JobManager.nextJob()Lorg/eclipse/core/runtime/jobs/Job; @ 80
Event: 3402.939 Thread 0x0000000019b9d800 Uncommon trap: reason=unstable_if action=reinterpret pc=0x000000000559af48 method=org.eclipse.core.internal.jobs.WorkerPool.startJob(Lorg/eclipse/core/internal/jobs/Worker;)Lorg/eclipse/core/internal/jobs/InternalJob; @ 177
Event: 3402.939 Thread 0x000000001f2b5000 Uncommon trap: reason=unstable_if action=reinterpret pc=0x000000000559af48 method=org.eclipse.core.internal.jobs.WorkerPool.startJob(Lorg/eclipse/core/internal/jobs/Worker;)Lorg/eclipse/core/internal/jobs/InternalJob; @ 177
Event: 3402.939 Thread 0x00000000164f7000 Uncommon trap: reason=unstable_if action=reinterpret pc=0x000000000559af48 method=org.eclipse.core.internal.jobs.WorkerPool.startJob(Lorg/eclipse/core/internal/jobs/Worker;)Lorg/eclipse/core/internal/jobs/InternalJob; @ 177
Event: 3402.940 Thread 0x0000000019ae8800 Uncommon trap: reason=unstable_if action=reinterpret pc=0x000000000559af48 method=org.eclipse.core.internal.jobs.WorkerPool.startJob(Lorg/eclipse/core/internal/jobs/Worker;)Lorg/eclipse/core/internal/jobs/InternalJob; @ 177
Event: 3402.940 Thread 0x00000000164f8800 Uncommon trap: reason=unstable_if action=reinterpret pc=0x000000000559af48 method=org.eclipse.core.internal.jobs.WorkerPool.startJob(Lorg/eclipse/core/internal/jobs/Worker;)Lorg/eclipse/core/internal/jobs/InternalJob; @ 177
Event: 3402.941 Thread 0x0000000019ba2000 Uncommon trap: reason=unstable_if action=reinterpret pc=0x000000000559af48 method=org.eclipse.core.internal.jobs.WorkerPool.startJob(Lorg/eclipse/core/internal/jobs/Worker;)Lorg/eclipse/core/internal/jobs/InternalJob; @ 177
Event: 3402.941 Thread 0x0000000019aef000 Uncommon trap: reason=unstable_if action=reinterpret pc=0x000000000559af48 method=org.eclipse.core.internal.jobs.WorkerPool.startJob(Lorg/eclipse/core/internal/jobs/Worker;)Lorg/eclipse/core/internal/jobs/InternalJob; @ 177

Internal exceptions (10 events):
Event: 3401.052 Thread 0x0000000002792800 Exception <a 'java/io/FileNotFoundException'> (0x00000000f5af4c20) thrown at [C:\re\workspace\8-2-build-windows-amd64-cygwin\jdk8u66\5298\hotspot\src\share\vm\prims\jni.cpp, line 709]
Event: 3401.052 Thread 0x0000000002792800 Exception <a 'java/io/FileNotFoundException'> (0x00000000f5af6ea0) thrown at [C:\re\workspace\8-2-build-windows-amd64-cygwin\jdk8u66\5298\hotspot\src\share\vm\prims\jni.cpp, line 709]
Event: 3401.052 Thread 0x0000000002792800 Exception <a 'java/io/FileNotFoundException'> (0x00000000f5af9128) thrown at [C:\re\workspace\8-2-build-windows-amd64-cygwin\jdk8u66\5298\hotspot\src\share\vm\prims\jni.cpp, line 709]
Event: 3401.052 Thread 0x0000000002792800 Exception <a 'java/io/FileNotFoundException'> (0x00000000f5afb510) thrown at [C:\re\workspace\8-2-build-windows-amd64-cygwin\jdk8u66\5298\hotspot\src\share\vm\prims\jni.cpp, line 709]
Event: 3401.277 Thread 0x0000000019aea800 Exception <a 'java/lang/InterruptedException'> (0x00000000f65b2b80) thrown at [C:\re\workspace\8-2-build-windows-amd64-cygwin\jdk8u66\5298\hotspot\src\share\vm\runtime\objectMonitor.cpp, line 1683]
Event: 3401.329 Thread 0x0000000019aee800 Implicit null exception at 0x000000000432c68c to 0x000000000432f409
Event: 3402.935 Thread 0x00000000164fa000 Exception <a 'java/lang/InterruptedException'> (0x00000000f5c3c0a0) thrown at [C:\re\workspace\8-2-build-windows-amd64-cygwin\jdk8u66\5298\hotspot\src\share\vm\runtime\objectMonitor.cpp, line 1683]
Event: 3402.990 Thread 0x00000000164ca800 Exception <a 'java/lang/InterruptedException'> (0x00000000f8b53870) thrown at [C:\re\workspace\8-2-build-windows-amd64-cygwin\jdk8u66\5298\hotspot\src\share\vm\runtime\objectMonitor.cpp, line 1683]
Event: 3403.002 Thread 0x00000000164f4000 Exception <a 'java/lang/InterruptedException'> (0x00000000f847d4d8) thrown at [C:\re\workspace\8-2-build-windows-amd64-cygwin\jdk8u66\5298\hotspot\src\share\vm\runtime\objectMonitor.cpp, line 1683]
Event: 3403.036 Thread 0x00000000165d9800 Exception <a 'java/lang/InterruptedException'> (0x00000000f96ba038) thrown at [C:\re\workspace\8-2-build-windows-amd64-cygwin\jdk8u66\5298\hotspot\src\share\vm\runtime\objectMonitor.cpp, line 1683]

Events (10 events):
Event: 3403.043 loading class java/util/IdentityHashMap$KeyIterator done
Event: 3403.043 Thread 0x0000000019ae7800 Thread added: 0x0000000019ae7800
Event: 3403.059 Executing VM operation: RevokeBias
Event: 3403.059 Executing VM operation: RevokeBias done
Event: 3403.059 Executing VM operation: RevokeBias
Event: 3403.059 Executing VM operation: RevokeBias done
Event: 3403.083 Executing VM operation: RevokeBias
Event: 3403.083 Executing VM operation: RevokeBias done
Event: 3403.084 Thread 0x0000000019ae7800 Thread exited: 0x0000000019ae7800
Event: 3403.095 Executing VM operation: Exit


Dynamic libraries:
0x0000000000400000 - 0x000000000044f000 	C:\Xilinx\SDK\2016.4\eclipse\win64.o\eclipse.exe
0x00007ffbd58a0000 - 0x00007ffbd5a71000 	C:\WINDOWS\SYSTEM32\ntdll.dll
0x00007ffbd53d0000 - 0x00007ffbd547c000 	C:\WINDOWS\System32\KERNEL32.DLL
0x00007ffbd2080000 - 0x00007ffbd229d000 	C:\WINDOWS\System32\KERNELBASE.dll
0x00007ffbd4cc0000 - 0x00007ffbd4e25000 	C:\WINDOWS\System32\USER32.dll
0x00007ffbd1de0000 - 0x00007ffbd1dfe000 	C:\WINDOWS\System32\win32u.dll
0x00007ffbd2ec0000 - 0x00007ffbd2ef4000 	C:\WINDOWS\System32\GDI32.dll
0x00007ffbd22a0000 - 0x00007ffbd2422000 	C:\WINDOWS\System32\gdi32full.dll
0x00007ffbd5750000 - 0x00007ffbd57ee000 	C:\WINDOWS\System32\msvcrt.dll
0x00007ffbc6820000 - 0x00007ffbc6a9a000 	C:\WINDOWS\WinSxS\amd64_microsoft.windows.common-controls_6595b64144ccf1df_6.0.14393.953_none_42151e83c686086b\COMCTL32.dll
0x00007ffbd5480000 - 0x00007ffbd5748000 	C:\WINDOWS\System32\combase.dll
0x00007ffbd1f10000 - 0x00007ffbd2005000 	C:\WINDOWS\System32\ucrtbase.dll
0x00007ffbd5050000 - 0x00007ffbd5171000 	C:\WINDOWS\System32\RPCRT4.dll
0x00007ffbd2010000 - 0x00007ffbd207a000 	C:\WINDOWS\System32\bcryptPrimitives.dll
0x00007ffbd52e0000 - 0x00007ffbd530e000 	C:\WINDOWS\System32\IMM32.DLL
0x0000000072000000 - 0x0000000072012000 	C:\Xilinx\SDK\2016.4\eclipse\win64.o\plugins\org.eclipse.equinox.launcher.win32.win32.x86_64_1.1.300.v20150602-1417\eclipse_1611.dll
0x00007ffbd57f0000 - 0x00007ffbd5892000 	C:\WINDOWS\System32\ADVAPI32.dll
0x00007ffbd2e50000 - 0x00007ffbd2ea9000 	C:\WINDOWS\System32\sechost.dll
0x00007ffbc2050000 - 0x00007ffbc205a000 	C:\WINDOWS\SYSTEM32\VERSION.dll
0x00007ffbd0480000 - 0x00007ffbd0515000 	C:\WINDOWS\system32\uxtheme.dll
0x00007ffbd2fa0000 - 0x00007ffbd30fa000 	C:\WINDOWS\System32\MSCTF.dll
0x00007ffbd5310000 - 0x00007ffbd53cf000 	C:\WINDOWS\System32\OLEAUT32.dll
0x00007ffbd2b10000 - 0x00007ffbd2bac000 	C:\WINDOWS\System32\msvcp_win.dll
0x0000000065010000 - 0x0000000065899000 	C:\Xilinx\SDK\2016.4\tps\win64\jre\bin\server\jvm.dll
0x00007ffbd3240000 - 0x00007ffbd3248000 	C:\WINDOWS\System32\PSAPI.DLL
0x00007ffbcfdd0000 - 0x00007ffbcfdf3000 	C:\WINDOWS\SYSTEM32\WINMM.dll
0x00007ffbc16f0000 - 0x00007ffbc16f9000 	C:\WINDOWS\SYSTEM32\WSOCK32.dll
0x0000000068710000 - 0x00000000687e2000 	C:\WINDOWS\SYSTEM32\MSVCR100.dll
0x00007ffbd4bf0000 - 0x00007ffbd4c5a000 	C:\WINDOWS\System32\WS2_32.dll
0x00007ffbcfda0000 - 0x00007ffbcfdcb000 	C:\WINDOWS\SYSTEM32\WINMMBASE.dll
0x00007ffbd1d90000 - 0x00007ffbd1dd2000 	C:\WINDOWS\System32\cfgmgr32.dll
0x0000000064ed0000 - 0x0000000064edf000 	C:\Xilinx\SDK\2016.4\tps\win64\jre\bin\verify.dll
0x0000000064ea0000 - 0x0000000064ec9000 	C:\Xilinx\SDK\2016.4\tps\win64\jre\bin\java.dll
0x0000000064e80000 - 0x0000000064e96000 	C:\Xilinx\SDK\2016.4\tps\win64\jre\bin\zip.dll
0x00007ffbd36e0000 - 0x00007ffbd4be8000 	C:\WINDOWS\System32\SHELL32.dll
0x00007ffbd2430000 - 0x00007ffbd2b0a000 	C:\WINDOWS\System32\windows.storage.dll
0x00007ffbd1d00000 - 0x00007ffbd1d4c000 	C:\WINDOWS\System32\powrprof.dll
0x00007ffbd3680000 - 0x00007ffbd36d2000 	C:\WINDOWS\System32\shlwapi.dll
0x00007ffbd1d70000 - 0x00007ffbd1d7f000 	C:\WINDOWS\System32\kernel.appcore.dll
0x00007ffbd1e60000 - 0x00007ffbd1f09000 	C:\WINDOWS\System32\shcore.dll
0x00007ffbd1d50000 - 0x00007ffbd1d64000 	C:\WINDOWS\System32\profapi.dll
0x00007ffbd17d0000 - 0x00007ffbd17e7000 	C:\WINDOWS\SYSTEM32\CRYPTSP.dll
0x00007ffbd1230000 - 0x00007ffbd1263000 	C:\WINDOWS\system32\rsaenh.dll
0x00007ffbd18e0000 - 0x00007ffbd190b000 	C:\WINDOWS\SYSTEM32\bcrypt.dll
0x00007ffbd14b0000 - 0x00007ffbd14cf000 	C:\WINDOWS\SYSTEM32\USERENV.dll
0x00007ffbd17f0000 - 0x00007ffbd17fb000 	C:\WINDOWS\SYSTEM32\CRYPTBASE.dll
0x0000000064e60000 - 0x0000000064e7a000 	C:\Xilinx\SDK\2016.4\tps\win64\jre\bin\net.dll
0x00007ffbd1630000 - 0x00007ffbd168c000 	C:\WINDOWS\system32\mswsock.dll
0x00007ffbd13b0000 - 0x00007ffbd13e8000 	C:\WINDOWS\SYSTEM32\IPHLPAPI.DLL
0x00007ffbd4ea0000 - 0x00007ffbd4ea8000 	C:\WINDOWS\System32\NSI.dll
0x00007ffbca150000 - 0x00007ffbca166000 	C:\WINDOWS\SYSTEM32\dhcpcsvc6.DLL
0x00007ffbca190000 - 0x00007ffbca1aa000 	C:\WINDOWS\SYSTEM32\dhcpcsvc.DLL
0x0000000064e40000 - 0x0000000064e51000 	C:\Xilinx\SDK\2016.4\tps\win64\jre\bin\nio.dll
0x00007ffbbe530000 - 0x00007ffbbe546000 	C:\WINDOWS\system32\napinsp.dll
0x00007ffbbe510000 - 0x00007ffbbe52a000 	C:\WINDOWS\system32\pnrpnsp.dll
0x00007ffbcf5e0000 - 0x00007ffbcf5f8000 	C:\WINDOWS\system32\NLAapi.dll
0x00007ffbd13f0000 - 0x00007ffbd1491000 	C:\WINDOWS\SYSTEM32\DNSAPI.dll
0x00007ffbbe500000 - 0x00007ffbbe50e000 	C:\WINDOWS\System32\winrnr.dll
0x00007ffbbe490000 - 0x00007ffbbe4a5000 	C:\WINDOWS\System32\wshbth.dll
0x0000000068830000 - 0x000000006883a000 	C:\Program Files\National Instruments\Shared\mDNS Responder\nimdnsNSP.dll
0x00007ffbc3510000 - 0x00007ffbc3527000 	C:\WINDOWS\SYSTEM32\VCRUNTIME140.dll
0x0000000068820000 - 0x0000000068830000 	C:\WINDOWS\SYSTEM32\nimdnsResponder.dll
0x00000000687f0000 - 0x0000000068816000 	C:\Program Files\Bonjour\mdnsNSP.dll
0x00007ffbc3270000 - 0x00007ffbc327a000 	C:\Windows\System32\rasadhlp.dll
0x00007ffbc7c10000 - 0x00007ffbc7c7a000 	C:\WINDOWS\System32\fwpuclnt.dll
0x00000000178f0000 - 0x0000000017998000 	C:\Users\11401393\.Xilinx\SDK\2016.4\org.eclipse.osgi\319\0\.cp\swt-win32-4527.dll
0x00007ffbd3100000 - 0x00007ffbd3238000 	C:\WINDOWS\System32\ole32.dll
0x00007ffbd5180000 - 0x00007ffbd527a000 	C:\WINDOWS\System32\comdlg32.dll
0x00007ffbd2c60000 - 0x00007ffbd2e29000 	C:\WINDOWS\System32\CRYPT32.dll
0x00007ffbd1d80000 - 0x00007ffbd1d90000 	C:\WINDOWS\System32\MSASN1.dll
0x00007ffbcc490000 - 0x00007ffbcc516000 	C:\WINDOWS\SYSTEM32\WINSPOOL.DRV
0x00007ffbc65c0000 - 0x00007ffbc65d9000 	C:\WINDOWS\SYSTEM32\USP10.dll
0x00007ffbc5fd0000 - 0x00007ffbc629a000 	C:\WINDOWS\SYSTEM32\WININET.dll
0x00007ffbcf600000 - 0x00007ffbcf626000 	C:\WINDOWS\system32\dwmapi.dll
0x00007ffbcf780000 - 0x00007ffbcf905000 	C:\WINDOWS\SYSTEM32\propsys.dll
0x00007ffbd2f00000 - 0x00007ffbd2f9f000 	C:\WINDOWS\System32\clbcatq.dll
0x0000000017790000 - 0x00000000177ae000 	C:\Users\11401393\.Xilinx\SDK\2016.4\org.eclipse.osgi\319\0\.cp\swt-gdip-win32-4527.dll
0x00007ffbbe1d0000 - 0x00007ffbbe36a000 	C:\WINDOWS\WinSxS\amd64_microsoft.windows.gdiplus_6595b64144ccf1df_1.1.14393.953_none_7300116921188239\gdiplus.dll
0x00007ffbcf1e0000 - 0x00007ffbcf388000 	C:\WINDOWS\SYSTEM32\WindowsCodecs.dll
0x0000000180000000 - 0x0000000180012000 	C:\Users\11401393\.Xilinx\SDK\2016.4\org.eclipse.osgi\133\0\.cp\os\win32\x86_64\localfile_1_0_0.dll
0x00007ffbb8210000 - 0x00007ffbb8275000 	C:\WINDOWS\SYSTEM32\oleacc.dll
0x00007ffbcf1b0000 - 0x00007ffbcf1b7000 	C:\WINDOWS\SYSTEM32\msimg32.dll
0x00007ffbbf190000 - 0x00007ffbbf1a1000 	C:\Users\11401393\.Xilinx\SDK\2016.4\org.eclipse.osgi\136\0\.cp\jWinHttp-1.0.0.dll
0x00007ffbce280000 - 0x00007ffbce34d000 	C:\WINDOWS\SYSTEM32\WINHTTP.dll
0x00007ffbcdce0000 - 0x00007ffbcdcef000 	C:\Xilinx\SDK\2016.4\lib\win64.o\librdi_repo_manager.dll
0x00007ffbb26a0000 - 0x00007ffbb26ca000 	C:\Xilinx\SDK\2016.4\lib\win64.o\libisl_sysinfo.dll
0x00007ffb6d260000 - 0x00007ffb6dd0a000 	C:\Xilinx\SDK\2016.4\lib\win64.o\librdi_common.dll
0x00007ffbb1cd0000 - 0x00007ffbb1d23000 	C:\Xilinx\SDK\2016.4\lib\win64.o\librdi_commonxillic.dll
0x00007ffb9fd00000 - 0x00007ffb9fef8000 	C:\Xilinx\SDK\2016.4\lib\win64.o\librdi_hsm.dll
0x00007ffbc7fe0000 - 0x00007ffbc8087000 	C:\WINDOWS\SYSTEM32\MSVCP110.dll
0x00007ffbc7f10000 - 0x00007ffbc7fde000 	C:\WINDOWS\SYSTEM32\MSVCR110.dll
0x00007ffb93c20000 - 0x00007ffb93f8e000 	C:\Xilinx\SDK\2016.4\lib\win64.o\libCOIN-all.dll
0x00007ffb93a00000 - 0x00007ffb93c1f000 	C:\Xilinx\SDK\2016.4\lib\win64.o\libXil_lmgr11.dll
0x00007ffbd1e00000 - 0x00007ffbd1e55000 	C:\WINDOWS\System32\WINTRUST.dll
0x00007ffbcc580000 - 0x00007ffbcc590000 	C:\Xilinx\SDK\2016.4\lib\win64.o\libboost_date_time.dll
0x00007ffbb2670000 - 0x00007ffbb2694000 	C:\Xilinx\SDK\2016.4\lib\win64.o\libboost_filesystem.dll
0x00007ffbb1c50000 - 0x00007ffbb1cc7000 	C:\Xilinx\SDK\2016.4\lib\win64.o\libboost_program_options.dll
0x00007ffb6d150000 - 0x00007ffb6d256000 	C:\Xilinx\SDK\2016.4\lib\win64.o\libboost_regex.dll
0x00007ffbbf170000 - 0x00007ffbbf183000 	C:\Xilinx\SDK\2016.4\lib\win64.o\libboost_signals.dll
0x00007ffbc1f00000 - 0x00007ffbc1f09000 	C:\Xilinx\SDK\2016.4\lib\win64.o\libboost_system.dll
0x00007ffbb2650000 - 0x00007ffbb266d000 	C:\Xilinx\SDK\2016.4\lib\win64.o\libboost_thread.dll
0x00007ffbbedf0000 - 0x00007ffbbedfb000 	C:\Xilinx\SDK\2016.4\lib\win64.o\libboost_xilinx.dll
0x00007ffbb1bd0000 - 0x00007ffbb1c50000 	C:\Xilinx\SDK\2016.4\lib\win64.o\libhdlpsolve.dll
0x00007ffbb1ab0000 - 0x00007ffbb1b4a000 	C:\Xilinx\SDK\2016.4\lib\win64.o\libhdxml.dll
0x00007ffb6cd80000 - 0x00007ffb6d149000 	C:\Xilinx\SDK\2016.4\lib\win64.o\libisl_iostreams.dll
0x00007ffbb25a0000 - 0x00007ffbb25b5000 	C:\Xilinx\SDK\2016.4\lib\win64.o\pthreadVC2.dll
0x00007ffb6cc50000 - 0x00007ffb6cd80000 	C:\Xilinx\SDK\2016.4\lib\win64.o\librdi_curl.dll
0x00007ffbb23b0000 - 0x00007ffbb23c8000 	C:\Xilinx\SDK\2016.4\lib\win64.o\librdiconfig.dll
0x00007ffba4e50000 - 0x00007ffba4e6f000 	C:\Xilinx\SDK\2016.4\lib\win64.o\librdizlib.dll
0x0000000064ee0000 - 0x0000000065007000 	C:\Xilinx\SDK\2016.4\lib\win64.o\tcl85t.dll
0x00007ffbc63e0000 - 0x00007ffbc65a3000 	C:\WINDOWS\SYSTEM32\urlmon.dll
0x00000000233b0000 - 0x0000000023613000 	C:\Xilinx\SDK\2016.4\lib\win64.o\xerces-c_3_1.dll
0x00007ffbb2450000 - 0x00007ffbb2473000 	C:\WINDOWS\SYSTEM32\VCOMP110.DLL
0x00007ffba4db0000 - 0x00007ffba4df3000 	C:\Xilinx\SDK\2016.4\lib\win64.o\librdi_hdf.dll
0x00007ffb6c350000 - 0x00007ffb6c618000 	C:\Xilinx\SDK\2016.4\lib\win64.o\librdi_ippcw.dll
0x00007ffbc3740000 - 0x00007ffbc3758000 	C:\WINDOWS\SYSTEM32\NETAPI32.dll
0x00007ffbbe6a0000 - 0x00007ffbbe6ab000 	C:\Xilinx\SDK\2016.4\lib\win64.o\libboost_chrono.dll
0x00007ffba4d90000 - 0x00007ffba4da6000 	C:\Xilinx\SDK\2016.4\lib\win64.o\libboost_iostreams.dll
0x00007ffba4ca0000 - 0x00007ffba4cc3000 	C:\Xilinx\SDK\2016.4\lib\win64.o\libisl_iosutils.dll
0x00007ffbc8260000 - 0x00007ffbc8505000 	C:\WINDOWS\SYSTEM32\iertutil.dll
0x00007ffbbd110000 - 0x00007ffbbd152000 	C:\WINDOWS\SYSTEM32\edputil.dll
0x00007ffba0e80000 - 0x00007ffba0e96000 	C:\Xilinx\SDK\2016.4\eclipse\win64.o\plugins\org.eclipse.cdt.core.win32.x86_64_5.4.0.201509131935\os\win32\x86_64\spawner.dll
0x0000000071100000 - 0x0000000071125000 	C:\Users\11401393\.jssc\windows\jSSC-2.8_x86_64.dll
0x00007ffbcc600000 - 0x00007ffbcc60a000 	C:\Xilinx\SDK\2016.4\lib\win64.o\librdi_jtag_settings.dll
0x00007ffbbf1b0000 - 0x00007ffbbf1d9000 	C:\Xilinx\SDK\2016.4\lib\win64.o\librdi_debug_dialog.dll
0x00007ffbcc5d0000 - 0x00007ffbcc5d8000 	C:\Xilinx\SDK\2016.4\lib\win64.o\librdi_target_manager.dll
0x00007ffb6f160000 - 0x00007ffb6f970000 	C:\Xilinx\SDK\2016.4\lib\win64.o\libXil_lmgr11FNP.dll
0x00007ffbd3250000 - 0x00007ffbd3679000 	C:\WINDOWS\System32\SETUPAPI.dll

VM Arguments:
jvm_args: -Dcom.xilinx.sdk.args.hwspec=C:/Users/11401393/Desktop/NCO_audio_output/Vivado_BD_SDK/Aansturing_Audio_output/Aansturing_Audio_output.sdk/design_1_wrapper.hdf -Xms64m -Xmx512m & 
java_command: <unknown>
java_class_path (initial): C:\Xilinx\SDK\2016.4\eclipse\win64.o\\plugins/org.eclipse.equinox.launcher_1.3.100.v20150511-1540.jar
Launcher Type: generic

Environment Variables:
USERNAME=11401393
OS=Windows_NT
PROCESSOR_IDENTIFIER=Intel64 Family 6 Model 60 Stepping 3, GenuineIntel



---------------  S Y S T E M  ---------------

OS: Windows 10.0 , 64 bit Build 14393 (10.0.14393.1198)

CPU:total 4 (2 cores per cpu, 2 threads per core) family 6 model 60 stepping 3, cmov, cx8, fxsr, mmx, sse, sse2, sse3, ssse3, sse4.1, sse4.2, popcnt, avx, avx2, aes, clmul, erms, lzcnt, ht, tsc, tscinvbit, bmi1, bmi2

Memory: 4k page, physical 8299628k(2550088k free), swap 13280364k(3209384k free)

vm_info: Java HotSpot(TM) 64-Bit Server VM (25.66-b18) for windows-amd64 JRE (1.8.0_66-b18), built on Nov  9 2015 10:51:13 by "java_re" with MS VC++ 10.0 (VS2010)

time: Sat Jun 03 17:34:50 2017
elapsed time: 3404 seconds (0d 0h 56m 44s)

