#
# A fatal error has been detected by the Java Runtime Environment:
#
#  Internal Error (0xc000000d), pid=24012, tid=14396
#
# JRE version: Java(TM) SE Runtime Environment (8.0_66-b18) (build 1.8.0_66-b18)
# Java VM: Java HotSpot(TM) 64-Bit Server VM (25.66-b18 mixed mode windows-amd64 compressed oops)
# Problematic frame:
# C  [ntdll.dll+0xff44c]
#
# Failed to write core dump. Minidumps are not enabled by default on client versions of Windows
#
# If you would like to submit a bug report, please visit:
#   http://bugreport.java.com/bugreport/crash.jsp
#

---------------  T H R E A D  ---------------

Current thread (0x0000000013af7000):  VMThread [stack: 0x0000000014b80000,0x0000000014c80000] [id=14396]

siginfo: ExceptionCode=0xc000000d

Registers:
RAX=0x0000000000000000, RBX=0xfffffffffffffffe, RCX=0x0000000000000000, RDX=0x0000000000000000
RSP=0x0000000014c7f470, RBP=0x00007ffbc7f17444, RSI=0x0000000000000000, RDI=0x0000000000000ee8
R8 =0x0000000000000000, R9 =0x0000000000020000, R10=0x0000000014c7ef50, R11=0x0000000014c7ef50
R12=0x000000002491f450, R13=0x00000000235ce8e0, R14=0x000000002491f558, R15=0x0000000014c7f5e8
RIP=0x00007ffbd599f44c, EFLAGS=0x0000000000000202

Top of Stack: (sp=0x0000000014c7f470)
0x0000000014c7f470:   0000000000000057 fffffffffffffffe
0x0000000014c7f480:   0000000000000000 0000000000000ee8
0x0000000014c7f490:   00000000c000000d 0000000000000000
0x0000000014c7f4a0:   00007ffbd599f44c 0000000000000000
0x0000000014c7f4b0:   0000000000000000 0000000000000000
0x0000000014c7f4c0:   0000000000000000 0000000000000000
0x0000000014c7f4d0:   0000000000000000 0000000000000000
0x0000000014c7f4e0:   0000000000000000 0000000000000000
0x0000000014c7f4f0:   0000000000000000 0000000000000000
0x0000000014c7f500:   0000000000000000 0000000000000000
0x0000000014c7f510:   0000000000000000 0000000000000000
0x0000000014c7f520:   0000000000000000 0000000000000000
0x0000000014c7f530:   00008417c5b98983 0000000000000400
0x0000000014c7f540:   0000000900000020 00007ffbd596150d
0x0000000014c7f550:   0000000900000000 0000000000000000
0x0000000014c7f560:   004e00520045004b 00320033004c0045 

Instructions: (pc=0x00007ffbd599f44c)
0x00007ffbd599f42c:   d5 fa ff c7 44 24 20 0d 00 00 c0 b9 57 00 00 00
0x00007ffbd599f43c:   e8 7f 13 f6 ff 90 48 8d 4c 24 20 e8 04 bf f4 ff
0x00007ffbd599f44c:   eb 00 48 8b 8c 24 c0 00 00 00 48 33 cc e8 82 74
0x00007ffbd599f45c:   f9 ff 48 81 c4 d8 00 00 00 c3 40 55 48 83 ec 20 


Register to memory mapping:

RAX=0x0000000000000000 is an unknown value
RBX=0xfffffffffffffffe is an unknown value
RCX=0x0000000000000000 is an unknown value
RDX=0x0000000000000000 is an unknown value
RSP=0x0000000014c7f470 is an unknown value
RBP=0x00007ffbc7f17444 is an unknown value
RSI=0x0000000000000000 is an unknown value
RDI=0x0000000000000ee8 is an unknown value
R8 =0x0000000000000000 is an unknown value
R9 =0x0000000000020000 is an unknown value
R10=0x0000000014c7ef50 is an unknown value
R11=0x0000000014c7ef50 is an unknown value
R12=0x000000002491f450 is an unknown value
R13=0x00000000235ce8e0 is an unknown value
R14=0x000000002491f558 is an unknown value
R15=0x0000000014c7f5e8 is an unknown value


Stack: [0x0000000014b80000,0x0000000014c80000],  sp=0x0000000014c7f470,  free space=1021k
Native frames: (J=compiled Java code, j=interpreted, Vv=VM code, C=native code)
C  [ntdll.dll+0xff44c]
C  [ntdll.dll+0xc150d]
C  [KERNEL32.DLL+0x1fafa]
C  [MSVCR110.dll+0x756a]
C  [MSVCR110.dll+0x7402]
C  [MSVCR110.dll+0x14a32]
C  [MSVCR110.dll+0x13c44]
C  [MSVCR110.dll+0x239e]
C  [MSVCR110.dll+0xabfe]
C  [MSVCP110.dll+0x3986d]
C  [librdi_common.dll+0x183a66]
C  [librdi_common.dll+0x1826fb]
C  [librdi_target_manager.dll+0x2400]
C  [librdi_target_manager.dll+0x2682]
C  [ntdll.dll+0x2a35f]
C  [ntdll.dll+0x806b]
C  [ntdll.dll+0x7d94]
C  [KERNEL32.DLL+0x1ce6a]
C  [MSVCR100.dll+0x20ccd]
V  [jvm.dll+0x210cc5]
V  [jvm.dll+0x249897]
V  [jvm.dll+0x248b36]
V  [jvm.dll+0x248fd1]
V  [jvm.dll+0x2491ee]
V  [jvm.dll+0x29a0fa]
C  [MSVCR100.dll+0x21d9f]
C  [MSVCR100.dll+0x21e3b]
C  [KERNEL32.DLL+0x8364]
C  [ntdll.dll+0x670d1]

VM_Operation (0x000000000014f4c0): Exit, mode: safepoint, requested by thread 0x0000000002612800


---------------  P R O C E S S  ---------------

Java Threads: ( => current thread )
  0x000000002288d000 JavaThread "EventThread COM5" [_thread_blocked, id=13748, stack(0x000000006e140000,0x000000006e240000)]
  0x00000000209cc800 JavaThread "EventThread COM5" [_thread_blocked, id=19548, stack(0x000000003cf10000,0x000000003d010000)]
  0x0000000016ac0000 JavaThread "Thread-270" daemon [_thread_blocked, id=12264, stack(0x000000003bc10000,0x000000003bd10000)]
  0x0000000022883000 JavaThread "EventThread COM5" [_thread_blocked, id=3852, stack(0x0000000029110000,0x0000000029210000)]
  0x0000000022887800 JavaThread "TCF Channel Transmitter" daemon [_thread_blocked, id=17848, stack(0x0000000027d10000,0x0000000027e10000)]
  0x0000000022886000 JavaThread "TCF Channel Receiver" daemon [_thread_in_native, id=20964, stack(0x0000000027c10000,0x0000000027d10000)]
  0x0000000022882800 JavaThread "Process monitor" daemon [_thread_in_native, id=14472, stack(0x0000000027810000,0x0000000027910000)]
  0x0000000016abc000 JavaThread "Input Stream Monitor" daemon [_thread_blocked, id=11864, stack(0x0000000027710000,0x0000000027810000)]
  0x0000000016abb000 JavaThread "Output Stream Monitor" daemon [_thread_in_native, id=17716, stack(0x0000000027610000,0x0000000027710000)]
  0x0000000016ab9800 JavaThread "Output Stream Monitor" daemon [_thread_in_native, id=12200, stack(0x0000000027510000,0x0000000027610000)]
  0x0000000016ab6800 JavaThread "Timer-1" [_thread_blocked, id=23012, stack(0x00000000240a0000,0x00000000241a0000)]
  0x0000000016ab6000 JavaThread "Timer-0" [_thread_blocked, id=14872, stack(0x0000000023ea0000,0x0000000023fa0000)]
  0x0000000016ab0800 JavaThread "TCF Locator DNS Lookup" daemon [_thread_blocked, id=10904, stack(0x0000000021840000,0x0000000021940000)]
  0x0000000016ab2000 JavaThread "TCF Locator Timer" daemon [_thread_blocked, id=14104, stack(0x0000000021740000,0x0000000021840000)]
  0x0000000016ab4800 JavaThread "TCF Locator Receiver" daemon [_thread_in_native, id=10868, stack(0x0000000021640000,0x0000000021740000)]
  0x0000000016ab7800 JavaThread "TCF Timer Dispatcher" daemon [_thread_blocked, id=21620, stack(0x0000000021440000,0x0000000021540000)]
  0x0000000016411800 JavaThread "EMF Reference Cleaner" daemon [_thread_blocked, id=12104, stack(0x0000000018250000,0x0000000018350000)]
  0x0000000013b8d800 JavaThread "Service Thread" daemon [_thread_blocked, id=23564, stack(0x0000000015880000,0x0000000015980000)]
  0x0000000013b3d800 JavaThread "C1 CompilerThread2" daemon [_thread_blocked, id=14384, stack(0x0000000015380000,0x0000000015480000)]
  0x0000000013b39800 JavaThread "C2 CompilerThread1" daemon [_thread_blocked, id=23176, stack(0x0000000015280000,0x0000000015380000)]
  0x0000000013b32000 JavaThread "C2 CompilerThread0" daemon [_thread_blocked, id=12584, stack(0x0000000015180000,0x0000000015280000)]
  0x0000000013b2e800 JavaThread "Attach Listener" daemon [_thread_blocked, id=4316, stack(0x0000000015080000,0x0000000015180000)]
  0x0000000013b2d800 JavaThread "Signal Dispatcher" daemon [_thread_blocked, id=16992, stack(0x0000000014f80000,0x0000000015080000)]
  0x0000000002708000 JavaThread "Finalizer" daemon [_thread_blocked, id=16652, stack(0x0000000014d80000,0x0000000014e80000)]
  0x00000000026ff800 JavaThread "Reference Handler" daemon [_thread_blocked, id=13712, stack(0x0000000014c80000,0x0000000014d80000)]
  0x0000000002612800 JavaThread "main" [_thread_blocked, id=17652, stack(0x0000000000050000,0x0000000000150000)]

Other Threads:
=>0x0000000013af7000 VMThread [stack: 0x0000000014b80000,0x0000000014c80000] [id=14396]

VM state:at safepoint (shutting down)

VM Mutex/Monitor currently owned by a thread:  ([mutex/lock_event])
[0x000000000260e0b0] Threads_lock - owner thread: 0x0000000013af7000

Heap:
 PSYoungGen      total 168960K, used 147546K [0x00000000f5580000, 0x0000000100000000, 0x0000000100000000)
  eden space 163328K, 88% used [0x00000000f5580000,0x00000000fe239658,0x00000000ff500000)
  from space 5632K, 61% used [0x00000000ffa80000,0x00000000ffddd378,0x0000000100000000)
  to   space 5632K, 0% used [0x00000000ff500000,0x00000000ff500000,0x00000000ffa80000)
 ParOldGen       total 145408K, used 83507K [0x00000000e0000000, 0x00000000e8e00000, 0x00000000f5580000)
  object space 145408K, 57% used [0x00000000e0000000,0x00000000e518ce88,0x00000000e8e00000)
 Metaspace       used 95008K, capacity 102358K, committed 102656K, reserved 1138688K
  class space    used 11020K, capacity 13289K, committed 13312K, reserved 1048576K

Card table byte_map: [0x0000000011ad0000,0x0000000011be0000] byte_map_base: 0x00000000113d0000

Marking Bits: (ParMarkBitMap*) 0x000000006581a5b0
 Begin Bits: [0x0000000012090000, 0x0000000012890000)
 End Bits:   [0x0000000012890000, 0x0000000013090000)

Polling page: 0x00000000025b0000

CodeCache: size=245760Kb used=58067Kb max_used=58818Kb free=187692Kb
 bounds [0x0000000002710000, 0x00000000060f0000, 0x0000000011710000]
 total_blobs=16156 nmethods=15245 adapters=817
 compilation: enabled

Compilation events (10 events):
Event: 2123.720 Thread 0x0000000013b3d800 20030       3       org.eclipse.osgi.internal.framework.EquinoxContainerAdaptor::invalidateWiring (186 bytes)
Event: 2123.722 Thread 0x0000000013b3d800 nmethod 20030 0x0000000005fc9f90 code [0x0000000005fca360, 0x0000000005fcccd8]
Event: 2123.722 Thread 0x0000000013b3d800 20031   !   3       org.eclipse.osgi.container.ModuleDatabase::getRevisionsTimestamp (25 bytes)
Event: 2123.723 Thread 0x0000000013b3d800 nmethod 20031 0x0000000005748890 code [0x0000000005748aa0, 0x00000000057497d8]
Event: 2123.723 Thread 0x0000000013b3d800 20032       3       org.eclipse.osgi.internal.framework.EquinoxContainerAdaptor::clearManifestCache (84 bytes)
Event: 2123.725 Thread 0x0000000013b3d800 nmethod 20032 0x0000000002f16350 code [0x0000000002f165a0, 0x0000000002f17cb8]
Event: 2123.725 Thread 0x0000000013b3d800 20033   !   3       org.eclipse.osgi.storage.BundleInfo$Generation::clearManifestCache (30 bytes)
Event: 2123.725 Thread 0x0000000013b3d800 nmethod 20033 0x00000000032e3d90 code [0x00000000032e3f20, 0x00000000032e4568]
Event: 2123.725 Thread 0x0000000013b3d800 20023       3       java.util.TimSort::mergeAt (358 bytes)
Event: 2123.726 Thread 0x0000000013b3d800 nmethod 20023 0x00000000036cd390 code [0x00000000036cd560, 0x00000000036cdb18]

GC Heap History (10 events):
Event: 2104.912 GC heap before
{Heap before GC invocations=312 (full 4):
 PSYoungGen      total 169984K, used 168558K [0x00000000f5580000, 0x0000000100000000, 0x0000000100000000)
  eden space 165376K, 100% used [0x00000000f5580000,0x00000000ff700000,0x00000000ff700000)
  from space 4608K, 69% used [0x00000000ff700000,0x00000000ffa1bae0,0x00000000ffb80000)
  to   space 4608K, 0% used [0x00000000ffb80000,0x00000000ffb80000,0x0000000100000000)
 ParOldGen       total 145408K, used 83475K [0x00000000e0000000, 0x00000000e8e00000, 0x00000000f5580000)
  object space 145408K, 57% used [0x00000000e0000000,0x00000000e5184e88,0x00000000e8e00000)
 Metaspace       used 94384K, capacity 101594K, committed 101888K, reserved 1138688K
  class space    used 10954K, capacity 13189K, committed 13312K, reserved 1048576K
Event: 2104.917 GC heap after
Heap after GC invocations=312 (full 4):
 PSYoungGen      total 168960K, used 3135K [0x00000000f5580000, 0x0000000100000000, 0x0000000100000000)
  eden space 164352K, 0% used [0x00000000f5580000,0x00000000f5580000,0x00000000ff600000)
  from space 4608K, 68% used [0x00000000ffb80000,0x00000000ffe8fd00,0x0000000100000000)
  to   space 5120K, 0% used [0x00000000ff600000,0x00000000ff600000,0x00000000ffb00000)
 ParOldGen       total 145408K, used 83475K [0x00000000e0000000, 0x00000000e8e00000, 0x00000000f5580000)
  object space 145408K, 57% used [0x00000000e0000000,0x00000000e5184e88,0x00000000e8e00000)
 Metaspace       used 94384K, capacity 101594K, committed 101888K, reserved 1138688K
  class space    used 10954K, capacity 13189K, committed 13312K, reserved 1048576K
}
Event: 2108.724 GC heap before
{Heap before GC invocations=313 (full 4):
 PSYoungGen      total 168960K, used 167487K [0x00000000f5580000, 0x0000000100000000, 0x0000000100000000)
  eden space 164352K, 100% used [0x00000000f5580000,0x00000000ff600000,0x00000000ff600000)
  from space 4608K, 68% used [0x00000000ffb80000,0x00000000ffe8fd00,0x0000000100000000)
  to   space 5120K, 0% used [0x00000000ff600000,0x00000000ff600000,0x00000000ffb00000)
 ParOldGen       total 145408K, used 83475K [0x00000000e0000000, 0x00000000e8e00000, 0x00000000f5580000)
  object space 145408K, 57% used [0x00000000e0000000,0x00000000e5184e88,0x00000000e8e00000)
 Metaspace       used 94390K, capacity 101594K, committed 101888K, reserved 1138688K
  class space    used 10954K, capacity 13189K, committed 13312K, reserved 1048576K
Event: 2108.729 GC heap after
Heap after GC invocations=313 (full 4):
 PSYoungGen      total 169472K, used 3567K [0x00000000f5580000, 0x0000000100000000, 0x0000000100000000)
  eden space 164352K, 0% used [0x00000000f5580000,0x00000000f5580000,0x00000000ff600000)
  from space 5120K, 69% used [0x00000000ff600000,0x00000000ff97bd10,0x00000000ffb00000)
  to   space 5120K, 0% used [0x00000000ffb00000,0x00000000ffb00000,0x0000000100000000)
 ParOldGen       total 145408K, used 83491K [0x00000000e0000000, 0x00000000e8e00000, 0x00000000f5580000)
  object space 145408K, 57% used [0x00000000e0000000,0x00000000e5188e88,0x00000000e8e00000)
 Metaspace       used 94390K, capacity 101594K, committed 101888K, reserved 1138688K
  class space    used 10954K, capacity 13189K, committed 13312K, reserved 1048576K
}
Event: 2112.711 GC heap before
{Heap before GC invocations=314 (full 4):
 PSYoungGen      total 169472K, used 167919K [0x00000000f5580000, 0x0000000100000000, 0x0000000100000000)
  eden space 164352K, 100% used [0x00000000f5580000,0x00000000ff600000,0x00000000ff600000)
  from space 5120K, 69% used [0x00000000ff600000,0x00000000ff97bd10,0x00000000ffb00000)
  to   space 5120K, 0% used [0x00000000ffb00000,0x00000000ffb00000,0x0000000100000000)
 ParOldGen       total 145408K, used 83491K [0x00000000e0000000, 0x00000000e8e00000, 0x00000000f5580000)
  object space 145408K, 57% used [0x00000000e0000000,0x00000000e5188e88,0x00000000e8e00000)
 Metaspace       used 94390K, capacity 101594K, committed 101888K, reserved 1138688K
  class space    used 10954K, capacity 13189K, committed 13312K, reserved 1048576K
Event: 2112.715 GC heap after
Heap after GC invocations=314 (full 4):
 PSYoungGen      total 169472K, used 3391K [0x00000000f5580000, 0x0000000100000000, 0x0000000100000000)
  eden space 164352K, 0% used [0x00000000f5580000,0x00000000f5580000,0x00000000ff600000)
  from space 5120K, 66% used [0x00000000ffb00000,0x00000000ffe4fd00,0x0000000100000000)
  to   space 5120K, 0% used [0x00000000ff600000,0x00000000ff600000,0x00000000ffb00000)
 ParOldGen       total 145408K, used 83491K [0x00000000e0000000, 0x00000000e8e00000, 0x00000000f5580000)
  object space 145408K, 57% used [0x00000000e0000000,0x00000000e5188e88,0x00000000e8e00000)
 Metaspace       used 94390K, capacity 101594K, committed 101888K, reserved 1138688K
  class space    used 10954K, capacity 13189K, committed 13312K, reserved 1048576K
}
Event: 2116.711 GC heap before
{Heap before GC invocations=315 (full 4):
 PSYoungGen      total 169472K, used 167743K [0x00000000f5580000, 0x0000000100000000, 0x0000000100000000)
  eden space 164352K, 100% used [0x00000000f5580000,0x00000000ff600000,0x00000000ff600000)
  from space 5120K, 66% used [0x00000000ffb00000,0x00000000ffe4fd00,0x0000000100000000)
  to   space 5120K, 0% used [0x00000000ff600000,0x00000000ff600000,0x00000000ffb00000)
 ParOldGen       total 145408K, used 83491K [0x00000000e0000000, 0x00000000e8e00000, 0x00000000f5580000)
  object space 145408K, 57% used [0x00000000e0000000,0x00000000e5188e88,0x00000000e8e00000)
 Metaspace       used 94390K, capacity 101594K, committed 101888K, reserved 1138688K
  class space    used 10954K, capacity 13189K, committed 13312K, reserved 1048576K
Event: 2116.715 GC heap after
Heap after GC invocations=315 (full 4):
 PSYoungGen      total 167936K, used 3391K [0x00000000f5580000, 0x0000000100000000, 0x0000000100000000)
  eden space 164352K, 0% used [0x00000000f5580000,0x00000000f5580000,0x00000000ff600000)
  from space 3584K, 94% used [0x00000000ff600000,0x00000000ff94fd00,0x00000000ff980000)
  to   space 5632K, 0% used [0x00000000ffa80000,0x00000000ffa80000,0x0000000100000000)
 ParOldGen       total 145408K, used 83491K [0x00000000e0000000, 0x00000000e8e00000, 0x00000000f5580000)
  object space 145408K, 57% used [0x00000000e0000000,0x00000000e5188e88,0x00000000e8e00000)
 Metaspace       used 94390K, capacity 101594K, committed 101888K, reserved 1138688K
  class space    used 10954K, capacity 13189K, committed 13312K, reserved 1048576K
}
Event: 2120.696 GC heap before
{Heap before GC invocations=316 (full 4):
 PSYoungGen      total 167936K, used 167743K [0x00000000f5580000, 0x0000000100000000, 0x0000000100000000)
  eden space 164352K, 100% used [0x00000000f5580000,0x00000000ff600000,0x00000000ff600000)
  from space 3584K, 94% used [0x00000000ff600000,0x00000000ff94fd00,0x00000000ff980000)
  to   space 5632K, 0% used [0x00000000ffa80000,0x00000000ffa80000,0x0000000100000000)
 ParOldGen       total 145408K, used 83491K [0x00000000e0000000, 0x00000000e8e00000, 0x00000000f5580000)
  object space 145408K, 57% used [0x00000000e0000000,0x00000000e5188e88,0x00000000e8e00000)
 Metaspace       used 94397K, capacity 101594K, committed 101888K, reserved 1138688K
  class space    used 10956K, capacity 13189K, committed 13312K, reserved 1048576K
Event: 2120.701 GC heap after
Heap after GC invocations=316 (full 4):
 PSYoungGen      total 168960K, used 3444K [0x00000000f5580000, 0x0000000100000000, 0x0000000100000000)
  eden space 163328K, 0% used [0x00000000f5580000,0x00000000f5580000,0x00000000ff500000)
  from space 5632K, 61% used [0x00000000ffa80000,0x00000000ffddd378,0x0000000100000000)
  to   space 5632K, 0% used [0x00000000ff500000,0x00000000ff500000,0x00000000ffa80000)
 ParOldGen       total 145408K, used 83507K [0x00000000e0000000, 0x00000000e8e00000, 0x00000000f5580000)
  object space 145408K, 57% used [0x00000000e0000000,0x00000000e518ce88,0x00000000e8e00000)
 Metaspace       used 94397K, capacity 101594K, committed 101888K, reserved 1138688K
  class space    used 10956K, capacity 13189K, committed 13312K, reserved 1048576K
}

Deoptimization events (10 events):
Event: 2123.650 Thread 0x00000000209d0000 Uncommon trap: reason=unstable_if action=reinterpret pc=0x000000000557bd4c method=org.eclipse.core.internal.jobs.WorkerPool.startJob(Lorg/eclipse/core/internal/jobs/Worker;)Lorg/eclipse/core/internal/jobs/InternalJob; @ 177
Event: 2123.657 Thread 0x00000000209c8800 Uncommon trap: reason=unstable_if action=reinterpret pc=0x000000000557bd4c method=org.eclipse.core.internal.jobs.WorkerPool.startJob(Lorg/eclipse/core/internal/jobs/Worker;)Lorg/eclipse/core/internal/jobs/InternalJob; @ 177
Event: 2123.661 Thread 0x0000000016ab1800 Uncommon trap: reason=unstable_if action=reinterpret pc=0x000000000557bd4c method=org.eclipse.core.internal.jobs.WorkerPool.startJob(Lorg/eclipse/core/internal/jobs/Worker;)Lorg/eclipse/core/internal/jobs/InternalJob; @ 177
Event: 2123.662 Thread 0x0000000022884000 Uncommon trap: reason=unstable_if action=reinterpret pc=0x000000000557bd4c method=org.eclipse.core.internal.jobs.WorkerPool.startJob(Lorg/eclipse/core/internal/jobs/Worker;)Lorg/eclipse/core/internal/jobs/InternalJob; @ 177
Event: 2123.662 Thread 0x0000000016abc800 Uncommon trap: reason=unstable_if action=reinterpret pc=0x000000000557bd4c method=org.eclipse.core.internal.jobs.WorkerPool.startJob(Lorg/eclipse/core/internal/jobs/Worker;)Lorg/eclipse/core/internal/jobs/InternalJob; @ 177
Event: 2123.662 Thread 0x00000000209ca000 Uncommon trap: reason=unstable_if action=reinterpret pc=0x000000000557bd4c method=org.eclipse.core.internal.jobs.WorkerPool.startJob(Lorg/eclipse/core/internal/jobs/Worker;)Lorg/eclipse/core/internal/jobs/InternalJob; @ 177
Event: 2123.665 Thread 0x00000000209cb800 Uncommon trap: reason=unstable_if action=reinterpret pc=0x000000000557bd4c method=org.eclipse.core.internal.jobs.WorkerPool.startJob(Lorg/eclipse/core/internal/jobs/Worker;)Lorg/eclipse/core/internal/jobs/InternalJob; @ 177
Event: 2123.672 Thread 0x00000000209cf800 Uncommon trap: reason=unstable_if action=reinterpret pc=0x000000000557bd4c method=org.eclipse.core.internal.jobs.WorkerPool.startJob(Lorg/eclipse/core/internal/jobs/Worker;)Lorg/eclipse/core/internal/jobs/InternalJob; @ 177
Event: 2123.686 Thread 0x00000000209c8000 Uncommon trap: reason=unstable_if action=reinterpret pc=0x000000000557bd4c method=org.eclipse.core.internal.jobs.WorkerPool.startJob(Lorg/eclipse/core/internal/jobs/Worker;)Lorg/eclipse/core/internal/jobs/InternalJob; @ 177
Event: 2123.687 Thread 0x0000000016dd0800 Uncommon trap: reason=unstable_if action=reinterpret pc=0x000000000557bd4c method=org.eclipse.core.internal.jobs.WorkerPool.startJob(Lorg/eclipse/core/internal/jobs/Worker;)Lorg/eclipse/core/internal/jobs/InternalJob; @ 177

Internal exceptions (10 events):
Event: 2122.480 Thread 0x0000000002612800 Exception <a 'java/io/FileNotFoundException'> (0x00000000fac8b9f8) thrown at [C:\re\workspace\8-2-build-windows-amd64-cygwin\jdk8u66\5298\hotspot\src\share\vm\prims\jni.cpp, line 709]
Event: 2122.480 Thread 0x0000000002612800 Exception <a 'java/io/FileNotFoundException'> (0x00000000fac8dc80) thrown at [C:\re\workspace\8-2-build-windows-amd64-cygwin\jdk8u66\5298\hotspot\src\share\vm\prims\jni.cpp, line 709]
Event: 2122.481 Thread 0x0000000002612800 Exception <a 'java/io/FileNotFoundException'> (0x00000000fac90068) thrown at [C:\re\workspace\8-2-build-windows-amd64-cygwin\jdk8u66\5298\hotspot\src\share\vm\prims\jni.cpp, line 709]
Event: 2122.500 Thread 0x0000000002612800 Implicit null exception at 0x00000000060944ae to 0x0000000006094731
Event: 2122.592 Thread 0x0000000016ab9000 Exception <a 'java/lang/InterruptedException'> (0x00000000fb48a928) thrown at [C:\re\workspace\8-2-build-windows-amd64-cygwin\jdk8u66\5298\hotspot\src\share\vm\runtime\objectMonitor.cpp, line 1683]
Event: 2122.608 Thread 0x000000002288e000 Implicit null exception at 0x0000000005e4e1e3 to 0x0000000005e4f77e
Event: 2123.644 Thread 0x000000001744c000 Exception <a 'java/lang/InterruptedException'> (0x00000000faca8250) thrown at [C:\re\workspace\8-2-build-windows-amd64-cygwin\jdk8u66\5298\hotspot\src\share\vm\runtime\objectMonitor.cpp, line 1683]
Event: 2123.698 Thread 0x0000000015dd1000 Exception <a 'java/lang/InterruptedException'> (0x00000000fd526f98) thrown at [C:\re\workspace\8-2-build-windows-amd64-cygwin\jdk8u66\5298\hotspot\src\share\vm\runtime\objectMonitor.cpp, line 1683]
Event: 2123.710 Thread 0x000000001744e000 Exception <a 'java/lang/InterruptedException'> (0x00000000f9db2bf0) thrown at [C:\re\workspace\8-2-build-windows-amd64-cygwin\jdk8u66\5298\hotspot\src\share\vm\runtime\objectMonitor.cpp, line 1683]
Event: 2123.710 Thread 0x0000000015dd2800 Exception <a 'java/lang/InterruptedException'> (0x00000000fe011228) thrown at [C:\re\workspace\8-2-build-windows-amd64-cygwin\jdk8u66\5298\hotspot\src\share\vm\runtime\objectMonitor.cpp, line 1683]

Events (10 events):
Event: 2123.717 loading class java/util/IdentityHashMap$IdentityHashMapIterator
Event: 2123.717 loading class java/util/IdentityHashMap$IdentityHashMapIterator done
Event: 2123.717 loading class java/util/IdentityHashMap$KeyIterator done
Event: 2123.717 Thread 0x0000000013b3d800 flushing nmethod 0x0000000005e77510
Event: 2123.718 Thread 0x0000000022884000 Thread added: 0x0000000022884000
Event: 2123.718 Thread 0x0000000013b3d800 flushing nmethod 0x0000000005f7e050
Event: 2123.718 Thread 0x0000000013b3d800 flushing nmethod 0x0000000005f8d990
Event: 2123.718 Thread 0x0000000013b3d800 flushing nmethod 0x0000000005fc9290
Event: 2123.755 Thread 0x0000000022884000 Thread exited: 0x0000000022884000
Event: 2123.758 Executing VM operation: Exit


Dynamic libraries:
0x0000000000400000 - 0x000000000044f000 	C:\Xilinx\SDK\2016.4\eclipse\win64.o\eclipse.exe
0x00007ffbd58a0000 - 0x00007ffbd5a71000 	C:\WINDOWS\SYSTEM32\ntdll.dll
0x00007ffbd53d0000 - 0x00007ffbd547c000 	C:\WINDOWS\System32\KERNEL32.DLL
0x00007ffbd2080000 - 0x00007ffbd229d000 	C:\WINDOWS\System32\KERNELBASE.dll
0x00007ffbd4cc0000 - 0x00007ffbd4e25000 	C:\WINDOWS\System32\USER32.dll
0x00007ffbd1de0000 - 0x00007ffbd1dfe000 	C:\WINDOWS\System32\win32u.dll
0x00007ffbd2ec0000 - 0x00007ffbd2ef4000 	C:\WINDOWS\System32\GDI32.dll
0x00007ffbd22a0000 - 0x00007ffbd2422000 	C:\WINDOWS\System32\gdi32full.dll
0x00007ffbd5750000 - 0x00007ffbd57ee000 	C:\WINDOWS\System32\msvcrt.dll
0x00007ffbc6820000 - 0x00007ffbc6a9a000 	C:\WINDOWS\WinSxS\amd64_microsoft.windows.common-controls_6595b64144ccf1df_6.0.14393.953_none_42151e83c686086b\COMCTL32.dll
0x00007ffbd5480000 - 0x00007ffbd5748000 	C:\WINDOWS\System32\combase.dll
0x00007ffbd1f10000 - 0x00007ffbd2005000 	C:\WINDOWS\System32\ucrtbase.dll
0x00007ffbd5050000 - 0x00007ffbd5171000 	C:\WINDOWS\System32\RPCRT4.dll
0x00007ffbd2010000 - 0x00007ffbd207a000 	C:\WINDOWS\System32\bcryptPrimitives.dll
0x00007ffbd52e0000 - 0x00007ffbd530e000 	C:\WINDOWS\System32\IMM32.DLL
0x0000000072000000 - 0x0000000072012000 	C:\Xilinx\SDK\2016.4\eclipse\win64.o\plugins\org.eclipse.equinox.launcher.win32.win32.x86_64_1.1.300.v20150602-1417\eclipse_1611.dll
0x00007ffbd57f0000 - 0x00007ffbd5892000 	C:\WINDOWS\System32\ADVAPI32.dll
0x00007ffbd2e50000 - 0x00007ffbd2ea9000 	C:\WINDOWS\System32\sechost.dll
0x00007ffbc2050000 - 0x00007ffbc205a000 	C:\WINDOWS\SYSTEM32\VERSION.dll
0x00007ffbd0480000 - 0x00007ffbd0515000 	C:\WINDOWS\system32\uxtheme.dll
0x00007ffbd2fa0000 - 0x00007ffbd30fa000 	C:\WINDOWS\System32\MSCTF.dll
0x00007ffbd5310000 - 0x00007ffbd53cf000 	C:\WINDOWS\System32\OLEAUT32.dll
0x00007ffbd2b10000 - 0x00007ffbd2bac000 	C:\WINDOWS\System32\msvcp_win.dll
0x0000000065010000 - 0x0000000065899000 	C:\Xilinx\SDK\2016.4\tps\win64\jre\bin\server\jvm.dll
0x00007ffbd3240000 - 0x00007ffbd3248000 	C:\WINDOWS\System32\PSAPI.DLL
0x00007ffbc16f0000 - 0x00007ffbc16f9000 	C:\WINDOWS\SYSTEM32\WSOCK32.dll
0x00007ffbcfdd0000 - 0x00007ffbcfdf3000 	C:\WINDOWS\SYSTEM32\WINMM.dll
0x0000000068710000 - 0x00000000687e2000 	C:\WINDOWS\SYSTEM32\MSVCR100.dll
0x00007ffbd4bf0000 - 0x00007ffbd4c5a000 	C:\WINDOWS\System32\WS2_32.dll
0x00007ffbcfda0000 - 0x00007ffbcfdcb000 	C:\WINDOWS\SYSTEM32\WINMMBASE.dll
0x00007ffbd1d90000 - 0x00007ffbd1dd2000 	C:\WINDOWS\System32\cfgmgr32.dll
0x0000000064ed0000 - 0x0000000064edf000 	C:\Xilinx\SDK\2016.4\tps\win64\jre\bin\verify.dll
0x0000000064ea0000 - 0x0000000064ec9000 	C:\Xilinx\SDK\2016.4\tps\win64\jre\bin\java.dll
0x0000000064e80000 - 0x0000000064e96000 	C:\Xilinx\SDK\2016.4\tps\win64\jre\bin\zip.dll
0x00007ffbd36e0000 - 0x00007ffbd4be8000 	C:\WINDOWS\System32\SHELL32.dll
0x00007ffbd2430000 - 0x00007ffbd2b0a000 	C:\WINDOWS\System32\windows.storage.dll
0x00007ffbd1d00000 - 0x00007ffbd1d4c000 	C:\WINDOWS\System32\powrprof.dll
0x00007ffbd3680000 - 0x00007ffbd36d2000 	C:\WINDOWS\System32\shlwapi.dll
0x00007ffbd1d70000 - 0x00007ffbd1d7f000 	C:\WINDOWS\System32\kernel.appcore.dll
0x00007ffbd1e60000 - 0x00007ffbd1f09000 	C:\WINDOWS\System32\shcore.dll
0x00007ffbd1d50000 - 0x00007ffbd1d64000 	C:\WINDOWS\System32\profapi.dll
0x00007ffbd17d0000 - 0x00007ffbd17e7000 	C:\WINDOWS\SYSTEM32\CRYPTSP.dll
0x00007ffbd1230000 - 0x00007ffbd1263000 	C:\WINDOWS\system32\rsaenh.dll
0x00007ffbd18e0000 - 0x00007ffbd190b000 	C:\WINDOWS\SYSTEM32\bcrypt.dll
0x00007ffbd14b0000 - 0x00007ffbd14cf000 	C:\WINDOWS\SYSTEM32\USERENV.dll
0x00007ffbd17f0000 - 0x00007ffbd17fb000 	C:\WINDOWS\SYSTEM32\CRYPTBASE.dll
0x0000000064e60000 - 0x0000000064e7a000 	C:\Xilinx\SDK\2016.4\tps\win64\jre\bin\net.dll
0x00007ffbd1630000 - 0x00007ffbd168c000 	C:\WINDOWS\system32\mswsock.dll
0x00007ffbd13b0000 - 0x00007ffbd13e8000 	C:\WINDOWS\SYSTEM32\IPHLPAPI.DLL
0x00007ffbd4ea0000 - 0x00007ffbd4ea8000 	C:\WINDOWS\System32\NSI.dll
0x00007ffbca150000 - 0x00007ffbca166000 	C:\WINDOWS\SYSTEM32\dhcpcsvc6.DLL
0x00007ffbca190000 - 0x00007ffbca1aa000 	C:\WINDOWS\SYSTEM32\dhcpcsvc.DLL
0x0000000064e40000 - 0x0000000064e51000 	C:\Xilinx\SDK\2016.4\tps\win64\jre\bin\nio.dll
0x00007ffbbe530000 - 0x00007ffbbe546000 	C:\WINDOWS\system32\napinsp.dll
0x00007ffbbe510000 - 0x00007ffbbe52a000 	C:\WINDOWS\system32\pnrpnsp.dll
0x00007ffbcf5e0000 - 0x00007ffbcf5f8000 	C:\WINDOWS\system32\NLAapi.dll
0x00007ffbd13f0000 - 0x00007ffbd1491000 	C:\WINDOWS\SYSTEM32\DNSAPI.dll
0x00007ffbbe500000 - 0x00007ffbbe50e000 	C:\WINDOWS\System32\winrnr.dll
0x00007ffbbe490000 - 0x00007ffbbe4a5000 	C:\WINDOWS\System32\wshbth.dll
0x0000000068830000 - 0x000000006883a000 	C:\Program Files\National Instruments\Shared\mDNS Responder\nimdnsNSP.dll
0x00007ffbc3510000 - 0x00007ffbc3527000 	C:\WINDOWS\SYSTEM32\VCRUNTIME140.dll
0x0000000068820000 - 0x0000000068830000 	C:\WINDOWS\SYSTEM32\nimdnsResponder.dll
0x00000000687f0000 - 0x0000000068816000 	C:\Program Files\Bonjour\mdnsNSP.dll
0x00007ffbc3270000 - 0x00007ffbc327a000 	C:\Windows\System32\rasadhlp.dll
0x00007ffbc7c10000 - 0x00007ffbc7c7a000 	C:\WINDOWS\System32\fwpuclnt.dll
0x0000000017f50000 - 0x0000000017ff8000 	C:\Users\11401393\.Xilinx\SDK\2016.4\org.eclipse.osgi\319\0\.cp\swt-win32-4527.dll
0x00007ffbd3100000 - 0x00007ffbd3238000 	C:\WINDOWS\System32\ole32.dll
0x00007ffbd5180000 - 0x00007ffbd527a000 	C:\WINDOWS\System32\comdlg32.dll
0x00007ffbd2c60000 - 0x00007ffbd2e29000 	C:\WINDOWS\System32\CRYPT32.dll
0x00007ffbd1d80000 - 0x00007ffbd1d90000 	C:\WINDOWS\System32\MSASN1.dll
0x00007ffbc65c0000 - 0x00007ffbc65d9000 	C:\WINDOWS\SYSTEM32\USP10.dll
0x00007ffbcc490000 - 0x00007ffbcc516000 	C:\WINDOWS\SYSTEM32\WINSPOOL.DRV
0x00007ffbc5fd0000 - 0x00007ffbc629a000 	C:\WINDOWS\SYSTEM32\WININET.dll
0x00007ffbcf600000 - 0x00007ffbcf626000 	C:\WINDOWS\system32\dwmapi.dll
0x00007ffbcf780000 - 0x00007ffbcf905000 	C:\WINDOWS\SYSTEM32\propsys.dll
0x00007ffbd2f00000 - 0x00007ffbd2f9f000 	C:\WINDOWS\System32\clbcatq.dll
0x0000000018550000 - 0x000000001856e000 	C:\Users\11401393\.Xilinx\SDK\2016.4\org.eclipse.osgi\319\0\.cp\swt-gdip-win32-4527.dll
0x00007ffbbe1d0000 - 0x00007ffbbe36a000 	C:\WINDOWS\WinSxS\amd64_microsoft.windows.gdiplus_6595b64144ccf1df_1.1.14393.953_none_7300116921188239\gdiplus.dll
0x00007ffbcf1e0000 - 0x00007ffbcf388000 	C:\WINDOWS\SYSTEM32\WindowsCodecs.dll
0x0000000180000000 - 0x0000000180012000 	C:\Users\11401393\.Xilinx\SDK\2016.4\org.eclipse.osgi\133\0\.cp\os\win32\x86_64\localfile_1_0_0.dll
0x00007ffbb8210000 - 0x00007ffbb8275000 	C:\WINDOWS\SYSTEM32\oleacc.dll
0x00007ffbc7000000 - 0x00007ffbc7016000 	C:\Xilinx\SDK\2016.4\eclipse\win64.o\plugins\org.eclipse.cdt.core.win32.x86_64_5.4.0.201509131935\os\win32\x86_64\spawner.dll
0x00007ffbcf1b0000 - 0x00007ffbcf1b7000 	C:\WINDOWS\SYSTEM32\msimg32.dll
0x00007ffbc6320000 - 0x00007ffbc6331000 	C:\Users\11401393\.Xilinx\SDK\2016.4\org.eclipse.osgi\136\0\.cp\jWinHttp-1.0.0.dll
0x00007ffbce280000 - 0x00007ffbce34d000 	C:\WINDOWS\SYSTEM32\WINHTTP.dll
0x00007ffbc5980000 - 0x00007ffbc598f000 	C:\Xilinx\SDK\2016.4\lib\win64.o\librdi_repo_manager.dll
0x00007ffbc4f90000 - 0x00007ffbc4fba000 	C:\Xilinx\SDK\2016.4\lib\win64.o\libisl_sysinfo.dll
0x00007ffb741f0000 - 0x00007ffb74c9a000 	C:\Xilinx\SDK\2016.4\lib\win64.o\librdi_common.dll
0x00007ffbbef10000 - 0x00007ffbbef63000 	C:\Xilinx\SDK\2016.4\lib\win64.o\librdi_commonxillic.dll
0x00007ffb73ff0000 - 0x00007ffb741e8000 	C:\Xilinx\SDK\2016.4\lib\win64.o\librdi_hsm.dll
0x00007ffbc7fe0000 - 0x00007ffbc8087000 	C:\WINDOWS\SYSTEM32\MSVCP110.dll
0x00007ffbc7f10000 - 0x00007ffbc7fde000 	C:\WINDOWS\SYSTEM32\MSVCR110.dll
0x00007ffb726d0000 - 0x00007ffb72a3e000 	C:\Xilinx\SDK\2016.4\lib\win64.o\libCOIN-all.dll
0x00007ffb724b0000 - 0x00007ffb726cf000 	C:\Xilinx\SDK\2016.4\lib\win64.o\libXil_lmgr11.dll
0x00007ffbd1e00000 - 0x00007ffbd1e55000 	C:\WINDOWS\System32\WINTRUST.dll
0x00007ffbc5330000 - 0x00007ffbc5340000 	C:\Xilinx\SDK\2016.4\lib\win64.o\libboost_date_time.dll
0x00007ffbc4ef0000 - 0x00007ffbc4f14000 	C:\Xilinx\SDK\2016.4\lib\win64.o\libboost_filesystem.dll
0x00007ffbbee90000 - 0x00007ffbbef07000 	C:\Xilinx\SDK\2016.4\lib\win64.o\libboost_program_options.dll
0x00007ffba0530000 - 0x00007ffba0636000 	C:\Xilinx\SDK\2016.4\lib\win64.o\libboost_regex.dll
0x00007ffbc01f0000 - 0x00007ffbc0203000 	C:\Xilinx\SDK\2016.4\lib\win64.o\libboost_signals.dll
0x00007ffbc5300000 - 0x00007ffbc5309000 	C:\Xilinx\SDK\2016.4\lib\win64.o\libboost_system.dll
0x00007ffbbee70000 - 0x00007ffbbee8d000 	C:\Xilinx\SDK\2016.4\lib\win64.o\libboost_thread.dll
0x00007ffbc4f80000 - 0x00007ffbc4f8b000 	C:\Xilinx\SDK\2016.4\lib\win64.o\libboost_xilinx.dll
0x00007ffba13b0000 - 0x00007ffba1430000 	C:\Xilinx\SDK\2016.4\lib\win64.o\libhdlpsolve.dll
0x00007ffb9fdb0000 - 0x00007ffb9fe4a000 	C:\Xilinx\SDK\2016.4\lib\win64.o\libhdxml.dll
0x00007ffb720e0000 - 0x00007ffb724a9000 	C:\Xilinx\SDK\2016.4\lib\win64.o\libisl_iostreams.dll
0x00007ffbbee50000 - 0x00007ffbbee65000 	C:\Xilinx\SDK\2016.4\lib\win64.o\pthreadVC2.dll
0x00007ffb9c630000 - 0x00007ffb9c760000 	C:\Xilinx\SDK\2016.4\lib\win64.o\librdi_curl.dll
0x00007ffbbe770000 - 0x00007ffbbe788000 	C:\Xilinx\SDK\2016.4\lib\win64.o\librdiconfig.dll
0x0000000064ee0000 - 0x0000000065007000 	C:\Xilinx\SDK\2016.4\lib\win64.o\tcl85t.dll
0x00007ffbbe750000 - 0x00007ffbbe76f000 	C:\Xilinx\SDK\2016.4\lib\win64.o\librdizlib.dll
0x00000000255b0000 - 0x0000000025813000 	C:\Xilinx\SDK\2016.4\lib\win64.o\xerces-c_3_1.dll
0x00007ffbc63e0000 - 0x00007ffbc65a3000 	C:\WINDOWS\SYSTEM32\urlmon.dll
0x00007ffbbe810000 - 0x00007ffbbe833000 	C:\WINDOWS\SYSTEM32\VCOMP110.DLL
0x00007ffba1360000 - 0x00007ffba13a3000 	C:\Xilinx\SDK\2016.4\lib\win64.o\librdi_hdf.dll
0x00007ffb71e10000 - 0x00007ffb720d8000 	C:\Xilinx\SDK\2016.4\lib\win64.o\librdi_ippcw.dll
0x00007ffbc3740000 - 0x00007ffbc3758000 	C:\WINDOWS\SYSTEM32\NETAPI32.dll
0x00007ffbc4ee0000 - 0x00007ffbc4eeb000 	C:\Xilinx\SDK\2016.4\lib\win64.o\libboost_chrono.dll
0x00007ffbb1a00000 - 0x00007ffbb1a23000 	C:\Xilinx\SDK\2016.4\lib\win64.o\libisl_iosutils.dll
0x00007ffbc8260000 - 0x00007ffbc8505000 	C:\WINDOWS\SYSTEM32\iertutil.dll
0x00007ffbbe730000 - 0x00007ffbbe746000 	C:\Xilinx\SDK\2016.4\lib\win64.o\libboost_iostreams.dll
0x00007ffbbd110000 - 0x00007ffbbd152000 	C:\WINDOWS\SYSTEM32\edputil.dll
0x0000000071100000 - 0x0000000071125000 	C:\Users\11401393\.jssc\windows\jSSC-2.8_x86_64.dll
0x00007ffbc4df0000 - 0x00007ffbc4dfa000 	C:\Xilinx\SDK\2016.4\lib\win64.o\librdi_jtag_settings.dll
0x00007ffbb0260000 - 0x00007ffbb0289000 	C:\Xilinx\SDK\2016.4\lib\win64.o\librdi_debug_dialog.dll
0x00007ffbc2ba0000 - 0x00007ffbc2ba8000 	C:\Xilinx\SDK\2016.4\lib\win64.o\librdi_target_manager.dll
0x00007ffbd02a0000 - 0x00007ffbd031a000 	C:\WINDOWS\system32\apphelp.dll
0x00007ffbb04b0000 - 0x00007ffbb0cc0000 	C:\Xilinx\SDK\2016.4\lib\win64.o\libXil_lmgr11FNP.dll

VM Arguments:
jvm_args: -Dcom.xilinx.sdk.args.hwspec=C:/Users/11401393/Desktop/NCO_audio_output/Vivado_BD_SDK/Aansturing_Audio_output/Aansturing_Audio_output.sdk/design_1_wrapper.hdf -Xms64m -Xmx512m & 
java_command: <unknown>
java_class_path (initial): C:\Xilinx\SDK\2016.4\eclipse\win64.o\\plugins/org.eclipse.equinox.launcher_1.3.100.v20150511-1540.jar
Launcher Type: generic

Environment Variables:
USERNAME=11401393
OS=Windows_NT
PROCESSOR_IDENTIFIER=Intel64 Family 6 Model 60 Stepping 3, GenuineIntel



---------------  S Y S T E M  ---------------

OS: Windows 10.0 , 64 bit Build 14393 (10.0.14393.1198)

CPU:total 4 (2 cores per cpu, 2 threads per core) family 6 model 60 stepping 3, cmov, cx8, fxsr, mmx, sse, sse2, sse3, ssse3, sse4.1, sse4.2, popcnt, avx, avx2, aes, clmul, erms, lzcnt, ht, tsc, tscinvbit, bmi1, bmi2

Memory: 4k page, physical 8299628k(3925696k free), swap 13534952k(4787872k free)

vm_info: Java HotSpot(TM) 64-Bit Server VM (25.66-b18) for windows-amd64 JRE (1.8.0_66-b18), built on Nov  9 2015 10:51:13 by "java_re" with MS VC++ 10.0 (VS2010)

time: Sat Jun 10 21:23:57 2017
elapsed time: 2124 seconds (0d 0h 35m 24s)

