#
# A fatal error has been detected by the Java Runtime Environment:
#
#  Internal Error (0xc000000d), pid=18404, tid=16736
#
# JRE version: Java(TM) SE Runtime Environment (8.0_66-b18) (build 1.8.0_66-b18)
# Java VM: Java HotSpot(TM) 64-Bit Server VM (25.66-b18 mixed mode windows-amd64 compressed oops)
# Problematic frame:
# C  [ntdll.dll+0xff44c]
#
# Failed to write core dump. Minidumps are not enabled by default on client versions of Windows
#
# If you would like to submit a bug report, please visit:
#   http://bugreport.java.com/bugreport/crash.jsp
#

---------------  T H R E A D  ---------------

Current thread (0x0000000013c77000):  VMThread [stack: 0x0000000014d20000,0x0000000014e20000] [id=16736]

siginfo: ExceptionCode=0xc000000d

Registers:
RAX=0x0000000000000000, RBX=0xfffffffffffffffe, RCX=0x0000000000000000, RDX=0x0000000000000000
RSP=0x0000000014e1f470, RBP=0x00007ffbc7f17444, RSI=0x0000000000000000, RDI=0x0000000000000d08
R8 =0x0000000000000000, R9 =0x0000000000020000, R10=0x0000000014e1ef50, R11=0x0000000014e1ef50
R12=0x00000000262e5490, R13=0x00000000222d7b20, R14=0x00000000262e5598, R15=0x0000000014e1f5e8
RIP=0x00007ffbd599f44c, EFLAGS=0x0000000000000202

Top of Stack: (sp=0x0000000014e1f470)
0x0000000014e1f470:   0000000000000057 fffffffffffffffe
0x0000000014e1f480:   0000000000000000 0000000000000d08
0x0000000014e1f490:   00000000c000000d 0000000000000000
0x0000000014e1f4a0:   00007ffbd599f44c 0000000000000000
0x0000000014e1f4b0:   0000000000000000 0000000000000000
0x0000000014e1f4c0:   0000000000000000 0000000000000000
0x0000000014e1f4d0:   0000000000000000 0000000000000000
0x0000000014e1f4e0:   0000000000000000 0000000000000000
0x0000000014e1f4f0:   0000000000000000 0000000000000000
0x0000000014e1f500:   0000000000000000 0000000000000000
0x0000000014e1f510:   0000000000000000 0000000000000000
0x0000000014e1f520:   0000000000000000 0000000000000000
0x0000000014e1f530:   000015e4468164f2 0000000000000400
0x0000000014e1f540:   0000000900000020 00007ffbd596150d
0x0000000014e1f550:   0000000900000000 0000000000000000
0x0000000014e1f560:   004e00520045004b 00320033004c0045 

Instructions: (pc=0x00007ffbd599f44c)
0x00007ffbd599f42c:   d5 fa ff c7 44 24 20 0d 00 00 c0 b9 57 00 00 00
0x00007ffbd599f43c:   e8 7f 13 f6 ff 90 48 8d 4c 24 20 e8 04 bf f4 ff
0x00007ffbd599f44c:   eb 00 48 8b 8c 24 c0 00 00 00 48 33 cc e8 82 74
0x00007ffbd599f45c:   f9 ff 48 81 c4 d8 00 00 00 c3 40 55 48 83 ec 20 


Register to memory mapping:

RAX=0x0000000000000000 is an unknown value
RBX=0xfffffffffffffffe is an unknown value
RCX=0x0000000000000000 is an unknown value
RDX=0x0000000000000000 is an unknown value
RSP=0x0000000014e1f470 is an unknown value
RBP=0x00007ffbc7f17444 is an unknown value
RSI=0x0000000000000000 is an unknown value
RDI=0x0000000000000d08 is an unknown value
R8 =0x0000000000000000 is an unknown value
R9 =0x0000000000020000 is an unknown value
R10=0x0000000014e1ef50 is an unknown value
R11=0x0000000014e1ef50 is an unknown value
R12=0x00000000262e5490 is an unknown value
R13=0x00000000222d7b20 is an unknown value
R14=0x00000000262e5598 is an unknown value
R15=0x0000000014e1f5e8 is an unknown value


Stack: [0x0000000014d20000,0x0000000014e20000],  sp=0x0000000014e1f470,  free space=1021k
Native frames: (J=compiled Java code, j=interpreted, Vv=VM code, C=native code)
C  [ntdll.dll+0xff44c]
C  [ntdll.dll+0xc150d]
C  [KERNEL32.DLL+0x1fafa]
C  [MSVCR110.dll+0x756a]
C  [MSVCR110.dll+0x7402]
C  [MSVCR110.dll+0x14a32]
C  [MSVCR110.dll+0x13c44]
C  [MSVCR110.dll+0x239e]
C  [MSVCR110.dll+0xabfe]
C  [MSVCP110.dll+0x3986d]
C  [librdi_common.dll+0x183a66]
C  [librdi_common.dll+0x1826fb]
C  [librdi_target_manager.dll+0x2400]
C  [librdi_target_manager.dll+0x2682]
C  [ntdll.dll+0x2a35f]
C  [ntdll.dll+0x806b]
C  [ntdll.dll+0x7d94]
C  [KERNEL32.DLL+0x1ce6a]
C  [MSVCR100.dll+0x20ccd]
V  [jvm.dll+0x210cc5]
V  [jvm.dll+0x249897]
V  [jvm.dll+0x248b36]
V  [jvm.dll+0x248fd1]
V  [jvm.dll+0x2491ee]
V  [jvm.dll+0x29a0fa]
C  [MSVCR100.dll+0x21d9f]
C  [MSVCR100.dll+0x21e3b]
C  [KERNEL32.DLL+0x8364]
C  [ntdll.dll+0x670d1]

VM_Operation (0x000000000014f4c0): Exit, mode: safepoint, requested by thread 0x00000000026e2800


---------------  P R O C E S S  ---------------

Java Threads: ( => current thread )
  0x0000000019b18000 JavaThread "EventThread COM5" [_thread_blocked, id=24140, stack(0x000000003db10000,0x000000003dc10000)]
  0x000000001917c000 JavaThread "Thread-310" daemon [_thread_blocked, id=21444, stack(0x000000003d010000,0x000000003d110000)]
  0x000000001da81000 JavaThread "EventThread COM5" [_thread_blocked, id=15644, stack(0x0000000037710000,0x0000000037810000)]
  0x000000001da7f800 JavaThread "EventThread COM5" [_thread_blocked, id=22300, stack(0x0000000024050000,0x0000000024150000)]
  0x000000001da7e800 JavaThread "TCF Channel Transmitter" daemon [_thread_blocked, id=2140, stack(0x0000000023b50000,0x0000000023c50000)]
  0x000000001da7e000 JavaThread "TCF Channel Receiver" daemon [_thread_in_native, id=16608, stack(0x0000000023a50000,0x0000000023b50000)]
  0x0000000019b19800 JavaThread "Process monitor" daemon [_thread_in_native, id=21700, stack(0x0000000023750000,0x0000000023850000)]
  0x0000000019b14000 JavaThread "Input Stream Monitor" daemon [_thread_blocked, id=4952, stack(0x0000000023650000,0x0000000023750000)]
  0x0000000019b18800 JavaThread "Output Stream Monitor" daemon [_thread_in_native, id=10648, stack(0x0000000023550000,0x0000000023650000)]
  0x0000000019b11000 JavaThread "Output Stream Monitor" daemon [_thread_in_native, id=17812, stack(0x0000000023450000,0x0000000023550000)]
  0x0000000019b10800 JavaThread "TCF Locator DNS Lookup" daemon [_thread_blocked, id=2716, stack(0x0000000021040000,0x0000000021140000)]
  0x0000000019b0d800 JavaThread "TCF Locator Timer" daemon [_thread_blocked, id=11592, stack(0x0000000020f40000,0x0000000021040000)]
  0x0000000019b0c000 JavaThread "TCF Locator Receiver" daemon [_thread_in_native, id=19292, stack(0x0000000020e40000,0x0000000020f40000)]
  0x0000000019b0f000 JavaThread "TCF Timer Dispatcher" daemon [_thread_blocked, id=22232, stack(0x0000000020c40000,0x0000000020d40000)]
  0x0000000017112000 JavaThread "EMF Reference Cleaner" daemon [_thread_blocked, id=14560, stack(0x0000000018470000,0x0000000018570000)]
  0x0000000013d0e800 JavaThread "Service Thread" daemon [_thread_blocked, id=17516, stack(0x0000000015a20000,0x0000000015b20000)]
  0x0000000013cbf000 JavaThread "C1 CompilerThread2" daemon [_thread_blocked, id=17076, stack(0x0000000015520000,0x0000000015620000)]
  0x0000000013cba000 JavaThread "C2 CompilerThread1" daemon [_thread_blocked, id=18424, stack(0x0000000015420000,0x0000000015520000)]
  0x0000000013cb2000 JavaThread "C2 CompilerThread0" daemon [_thread_blocked, id=12612, stack(0x0000000015320000,0x0000000015420000)]
  0x0000000013cae800 JavaThread "Attach Listener" daemon [_thread_blocked, id=21232, stack(0x0000000015220000,0x0000000015320000)]
  0x0000000013cad800 JavaThread "Signal Dispatcher" daemon [_thread_blocked, id=20648, stack(0x0000000015120000,0x0000000015220000)]
  0x00000000027d8000 JavaThread "Finalizer" daemon [_thread_blocked, id=22968, stack(0x0000000014f20000,0x0000000015020000)]
  0x00000000027cf800 JavaThread "Reference Handler" daemon [_thread_blocked, id=16112, stack(0x0000000014e20000,0x0000000014f20000)]
  0x00000000026e2800 JavaThread "main" [_thread_blocked, id=20800, stack(0x0000000000050000,0x0000000000150000)]

Other Threads:
=>0x0000000013c77000 VMThread [stack: 0x0000000014d20000,0x0000000014e20000] [id=16736]

VM state:at safepoint (shutting down)

VM Mutex/Monitor currently owned by a thread:  ([mutex/lock_event])
[0x000000000288dfb0] Threads_lock - owner thread: 0x0000000013c77000

Heap:
 PSYoungGen      total 28160K, used 26488K [0x00000000f5580000, 0x00000000f7380000, 0x0000000100000000)
  eden space 27136K, 93% used [0x00000000f5580000,0x00000000f6e606e8,0x00000000f7000000)
  from space 1024K, 99% used [0x00000000f7180000,0x00000000f727dba0,0x00000000f7280000)
  to   space 1536K, 0% used [0x00000000f7000000,0x00000000f7000000,0x00000000f7180000)
 ParOldGen       total 110592K, used 102132K [0x00000000e0000000, 0x00000000e6c00000, 0x00000000f5580000)
  object space 110592K, 92% used [0x00000000e0000000,0x00000000e63bd0c8,0x00000000e6c00000)
 Metaspace       used 89028K, capacity 96250K, committed 96600K, reserved 1132544K
  class space    used 10552K, capacity 12794K, committed 12888K, reserved 1048576K

Card table byte_map: [0x0000000011c50000,0x0000000011d60000] byte_map_base: 0x0000000011550000

Marking Bits: (ParMarkBitMap*) 0x000000006581a5b0
 Begin Bits: [0x0000000012210000, 0x0000000012a10000)
 End Bits:   [0x0000000012a10000, 0x0000000013210000)

Polling page: 0x0000000000490000

CodeCache: size=245760Kb used=42753Kb max_used=42884Kb free=203006Kb
 bounds [0x0000000002890000, 0x00000000052c0000, 0x0000000011890000]
 total_blobs=12495 nmethods=11592 adapters=809
 compilation: enabled

Compilation events (10 events):
Event: 2250.081 Thread 0x0000000013cbf000 14540       3       org.eclipse.osgi.internal.framework.EquinoxContainerAdaptor::invalidateWiring (186 bytes)
Event: 2250.084 Thread 0x0000000013cbf000 nmethod 14540 0x0000000003b73a10 code [0x0000000003b73de0, 0x0000000003b76758]
Event: 2250.084 Thread 0x0000000013cbf000 14543   !   3       org.eclipse.osgi.storage.BundleInfo$Generation::clearManifestCache (30 bytes)
Event: 2250.085 Thread 0x0000000013cbf000 nmethod 14543 0x00000000043a12d0 code [0x00000000043a1460, 0x00000000043a1aa8]
Event: 2250.085 Thread 0x0000000013cbf000 14541   !   3       org.eclipse.osgi.container.ModuleDatabase::getRevisionsTimestamp (25 bytes)
Event: 2250.085 Thread 0x0000000013cbf000 nmethod 14541 0x000000000439fcd0 code [0x000000000439fee0, 0x00000000043a0c18]
Event: 2250.085 Thread 0x0000000013cbf000 14542       3       org.eclipse.osgi.internal.framework.EquinoxContainerAdaptor::clearManifestCache (84 bytes)
Event: 2250.087 Thread 0x0000000013cbf000 nmethod 14542 0x0000000003b71750 code [0x0000000003b719a0, 0x0000000003b730b8]
Event: 2250.087 Thread 0x0000000013cbf000 14539       3       sun.misc.Unsafe::getAndSetObject (24 bytes)
Event: 2250.087 Thread 0x0000000013cbf000 nmethod 14539 0x000000000439f890 code [0x000000000439fa00, 0x000000000439fc10]

GC Heap History (10 events):
Event: 2246.740 GC heap before
{Heap before GC invocations=2041 (full 3):
 PSYoungGen      total 27136K, used 26752K [0x00000000f5580000, 0x00000000f7100000, 0x0000000100000000)
  eden space 26624K, 100% used [0x00000000f5580000,0x00000000f6f80000,0x00000000f6f80000)
  from space 512K, 25% used [0x00000000f7000000,0x00000000f7020000,0x00000000f7080000)
  to   space 512K, 0% used [0x00000000f7080000,0x00000000f7080000,0x00000000f7100000)
 ParOldGen       total 110592K, used 101797K [0x00000000e0000000, 0x00000000e6c00000, 0x00000000f5580000)
  object space 110592K, 92% used [0x00000000e0000000,0x00000000e63697e0,0x00000000e6c00000)
 Metaspace       used 88277K, capacity 95568K, committed 95704K, reserved 1132544K
  class space    used 10469K, capacity 12697K, committed 12760K, reserved 1048576K
Event: 2246.744 GC heap after
Heap after GC invocations=2041 (full 3):
 PSYoungGen      total 27136K, used 224K [0x00000000f5580000, 0x00000000f7100000, 0x0000000100000000)
  eden space 26624K, 0% used [0x00000000f5580000,0x00000000f5580000,0x00000000f6f80000)
  from space 512K, 43% used [0x00000000f7080000,0x00000000f70b8000,0x00000000f7100000)
  to   space 512K, 0% used [0x00000000f7000000,0x00000000f7000000,0x00000000f7080000)
 ParOldGen       total 110592K, used 101805K [0x00000000e0000000, 0x00000000e6c00000, 0x00000000f5580000)
  object space 110592K, 92% used [0x00000000e0000000,0x00000000e636b7e0,0x00000000e6c00000)
 Metaspace       used 88277K, capacity 95568K, committed 95704K, reserved 1132544K
  class space    used 10469K, capacity 12697K, committed 12760K, reserved 1048576K
}
Event: 2247.274 GC heap before
{Heap before GC invocations=2042 (full 3):
 PSYoungGen      total 27136K, used 26848K [0x00000000f5580000, 0x00000000f7100000, 0x0000000100000000)
  eden space 26624K, 100% used [0x00000000f5580000,0x00000000f6f80000,0x00000000f6f80000)
  from space 512K, 43% used [0x00000000f7080000,0x00000000f70b8000,0x00000000f7100000)
  to   space 512K, 0% used [0x00000000f7000000,0x00000000f7000000,0x00000000f7080000)
 ParOldGen       total 110592K, used 101805K [0x00000000e0000000, 0x00000000e6c00000, 0x00000000f5580000)
  object space 110592K, 92% used [0x00000000e0000000,0x00000000e636b7e0,0x00000000e6c00000)
 Metaspace       used 88478K, capacity 95792K, committed 95960K, reserved 1132544K
  class space    used 10498K, capacity 12729K, committed 12760K, reserved 1048576K
Event: 2247.282 GC heap after
Heap after GC invocations=2042 (full 3):
 PSYoungGen      total 27136K, used 510K [0x00000000f5580000, 0x00000000f7100000, 0x0000000100000000)
  eden space 26624K, 0% used [0x00000000f5580000,0x00000000f5580000,0x00000000f6f80000)
  from space 512K, 99% used [0x00000000f7000000,0x00000000f707fb38,0x00000000f7080000)
  to   space 512K, 0% used [0x00000000f7080000,0x00000000f7080000,0x00000000f7100000)
 ParOldGen       total 110592K, used 101954K [0x00000000e0000000, 0x00000000e6c00000, 0x00000000f5580000)
  object space 110592K, 92% used [0x00000000e0000000,0x00000000e63908d0,0x00000000e6c00000)
 Metaspace       used 88478K, capacity 95792K, committed 95960K, reserved 1132544K
  class space    used 10498K, capacity 12729K, committed 12760K, reserved 1048576K
}
Event: 2247.949 GC heap before
{Heap before GC invocations=2043 (full 3):
 PSYoungGen      total 27136K, used 27134K [0x00000000f5580000, 0x00000000f7100000, 0x0000000100000000)
  eden space 26624K, 100% used [0x00000000f5580000,0x00000000f6f80000,0x00000000f6f80000)
  from space 512K, 99% used [0x00000000f7000000,0x00000000f707fb38,0x00000000f7080000)
  to   space 512K, 0% used [0x00000000f7080000,0x00000000f7080000,0x00000000f7100000)
 ParOldGen       total 110592K, used 101954K [0x00000000e0000000, 0x00000000e6c00000, 0x00000000f5580000)
  object space 110592K, 92% used [0x00000000e0000000,0x00000000e63908d0,0x00000000e6c00000)
 Metaspace       used 88502K, capacity 95798K, committed 95960K, reserved 1132544K
  class space    used 10500K, capacity 12730K, committed 12760K, reserved 1048576K
Event: 2247.963 GC heap after
Heap after GC invocations=2043 (full 3):
 PSYoungGen      total 27136K, used 496K [0x00000000f5580000, 0x00000000f7280000, 0x0000000100000000)
  eden space 26624K, 0% used [0x00000000f5580000,0x00000000f5580000,0x00000000f6f80000)
  from space 512K, 96% used [0x00000000f7080000,0x00000000f70fc010,0x00000000f7100000)
  to   space 1024K, 0% used [0x00000000f6f80000,0x00000000f6f80000,0x00000000f7080000)
 ParOldGen       total 110592K, used 101994K [0x00000000e0000000, 0x00000000e6c00000, 0x00000000f5580000)
  object space 110592K, 92% used [0x00000000e0000000,0x00000000e639a8d0,0x00000000e6c00000)
 Metaspace       used 88502K, capacity 95798K, committed 95960K, reserved 1132544K
  class space    used 10500K, capacity 12730K, committed 12760K, reserved 1048576K
}
Event: 2248.729 GC heap before
{Heap before GC invocations=2044 (full 3):
 PSYoungGen      total 27136K, used 27120K [0x00000000f5580000, 0x00000000f7280000, 0x0000000100000000)
  eden space 26624K, 100% used [0x00000000f5580000,0x00000000f6f80000,0x00000000f6f80000)
  from space 512K, 96% used [0x00000000f7080000,0x00000000f70fc010,0x00000000f7100000)
  to   space 1024K, 0% used [0x00000000f6f80000,0x00000000f6f80000,0x00000000f7080000)
 ParOldGen       total 110592K, used 101994K [0x00000000e0000000, 0x00000000e6c00000, 0x00000000f5580000)
  object space 110592K, 92% used [0x00000000e0000000,0x00000000e639a8d0,0x00000000e6c00000)
 Metaspace       used 88688K, capacity 95958K, committed 96344K, reserved 1132544K
  class space    used 10516K, capacity 12762K, committed 12888K, reserved 1048576K
Event: 2248.735 GC heap after
Heap after GC invocations=2044 (full 3):
 PSYoungGen      total 27648K, used 1024K [0x00000000f5580000, 0x00000000f7280000, 0x0000000100000000)
  eden space 26624K, 0% used [0x00000000f5580000,0x00000000f5580000,0x00000000f6f80000)
  from space 1024K, 100% used [0x00000000f6f80000,0x00000000f7080000,0x00000000f7080000)
  to   space 1024K, 0% used [0x00000000f7180000,0x00000000f7180000,0x00000000f7280000)
 ParOldGen       total 110592K, used 102106K [0x00000000e0000000, 0x00000000e6c00000, 0x00000000f5580000)
  object space 110592K, 92% used [0x00000000e0000000,0x00000000e63b68d0,0x00000000e6c00000)
 Metaspace       used 88688K, capacity 95958K, committed 96344K, reserved 1132544K
  class space    used 10516K, capacity 12762K, committed 12888K, reserved 1048576K
}
Event: 2249.403 GC heap before
{Heap before GC invocations=2045 (full 3):
 PSYoungGen      total 27648K, used 27648K [0x00000000f5580000, 0x00000000f7280000, 0x0000000100000000)
  eden space 26624K, 100% used [0x00000000f5580000,0x00000000f6f80000,0x00000000f6f80000)
  from space 1024K, 100% used [0x00000000f6f80000,0x00000000f7080000,0x00000000f7080000)
  to   space 1024K, 0% used [0x00000000f7180000,0x00000000f7180000,0x00000000f7280000)
 ParOldGen       total 110592K, used 102106K [0x00000000e0000000, 0x00000000e6c00000, 0x00000000f5580000)
  object space 110592K, 92% used [0x00000000e0000000,0x00000000e63b68d0,0x00000000e6c00000)
 Metaspace       used 88844K, capacity 96058K, committed 96344K, reserved 1132544K
  class space    used 10532K, capacity 12794K, committed 12888K, reserved 1048576K
Event: 2249.408 GC heap after
Heap after GC invocations=2045 (full 3):
 PSYoungGen      total 28160K, used 1014K [0x00000000f5580000, 0x00000000f7380000, 0x0000000100000000)
  eden space 27136K, 0% used [0x00000000f5580000,0x00000000f5580000,0x00000000f7000000)
  from space 1024K, 99% used [0x00000000f7180000,0x00000000f727dba0,0x00000000f7280000)
  to   space 1536K, 0% used [0x00000000f7000000,0x00000000f7000000,0x00000000f7180000)
 ParOldGen       total 110592K, used 102132K [0x00000000e0000000, 0x00000000e6c00000, 0x00000000f5580000)
  object space 110592K, 92% used [0x00000000e0000000,0x00000000e63bd0c8,0x00000000e6c00000)
 Metaspace       used 88844K, capacity 96058K, committed 96344K, reserved 1132544K
  class space    used 10532K, capacity 12794K, committed 12888K, reserved 1048576K
}

Deoptimization events (10 events):
Event: 2248.865 Thread 0x0000000015e29800 Uncommon trap: reason=array_check action=maybe_recompile pc=0x00000000052b73d8 method=java.util.Arrays.fill([Ljava/lang/Object;Ljava/lang/Object;)V @ 13
Event: 2248.866 Thread 0x0000000015e29800 Uncommon trap: reason=array_check action=maybe_recompile pc=0x00000000052b73d8 method=java.util.Arrays.fill([Ljava/lang/Object;Ljava/lang/Object;)V @ 13
Event: 2248.897 Thread 0x0000000015f3f000 Uncommon trap: reason=unstable_if action=reinterpret pc=0x0000000004f4b2cc method=org.eclipse.core.internal.localstore.FileSystemResourceManager.getStoreRoot(Lorg/eclipse/core/resources/IResource;)Lorg/eclipse/core/internal/localstore/FileStoreRoot; @ 17
Event: 2248.897 Thread 0x0000000015f3f000 Uncommon trap: reason=unstable_if action=reinterpret pc=0x00000000050e4a6c method=org.eclipse.core.internal.localstore.FileStoreRoot.getManager(Lorg/eclipse/core/runtime/IPath;)Lorg/eclipse/core/resources/IPathVariableManager; @ 18
Event: 2248.898 Thread 0x0000000015f3f000 Uncommon trap: reason=unstable_if action=reinterpret pc=0x00000000050d6d74 method=org.eclipse.core.internal.localstore.FileStoreRoot.getManager(Lorg/eclipse/core/runtime/IPath;)Lorg/eclipse/core/resources/IPathVariableManager; @ 18
Event: 2248.899 Thread 0x0000000015f3f000 Uncommon trap: reason=unstable_if action=reinterpret pc=0x0000000004d4dda4 method=org.eclipse.swt.graphics.Resource.dispose()V @ 15
Event: 2248.907 Thread 0x0000000015f3f000 Uncommon trap: reason=unstable_if action=reinterpret pc=0x000000000480d808 method=org.eclipse.ui.PlatformUI.isWorkbenchRunning()Z @ 12
Event: 2249.618 Thread 0x0000000015f3f000 Uncommon trap: reason=unstable_if action=reinterpret pc=0x000000000363f060 method=org.eclipse.osgi.internal.hooks.EclipseLazyStarter.shouldActivateFor(Ljava/lang/String;Lorg/eclipse/osgi/container/Module;Lorg/eclipse/osgi/container/ModuleRevision;Lorg/eclitﬂÇª@ì°@
Event: 2249.626 Thread 0x0000000015f43800 Uncommon trap: reason=unstable_if action=reinterpret pc=0x00000000048b7e94 method=org.eclipse.core.internal.jobs.JobManager.startJob(Lorg/eclipse/core/internal/jobs/Worker;)Lorg/eclipse/core/runtime/jobs/Job; @ 20
Event: 2249.635 Thread 0x0000000015e29800 Uncommon trap: reason=unstable_if action=reinterpret pc=0x0000000003301fd0 method=org.eclipse.osgi.internal.framework.BundleContextImpl.dispatchEvent(Ljava/lang/Object;Ljava/lang/Object;ILjava/lang/Object;)V @ 16

Internal exceptions (10 events):
Event: 2248.559 Thread 0x00000000026e2800 Exception <a 'java/io/FileNotFoundException'> (0x00000000f69eef58) thrown at [C:\re\workspace\8-2-build-windows-amd64-cygwin\jdk8u66\5298\hotspot\src\share\vm\prims\jni.cpp, line 709]
Event: 2248.560 Thread 0x00000000026e2800 Exception <a 'java/io/FileNotFoundException'> (0x00000000f69f1238) thrown at [C:\re\workspace\8-2-build-windows-amd64-cygwin\jdk8u66\5298\hotspot\src\share\vm\prims\jni.cpp, line 709]
Event: 2248.560 Thread 0x00000000026e2800 Exception <a 'java/io/FileNotFoundException'> (0x00000000f69f34b8) thrown at [C:\re\workspace\8-2-build-windows-amd64-cygwin\jdk8u66\5298\hotspot\src\share\vm\prims\jni.cpp, line 709]
Event: 2248.560 Thread 0x00000000026e2800 Exception <a 'java/io/FileNotFoundException'> (0x00000000f69f5740) thrown at [C:\re\workspace\8-2-build-windows-amd64-cygwin\jdk8u66\5298\hotspot\src\share\vm\prims\jni.cpp, line 709]
Event: 2248.560 Thread 0x00000000026e2800 Exception <a 'java/io/FileNotFoundException'> (0x00000000f69f7b28) thrown at [C:\re\workspace\8-2-build-windows-amd64-cygwin\jdk8u66\5298\hotspot\src\share\vm\prims\jni.cpp, line 709]
Event: 2248.867 Thread 0x000000001da8a000 Exception <a 'java/lang/InterruptedException'> (0x00000000f5c1b078) thrown at [C:\re\workspace\8-2-build-windows-amd64-cygwin\jdk8u66\5298\hotspot\src\share\vm\runtime\objectMonitor.cpp, line 1683]
Event: 2250.022 Thread 0x000000001917e000 Exception <a 'java/lang/InterruptedException'> (0x00000000f6a676c8) thrown at [C:\re\workspace\8-2-build-windows-amd64-cygwin\jdk8u66\5298\hotspot\src\share\vm\runtime\objectMonitor.cpp, line 1683]
Event: 2250.059 Thread 0x0000000015e29800 Exception <a 'java/lang/InterruptedException'> (0x00000000f6754ad0) thrown at [C:\re\workspace\8-2-build-windows-amd64-cygwin\jdk8u66\5298\hotspot\src\share\vm\runtime\objectMonitor.cpp, line 1683]
Event: 2250.077 Thread 0x0000000019180800 Exception <a 'java/lang/InterruptedException'> (0x00000000f5ca1950) thrown at [C:\re\workspace\8-2-build-windows-amd64-cygwin\jdk8u66\5298\hotspot\src\share\vm\runtime\objectMonitor.cpp, line 1683]
Event: 2250.078 Thread 0x000000001653c800 Exception <a 'java/lang/InterruptedException'> (0x00000000f6d3d9a8) thrown at [C:\re\workspace\8-2-build-windows-amd64-cygwin\jdk8u66\5298\hotspot\src\share\vm\runtime\objectMonitor.cpp, line 1683]

Events (10 events):
Event: 2250.079 Executing VM operation: RevokeBias
Event: 2250.080 Executing VM operation: RevokeBias done
Event: 2250.082 Thread 0x0000000015f3f000 Thread exited: 0x0000000015f3f000
Event: 2250.088 loading class java/util/IdentityHashMap$KeyIterator
Event: 2250.088 loading class java/util/IdentityHashMap$IdentityHashMapIterator
Event: 2250.089 loading class java/util/IdentityHashMap$IdentityHashMapIterator done
Event: 2250.089 loading class java/util/IdentityHashMap$KeyIterator done
Event: 2250.089 Thread 0x0000000015f3f800 Thread added: 0x0000000015f3f800
Event: 2250.103 Thread 0x0000000015f3f800 Thread exited: 0x0000000015f3f800
Event: 2250.104 Executing VM operation: Exit


Dynamic libraries:
0x0000000000400000 - 0x000000000044f000 	C:\Xilinx\SDK\2016.4\eclipse\win64.o\eclipse.exe
0x00007ffbd58a0000 - 0x00007ffbd5a71000 	C:\WINDOWS\SYSTEM32\ntdll.dll
0x00007ffbd53d0000 - 0x00007ffbd547c000 	C:\WINDOWS\System32\KERNEL32.DLL
0x00007ffbd2080000 - 0x00007ffbd229d000 	C:\WINDOWS\System32\KERNELBASE.dll
0x00007ffbd4cc0000 - 0x00007ffbd4e25000 	C:\WINDOWS\System32\USER32.dll
0x00007ffbd1de0000 - 0x00007ffbd1dfe000 	C:\WINDOWS\System32\win32u.dll
0x00007ffbd2ec0000 - 0x00007ffbd2ef4000 	C:\WINDOWS\System32\GDI32.dll
0x00007ffbd22a0000 - 0x00007ffbd2422000 	C:\WINDOWS\System32\gdi32full.dll
0x00007ffbd5750000 - 0x00007ffbd57ee000 	C:\WINDOWS\System32\msvcrt.dll
0x00007ffbc6820000 - 0x00007ffbc6a9a000 	C:\WINDOWS\WinSxS\amd64_microsoft.windows.common-controls_6595b64144ccf1df_6.0.14393.953_none_42151e83c686086b\COMCTL32.dll
0x00007ffbd5480000 - 0x00007ffbd5748000 	C:\WINDOWS\System32\combase.dll
0x00007ffbd1f10000 - 0x00007ffbd2005000 	C:\WINDOWS\System32\ucrtbase.dll
0x00007ffbd5050000 - 0x00007ffbd5171000 	C:\WINDOWS\System32\RPCRT4.dll
0x00007ffbd2010000 - 0x00007ffbd207a000 	C:\WINDOWS\System32\bcryptPrimitives.dll
0x00007ffbd52e0000 - 0x00007ffbd530e000 	C:\WINDOWS\System32\IMM32.DLL
0x0000000072000000 - 0x0000000072012000 	C:\Xilinx\SDK\2016.4\eclipse\win64.o\plugins\org.eclipse.equinox.launcher.win32.win32.x86_64_1.1.300.v20150602-1417\eclipse_1611.dll
0x00007ffbd57f0000 - 0x00007ffbd5892000 	C:\WINDOWS\System32\ADVAPI32.dll
0x00007ffbd2e50000 - 0x00007ffbd2ea9000 	C:\WINDOWS\System32\sechost.dll
0x00007ffbc2050000 - 0x00007ffbc205a000 	C:\WINDOWS\SYSTEM32\VERSION.dll
0x00007ffbd0480000 - 0x00007ffbd0515000 	C:\WINDOWS\system32\uxtheme.dll
0x00007ffbd2fa0000 - 0x00007ffbd30fa000 	C:\WINDOWS\System32\MSCTF.dll
0x00007ffbd5310000 - 0x00007ffbd53cf000 	C:\WINDOWS\System32\OLEAUT32.dll
0x00007ffbd2b10000 - 0x00007ffbd2bac000 	C:\WINDOWS\System32\msvcp_win.dll
0x0000000065010000 - 0x0000000065899000 	C:\Xilinx\SDK\2016.4\tps\win64\jre\bin\server\jvm.dll
0x00007ffbd3240000 - 0x00007ffbd3248000 	C:\WINDOWS\System32\PSAPI.DLL
0x00007ffbc16f0000 - 0x00007ffbc16f9000 	C:\WINDOWS\SYSTEM32\WSOCK32.dll
0x00007ffbcfdd0000 - 0x00007ffbcfdf3000 	C:\WINDOWS\SYSTEM32\WINMM.dll
0x0000000068710000 - 0x00000000687e2000 	C:\WINDOWS\SYSTEM32\MSVCR100.dll
0x00007ffbd4bf0000 - 0x00007ffbd4c5a000 	C:\WINDOWS\System32\WS2_32.dll
0x00007ffbcfda0000 - 0x00007ffbcfdcb000 	C:\WINDOWS\SYSTEM32\WINMMBASE.dll
0x00007ffbd1d90000 - 0x00007ffbd1dd2000 	C:\WINDOWS\System32\cfgmgr32.dll
0x0000000064ed0000 - 0x0000000064edf000 	C:\Xilinx\SDK\2016.4\tps\win64\jre\bin\verify.dll
0x0000000064ea0000 - 0x0000000064ec9000 	C:\Xilinx\SDK\2016.4\tps\win64\jre\bin\java.dll
0x0000000064e80000 - 0x0000000064e96000 	C:\Xilinx\SDK\2016.4\tps\win64\jre\bin\zip.dll
0x00007ffbd36e0000 - 0x00007ffbd4be8000 	C:\WINDOWS\System32\SHELL32.dll
0x00007ffbd2430000 - 0x00007ffbd2b0a000 	C:\WINDOWS\System32\windows.storage.dll
0x00007ffbd1d00000 - 0x00007ffbd1d4c000 	C:\WINDOWS\System32\powrprof.dll
0x00007ffbd3680000 - 0x00007ffbd36d2000 	C:\WINDOWS\System32\shlwapi.dll
0x00007ffbd1d70000 - 0x00007ffbd1d7f000 	C:\WINDOWS\System32\kernel.appcore.dll
0x00007ffbd1e60000 - 0x00007ffbd1f09000 	C:\WINDOWS\System32\shcore.dll
0x00007ffbd1d50000 - 0x00007ffbd1d64000 	C:\WINDOWS\System32\profapi.dll
0x00007ffbd17d0000 - 0x00007ffbd17e7000 	C:\WINDOWS\SYSTEM32\CRYPTSP.dll
0x00007ffbd1230000 - 0x00007ffbd1263000 	C:\WINDOWS\system32\rsaenh.dll
0x00007ffbd18e0000 - 0x00007ffbd190b000 	C:\WINDOWS\SYSTEM32\bcrypt.dll
0x00007ffbd14b0000 - 0x00007ffbd14cf000 	C:\WINDOWS\SYSTEM32\USERENV.dll
0x00007ffbd17f0000 - 0x00007ffbd17fb000 	C:\WINDOWS\SYSTEM32\CRYPTBASE.dll
0x0000000064e60000 - 0x0000000064e7a000 	C:\Xilinx\SDK\2016.4\tps\win64\jre\bin\net.dll
0x00007ffbd1630000 - 0x00007ffbd168c000 	C:\WINDOWS\system32\mswsock.dll
0x00007ffbd13b0000 - 0x00007ffbd13e8000 	C:\WINDOWS\SYSTEM32\IPHLPAPI.DLL
0x00007ffbd4ea0000 - 0x00007ffbd4ea8000 	C:\WINDOWS\System32\NSI.dll
0x00007ffbca150000 - 0x00007ffbca166000 	C:\WINDOWS\SYSTEM32\dhcpcsvc6.DLL
0x00007ffbca190000 - 0x00007ffbca1aa000 	C:\WINDOWS\SYSTEM32\dhcpcsvc.DLL
0x0000000064e40000 - 0x0000000064e51000 	C:\Xilinx\SDK\2016.4\tps\win64\jre\bin\nio.dll
0x00007ffbbe530000 - 0x00007ffbbe546000 	C:\WINDOWS\system32\napinsp.dll
0x00007ffbbe510000 - 0x00007ffbbe52a000 	C:\WINDOWS\system32\pnrpnsp.dll
0x00007ffbcf5e0000 - 0x00007ffbcf5f8000 	C:\WINDOWS\system32\NLAapi.dll
0x00007ffbd13f0000 - 0x00007ffbd1491000 	C:\WINDOWS\SYSTEM32\DNSAPI.dll
0x00007ffbbe500000 - 0x00007ffbbe50e000 	C:\WINDOWS\System32\winrnr.dll
0x00007ffbbe490000 - 0x00007ffbbe4a5000 	C:\WINDOWS\System32\wshbth.dll
0x0000000068830000 - 0x000000006883a000 	C:\Program Files\National Instruments\Shared\mDNS Responder\nimdnsNSP.dll
0x0000000068820000 - 0x0000000068830000 	C:\WINDOWS\SYSTEM32\nimdnsResponder.dll
0x00007ffbc3510000 - 0x00007ffbc3527000 	C:\WINDOWS\SYSTEM32\VCRUNTIME140.dll
0x00000000687f0000 - 0x0000000068816000 	C:\Program Files\Bonjour\mdnsNSP.dll
0x00007ffbc3270000 - 0x00007ffbc327a000 	C:\Windows\System32\rasadhlp.dll
0x00007ffbc7c10000 - 0x00007ffbc7c7a000 	C:\WINDOWS\System32\fwpuclnt.dll
0x0000000017640000 - 0x00000000176e8000 	C:\Users\11401393\.Xilinx\SDK\2016.4\org.eclipse.osgi\319\0\.cp\swt-win32-4527.dll
0x00007ffbd3100000 - 0x00007ffbd3238000 	C:\WINDOWS\System32\ole32.dll
0x00007ffbd5180000 - 0x00007ffbd527a000 	C:\WINDOWS\System32\comdlg32.dll
0x00007ffbd2c60000 - 0x00007ffbd2e29000 	C:\WINDOWS\System32\CRYPT32.dll
0x00007ffbd1d80000 - 0x00007ffbd1d90000 	C:\WINDOWS\System32\MSASN1.dll
0x00007ffbcc490000 - 0x00007ffbcc516000 	C:\WINDOWS\SYSTEM32\WINSPOOL.DRV
0x00007ffbc65c0000 - 0x00007ffbc65d9000 	C:\WINDOWS\SYSTEM32\USP10.dll
0x00007ffbc5fd0000 - 0x00007ffbc629a000 	C:\WINDOWS\SYSTEM32\WININET.dll
0x00007ffbcf600000 - 0x00007ffbcf626000 	C:\WINDOWS\system32\dwmapi.dll
0x00007ffbcf780000 - 0x00007ffbcf905000 	C:\WINDOWS\SYSTEM32\propsys.dll
0x00007ffbd2f00000 - 0x00007ffbd2f9f000 	C:\WINDOWS\System32\clbcatq.dll
0x00000000027e0000 - 0x00000000027fe000 	C:\Users\11401393\.Xilinx\SDK\2016.4\org.eclipse.osgi\319\0\.cp\swt-gdip-win32-4527.dll
0x00007ffbbe1d0000 - 0x00007ffbbe36a000 	C:\WINDOWS\WinSxS\amd64_microsoft.windows.gdiplus_6595b64144ccf1df_1.1.14393.953_none_7300116921188239\gdiplus.dll
0x00007ffbcf1e0000 - 0x00007ffbcf388000 	C:\WINDOWS\SYSTEM32\WindowsCodecs.dll
0x0000000180000000 - 0x0000000180012000 	C:\Users\11401393\.Xilinx\SDK\2016.4\org.eclipse.osgi\133\0\.cp\os\win32\x86_64\localfile_1_0_0.dll
0x00007ffbb8210000 - 0x00007ffbb8275000 	C:\WINDOWS\SYSTEM32\oleacc.dll
0x00007ffbcf1b0000 - 0x00007ffbcf1b7000 	C:\WINDOWS\SYSTEM32\msimg32.dll
0x00007ffbb4400000 - 0x00007ffbb4411000 	C:\Users\11401393\.Xilinx\SDK\2016.4\org.eclipse.osgi\136\0\.cp\jWinHttp-1.0.0.dll
0x00007ffbce280000 - 0x00007ffbce34d000 	C:\WINDOWS\SYSTEM32\WINHTTP.dll
0x00007ffbcc580000 - 0x00007ffbcc58f000 	C:\Xilinx\SDK\2016.4\lib\win64.o\librdi_repo_manager.dll
0x00007ffb6fad0000 - 0x00007ffb7057a000 	C:\Xilinx\SDK\2016.4\lib\win64.o\librdi_common.dll
0x00007ffbb0180000 - 0x00007ffbb01aa000 	C:\Xilinx\SDK\2016.4\lib\win64.o\libisl_sysinfo.dll
0x00007ffba0d70000 - 0x00007ffba0dc3000 	C:\Xilinx\SDK\2016.4\lib\win64.o\librdi_commonxillic.dll
0x00007ffbc7fe0000 - 0x00007ffbc8087000 	C:\WINDOWS\SYSTEM32\MSVCP110.dll
0x00007ffbc7f10000 - 0x00007ffbc7fde000 	C:\WINDOWS\SYSTEM32\MSVCR110.dll
0x00007ffb6f760000 - 0x00007ffb6face000 	C:\Xilinx\SDK\2016.4\lib\win64.o\libCOIN-all.dll
0x00007ffb6f540000 - 0x00007ffb6f75f000 	C:\Xilinx\SDK\2016.4\lib\win64.o\libXil_lmgr11.dll
0x00007ffb9b0b0000 - 0x00007ffb9b2a8000 	C:\Xilinx\SDK\2016.4\lib\win64.o\librdi_hsm.dll
0x00007ffbd1e00000 - 0x00007ffbd1e55000 	C:\WINDOWS\System32\WINTRUST.dll
0x00007ffbc9a30000 - 0x00007ffbc9a40000 	C:\Xilinx\SDK\2016.4\lib\win64.o\libboost_date_time.dll
0x00007ffba05c0000 - 0x00007ffba0637000 	C:\Xilinx\SDK\2016.4\lib\win64.o\libboost_program_options.dll
0x00007ffbb0120000 - 0x00007ffbb0144000 	C:\Xilinx\SDK\2016.4\lib\win64.o\libboost_filesystem.dll
0x00007ffbb01d0000 - 0x00007ffbb01e3000 	C:\Xilinx\SDK\2016.4\lib\win64.o\libboost_signals.dll
0x00007ffbc7000000 - 0x00007ffbc7009000 	C:\Xilinx\SDK\2016.4\lib\win64.o\libboost_system.dll
0x00007ffb9f660000 - 0x00007ffb9f766000 	C:\Xilinx\SDK\2016.4\lib\win64.o\libboost_regex.dll
0x00007ffbaf380000 - 0x00007ffbaf39d000 	C:\Xilinx\SDK\2016.4\lib\win64.o\libboost_thread.dll
0x00007ffba0540000 - 0x00007ffba05c0000 	C:\Xilinx\SDK\2016.4\lib\win64.o\libhdlpsolve.dll
0x00007ffb9fd30000 - 0x00007ffb9fdca000 	C:\Xilinx\SDK\2016.4\lib\win64.o\libhdxml.dll
0x00007ffb6f170000 - 0x00007ffb6f539000 	C:\Xilinx\SDK\2016.4\lib\win64.o\libisl_iostreams.dll
0x00007ffba4e50000 - 0x00007ffba4e65000 	C:\Xilinx\SDK\2016.4\lib\win64.o\pthreadVC2.dll
0x00007ffbc6320000 - 0x00007ffbc632b000 	C:\Xilinx\SDK\2016.4\lib\win64.o\libboost_xilinx.dll
0x00007ffba4bf0000 - 0x00007ffba4c0f000 	C:\Xilinx\SDK\2016.4\lib\win64.o\librdizlib.dll
0x00007ffb99e60000 - 0x00007ffb99f90000 	C:\Xilinx\SDK\2016.4\lib\win64.o\librdi_curl.dll
0x0000000064ee0000 - 0x0000000065007000 	C:\Xilinx\SDK\2016.4\lib\win64.o\tcl85t.dll
0x00000000227f0000 - 0x0000000022a53000 	C:\Xilinx\SDK\2016.4\lib\win64.o\xerces-c_3_1.dll
0x00007ffbc63e0000 - 0x00007ffbc65a3000 	C:\WINDOWS\SYSTEM32\urlmon.dll
0x00007ffba4bd0000 - 0x00007ffba4be8000 	C:\Xilinx\SDK\2016.4\lib\win64.o\librdiconfig.dll
0x00007ffbb8670000 - 0x00007ffbb8693000 	C:\WINDOWS\SYSTEM32\VCOMP110.DLL
0x00007ffbc3740000 - 0x00007ffbc3758000 	C:\WINDOWS\SYSTEM32\NETAPI32.dll
0x00007ffba0120000 - 0x00007ffba0163000 	C:\Xilinx\SDK\2016.4\lib\win64.o\librdi_hdf.dll
0x00007ffb6eea0000 - 0x00007ffb6f168000 	C:\Xilinx\SDK\2016.4\lib\win64.o\librdi_ippcw.dll
0x00007ffbc5e10000 - 0x00007ffbc5e1b000 	C:\Xilinx\SDK\2016.4\lib\win64.o\libboost_chrono.dll
0x00007ffba11f0000 - 0x00007ffba1206000 	C:\Xilinx\SDK\2016.4\lib\win64.o\libboost_iostreams.dll
0x00007ffba0e70000 - 0x00007ffba0e93000 	C:\Xilinx\SDK\2016.4\lib\win64.o\libisl_iosutils.dll
0x00007ffbc8260000 - 0x00007ffbc8505000 	C:\WINDOWS\SYSTEM32\iertutil.dll
0x00007ffbbd110000 - 0x00007ffbbd152000 	C:\WINDOWS\SYSTEM32\edputil.dll
0x0000000071100000 - 0x0000000071125000 	C:\Users\11401393\.jssc\windows\jSSC-2.8_x86_64.dll
0x00007ffbafb90000 - 0x00007ffbafba6000 	C:\Xilinx\SDK\2016.4\eclipse\win64.o\plugins\org.eclipse.cdt.core.win32.x86_64_5.4.0.201509131935\os\win32\x86_64\spawner.dll
0x00007ffbc7010000 - 0x00007ffbc701a000 	C:\Xilinx\SDK\2016.4\lib\win64.o\librdi_jtag_settings.dll
0x00007ffbb26a0000 - 0x00007ffbb26c9000 	C:\Xilinx\SDK\2016.4\lib\win64.o\librdi_debug_dialog.dll
0x00007ffbc5980000 - 0x00007ffbc5988000 	C:\Xilinx\SDK\2016.4\lib\win64.o\librdi_target_manager.dll
0x00007ffbd02a0000 - 0x00007ffbd031a000 	C:\WINDOWS\system32\apphelp.dll
0x00007ffb6be10000 - 0x00007ffb6c620000 	C:\Xilinx\SDK\2016.4\lib\win64.o\libXil_lmgr11FNP.dll

VM Arguments:
jvm_args: -Dcom.xilinx.sdk.args.hwspec=C:/Users/11401393/Desktop/NCO_audio_output/Vivado_BD_SDK/Aansturing_Audio_output/Aansturing_Audio_output.sdk/design_1_wrapper.hdf -Xms64m -Xmx512m & 
java_command: <unknown>
java_class_path (initial): C:\Xilinx\SDK\2016.4\eclipse\win64.o\\plugins/org.eclipse.equinox.launcher_1.3.100.v20150511-1540.jar
Launcher Type: generic

Environment Variables:
USERNAME=11401393
OS=Windows_NT
PROCESSOR_IDENTIFIER=Intel64 Family 6 Model 60 Stepping 3, GenuineIntel



---------------  S Y S T E M  ---------------

OS: Windows 10.0 , 64 bit Build 14393 (10.0.14393.1198)

CPU:total 4 (2 cores per cpu, 2 threads per core) family 6 model 60 stepping 3, cmov, cx8, fxsr, mmx, sse, sse2, sse3, ssse3, sse4.1, sse4.2, popcnt, avx, avx2, aes, clmul, erms, lzcnt, ht, tsc, tscinvbit, bmi1, bmi2

Memory: 4k page, physical 8299628k(2743488k free), swap 13815700k(2900084k free)

vm_info: Java HotSpot(TM) 64-Bit Server VM (25.66-b18) for windows-amd64 JRE (1.8.0_66-b18), built on Nov  9 2015 10:51:13 by "java_re" with MS VC++ 10.0 (VS2010)

time: Thu Jun 01 20:49:46 2017
elapsed time: 2251 seconds (0d 0h 37m 31s)

