#
# A fatal error has been detected by the Java Runtime Environment:
#
#  Internal Error (0xc000000d), pid=13092, tid=21688
#
# JRE version: Java(TM) SE Runtime Environment (8.0_66-b18) (build 1.8.0_66-b18)
# Java VM: Java HotSpot(TM) 64-Bit Server VM (25.66-b18 mixed mode windows-amd64 compressed oops)
# Problematic frame:
# C  [ntdll.dll+0xff44c]
#
# Failed to write core dump. Minidumps are not enabled by default on client versions of Windows
#
# If you would like to submit a bug report, please visit:
#   http://bugreport.java.com/bugreport/crash.jsp
#

---------------  T H R E A D  ---------------

Current thread (0x0000000013b37800):  VMThread [stack: 0x0000000014bc0000,0x0000000014cc0000] [id=21688]

siginfo: ExceptionCode=0xc000000d

Registers:
RAX=0x0000000000000000, RBX=0xfffffffffffffffe, RCX=0x0000000000000000, RDX=0x0000000000000000
RSP=0x0000000014cbf470, RBP=0x00007ffbc7f17444, RSI=0x0000000000000000, RDI=0x0000000000000f00
R8 =0x0000000000000000, R9 =0x0000000000020000, R10=0x0000000014cbef50, R11=0x0000000014cbef50
R12=0x000000002708b650, R13=0x000000002414cf00, R14=0x000000002708b758, R15=0x0000000014cbf5e8
RIP=0x00007ffbd599f44c, EFLAGS=0x0000000000000206

Top of Stack: (sp=0x0000000014cbf470)
0x0000000014cbf470:   0000000000000057 fffffffffffffffe
0x0000000014cbf480:   0000000000000000 0000000000000f00
0x0000000014cbf490:   00000000c000000d 0000000000000000
0x0000000014cbf4a0:   00007ffbd599f44c 0000000000000000
0x0000000014cbf4b0:   0000000000000000 0000000000000000
0x0000000014cbf4c0:   0000000000000000 0000000000000000
0x0000000014cbf4d0:   0000000000000000 0000000000000000
0x0000000014cbf4e0:   0000000000000000 0000000000000000
0x0000000014cbf4f0:   0000000000000000 0000000000000000
0x0000000014cbf500:   0000000000000000 0000000000000000
0x0000000014cbf510:   0000000000000000 0000000000000000
0x0000000014cbf520:   0000000000000000 0000000000000000
0x0000000014cbf530:   00009891b90c68dd 0000000000000400
0x0000000014cbf540:   0000000900000020 00007ffbd596150d
0x0000000014cbf550:   0000000900000000 0000000000000000
0x0000000014cbf560:   004e005200450001 00320033004c0000 

Instructions: (pc=0x00007ffbd599f44c)
0x00007ffbd599f42c:   d5 fa ff c7 44 24 20 0d 00 00 c0 b9 57 00 00 00
0x00007ffbd599f43c:   e8 7f 13 f6 ff 90 48 8d 4c 24 20 e8 04 bf f4 ff
0x00007ffbd599f44c:   eb 00 48 8b 8c 24 c0 00 00 00 48 33 cc e8 82 74
0x00007ffbd599f45c:   f9 ff 48 81 c4 d8 00 00 00 c3 40 55 48 83 ec 20 


Register to memory mapping:

RAX=0x0000000000000000 is an unknown value
RBX=0xfffffffffffffffe is an unknown value
RCX=0x0000000000000000 is an unknown value
RDX=0x0000000000000000 is an unknown value
RSP=0x0000000014cbf470 is an unknown value
RBP=0x00007ffbc7f17444 is an unknown value
RSI=0x0000000000000000 is an unknown value
RDI=0x0000000000000f00 is an unknown value
R8 =0x0000000000000000 is an unknown value
R9 =0x0000000000020000 is an unknown value
R10=0x0000000014cbef50 is an unknown value
R11=0x0000000014cbef50 is an unknown value
R12=0x000000002708b650 is an unknown value
R13=0x000000002414cf00 is an unknown value
R14=0x000000002708b758 is an unknown value
R15=0x0000000014cbf5e8 is an unknown value


Stack: [0x0000000014bc0000,0x0000000014cc0000],  sp=0x0000000014cbf470,  free space=1021k
Native frames: (J=compiled Java code, j=interpreted, Vv=VM code, C=native code)
C  [ntdll.dll+0xff44c]
C  [ntdll.dll+0xc150d]
C  [KERNEL32.DLL+0x1fafa]
C  [MSVCR110.dll+0x756a]
C  [MSVCR110.dll+0x7402]
C  [MSVCR110.dll+0x14a32]
C  [MSVCR110.dll+0x13c44]
C  [MSVCR110.dll+0x239e]
C  [MSVCR110.dll+0xabfe]
C  [MSVCP110.dll+0x3986d]
C  [librdi_common.dll+0x183a66]
C  [librdi_common.dll+0x1826fb]
C  [librdi_target_manager.dll+0x2400]
C  [librdi_target_manager.dll+0x2682]
C  [ntdll.dll+0x2a35f]
C  [ntdll.dll+0x806b]
C  [ntdll.dll+0x7d94]
C  [KERNEL32.DLL+0x1ce6a]
C  [MSVCR100.dll+0x20ccd]
V  [jvm.dll+0x210cc5]
V  [jvm.dll+0x249897]
V  [jvm.dll+0x248b36]
V  [jvm.dll+0x248fd1]
V  [jvm.dll+0x2491ee]
V  [jvm.dll+0x29a0fa]
C  [MSVCR100.dll+0x21d9f]
C  [MSVCR100.dll+0x21e3b]
C  [KERNEL32.DLL+0x8364]
C  [ntdll.dll+0x670d1]

VM_Operation (0x000000000014f4c0): Exit, mode: safepoint, requested by thread 0x0000000002652800


---------------  P R O C E S S  ---------------

Java Threads: ( => current thread )
  0x0000000019af4000 JavaThread "EventThread COM5" [_thread_blocked, id=19220, stack(0x000000002f940000,0x000000002fa40000)]
  0x0000000019afa800 JavaThread "EventThread COM5" [_thread_blocked, id=17048, stack(0x000000002ed40000,0x000000002ee40000)]
  0x0000000019afd800 JavaThread "EventThread COM5" [_thread_blocked, id=22908, stack(0x0000000074b20000,0x0000000074c20000)]
  0x0000000019af8800 JavaThread "EventThread COM5" [_thread_blocked, id=17476, stack(0x000000005bc40000,0x000000005bd40000)]
  0x00000000206b2000 JavaThread "EventThread COM5" [_thread_blocked, id=14328, stack(0x0000000032f40000,0x0000000033040000)]
  0x000000001b2c1000 JavaThread "EventThread COM5" [_thread_blocked, id=20984, stack(0x0000000029c40000,0x0000000029d40000)]
  0x000000001b2bb800 JavaThread "Thread-30" daemon [_thread_blocked, id=7800, stack(0x0000000027940000,0x0000000027a40000)]
  0x000000001fb8e000 JavaThread "TCF Channel Transmitter" daemon [_thread_blocked, id=23956, stack(0x0000000026640000,0x0000000026740000)]
  0x000000001fb8c800 JavaThread "TCF Channel Receiver" daemon [_thread_in_native, id=14444, stack(0x0000000026540000,0x0000000026640000)]
  0x000000001fb8b800 JavaThread "Process monitor" daemon [_thread_in_native, id=11676, stack(0x0000000025dc0000,0x0000000025ec0000)]
  0x000000001fb85000 JavaThread "Input Stream Monitor" daemon [_thread_blocked, id=24432, stack(0x0000000025cc0000,0x0000000025dc0000)]
  0x000000001fb84000 JavaThread "Output Stream Monitor" daemon [_thread_in_native, id=17952, stack(0x0000000025bc0000,0x0000000025cc0000)]
  0x000000001fb8b000 JavaThread "Output Stream Monitor" daemon [_thread_in_native, id=20284, stack(0x0000000025ac0000,0x0000000025bc0000)]
  0x000000001fb82000 JavaThread "TCF Locator DNS Lookup" daemon [_thread_blocked, id=14108, stack(0x00000000226e0000,0x00000000227e0000)]
  0x000000001fb80800 JavaThread "TCF Locator Timer" daemon [_thread_blocked, id=3164, stack(0x0000000022360000,0x0000000022460000)]
  0x000000001fb85800 JavaThread "TCF Locator Receiver" daemon [_thread_in_native, id=2680, stack(0x0000000022260000,0x0000000022360000)]
  0x0000000019449800 JavaThread "TCF Timer Dispatcher" daemon [_thread_blocked, id=3872, stack(0x0000000022060000,0x0000000022160000)]
  0x000000001578e800 JavaThread "EMF Reference Cleaner" daemon [_thread_blocked, id=14592, stack(0x00000000182b0000,0x00000000183b0000)]
  0x00000000154f3800 JavaThread "Service Thread" daemon [_thread_blocked, id=14728, stack(0x00000000158c0000,0x00000000159c0000)]
  0x0000000013b77000 JavaThread "C1 CompilerThread2" daemon [_thread_blocked, id=3136, stack(0x00000000153c0000,0x00000000154c0000)]
  0x0000000013b74000 JavaThread "C2 CompilerThread1" daemon [_thread_blocked, id=17196, stack(0x00000000152c0000,0x00000000153c0000)]
  0x0000000013b80000 JavaThread "C2 CompilerThread0" daemon [_thread_blocked, id=22636, stack(0x00000000151c0000,0x00000000152c0000)]
  0x0000000013b7c800 JavaThread "Attach Listener" daemon [_thread_blocked, id=2776, stack(0x00000000150c0000,0x00000000151c0000)]
  0x0000000013b7b800 JavaThread "Signal Dispatcher" daemon [_thread_blocked, id=17652, stack(0x0000000014fc0000,0x00000000150c0000)]
  0x000000000274a800 JavaThread "Finalizer" daemon [_thread_blocked, id=19384, stack(0x0000000014dc0000,0x0000000014ec0000)]
  0x0000000002741800 JavaThread "Reference Handler" daemon [_thread_blocked, id=22540, stack(0x0000000014cc0000,0x0000000014dc0000)]
  0x0000000002652800 JavaThread "main" [_thread_blocked, id=16676, stack(0x0000000000050000,0x0000000000150000)]

Other Threads:
=>0x0000000013b37800 VMThread [stack: 0x0000000014bc0000,0x0000000014cc0000] [id=21688]

VM state:at safepoint (shutting down)

VM Mutex/Monitor currently owned by a thread:  ([mutex/lock_event])
[0x00000000004add30] Threads_lock - owner thread: 0x0000000013b37800

Heap:
 PSYoungGen      total 172032K, used 47519K [0x00000000f5580000, 0x0000000100000000, 0x0000000100000000)
  eden space 170496K, 27% used [0x00000000f5580000,0x00000000f829f430,0x00000000ffc00000)
  from space 1536K, 85% used [0x00000000ffe80000,0x00000000fffc87e0,0x0000000100000000)
  to   space 2048K, 0% used [0x00000000ffc00000,0x00000000ffc00000,0x00000000ffe00000)
 ParOldGen       total 123904K, used 61246K [0x00000000e0000000, 0x00000000e7900000, 0x00000000f5580000)
  object space 123904K, 49% used [0x00000000e0000000,0x00000000e3bcfbf0,0x00000000e7900000)
 Metaspace       used 94147K, capacity 101616K, committed 101936K, reserved 1138688K
  class space    used 10975K, capacity 13262K, committed 13360K, reserved 1048576K

Card table byte_map: [0x0000000011b10000,0x0000000011c20000] byte_map_base: 0x0000000011410000

Marking Bits: (ParMarkBitMap*) 0x000000006581a5b0
 Begin Bits: [0x00000000120d0000, 0x00000000128d0000)
 End Bits:   [0x00000000128d0000, 0x00000000130d0000)

Polling page: 0x0000000000490000

CodeCache: size=245760Kb used=55964Kb max_used=56188Kb free=189796Kb
 bounds [0x0000000002750000, 0x0000000005ea0000, 0x0000000011750000]
 total_blobs=15416 nmethods=14508 adapters=814
 compilation: enabled

Compilation events (10 events):
Event: 5697.046 Thread 0x0000000013b77000 nmethod 18790 0x000000000582ce50 code [0x000000000582d060, 0x000000000582dd98]
Event: 5697.046 Thread 0x0000000013b77000 18791       3       org.eclipse.osgi.internal.framework.EquinoxContainerAdaptor::clearManifestCache (84 bytes)
Event: 5697.047 Thread 0x0000000013b77000 nmethod 18791 0x0000000005c6a350 code [0x0000000005c6a5a0, 0x0000000005c6bcb8]
Event: 5697.047 Thread 0x0000000013b77000 18794       1       java.util.concurrent.atomic.AtomicLong::get (5 bytes)
Event: 5697.048 Thread 0x0000000013b77000 nmethod 18794 0x0000000003aab4d0 code [0x0000000003aab620, 0x0000000003aab730]
Event: 5697.048 Thread 0x0000000013b77000 18792   !   3       org.eclipse.osgi.storage.BundleInfo$Generation::clearManifestCache (30 bytes)
Event: 5697.048 Thread 0x0000000013b77000 nmethod 18792 0x0000000003b8ce50 code [0x0000000003b8cfe0, 0x0000000003b8d628]
Event: 5697.048 Thread 0x0000000013b77000 18788       3       sun.misc.Unsafe::getAndSetObject (24 bytes)
Event: 5697.048 Thread 0x0000000013b77000 nmethod 18788 0x00000000051b11d0 code [0x00000000051b1340, 0x00000000051b1550]
Event: 5697.108 Thread 0x0000000013b74000 nmethod 18761 0x00000000040f0390 code [0x00000000040f08e0, 0x00000000040f70c8]

GC Heap History (10 events):
Event: 5680.455 GC heap before
{Heap before GC invocations=3701 (full 13):
 PSYoungGen      total 173568K, used 172736K [0x00000000f5580000, 0x0000000100000000, 0x0000000100000000)
  eden space 172544K, 100% used [0x00000000f5580000,0x00000000ffe00000,0x00000000ffe00000)
  from space 1024K, 18% used [0x00000000ffe00000,0x00000000ffe30000,0x00000000fff00000)
  to   space 1024K, 0% used [0x00000000fff00000,0x00000000fff00000,0x0000000100000000)
 ParOldGen       total 123904K, used 60722K [0x00000000e0000000, 0x00000000e7900000, 0x00000000f5580000)
  object space 123904K, 49% used [0x00000000e0000000,0x00000000e3b4ca68,0x00000000e7900000)
 Metaspace       used 93671K, capacity 101216K, committed 101552K, reserved 1138688K
  class space    used 10926K, capacity 13132K, committed 13232K, reserved 1048576K
Event: 5680.460 GC heap after
Heap after GC invocations=3701 (full 13):
 PSYoungGen      total 173568K, used 576K [0x00000000f5580000, 0x0000000100000000, 0x0000000100000000)
  eden space 172544K, 0% used [0x00000000f5580000,0x00000000f5580000,0x00000000ffe00000)
  from space 1024K, 56% used [0x00000000fff00000,0x00000000fff90000,0x0000000100000000)
  to   space 1024K, 0% used [0x00000000ffe00000,0x00000000ffe00000,0x00000000fff00000)
 ParOldGen       total 123904K, used 60730K [0x00000000e0000000, 0x00000000e7900000, 0x00000000f5580000)
  object space 123904K, 49% used [0x00000000e0000000,0x00000000e3b4ea68,0x00000000e7900000)
 Metaspace       used 93671K, capacity 101216K, committed 101552K, reserved 1138688K
  class space    used 10926K, capacity 13132K, committed 13232K, reserved 1048576K
}
Event: 5684.848 GC heap before
{Heap before GC invocations=3702 (full 13):
 PSYoungGen      total 173568K, used 173120K [0x00000000f5580000, 0x0000000100000000, 0x0000000100000000)
  eden space 172544K, 100% used [0x00000000f5580000,0x00000000ffe00000,0x00000000ffe00000)
  from space 1024K, 56% used [0x00000000fff00000,0x00000000fff90000,0x0000000100000000)
  to   space 1024K, 0% used [0x00000000ffe00000,0x00000000ffe00000,0x00000000fff00000)
 ParOldGen       total 123904K, used 60730K [0x00000000e0000000, 0x00000000e7900000, 0x00000000f5580000)
  object space 123904K, 49% used [0x00000000e0000000,0x00000000e3b4ea68,0x00000000e7900000)
 Metaspace       used 93819K, capacity 101324K, committed 101552K, reserved 1138688K
  class space    used 10939K, capacity 13166K, committed 13232K, reserved 1048576K
Event: 5684.854 GC heap after
Heap after GC invocations=3702 (full 13):
 PSYoungGen      total 173568K, used 1024K [0x00000000f5580000, 0x0000000100000000, 0x0000000100000000)
  eden space 172544K, 0% used [0x00000000f5580000,0x00000000f5580000,0x00000000ffe00000)
  from space 1024K, 100% used [0x00000000ffe00000,0x00000000fff00000,0x00000000fff00000)
  to   space 1024K, 0% used [0x00000000fff00000,0x00000000fff00000,0x0000000100000000)
 ParOldGen       total 123904K, used 61214K [0x00000000e0000000, 0x00000000e7900000, 0x00000000f5580000)
  object space 123904K, 49% used [0x00000000e0000000,0x00000000e3bc7bf0,0x00000000e7900000)
 Metaspace       used 93819K, capacity 101324K, committed 101552K, reserved 1138688K
  class space    used 10939K, capacity 13166K, committed 13232K, reserved 1048576K
}
Event: 5688.631 GC heap before
{Heap before GC invocations=3703 (full 13):
 PSYoungGen      total 173568K, used 173568K [0x00000000f5580000, 0x0000000100000000, 0x0000000100000000)
  eden space 172544K, 100% used [0x00000000f5580000,0x00000000ffe00000,0x00000000ffe00000)
  from space 1024K, 100% used [0x00000000ffe00000,0x00000000fff00000,0x00000000fff00000)
  to   space 1024K, 0% used [0x00000000fff00000,0x00000000fff00000,0x0000000100000000)
 ParOldGen       total 123904K, used 61214K [0x00000000e0000000, 0x00000000e7900000, 0x00000000f5580000)
  object space 123904K, 49% used [0x00000000e0000000,0x00000000e3bc7bf0,0x00000000e7900000)
 Metaspace       used 93822K, capacity 101324K, committed 101552K, reserved 1138688K
  class space    used 10939K, capacity 13166K, committed 13232K, reserved 1048576K
Event: 5688.635 GC heap after
Heap after GC invocations=3703 (full 13):
 PSYoungGen      total 172544K, used 1024K [0x00000000f5580000, 0x0000000100000000, 0x0000000100000000)
  eden space 171520K, 0% used [0x00000000f5580000,0x00000000f5580000,0x00000000ffd00000)
  from space 1024K, 100% used [0x00000000fff00000,0x0000000100000000,0x0000000100000000)
  to   space 1536K, 0% used [0x00000000ffd00000,0x00000000ffd00000,0x00000000ffe80000)
 ParOldGen       total 123904K, used 61230K [0x00000000e0000000, 0x00000000e7900000, 0x00000000f5580000)
  object space 123904K, 49% used [0x00000000e0000000,0x00000000e3bcbbf0,0x00000000e7900000)
 Metaspace       used 93822K, capacity 101324K, committed 101552K, reserved 1138688K
  class space    used 10939K, capacity 13166K, committed 13232K, reserved 1048576K
}
Event: 5692.307 GC heap before
{Heap before GC invocations=3704 (full 13):
 PSYoungGen      total 172544K, used 172544K [0x00000000f5580000, 0x0000000100000000, 0x0000000100000000)
  eden space 171520K, 100% used [0x00000000f5580000,0x00000000ffd00000,0x00000000ffd00000)
  from space 1024K, 100% used [0x00000000fff00000,0x0000000100000000,0x0000000100000000)
  to   space 1536K, 0% used [0x00000000ffd00000,0x00000000ffd00000,0x00000000ffe80000)
 ParOldGen       total 123904K, used 61230K [0x00000000e0000000, 0x00000000e7900000, 0x00000000f5580000)
  object space 123904K, 49% used [0x00000000e0000000,0x00000000e3bcbbf0,0x00000000e7900000)
 Metaspace       used 93970K, capacity 101456K, committed 101680K, reserved 1138688K
  class space    used 10955K, capacity 13230K, committed 13360K, reserved 1048576K
Event: 5692.311 GC heap after
Heap after GC invocations=3704 (full 13):
 PSYoungGen      total 173056K, used 1254K [0x00000000f5580000, 0x0000000100000000, 0x0000000100000000)
  eden space 171520K, 0% used [0x00000000f5580000,0x00000000f5580000,0x00000000ffd00000)
  from space 1536K, 81% used [0x00000000ffd00000,0x00000000ffe39bb0,0x00000000ffe80000)
  to   space 1536K, 0% used [0x00000000ffe80000,0x00000000ffe80000,0x0000000100000000)
 ParOldGen       total 123904K, used 61246K [0x00000000e0000000, 0x00000000e7900000, 0x00000000f5580000)
  object space 123904K, 49% used [0x00000000e0000000,0x00000000e3bcfbf0,0x00000000e7900000)
 Metaspace       used 93970K, capacity 101456K, committed 101680K, reserved 1138688K
  class space    used 10955K, capacity 13230K, committed 13360K, reserved 1048576K
}
Event: 5696.011 GC heap before
{Heap before GC invocations=3705 (full 13):
 PSYoungGen      total 173056K, used 172774K [0x00000000f5580000, 0x0000000100000000, 0x0000000100000000)
  eden space 171520K, 100% used [0x00000000f5580000,0x00000000ffd00000,0x00000000ffd00000)
  from space 1536K, 81% used [0x00000000ffd00000,0x00000000ffe39bb0,0x00000000ffe80000)
  to   space 1536K, 0% used [0x00000000ffe80000,0x00000000ffe80000,0x0000000100000000)
 ParOldGen       total 123904K, used 61246K [0x00000000e0000000, 0x00000000e7900000, 0x00000000f5580000)
  object space 123904K, 49% used [0x00000000e0000000,0x00000000e3bcfbf0,0x00000000e7900000)
 Metaspace       used 94072K, capacity 101552K, committed 101680K, reserved 1138688K
  class space    used 10970K, capacity 13262K, committed 13360K, reserved 1048576K
Event: 5696.015 GC heap after
Heap after GC invocations=3705 (full 13):
 PSYoungGen      total 172032K, used 1313K [0x00000000f5580000, 0x0000000100000000, 0x0000000100000000)
  eden space 170496K, 0% used [0x00000000f5580000,0x00000000f5580000,0x00000000ffc00000)
  from space 1536K, 85% used [0x00000000ffe80000,0x00000000fffc87e0,0x0000000100000000)
  to   space 2048K, 0% used [0x00000000ffc00000,0x00000000ffc00000,0x00000000ffe00000)
 ParOldGen       total 123904K, used 61246K [0x00000000e0000000, 0x00000000e7900000, 0x00000000f5580000)
  object space 123904K, 49% used [0x00000000e0000000,0x00000000e3bcfbf0,0x00000000e7900000)
 Metaspace       used 94072K, capacity 101552K, committed 101680K, reserved 1138688K
  class space    used 10970K, capacity 13262K, committed 13360K, reserved 1048576K
}

Deoptimization events (10 events):
Event: 5692.974 Thread 0x0000000019af9000 Uncommon trap: reason=bimorphic action=maybe_recompile pc=0x0000000003c73bfc method=org.eclipse.core.internal.dtree.AbstractDataTreeNode.assembleWith([Lorg/eclipse/core/internal/dtree/AbstractDataTreeNode;[Lorg/eclipse/core/internal/dtree/AbstractDataTreeNâJ<ù<¶@
Event: 5692.974 Thread 0x0000000019af9000 Uncommon trap: reason=bimorphic action=maybe_recompile pc=0x0000000003c73bfc method=org.eclipse.core.internal.dtree.AbstractDataTreeNode.assembleWith([Lorg/eclipse/core/internal/dtree/AbstractDataTreeNode;[Lorg/eclipse/core/internal/dtree/AbstractDataTreeNvåjú<¶@
Event: 5692.977 Thread 0x0000000019af9000 Uncommon trap: reason=bimorphic action=maybe_recompile pc=0x0000000003b67ef0 method=org.eclipse.core.internal.resources.Resource.checkAccessibleAndLocal(I)Lorg/eclipse/core/internal/resources/ResourceInfo; @ 15
Event: 5693.093 Thread 0x0000000019af9000 Uncommon trap: reason=class_check action=maybe_recompile pc=0x00000000054edd14 method=org.eclipse.core.internal.jobs.DeadlockDetector.lockReleased(Ljava/lang/Thread;Lorg/eclipse/core/runtime/jobs/ISchedulingRule;)V @ 169
Event: 5696.836 Thread 0x0000000019af7800 Uncommon trap: reason=unstable_if action=reinterpret pc=0x0000000003ae3978 method=org.eclipse.core.internal.jobs.JobManager.nextJob()Lorg/eclipse/core/runtime/jobs/Job; @ 80
Event: 5696.836 Thread 0x0000000019af7800 Uncommon trap: reason=unstable_if action=reinterpret pc=0x000000000574816c method=org.eclipse.core.internal.jobs.WorkerPool.startJob(Lorg/eclipse/core/internal/jobs/Worker;)Lorg/eclipse/core/internal/jobs/InternalJob; @ 177
Event: 5696.869 Thread 0x00000000206be800 Uncommon trap: reason=unstable_if action=reinterpret pc=0x000000000574816c method=org.eclipse.core.internal.jobs.WorkerPool.startJob(Lorg/eclipse/core/internal/jobs/Worker;)Lorg/eclipse/core/internal/jobs/InternalJob; @ 177
Event: 5696.901 Thread 0x0000000019aff000 Uncommon trap: reason=unstable_if action=reinterpret pc=0x000000000574816c method=org.eclipse.core.internal.jobs.WorkerPool.startJob(Lorg/eclipse/core/internal/jobs/Worker;)Lorg/eclipse/core/internal/jobs/InternalJob; @ 177
Event: 5696.912 Thread 0x00000000206bd000 Uncommon trap: reason=unstable_if action=reinterpret pc=0x000000000574816c method=org.eclipse.core.internal.jobs.WorkerPool.startJob(Lorg/eclipse/core/internal/jobs/Worker;)Lorg/eclipse/core/internal/jobs/InternalJob; @ 177
Event: 5696.920 Thread 0x0000000019af4800 Uncommon trap: reason=unstable_if action=reinterpret pc=0x000000000574816c method=org.eclipse.core.internal.jobs.WorkerPool.startJob(Lorg/eclipse/core/internal/jobs/Worker;)Lorg/eclipse/core/internal/jobs/InternalJob; @ 177

Internal exceptions (10 events):
Event: 5681.277 Thread 0x0000000002652800 Exception <a 'java/io/FileNotFoundException'> (0x00000000f7c291d8) thrown at [C:\re\workspace\8-2-build-windows-amd64-cygwin\jdk8u66\5298\hotspot\src\share\vm\prims\jni.cpp, line 709]
Event: 5681.277 Thread 0x0000000002652800 Exception <a 'java/io/FileNotFoundException'> (0x00000000f7c2b460) thrown at [C:\re\workspace\8-2-build-windows-amd64-cygwin\jdk8u66\5298\hotspot\src\share\vm\prims\jni.cpp, line 709]
Event: 5681.277 Thread 0x0000000002652800 Exception <a 'java/io/FileNotFoundException'> (0x00000000f7c2d848) thrown at [C:\re\workspace\8-2-build-windows-amd64-cygwin\jdk8u66\5298\hotspot\src\share\vm\prims\jni.cpp, line 709]
Event: 5681.481 Thread 0x0000000002652800 Implicit null exception at 0x0000000002ec9bb3 to 0x0000000002ec9f15
Event: 5689.030 Thread 0x0000000019af9000 Implicit null exception at 0x0000000003fb4a2e to 0x0000000003fb4cb1
Event: 5689.179 Thread 0x000000001fb8f800 Exception <a 'java/lang/InterruptedException'> (0x00000000f6edd368) thrown at [C:\re\workspace\8-2-build-windows-amd64-cygwin\jdk8u66\5298\hotspot\src\share\vm\runtime\objectMonitor.cpp, line 1683]
Event: 5696.801 Thread 0x0000000019445000 Exception <a 'java/lang/InterruptedException'> (0x00000000f7332268) thrown at [C:\re\workspace\8-2-build-windows-amd64-cygwin\jdk8u66\5298\hotspot\src\share\vm\runtime\objectMonitor.cpp, line 1683]
Event: 5697.028 Thread 0x0000000019446800 Exception <a 'java/lang/InterruptedException'> (0x00000000f59d1760) thrown at [C:\re\workspace\8-2-build-windows-amd64-cygwin\jdk8u66\5298\hotspot\src\share\vm\runtime\objectMonitor.cpp, line 1683]
Event: 5697.029 Thread 0x0000000015c9e000 Exception <a 'java/lang/InterruptedException'> (0x00000000f7cd7f30) thrown at [C:\re\workspace\8-2-build-windows-amd64-cygwin\jdk8u66\5298\hotspot\src\share\vm\runtime\objectMonitor.cpp, line 1683]
Event: 5697.029 Thread 0x0000000015c9b800 Exception <a 'java/lang/InterruptedException'> (0x00000000f7248fc8) thrown at [C:\re\workspace\8-2-build-windows-amd64-cygwin\jdk8u66\5298\hotspot\src\share\vm\runtime\objectMonitor.cpp, line 1683]

Events (10 events):
Event: 5697.050 loading class java/util/IdentityHashMap$KeyIterator done
Event: 5697.051 Thread 0x0000000019af7800 Thread added: 0x0000000019af7800
Event: 5697.099 Executing VM operation: RevokeBias
Event: 5697.099 Executing VM operation: RevokeBias done
Event: 5697.099 Executing VM operation: RevokeBias
Event: 5697.099 Executing VM operation: RevokeBias done
Event: 5697.116 Executing VM operation: RevokeBias
Event: 5697.117 Executing VM operation: RevokeBias done
Event: 5697.117 Thread 0x0000000019af7800 Thread exited: 0x0000000019af7800
Event: 5697.149 Executing VM operation: Exit


Dynamic libraries:
0x0000000000400000 - 0x000000000044f000 	C:\Xilinx\SDK\2016.4\eclipse\win64.o\eclipse.exe
0x00007ffbd58a0000 - 0x00007ffbd5a71000 	C:\WINDOWS\SYSTEM32\ntdll.dll
0x00007ffbd53d0000 - 0x00007ffbd547c000 	C:\WINDOWS\System32\KERNEL32.DLL
0x00007ffbd2080000 - 0x00007ffbd229d000 	C:\WINDOWS\System32\KERNELBASE.dll
0x00007ffbd4cc0000 - 0x00007ffbd4e25000 	C:\WINDOWS\System32\USER32.dll
0x00007ffbd1de0000 - 0x00007ffbd1dfe000 	C:\WINDOWS\System32\win32u.dll
0x00007ffbd2ec0000 - 0x00007ffbd2ef4000 	C:\WINDOWS\System32\GDI32.dll
0x00007ffbd22a0000 - 0x00007ffbd2422000 	C:\WINDOWS\System32\gdi32full.dll
0x00007ffbd5750000 - 0x00007ffbd57ee000 	C:\WINDOWS\System32\msvcrt.dll
0x00007ffbc6820000 - 0x00007ffbc6a9a000 	C:\WINDOWS\WinSxS\amd64_microsoft.windows.common-controls_6595b64144ccf1df_6.0.14393.953_none_42151e83c686086b\COMCTL32.dll
0x00007ffbd5480000 - 0x00007ffbd5748000 	C:\WINDOWS\System32\combase.dll
0x00007ffbd1f10000 - 0x00007ffbd2005000 	C:\WINDOWS\System32\ucrtbase.dll
0x00007ffbd5050000 - 0x00007ffbd5171000 	C:\WINDOWS\System32\RPCRT4.dll
0x00007ffbd2010000 - 0x00007ffbd207a000 	C:\WINDOWS\System32\bcryptPrimitives.dll
0x00007ffbd52e0000 - 0x00007ffbd530e000 	C:\WINDOWS\System32\IMM32.DLL
0x0000000072000000 - 0x0000000072012000 	C:\Xilinx\SDK\2016.4\eclipse\win64.o\plugins\org.eclipse.equinox.launcher.win32.win32.x86_64_1.1.300.v20150602-1417\eclipse_1611.dll
0x00007ffbd57f0000 - 0x00007ffbd5892000 	C:\WINDOWS\System32\ADVAPI32.dll
0x00007ffbd2e50000 - 0x00007ffbd2ea9000 	C:\WINDOWS\System32\sechost.dll
0x00007ffbc2050000 - 0x00007ffbc205a000 	C:\WINDOWS\SYSTEM32\VERSION.dll
0x00007ffbd0480000 - 0x00007ffbd0515000 	C:\WINDOWS\system32\uxtheme.dll
0x00007ffbd2fa0000 - 0x00007ffbd30fa000 	C:\WINDOWS\System32\MSCTF.dll
0x00007ffbd5310000 - 0x00007ffbd53cf000 	C:\WINDOWS\System32\OLEAUT32.dll
0x00007ffbd2b10000 - 0x00007ffbd2bac000 	C:\WINDOWS\System32\msvcp_win.dll
0x0000000065010000 - 0x0000000065899000 	C:\Xilinx\SDK\2016.4\tps\win64\jre\bin\server\jvm.dll
0x00007ffbd3240000 - 0x00007ffbd3248000 	C:\WINDOWS\System32\PSAPI.DLL
0x00007ffbcfdd0000 - 0x00007ffbcfdf3000 	C:\WINDOWS\SYSTEM32\WINMM.dll
0x00007ffbc16f0000 - 0x00007ffbc16f9000 	C:\WINDOWS\SYSTEM32\WSOCK32.dll
0x0000000068710000 - 0x00000000687e2000 	C:\WINDOWS\SYSTEM32\MSVCR100.dll
0x00007ffbd4bf0000 - 0x00007ffbd4c5a000 	C:\WINDOWS\System32\WS2_32.dll
0x00007ffbcfda0000 - 0x00007ffbcfdcb000 	C:\WINDOWS\SYSTEM32\WINMMBASE.dll
0x00007ffbd1d90000 - 0x00007ffbd1dd2000 	C:\WINDOWS\System32\cfgmgr32.dll
0x0000000064ed0000 - 0x0000000064edf000 	C:\Xilinx\SDK\2016.4\tps\win64\jre\bin\verify.dll
0x0000000064ea0000 - 0x0000000064ec9000 	C:\Xilinx\SDK\2016.4\tps\win64\jre\bin\java.dll
0x0000000064e80000 - 0x0000000064e96000 	C:\Xilinx\SDK\2016.4\tps\win64\jre\bin\zip.dll
0x00007ffbd36e0000 - 0x00007ffbd4be8000 	C:\WINDOWS\System32\SHELL32.dll
0x00007ffbd2430000 - 0x00007ffbd2b0a000 	C:\WINDOWS\System32\windows.storage.dll
0x00007ffbd1d00000 - 0x00007ffbd1d4c000 	C:\WINDOWS\System32\powrprof.dll
0x00007ffbd3680000 - 0x00007ffbd36d2000 	C:\WINDOWS\System32\shlwapi.dll
0x00007ffbd1d70000 - 0x00007ffbd1d7f000 	C:\WINDOWS\System32\kernel.appcore.dll
0x00007ffbd1e60000 - 0x00007ffbd1f09000 	C:\WINDOWS\System32\shcore.dll
0x00007ffbd1d50000 - 0x00007ffbd1d64000 	C:\WINDOWS\System32\profapi.dll
0x00007ffbd17d0000 - 0x00007ffbd17e7000 	C:\WINDOWS\SYSTEM32\CRYPTSP.dll
0x00007ffbd1230000 - 0x00007ffbd1263000 	C:\WINDOWS\system32\rsaenh.dll
0x00007ffbd18e0000 - 0x00007ffbd190b000 	C:\WINDOWS\SYSTEM32\bcrypt.dll
0x00007ffbd14b0000 - 0x00007ffbd14cf000 	C:\WINDOWS\SYSTEM32\USERENV.dll
0x00007ffbd17f0000 - 0x00007ffbd17fb000 	C:\WINDOWS\SYSTEM32\CRYPTBASE.dll
0x0000000064e60000 - 0x0000000064e7a000 	C:\Xilinx\SDK\2016.4\tps\win64\jre\bin\net.dll
0x00007ffbd1630000 - 0x00007ffbd168c000 	C:\WINDOWS\system32\mswsock.dll
0x00007ffbd13b0000 - 0x00007ffbd13e8000 	C:\WINDOWS\SYSTEM32\IPHLPAPI.DLL
0x00007ffbd4ea0000 - 0x00007ffbd4ea8000 	C:\WINDOWS\System32\NSI.dll
0x00007ffbca150000 - 0x00007ffbca166000 	C:\WINDOWS\SYSTEM32\dhcpcsvc6.DLL
0x00007ffbca190000 - 0x00007ffbca1aa000 	C:\WINDOWS\SYSTEM32\dhcpcsvc.DLL
0x0000000064e40000 - 0x0000000064e51000 	C:\Xilinx\SDK\2016.4\tps\win64\jre\bin\nio.dll
0x00007ffbbe530000 - 0x00007ffbbe546000 	C:\WINDOWS\system32\napinsp.dll
0x00007ffbbe510000 - 0x00007ffbbe52a000 	C:\WINDOWS\system32\pnrpnsp.dll
0x00007ffbcf5e0000 - 0x00007ffbcf5f8000 	C:\WINDOWS\system32\NLAapi.dll
0x00007ffbd13f0000 - 0x00007ffbd1491000 	C:\WINDOWS\SYSTEM32\DNSAPI.dll
0x00007ffbbe500000 - 0x00007ffbbe50e000 	C:\WINDOWS\System32\winrnr.dll
0x00007ffbbe490000 - 0x00007ffbbe4a5000 	C:\WINDOWS\System32\wshbth.dll
0x0000000068830000 - 0x000000006883a000 	C:\Program Files\National Instruments\Shared\mDNS Responder\nimdnsNSP.dll
0x00007ffbc3510000 - 0x00007ffbc3527000 	C:\WINDOWS\SYSTEM32\VCRUNTIME140.dll
0x0000000068820000 - 0x0000000068830000 	C:\WINDOWS\SYSTEM32\nimdnsResponder.dll
0x00000000687f0000 - 0x0000000068816000 	C:\Program Files\Bonjour\mdnsNSP.dll
0x00007ffbc3270000 - 0x00007ffbc327a000 	C:\Windows\System32\rasadhlp.dll
0x00007ffbc7c10000 - 0x00007ffbc7c7a000 	C:\WINDOWS\System32\fwpuclnt.dll
0x0000000017fb0000 - 0x0000000018058000 	C:\Users\11401393\.Xilinx\SDK\2016.4\org.eclipse.osgi\319\0\.cp\swt-win32-4527.dll
0x00007ffbd3100000 - 0x00007ffbd3238000 	C:\WINDOWS\System32\ole32.dll
0x00007ffbd5180000 - 0x00007ffbd527a000 	C:\WINDOWS\System32\comdlg32.dll
0x00007ffbd2c60000 - 0x00007ffbd2e29000 	C:\WINDOWS\System32\CRYPT32.dll
0x00007ffbd1d80000 - 0x00007ffbd1d90000 	C:\WINDOWS\System32\MSASN1.dll
0x00007ffbcc490000 - 0x00007ffbcc516000 	C:\WINDOWS\SYSTEM32\WINSPOOL.DRV
0x00007ffbc65c0000 - 0x00007ffbc65d9000 	C:\WINDOWS\SYSTEM32\USP10.dll
0x00007ffbc5fd0000 - 0x00007ffbc629a000 	C:\WINDOWS\SYSTEM32\WININET.dll
0x00007ffbcf600000 - 0x00007ffbcf626000 	C:\WINDOWS\system32\dwmapi.dll
0x00007ffbcf780000 - 0x00007ffbcf905000 	C:\WINDOWS\SYSTEM32\propsys.dll
0x00007ffbd2f00000 - 0x00007ffbd2f9f000 	C:\WINDOWS\System32\clbcatq.dll
0x00000000166b0000 - 0x00000000166ce000 	C:\Users\11401393\.Xilinx\SDK\2016.4\org.eclipse.osgi\319\0\.cp\swt-gdip-win32-4527.dll
0x00007ffbbe1d0000 - 0x00007ffbbe36a000 	C:\WINDOWS\WinSxS\amd64_microsoft.windows.gdiplus_6595b64144ccf1df_1.1.14393.953_none_7300116921188239\gdiplus.dll
0x00007ffbcf1e0000 - 0x00007ffbcf388000 	C:\WINDOWS\SYSTEM32\WindowsCodecs.dll
0x0000000180000000 - 0x0000000180012000 	C:\Users\11401393\.Xilinx\SDK\2016.4\org.eclipse.osgi\133\0\.cp\os\win32\x86_64\localfile_1_0_0.dll
0x00007ffbb8210000 - 0x00007ffbb8275000 	C:\WINDOWS\SYSTEM32\oleacc.dll
0x00007ffbcf1b0000 - 0x00007ffbcf1b7000 	C:\WINDOWS\SYSTEM32\msimg32.dll
0x00007ffbc4ea0000 - 0x00007ffbc4eb1000 	C:\Users\11401393\.Xilinx\SDK\2016.4\org.eclipse.osgi\136\0\.cp\jWinHttp-1.0.0.dll
0x00007ffbce280000 - 0x00007ffbce34d000 	C:\WINDOWS\SYSTEM32\WINHTTP.dll
0x00007ffbcdc90000 - 0x00007ffbcdc9f000 	C:\Xilinx\SDK\2016.4\lib\win64.o\librdi_repo_manager.dll
0x00007ffbc4e70000 - 0x00007ffbc4e9a000 	C:\Xilinx\SDK\2016.4\lib\win64.o\libisl_sysinfo.dll
0x00007ffb6eaa0000 - 0x00007ffb6f54a000 	C:\Xilinx\SDK\2016.4\lib\win64.o\librdi_common.dll
0x00007ffbc7fe0000 - 0x00007ffbc8087000 	C:\WINDOWS\SYSTEM32\MSVCP110.dll
0x00007ffb9fd70000 - 0x00007ffb9fdc3000 	C:\Xilinx\SDK\2016.4\lib\win64.o\librdi_commonxillic.dll
0x00007ffbc7f10000 - 0x00007ffbc7fde000 	C:\WINDOWS\SYSTEM32\MSVCR110.dll
0x00007ffb72a10000 - 0x00007ffb72d7e000 	C:\Xilinx\SDK\2016.4\lib\win64.o\libCOIN-all.dll
0x00007ffb727f0000 - 0x00007ffb72a0f000 	C:\Xilinx\SDK\2016.4\lib\win64.o\libXil_lmgr11.dll
0x00007ffbc4e60000 - 0x00007ffbc4e70000 	C:\Xilinx\SDK\2016.4\lib\win64.o\libboost_date_time.dll
0x00007ffbd1e00000 - 0x00007ffbd1e55000 	C:\WINDOWS\System32\WINTRUST.dll
0x00007ffbb26a0000 - 0x00007ffbb26c4000 	C:\Xilinx\SDK\2016.4\lib\win64.o\libboost_filesystem.dll
0x00007ffb9f520000 - 0x00007ffb9f597000 	C:\Xilinx\SDK\2016.4\lib\win64.o\libboost_program_options.dll
0x00007ffb986e0000 - 0x00007ffb987e6000 	C:\Xilinx\SDK\2016.4\lib\win64.o\libboost_regex.dll
0x00007ffbb4400000 - 0x00007ffbb4413000 	C:\Xilinx\SDK\2016.4\lib\win64.o\libboost_signals.dll
0x00007ffbc4e50000 - 0x00007ffbc4e59000 	C:\Xilinx\SDK\2016.4\lib\win64.o\libboost_system.dll
0x00007ffbb21d0000 - 0x00007ffbb21ed000 	C:\Xilinx\SDK\2016.4\lib\win64.o\libboost_thread.dll
0x00007ffbc3c20000 - 0x00007ffbc3c2b000 	C:\Xilinx\SDK\2016.4\lib\win64.o\libboost_xilinx.dll
0x00007ffb9dc00000 - 0x00007ffb9dc80000 	C:\Xilinx\SDK\2016.4\lib\win64.o\libhdlpsolve.dll
0x00007ffb9db10000 - 0x00007ffb9dbaa000 	C:\Xilinx\SDK\2016.4\lib\win64.o\libhdxml.dll
0x00007ffb6cd40000 - 0x00007ffb6d109000 	C:\Xilinx\SDK\2016.4\lib\win64.o\libisl_iostreams.dll
0x00007ffb6e8a0000 - 0x00007ffb6ea98000 	C:\Xilinx\SDK\2016.4\lib\win64.o\librdi_hsm.dll
0x00007ffbaf380000 - 0x00007ffbaf395000 	C:\Xilinx\SDK\2016.4\lib\win64.o\pthreadVC2.dll
0x00007ffba7ed0000 - 0x00007ffba7ee8000 	C:\Xilinx\SDK\2016.4\lib\win64.o\librdiconfig.dll
0x00007ffb6cc10000 - 0x00007ffb6cd40000 	C:\Xilinx\SDK\2016.4\lib\win64.o\librdi_curl.dll
0x00007ffba4e50000 - 0x00007ffba4e6f000 	C:\Xilinx\SDK\2016.4\lib\win64.o\librdizlib.dll
0x0000000064ee0000 - 0x0000000065007000 	C:\Xilinx\SDK\2016.4\lib\win64.o\tcl85t.dll
0x00007ffbc63e0000 - 0x00007ffbc65a3000 	C:\WINDOWS\SYSTEM32\urlmon.dll
0x0000000023bb0000 - 0x0000000023e13000 	C:\Xilinx\SDK\2016.4\lib\win64.o\xerces-c_3_1.dll
0x00007ffbb8670000 - 0x00007ffbb8693000 	C:\WINDOWS\SYSTEM32\VCOMP110.DLL
0x00007ffbc3740000 - 0x00007ffbc3758000 	C:\WINDOWS\SYSTEM32\NETAPI32.dll
0x00007ffba4bf0000 - 0x00007ffba4c06000 	C:\Xilinx\SDK\2016.4\lib\win64.o\libboost_iostreams.dll
0x00007ffba0370000 - 0x00007ffba0393000 	C:\Xilinx\SDK\2016.4\lib\win64.o\libisl_iosutils.dll
0x00007ffbc8260000 - 0x00007ffbc8505000 	C:\WINDOWS\SYSTEM32\iertutil.dll
0x00007ffba0120000 - 0x00007ffba0163000 	C:\Xilinx\SDK\2016.4\lib\win64.o\librdi_hdf.dll
0x00007ffbc3ac0000 - 0x00007ffbc3acb000 	C:\Xilinx\SDK\2016.4\lib\win64.o\libboost_chrono.dll
0x00007ffb6bbb0000 - 0x00007ffb6be78000 	C:\Xilinx\SDK\2016.4\lib\win64.o\librdi_ippcw.dll
0x00007ffbbd110000 - 0x00007ffbbd152000 	C:\WINDOWS\SYSTEM32\edputil.dll
0x00007ffbc2900000 - 0x00007ffbc290a000 	C:\Xilinx\SDK\2016.4\lib\win64.o\librdi_jtag_settings.dll
0x00007ffb9fd00000 - 0x00007ffb9fd29000 	C:\Xilinx\SDK\2016.4\lib\win64.o\librdi_debug_dialog.dll
0x00007ffbc2230000 - 0x00007ffbc2238000 	C:\Xilinx\SDK\2016.4\lib\win64.o\librdi_target_manager.dll
0x00007ffba11f0000 - 0x00007ffba1206000 	C:\Xilinx\SDK\2016.4\eclipse\win64.o\plugins\org.eclipse.cdt.core.win32.x86_64_5.4.0.201509131935\os\win32\x86_64\spawner.dll
0x0000000071100000 - 0x0000000071125000 	C:\Users\11401393\.jssc\windows\jSSC-2.8_x86_64.dll
0x00007ffb6e090000 - 0x00007ffb6e8a0000 	C:\Xilinx\SDK\2016.4\lib\win64.o\libXil_lmgr11FNP.dll
0x00007ffbd3250000 - 0x00007ffbd3679000 	C:\WINDOWS\System32\SETUPAPI.dll

VM Arguments:
jvm_args: -Dcom.xilinx.sdk.args.hwspec=C:/Users/11401393/Desktop/NCO_audio_output/Vivado_BD_SDK/Aansturing_Audio_output/Aansturing_Audio_output.sdk/design_1_wrapper.hdf -Xms64m -Xmx512m & 
java_command: <unknown>
java_class_path (initial): C:\Xilinx\SDK\2016.4\eclipse\win64.o\\plugins/org.eclipse.equinox.launcher_1.3.100.v20150511-1540.jar
Launcher Type: generic

Environment Variables:
USERNAME=11401393
OS=Windows_NT
PROCESSOR_IDENTIFIER=Intel64 Family 6 Model 60 Stepping 3, GenuineIntel



---------------  S Y S T E M  ---------------

OS: Windows 10.0 , 64 bit Build 14393 (10.0.14393.1198)

CPU:total 4 (2 cores per cpu, 2 threads per core) family 6 model 60 stepping 3, cmov, cx8, fxsr, mmx, sse, sse2, sse3, ssse3, sse4.1, sse4.2, popcnt, avx, avx2, aes, clmul, erms, lzcnt, ht, tsc, tscinvbit, bmi1, bmi2

Memory: 4k page, physical 8299628k(3186132k free), swap 13714612k(2859700k free)

vm_info: Java HotSpot(TM) 64-Bit Server VM (25.66-b18) for windows-amd64 JRE (1.8.0_66-b18), built on Nov  9 2015 10:51:13 by "java_re" with MS VC++ 10.0 (VS2010)

time: Thu Jun 01 15:16:01 2017
elapsed time: 5698 seconds (0d 1h 34m 58s)

