Copyright 1986-2016 Xilinx, Inc. All Rights Reserved.
------------------------------------------------------------------------------------
| Tool Version : Vivado v.2016.4 (win64) Build 1756540 Mon Jan 23 19:11:23 MST 2017
| Date         : Mon Jun 12 12:49:38 2017
| Host         : 5CG4363RFZ running 64-bit major release  (build 9200)
| Command      : upgrade_ip
| Device       : xc7z010clg400-1
------------------------------------------------------------------------------------

Upgrade Log for IP 'design_1_NCO2_0_0'

1. Summary
----------

SUCCESS in the upgrade of design_1_NCO2_0_0 (xilinx.com:hls:NCO2:1.0) from (Rev. 1706121219) to (Rev. 1706121248)






Copyright 1986-2016 Xilinx, Inc. All Rights Reserved.
------------------------------------------------------------------------------------
| Tool Version : Vivado v.2016.4 (win64) Build 1756540 Mon Jan 23 19:11:23 MST 2017
| Date         : Mon Jun 12 12:24:09 2017
| Host         : 5CG4363RFZ running 64-bit major release  (build 9200)
| Command      : upgrade_ip
| Device       : xc7z010clg400-1
------------------------------------------------------------------------------------

Upgrade Log for IP 'design_1_NCO2_0_0'

1. Summary
----------

SUCCESS in the upgrade of design_1_NCO2_0_0 (xilinx.com:hls:NCO2:1.0) from (Rev. 1706121150) to (Rev. 1706121219)






Copyright 1986-2016 Xilinx, Inc. All Rights Reserved.
------------------------------------------------------------------------------------
| Tool Version : Vivado v.2016.4 (win64) Build 1756540 Mon Jan 23 19:11:23 MST 2017
| Date         : Mon Jun 12 11:51:51 2017
| Host         : 5CG4363RFZ running 64-bit major release  (build 9200)
| Command      : upgrade_ip
| Device       : xc7z010clg400-1
------------------------------------------------------------------------------------

Upgrade Log for IP 'design_1_NCO2_0_0'

1. Summary
----------

SUCCESS in the upgrade of design_1_NCO2_0_0 (xilinx.com:hls:NCO2:1.0) from (Rev. 1706121126) to (Rev. 1706121150)






Copyright 1986-2016 Xilinx, Inc. All Rights Reserved.
------------------------------------------------------------------------------------
| Tool Version : Vivado v.2016.4 (win64) Build 1756540 Mon Jan 23 19:11:23 MST 2017
| Date         : Mon Jun 12 11:27:48 2017
| Host         : 5CG4363RFZ running 64-bit major release  (build 9200)
| Command      : upgrade_ip
| Device       : xc7z010clg400-1
------------------------------------------------------------------------------------

Upgrade Log for IP 'design_1_NCO2_0_0'

1. Summary
----------

SUCCESS in the upgrade of design_1_NCO2_0_0 (xilinx.com:hls:NCO2:1.0) from (Rev. 1706112032) to (Rev. 1706121126)






Copyright 1986-2016 Xilinx, Inc. All Rights Reserved.
------------------------------------------------------------------------------------
| Tool Version : Vivado v.2016.4 (win64) Build 1756540 Mon Jan 23 19:11:23 MST 2017
| Date         : Sun Jun 11 20:34:41 2017
| Host         : 5CG4363RFZ running 64-bit major release  (build 9200)
| Command      : upgrade_ip
| Device       : xc7z010clg400-1
------------------------------------------------------------------------------------

Upgrade Log for IP 'design_1_NCO2_0_0'

1. Summary
----------

SUCCESS in the upgrade of design_1_NCO2_0_0 (xilinx.com:hls:NCO2:1.0) from (Rev. 1706112002) to (Rev. 1706112032)






Copyright 1986-2016 Xilinx, Inc. All Rights Reserved.
------------------------------------------------------------------------------------
| Tool Version : Vivado v.2016.4 (win64) Build 1756540 Mon Jan 23 19:11:23 MST 2017
| Date         : Sun Jun 11 20:04:11 2017
| Host         : 5CG4363RFZ running 64-bit major release  (build 9200)
| Command      : upgrade_ip
| Device       : xc7z010clg400-1
------------------------------------------------------------------------------------

Upgrade Log for IP 'design_1_NCO2_0_0'

1. Summary
----------

SUCCESS in the upgrade of design_1_NCO2_0_0 (xilinx.com:hls:NCO2:1.0) from (Rev. 1706102102) to (Rev. 1706112002)






Copyright 1986-2016 Xilinx, Inc. All Rights Reserved.
------------------------------------------------------------------------------------
| Tool Version : Vivado v.2016.4 (win64) Build 1756540 Mon Jan 23 19:11:23 MST 2017
| Date         : Sat Jun 10 21:04:06 2017
| Host         : 5CG4363RFZ running 64-bit major release  (build 9200)
| Command      : upgrade_ip
| Device       : xc7z010clg400-1
------------------------------------------------------------------------------------

Upgrade Log for IP 'design_1_NCO2_0_0'

1. Summary
----------

SUCCESS in the upgrade of design_1_NCO2_0_0 (xilinx.com:hls:NCO2:1.0) from (Rev. 1706102056) to (Rev. 1706102102)






Copyright 1986-2016 Xilinx, Inc. All Rights Reserved.
------------------------------------------------------------------------------------
| Tool Version : Vivado v.2016.4 (win64) Build 1756540 Mon Jan 23 19:11:23 MST 2017
| Date         : Sat Jun 10 20:57:08 2017
| Host         : 5CG4363RFZ running 64-bit major release  (build 9200)
| Command      : upgrade_ip
| Device       : xc7z010clg400-1
------------------------------------------------------------------------------------

Upgrade Log for IP 'design_1_NCO2_0_0'

1. Summary
----------

CAUTION (success, with warnings) in the upgrade of design_1_NCO2_0_0 (xilinx.com:hls:NCO2:1.0) from (Rev. 1706102043) to (Rev. 1706102056)

After upgrade, an IP may have parameter and port differences compared to the original customization. Please review the parameters within the IP customization GUI to ensure proper functionality. Also, please review the updated IP instantiation template to ensure proper connectivity, and update your design if required.

2. Interface Information
------------------------

Detected external interface differences while upgrading 'design_1_NCO2_0_0'.


-Upgrade has removed interface 'freqControl'


3. Connection Warnings
----------------------

Detected external port differences while upgrading 'design_1_NCO2_0_0'. These changes may impact your design.


-Upgrade has removed port 'freqControl'







Copyright 1986-2016 Xilinx, Inc. All Rights Reserved.
------------------------------------------------------------------------------------
| Tool Version : Vivado v.2016.4 (win64) Build 1756540 Mon Jan 23 19:11:23 MST 2017
| Date         : Sat Jun 10 20:52:18 2017
| Host         : 5CG4363RFZ running 64-bit major release  (build 9200)
| Command      : upgrade_ip
| Device       : xc7z010clg400-1
------------------------------------------------------------------------------------

Upgrade Log for IP 'design_1_NCO2_0_0'

1. Summary
----------

CAUTION (success, with warnings) in the upgrade of design_1_NCO2_0_0 (xilinx.com:hls:NCO2:1.0) from (Rev. 1706102024) to (Rev. 1706102043)

After upgrade, an IP may have parameter and port differences compared to the original customization. Please review the parameters within the IP customization GUI to ensure proper functionality. Also, please review the updated IP instantiation template to ensure proper connectivity, and update your design if required.

2. Interface Information
------------------------

Detected external interface differences while upgrading 'design_1_NCO2_0_0'.


-Upgrade has added interface 'freqControl' (xilinx.com:signal:data:1.0)


3. Connection Warnings
----------------------

Detected external port differences while upgrading 'design_1_NCO2_0_0'. These changes may impact your design.


-Upgrade has added port 'freqControl'







Copyright 1986-2016 Xilinx, Inc. All Rights Reserved.
------------------------------------------------------------------------------------
| Tool Version : Vivado v.2016.4 (win64) Build 1756540 Mon Jan 23 19:11:23 MST 2017
| Date         : Sat Jun 10 20:26:37 2017
| Host         : 5CG4363RFZ running 64-bit major release  (build 9200)
| Command      : upgrade_ip
| Device       : xc7z010clg400-1
------------------------------------------------------------------------------------

Upgrade Log for IP 'design_1_NCO2_0_0'

1. Summary
----------

CAUTION (success, with warnings) in the upgrade of design_1_NCO2_0_0 (xilinx.com:hls:NCO2:1.0) from (Rev. 1706102020) to (Rev. 1706102024)

After upgrade, an IP may have parameter and port differences compared to the original customization. Please review the parameters within the IP customization GUI to ensure proper functionality. Also, please review the updated IP instantiation template to ensure proper connectivity, and update your design if required.

2. Interface Information
------------------------

Detected external interface differences while upgrading 'design_1_NCO2_0_0'.


-Upgrade has removed interface 'counterloop'


3. Connection Warnings
----------------------

Detected external port differences while upgrading 'design_1_NCO2_0_0'. These changes may impact your design.


-Upgrade has removed port 'counterloop'







Copyright 1986-2016 Xilinx, Inc. All Rights Reserved.
------------------------------------------------------------------------------------
| Tool Version : Vivado v.2016.4 (win64) Build 1756540 Mon Jan 23 19:11:23 MST 2017
| Date         : Sat Jun 10 20:22:06 2017
| Host         : 5CG4363RFZ running 64-bit major release  (build 9200)
| Command      : upgrade_ip
| Device       : xc7z010clg400-1
------------------------------------------------------------------------------------

Upgrade Log for IP 'design_1_NCO2_0_0'

1. Summary
----------

CAUTION (success, with warnings) in the upgrade of design_1_NCO2_0_0 (xilinx.com:hls:NCO2:1.0) from (Rev. 1706101951) to (Rev. 1706102020)

After upgrade, an IP may have parameter and port differences compared to the original customization. Please review the parameters within the IP customization GUI to ensure proper functionality. Also, please review the updated IP instantiation template to ensure proper connectivity, and update your design if required.

2. Interface Information
------------------------

Detected external interface differences while upgrading 'design_1_NCO2_0_0'.


-Upgrade has added interface 'counterloop' (xilinx.com:signal:data:1.0)


3. Connection Warnings
----------------------

Detected external port differences while upgrading 'design_1_NCO2_0_0'. These changes may impact your design.


-Upgrade has added port 'counterloop'







Copyright 1986-2016 Xilinx, Inc. All Rights Reserved.
------------------------------------------------------------------------------------
| Tool Version : Vivado v.2016.4 (win64) Build 1756540 Mon Jan 23 19:11:23 MST 2017
| Date         : Sat Jun 10 19:54:05 2017
| Host         : 5CG4363RFZ running 64-bit major release  (build 9200)
| Command      : upgrade_ip
| Device       : xc7z010clg400-1
------------------------------------------------------------------------------------

Upgrade Log for IP 'design_1_NCO2_0_0'

1. Summary
----------

SUCCESS in the upgrade of design_1_NCO2_0_0 (xilinx.com:hls:NCO2:1.0) from (Rev. 1706101932) to (Rev. 1706101951)






Copyright 1986-2016 Xilinx, Inc. All Rights Reserved.
------------------------------------------------------------------------------------
| Tool Version : Vivado v.2016.4 (win64) Build 1756540 Mon Jan 23 19:11:23 MST 2017
| Date         : Sat Jun 10 19:33:01 2017
| Host         : 5CG4363RFZ running 64-bit major release  (build 9200)
| Command      : upgrade_ip
| Device       : xc7z010clg400-1
------------------------------------------------------------------------------------

Upgrade Log for IP 'design_1_NCO2_0_0'

1. Summary
----------

SUCCESS in the upgrade of design_1_NCO2_0_0 (xilinx.com:hls:NCO2:1.0) from (Rev. 1706101906) to (Rev. 1706101932)






Copyright 1986-2016 Xilinx, Inc. All Rights Reserved.
------------------------------------------------------------------------------------
| Tool Version : Vivado v.2016.4 (win64) Build 1756540 Mon Jan 23 19:11:23 MST 2017
| Date         : Sat Jun 10 19:09:12 2017
| Host         : 5CG4363RFZ running 64-bit major release  (build 9200)
| Command      : upgrade_ip
| Device       : xc7z010clg400-1
------------------------------------------------------------------------------------

Upgrade Log for IP 'design_1_NCO2_0_0'

1. Summary
----------

SUCCESS in the upgrade of design_1_NCO2_0_0 (xilinx.com:hls:NCO2:1.0) from (Rev. 1706101846) to (Rev. 1706101906)






Copyright 1986-2016 Xilinx, Inc. All Rights Reserved.
------------------------------------------------------------------------------------
| Tool Version : Vivado v.2016.4 (win64) Build 1756540 Mon Jan 23 19:11:23 MST 2017
| Date         : Sat Jun 10 18:47:57 2017
| Host         : 5CG4363RFZ running 64-bit major release  (build 9200)
| Command      : upgrade_ip
| Device       : xc7z010clg400-1
------------------------------------------------------------------------------------

Upgrade Log for IP 'design_1_NCO2_0_0'

1. Summary
----------

SUCCESS in the upgrade of design_1_NCO2_0_0 (xilinx.com:hls:NCO2:1.0) from (Rev. 1706101825) to (Rev. 1706101846)






Copyright 1986-2016 Xilinx, Inc. All Rights Reserved.
------------------------------------------------------------------------------------
| Tool Version : Vivado v.2016.4 (win64) Build 1756540 Mon Jan 23 19:11:23 MST 2017
| Date         : Sat Jun 10 18:27:35 2017
| Host         : 5CG4363RFZ running 64-bit major release  (build 9200)
| Command      : upgrade_ip
| Device       : xc7z010clg400-1
------------------------------------------------------------------------------------

Upgrade Log for IP 'design_1_NCO2_0_0'

1. Summary
----------

SUCCESS in the upgrade of design_1_NCO2_0_0 (xilinx.com:hls:NCO2:1.0) from (Rev. 1706101743) to (Rev. 1706101825)






Copyright 1986-2016 Xilinx, Inc. All Rights Reserved.
------------------------------------------------------------------------------------
| Tool Version : Vivado v.2016.4 (win64) Build 1756540 Mon Jan 23 19:11:23 MST 2017
| Date         : Sat Jun 10 17:45:18 2017
| Host         : 5CG4363RFZ running 64-bit major release  (build 9200)
| Command      : upgrade_ip
| Device       : xc7z010clg400-1
------------------------------------------------------------------------------------

Upgrade Log for IP 'design_1_NCO2_0_0'

1. Summary
----------

SUCCESS in the upgrade of design_1_NCO2_0_0 (xilinx.com:hls:NCO2:1.0) from (Rev. 1706101700) to (Rev. 1706101743)






Copyright 1986-2016 Xilinx, Inc. All Rights Reserved.
------------------------------------------------------------------------------------
| Tool Version : Vivado v.2016.4 (win64) Build 1756540 Mon Jan 23 19:11:23 MST 2017
| Date         : Sat Jun 10 17:01:25 2017
| Host         : 5CG4363RFZ running 64-bit major release  (build 9200)
| Command      : upgrade_ip
| Device       : xc7z010clg400-1
------------------------------------------------------------------------------------

Upgrade Log for IP 'design_1_NCO2_0_0'

1. Summary
----------

SUCCESS in the upgrade of design_1_NCO2_0_0 (xilinx.com:hls:NCO2:1.0) from (Rev. 1706101620) to (Rev. 1706101700)






Copyright 1986-2016 Xilinx, Inc. All Rights Reserved.
------------------------------------------------------------------------------------
| Tool Version : Vivado v.2016.4 (win64) Build 1756540 Mon Jan 23 19:11:23 MST 2017
| Date         : Sat Jun 10 16:22:16 2017
| Host         : 5CG4363RFZ running 64-bit major release  (build 9200)
| Command      : upgrade_ip
| Device       : xc7z010clg400-1
------------------------------------------------------------------------------------

Upgrade Log for IP 'design_1_NCO2_0_0'

1. Summary
----------

CAUTION (success, with warnings) in the upgrade of design_1_NCO2_0_0 (xilinx.com:hls:NCO2:1.0) from (Rev. 1706101616) to (Rev. 1706101620)

After upgrade, an IP may have parameter and port differences compared to the original customization. Please review the parameters within the IP customization GUI to ensure proper functionality. Also, please review the updated IP instantiation template to ensure proper connectivity, and update your design if required.

2. Interface Information
------------------------

Detected external interface differences while upgrading 'design_1_NCO2_0_0'.


-Upgrade has removed interface 'freq'


3. Connection Warnings
----------------------

Detected external port differences while upgrading 'design_1_NCO2_0_0'. These changes may impact your design.


-Upgrade has removed port 'freq'







Copyright 1986-2016 Xilinx, Inc. All Rights Reserved.
------------------------------------------------------------------------------------
| Tool Version : Vivado v.2016.4 (win64) Build 1756540 Mon Jan 23 19:11:23 MST 2017
| Date         : Sat Jun 10 16:17:42 2017
| Host         : 5CG4363RFZ running 64-bit major release  (build 9200)
| Command      : upgrade_ip
| Device       : xc7z010clg400-1
------------------------------------------------------------------------------------

Upgrade Log for IP 'design_1_NCO2_0_0'

1. Summary
----------

SUCCESS in the upgrade of design_1_NCO2_0_0 (xilinx.com:hls:NCO2:1.0) from (Rev. 1706101615) to (Rev. 1706101616)






Copyright 1986-2016 Xilinx, Inc. All Rights Reserved.
------------------------------------------------------------------------------------
| Tool Version : Vivado v.2016.4 (win64) Build 1756540 Mon Jan 23 19:11:23 MST 2017
| Date         : Sat Jun 10 16:16:34 2017
| Host         : 5CG4363RFZ running 64-bit major release  (build 9200)
| Command      : upgrade_ip
| Device       : xc7z010clg400-1
------------------------------------------------------------------------------------

Upgrade Log for IP 'design_1_NCO2_0_0'

1. Summary
----------

CAUTION (success, with warnings) in the upgrade of design_1_NCO2_0_0 (xilinx.com:hls:NCO2:1.0) from (Rev. 1706101543) to (Rev. 1706101615)

After upgrade, an IP may have parameter and port differences compared to the original customization. Please review the parameters within the IP customization GUI to ensure proper functionality. Also, please review the updated IP instantiation template to ensure proper connectivity, and update your design if required.

2. Interface Information
------------------------

Detected external interface differences while upgrading 'design_1_NCO2_0_0'.


-Upgrade has added interface 'freq' (xilinx.com:signal:data:1.0)


3. Connection Warnings
----------------------

Detected external port differences while upgrading 'design_1_NCO2_0_0'. These changes may impact your design.


-Upgrade has added port 'freq'







Copyright 1986-2016 Xilinx, Inc. All Rights Reserved.
------------------------------------------------------------------------------------
| Tool Version : Vivado v.2016.4 (win64) Build 1756540 Mon Jan 23 19:11:23 MST 2017
| Date         : Sat Jun 10 15:45:04 2017
| Host         : 5CG4363RFZ running 64-bit major release  (build 9200)
| Command      : upgrade_ip
| Device       : xc7z010clg400-1
------------------------------------------------------------------------------------

Upgrade Log for IP 'design_1_NCO2_0_0'

1. Summary
----------

SUCCESS in the upgrade of design_1_NCO2_0_0 (xilinx.com:hls:NCO2:1.0) from (Rev. 1706101422) to (Rev. 1706101543)






Copyright 1986-2016 Xilinx, Inc. All Rights Reserved.
------------------------------------------------------------------------------------
| Tool Version : Vivado v.2016.4 (win64) Build 1756540 Mon Jan 23 19:11:23 MST 2017
| Date         : Sat Jun 10 14:24:08 2017
| Host         : 5CG4363RFZ running 64-bit major release  (build 9200)
| Command      : upgrade_ip
| Device       : xc7z010clg400-1
------------------------------------------------------------------------------------

Upgrade Log for IP 'design_1_NCO2_0_0'

1. Summary
----------

SUCCESS in the upgrade of design_1_NCO2_0_0 (xilinx.com:hls:NCO2:1.0) from (Rev. 1706101415) to (Rev. 1706101422)






Copyright 1986-2016 Xilinx, Inc. All Rights Reserved.
------------------------------------------------------------------------------------
| Tool Version : Vivado v.2016.4 (win64) Build 1756540 Mon Jan 23 19:11:23 MST 2017
| Date         : Sat Jun 10 14:16:26 2017
| Host         : 5CG4363RFZ running 64-bit major release  (build 9200)
| Command      : upgrade_ip
| Device       : xc7z010clg400-1
------------------------------------------------------------------------------------

Upgrade Log for IP 'design_1_NCO2_0_0'

1. Summary
----------

SUCCESS in the upgrade of design_1_NCO2_0_0 (xilinx.com:hls:NCO2:1.0) from (Rev. 1706101401) to (Rev. 1706101415)






Copyright 1986-2016 Xilinx, Inc. All Rights Reserved.
------------------------------------------------------------------------------------
| Tool Version : Vivado v.2016.4 (win64) Build 1756540 Mon Jan 23 19:11:23 MST 2017
| Date         : Sat Jun 10 14:02:58 2017
| Host         : 5CG4363RFZ running 64-bit major release  (build 9200)
| Command      : upgrade_ip
| Device       : xc7z010clg400-1
------------------------------------------------------------------------------------

Upgrade Log for IP 'design_1_NCO2_0_0'

1. Summary
----------

SUCCESS in the upgrade of design_1_NCO2_0_0 (xilinx.com:hls:NCO2:1.0) from (Rev. 1706101336) to (Rev. 1706101401)






Copyright 1986-2016 Xilinx, Inc. All Rights Reserved.
------------------------------------------------------------------------------------
| Tool Version : Vivado v.2016.4 (win64) Build 1756540 Mon Jan 23 19:11:23 MST 2017
| Date         : Sat Jun 10 13:37:41 2017
| Host         : 5CG4363RFZ running 64-bit major release  (build 9200)
| Command      : upgrade_ip
| Device       : xc7z010clg400-1
------------------------------------------------------------------------------------

Upgrade Log for IP 'design_1_NCO2_0_0'

1. Summary
----------

SUCCESS in the upgrade of design_1_NCO2_0_0 (xilinx.com:hls:NCO2:1.0) from (Rev. 1706101320) to (Rev. 1706101336)






Copyright 1986-2016 Xilinx, Inc. All Rights Reserved.
------------------------------------------------------------------------------------
| Tool Version : Vivado v.2016.4 (win64) Build 1756540 Mon Jan 23 19:11:23 MST 2017
| Date         : Sat Jun 10 13:21:26 2017
| Host         : 5CG4363RFZ running 64-bit major release  (build 9200)
| Command      : upgrade_ip
| Device       : xc7z010clg400-1
------------------------------------------------------------------------------------

Upgrade Log for IP 'design_1_NCO2_0_0'

1. Summary
----------

SUCCESS in the upgrade of design_1_NCO2_0_0 (xilinx.com:hls:NCO2:1.0) from (Rev. 1706091605) to (Rev. 1706101320)






Copyright 1986-2016 Xilinx, Inc. All Rights Reserved.
------------------------------------------------------------------------------------
| Tool Version : Vivado v.2016.4 (win64) Build 1756540 Mon Jan 23 19:11:23 MST 2017
| Date         : Fri Jun 09 16:07:45 2017
| Host         : 5CG4363RFZ running 64-bit major release  (build 9200)
| Command      : upgrade_ip
| Device       : xc7z010clg400-1
------------------------------------------------------------------------------------

Upgrade Log for IP 'design_1_NCO2_0_0'

1. Summary
----------

SUCCESS in the upgrade of design_1_NCO2_0_0 (xilinx.com:hls:NCO2:1.0) from (Rev. 1706091510) to (Rev. 1706091605)






Copyright 1986-2016 Xilinx, Inc. All Rights Reserved.
------------------------------------------------------------------------------------
| Tool Version : Vivado v.2016.4 (win64) Build 1756540 Mon Jan 23 19:11:23 MST 2017
| Date         : Fri Jun 09 15:11:22 2017
| Host         : 5CG4363RFZ running 64-bit major release  (build 9200)
| Command      : upgrade_ip
| Device       : xc7z010clg400-1
------------------------------------------------------------------------------------

Upgrade Log for IP 'design_1_NCO2_0_0'

1. Summary
----------

SUCCESS in the upgrade of design_1_NCO2_0_0 (xilinx.com:hls:NCO2:1.0) from (Rev. 1706091437) to (Rev. 1706091510)






Copyright 1986-2016 Xilinx, Inc. All Rights Reserved.
------------------------------------------------------------------------------------
| Tool Version : Vivado v.2016.4 (win64) Build 1756540 Mon Jan 23 19:11:23 MST 2017
| Date         : Fri Jun 09 14:39:05 2017
| Host         : 5CG4363RFZ running 64-bit major release  (build 9200)
| Command      : upgrade_ip
| Device       : xc7z010clg400-1
------------------------------------------------------------------------------------

Upgrade Log for IP 'design_1_NCO2_0_0'

1. Summary
----------

SUCCESS in the upgrade of design_1_NCO2_0_0 (xilinx.com:hls:NCO2:1.0) from (Rev. 1706031721) to (Rev. 1706091437)






Copyright 1986-2016 Xilinx, Inc. All Rights Reserved.
------------------------------------------------------------------------------------
| Tool Version : Vivado v.2016.4 (win64) Build 1756540 Mon Jan 23 19:11:23 MST 2017
| Date         : Sat Jun 03 17:23:03 2017
| Host         : 5CG4363RFZ running 64-bit major release  (build 9200)
| Command      : upgrade_ip
| Device       : xc7z010clg400-1
------------------------------------------------------------------------------------

Upgrade Log for IP 'design_1_NCO2_0_0'

1. Summary
----------

SUCCESS in the upgrade of design_1_NCO2_0_0 (xilinx.com:hls:NCO2:1.0) from (Rev. 1706031650) to (Rev. 1706031721)






Copyright 1986-2016 Xilinx, Inc. All Rights Reserved.
------------------------------------------------------------------------------------
| Tool Version : Vivado v.2016.4 (win64) Build 1756540 Mon Jan 23 19:11:23 MST 2017
| Date         : Sat Jun 03 16:51:22 2017
| Host         : 5CG4363RFZ running 64-bit major release  (build 9200)
| Command      : upgrade_ip
| Device       : xc7z010clg400-1
------------------------------------------------------------------------------------

Upgrade Log for IP 'design_1_NCO2_0_0'

1. Summary
----------

SUCCESS in the upgrade of design_1_NCO2_0_0 (xilinx.com:hls:NCO2:1.0) from (Rev. 1706031627) to (Rev. 1706031650)






Copyright 1986-2016 Xilinx, Inc. All Rights Reserved.
------------------------------------------------------------------------------------
| Tool Version : Vivado v.2016.4 (win64) Build 1756540 Mon Jan 23 19:11:23 MST 2017
| Date         : Sat Jun 03 16:28:34 2017
| Host         : 5CG4363RFZ running 64-bit major release  (build 9200)
| Command      : upgrade_ip
| Device       : xc7z010clg400-1
------------------------------------------------------------------------------------

Upgrade Log for IP 'design_1_NCO2_0_0'

1. Summary
----------

SUCCESS in the upgrade of design_1_NCO2_0_0 (xilinx.com:hls:NCO2:1.0) from (Rev. 1706012037) to (Rev. 1706031627)






Copyright 1986-2016 Xilinx, Inc. All Rights Reserved.
------------------------------------------------------------------------------------
| Tool Version : Vivado v.2016.4 (win64) Build 1756540 Mon Jan 23 19:11:23 MST 2017
| Date         : Thu Jun 01 20:38:25 2017
| Host         : 5CG4363RFZ running 64-bit major release  (build 9200)
| Command      : upgrade_ip
| Device       : xc7z010clg400-1
------------------------------------------------------------------------------------

Upgrade Log for IP 'design_1_NCO2_0_0'

1. Summary
----------

SUCCESS in the upgrade of design_1_NCO2_0_0 (xilinx.com:hls:NCO2:1.0) from (Rev. 1706012024) to (Rev. 1706012037)






Copyright 1986-2016 Xilinx, Inc. All Rights Reserved.
------------------------------------------------------------------------------------
| Tool Version : Vivado v.2016.4 (win64) Build 1756540 Mon Jan 23 19:11:23 MST 2017
| Date         : Thu Jun 01 20:25:08 2017
| Host         : 5CG4363RFZ running 64-bit major release  (build 9200)
| Command      : upgrade_ip
| Device       : xc7z010clg400-1
------------------------------------------------------------------------------------

Upgrade Log for IP 'design_1_NCO2_0_0'

1. Summary
----------

SUCCESS in the upgrade of design_1_NCO2_0_0 (xilinx.com:hls:NCO2:1.0) from (Rev. 1706011947) to (Rev. 1706012024)






Copyright 1986-2016 Xilinx, Inc. All Rights Reserved.
------------------------------------------------------------------------------------
| Tool Version : Vivado v.2016.4 (win64) Build 1756540 Mon Jan 23 19:11:23 MST 2017
| Date         : Thu Jun 01 19:48:16 2017
| Host         : 5CG4363RFZ running 64-bit major release  (build 9200)
| Command      : upgrade_ip
| Device       : xc7z010clg400-1
------------------------------------------------------------------------------------

Upgrade Log for IP 'design_1_NCO2_0_0'

1. Summary
----------

SUCCESS in the upgrade of design_1_NCO2_0_0 (xilinx.com:hls:NCO2:1.0) from (Rev. 1706011931) to (Rev. 1706011947)






Copyright 1986-2016 Xilinx, Inc. All Rights Reserved.
------------------------------------------------------------------------------------
| Tool Version : Vivado v.2016.4 (win64) Build 1756540 Mon Jan 23 19:11:23 MST 2017
| Date         : Thu Jun 01 19:32:33 2017
| Host         : 5CG4363RFZ running 64-bit major release  (build 9200)
| Command      : upgrade_ip
| Device       : xc7z010clg400-1
------------------------------------------------------------------------------------

Upgrade Log for IP 'design_1_NCO2_0_0'

1. Summary
----------

SUCCESS in the upgrade of design_1_NCO2_0_0 (xilinx.com:hls:NCO2:1.0) from (Rev. 1706011812) to (Rev. 1706011931)






Copyright 1986-2016 Xilinx, Inc. All Rights Reserved.
------------------------------------------------------------------------------------
| Tool Version : Vivado v.2016.4 (win64) Build 1756540 Mon Jan 23 19:11:23 MST 2017
| Date         : Thu Jun 01 18:13:59 2017
| Host         : 5CG4363RFZ running 64-bit major release  (build 9200)
| Command      : upgrade_ip
| Device       : xc7z010clg400-1
------------------------------------------------------------------------------------

Upgrade Log for IP 'design_1_NCO2_0_0'

1. Summary
----------

SUCCESS in the upgrade of design_1_NCO2_0_0 (xilinx.com:hls:NCO2:1.0) from (Rev. 1706011759) to (Rev. 1706011812)






Copyright 1986-2016 Xilinx, Inc. All Rights Reserved.
------------------------------------------------------------------------------------
| Tool Version : Vivado v.2016.4 (win64) Build 1756540 Mon Jan 23 19:11:23 MST 2017
| Date         : Thu Jun 01 18:00:51 2017
| Host         : 5CG4363RFZ running 64-bit major release  (build 9200)
| Command      : upgrade_ip
| Device       : xc7z010clg400-1
------------------------------------------------------------------------------------

Upgrade Log for IP 'design_1_NCO2_0_0'

1. Summary
----------

SUCCESS in the upgrade of design_1_NCO2_0_0 (xilinx.com:hls:NCO2:1.0) from (Rev. 1706011747) to (Rev. 1706011759)






Copyright 1986-2016 Xilinx, Inc. All Rights Reserved.
------------------------------------------------------------------------------------
| Tool Version : Vivado v.2016.4 (win64) Build 1756540 Mon Jan 23 19:11:23 MST 2017
| Date         : Thu Jun 01 17:48:15 2017
| Host         : 5CG4363RFZ running 64-bit major release  (build 9200)
| Command      : upgrade_ip
| Device       : xc7z010clg400-1
------------------------------------------------------------------------------------

Upgrade Log for IP 'design_1_NCO2_0_0'

1. Summary
----------

SUCCESS in the upgrade of design_1_NCO2_0_0 (xilinx.com:hls:NCO2:1.0) from (Rev. 1706011715) to (Rev. 1706011747)






Copyright 1986-2016 Xilinx, Inc. All Rights Reserved.
------------------------------------------------------------------------------------
| Tool Version : Vivado v.2016.4 (win64) Build 1756540 Mon Jan 23 19:11:23 MST 2017
| Date         : Thu Jun 01 17:16:02 2017
| Host         : 5CG4363RFZ running 64-bit major release  (build 9200)
| Command      : upgrade_ip
| Device       : xc7z010clg400-1
------------------------------------------------------------------------------------

Upgrade Log for IP 'design_1_NCO2_0_0'

1. Summary
----------

SUCCESS in the upgrade of design_1_NCO2_0_0 (xilinx.com:hls:NCO2:1.0) from (Rev. 1706011557) to (Rev. 1706011715)






Copyright 1986-2016 Xilinx, Inc. All Rights Reserved.
------------------------------------------------------------------------------------
| Tool Version : Vivado v.2016.4 (win64) Build 1756540 Mon Jan 23 19:11:23 MST 2017
| Date         : Thu Jun 01 15:58:33 2017
| Host         : 5CG4363RFZ running 64-bit major release  (build 9200)
| Command      : upgrade_ip
| Device       : xc7z010clg400-1
------------------------------------------------------------------------------------

Upgrade Log for IP 'design_1_NCO2_0_0'

1. Summary
----------

SUCCESS in the upgrade of design_1_NCO2_0_0 (xilinx.com:hls:NCO2:1.0) from (Rev. 1706011538) to (Rev. 1706011557)






Copyright 1986-2016 Xilinx, Inc. All Rights Reserved.
------------------------------------------------------------------------------------
| Tool Version : Vivado v.2016.4 (win64) Build 1756540 Mon Jan 23 19:11:23 MST 2017
| Date         : Thu Jun 01 15:39:00 2017
| Host         : 5CG4363RFZ running 64-bit major release  (build 9200)
| Command      : upgrade_ip
| Device       : xc7z010clg400-1
------------------------------------------------------------------------------------

Upgrade Log for IP 'design_1_NCO2_0_0'

1. Summary
----------

SUCCESS in the upgrade of design_1_NCO2_0_0 (xilinx.com:hls:NCO2:1.0) from (Rev. 1706011459) to (Rev. 1706011538)






Copyright 1986-2016 Xilinx, Inc. All Rights Reserved.
------------------------------------------------------------------------------------
| Tool Version : Vivado v.2016.4 (win64) Build 1756540 Mon Jan 23 19:11:23 MST 2017
| Date         : Thu Jun 01 15:00:52 2017
| Host         : 5CG4363RFZ running 64-bit major release  (build 9200)
| Command      : upgrade_ip
| Device       : xc7z010clg400-1
------------------------------------------------------------------------------------

Upgrade Log for IP 'design_1_NCO2_0_0'

1. Summary
----------

SUCCESS in the upgrade of design_1_NCO2_0_0 (xilinx.com:hls:NCO2:1.0) from (Rev. 1706011424) to (Rev. 1706011459)






Copyright 1986-2016 Xilinx, Inc. All Rights Reserved.
------------------------------------------------------------------------------------
| Tool Version : Vivado v.2016.4 (win64) Build 1756540 Mon Jan 23 19:11:23 MST 2017
| Date         : Thu Jun 01 14:25:52 2017
| Host         : 5CG4363RFZ running 64-bit major release  (build 9200)
| Command      : upgrade_ip
| Device       : xc7z010clg400-1
------------------------------------------------------------------------------------

Upgrade Log for IP 'design_1_NCO2_0_0'

1. Summary
----------

SUCCESS in the upgrade of design_1_NCO2_0_0 (xilinx.com:hls:NCO2:1.0) from (Rev. 1706011335) to (Rev. 1706011424)






Copyright 1986-2016 Xilinx, Inc. All Rights Reserved.
------------------------------------------------------------------------------------
| Tool Version : Vivado v.2016.4 (win64) Build 1756540 Mon Jan 23 19:11:23 MST 2017
| Date         : Thu Jun 01 13:36:51 2017
| Host         : 5CG4363RFZ running 64-bit major release  (build 9200)
| Command      : upgrade_ip
| Device       : xc7z010clg400-1
------------------------------------------------------------------------------------

Upgrade Log for IP 'design_1_NCO2_0_0'

1. Summary
----------

SUCCESS in the upgrade of design_1_NCO2_0_0 (xilinx.com:hls:NCO2:1.0) from (Rev. 1705311833) to (Rev. 1706011335)






Copyright 1986-2016 Xilinx, Inc. All Rights Reserved.
------------------------------------------------------------------------------------
| Tool Version : Vivado v.2016.4 (win64) Build 1756540 Mon Jan 23 19:11:23 MST 2017
| Date         : Wed May 31 18:34:30 2017
| Host         : 5CG4363RFZ running 64-bit major release  (build 9200)
| Command      : upgrade_ip
| Device       : xc7z010clg400-1
------------------------------------------------------------------------------------

Upgrade Log for IP 'design_1_NCO2_0_0'

1. Summary
----------

SUCCESS in the upgrade of design_1_NCO2_0_0 (xilinx.com:hls:NCO2:1.0) from (Rev. 1705311749) to (Rev. 1705311833)






Copyright 1986-2016 Xilinx, Inc. All Rights Reserved.
------------------------------------------------------------------------------------
| Tool Version : Vivado v.2016.4 (win64) Build 1756540 Mon Jan 23 19:11:23 MST 2017
| Date         : Wed May 31 17:51:27 2017
| Host         : 5CG4363RFZ running 64-bit major release  (build 9200)
| Command      : upgrade_ip
| Device       : xc7z010clg400-1
------------------------------------------------------------------------------------

Upgrade Log for IP 'design_1_NCO2_0_0'

1. Summary
----------

SUCCESS in the upgrade of design_1_NCO2_0_0 (xilinx.com:hls:NCO2:1.0) from (Rev. 1705311703) to (Rev. 1705311749)






Copyright 1986-2016 Xilinx, Inc. All Rights Reserved.
------------------------------------------------------------------------------------
| Tool Version : Vivado v.2016.4 (win64) Build 1756540 Mon Jan 23 19:11:23 MST 2017
| Date         : Wed May 31 17:06:18 2017
| Host         : 5CG4363RFZ running 64-bit major release  (build 9200)
| Command      : upgrade_ip
| Device       : xc7z010clg400-1
------------------------------------------------------------------------------------

Upgrade Log for IP 'design_1_NCO2_0_0'

1. Summary
----------

SUCCESS in the upgrade of design_1_NCO2_0_0 (xilinx.com:hls:NCO2:1.0) from (Rev. 1705311445) to (Rev. 1705311703)






Copyright 1986-2016 Xilinx, Inc. All Rights Reserved.
------------------------------------------------------------------------------------
| Tool Version : Vivado v.2016.4 (win64) Build 1756540 Mon Jan 23 19:11:23 MST 2017
| Date         : Wed May 31 14:46:14 2017
| Host         : 5CG4363RFZ running 64-bit major release  (build 9200)
| Command      : upgrade_ip
| Device       : xc7z010clg400-1
------------------------------------------------------------------------------------

Upgrade Log for IP 'design_1_NCO2_0_0'

1. Summary
----------

SUCCESS in the upgrade of design_1_NCO2_0_0 (xilinx.com:hls:NCO2:1.0) from (Rev. 1705311428) to (Rev. 1705311445)






Copyright 1986-2016 Xilinx, Inc. All Rights Reserved.
------------------------------------------------------------------------------------
| Tool Version : Vivado v.2016.4 (win64) Build 1756540 Mon Jan 23 19:11:23 MST 2017
| Date         : Wed May 31 14:30:10 2017
| Host         : 5CG4363RFZ running 64-bit major release  (build 9200)
| Command      : upgrade_ip
| Device       : xc7z010clg400-1
------------------------------------------------------------------------------------

Upgrade Log for IP 'design_1_NCO2_0_0'

1. Summary
----------

SUCCESS in the upgrade of design_1_NCO2_0_0 (xilinx.com:hls:NCO2:1.0) from (Rev. 1705311339) to (Rev. 1705311428)






Copyright 1986-2016 Xilinx, Inc. All Rights Reserved.
------------------------------------------------------------------------------------
| Tool Version : Vivado v.2016.4 (win64) Build 1756540 Mon Jan 23 19:11:23 MST 2017
| Date         : Wed May 31 14:27:26 2017
| Host         : 5CG4363RFZ running 64-bit major release  (build 9200)
| Command      : upgrade_ip
| Device       : xc7z010clg400-1
------------------------------------------------------------------------------------

Upgrade Log for IP 'design_1_NCO2_0_0'

1. Summary
----------

SUCCESS in the update of design_1_NCO2_0_0 (xilinx.com:hls:NCO2:1.0 (Rev. 1705311339)) to current project options.






Copyright 1986-2016 Xilinx, Inc. All Rights Reserved.
------------------------------------------------------------------------------------
| Tool Version : Vivado v.2016.4 (win64) Build 1756540 Mon Jan 23 19:11:23 MST 2017
| Date         : Wed May 31 14:22:01 2017
| Host         : 5CG4363RFZ running 64-bit major release  (build 9200)
| Command      : upgrade_ip
| Device       : xc7z010clg400-1
------------------------------------------------------------------------------------

Upgrade Log for IP 'design_1_NCO2_0_0'

1. Summary
----------

SUCCESS in the upgrade of design_1_NCO2_0_0 (xilinx.com:hls:NCO2:1.0) from (Rev. 1705241556) to (Rev. 1705311339)

