==============================================================
File generated by Vivado(TM) HLS - High-Level Synthesis from C, C++ and SystemC
Version: 2016.4
Copyright (C) 1986-2017 Xilinx, Inc. All Rights Reserved.

==============================================================

@I [SYN-201] Setting up clock 'default' with a period of 10ns.
@I [SYN-201] Setting up clock 'default' with an uncertainty of 0ns.
@I [HLS-10] Setting target device to 'xc7z010clg400-1'
@I [HLS-10] Analyzing design file 'NCO_key2/nco2.cpp' ... 
@I [HLS-10] Validating synthesis directives ...
@I [HLS-111] Finished Checking Pragmas Time (s): cpu = 00:00:02 ; elapsed = 00:00:17 . Memory (MB): peak = 92.871 ; gain = 43.969
@I [HLS-111] Finished Linking Time (s): cpu = 00:00:02 ; elapsed = 00:00:18 . Memory (MB): peak = 92.910 ; gain = 44.008
@I [HLS-10] Starting code transformations ...
@I [XFORM-603] Inlining function 'ap_fixed_base<136, 84, false, (ap_q_mode)5, (ap_o_mode)3, 0>::operator<<' into 'hls::cast_IEEE754<unsigned int, double>' (r:/builds/2016.4/nightly/2017_01_23_1756540/src/products/hls/hls_lib/src/hls/hls_round.h:395).
@I [XFORM-603] Inlining function 'ap_fixed_base<1, 33, false, (ap_q_mode)5, (ap_o_mode)0, 0>::overflow_adjust' into 'ap_fixed_base<1, 33, false, (ap_q_mode)5, (ap_o_mode)0, 0>::ap_fixed_base<84, 84, false, (ap_q_mode)5, (ap_o_mode)3, 0>' ().
@I [HLS-111] Finished Standard Transforms Time (s): cpu = 00:00:07 ; elapsed = 00:00:27 . Memory (MB): peak = 335.156 ; gain = 286.254
@I [HLS-10] Checking synthesizability ...
@I [XFORM-602] Inlining function 'fp_struct<double>::mantissa' into 'hls::cast_IEEE754<unsigned int, double>' (r:/builds/2016.4/nightly/2017_01_23_1756540/src/products/hls/hls_lib/src/hls/hls_round.h:392) automatically.
@I [XFORM-602] Inlining function 'fp_struct<double>::expv' into 'hls::cast_IEEE754<unsigned int, double>' (r:/builds/2016.4/nightly/2017_01_23_1756540/src/products/hls/hls_lib/src/hls/hls_round.h:395) automatically.
@I [XFORM-602] Inlining function 'fp_struct<double>::__signbit' into 'hls::cast_IEEE754<unsigned int, double>' (r:/builds/2016.4/nightly/2017_01_23_1756540/src/products/hls/hls_lib/src/hls/hls_round.h:402) automatically.
@I [XFORM-602] Inlining function 'hls::cast_IEEE754<unsigned int, double>' into '__hls_fptoui_double_i32' (r:/builds/2016.4/nightly/2017_01_23_1756540/src/products/hls/hls_lib/src/lib_floatconversion.cpp:53) automatically.
@I [XFORM-602] Inlining function '__hls_fptoui_double_i32' into 'NCO2' (NCO_key2/nco2.cpp:224) automatically.
@I [HLS-111] Finished Checking Synthesizability Time (s): cpu = 00:00:08 ; elapsed = 00:00:28 . Memory (MB): peak = 335.156 ; gain = 286.254
@I [XFORM-602] Inlining function 'fp_struct<double>::mantissa' into 'hls::cast_IEEE754<unsigned int, double>' (r:/builds/2016.4/nightly/2017_01_23_1756540/src/products/hls/hls_lib/src/hls/hls_round.h:392) automatically.
@I [XFORM-602] Inlining function 'fp_struct<double>::expv' into 'hls::cast_IEEE754<unsigned int, double>' (r:/builds/2016.4/nightly/2017_01_23_1756540/src/products/hls/hls_lib/src/hls/hls_round.h:395) automatically.
@I [XFORM-602] Inlining function 'hls::cast_IEEE754<unsigned int, double>' into '__hls_fptoui_double_i32' (r:/builds/2016.4/nightly/2017_01_23_1756540/src/products/hls/hls_lib/src/lib_floatconversion.cpp:53) automatically.
@I [XFORM-602] Inlining function '__hls_fptoui_double_i32' into 'NCO2' (NCO_key2/nco2.cpp:224) automatically.
@I [HLS-111] Finished Pre-synthesis Time (s): cpu = 00:00:09 ; elapsed = 00:00:30 . Memory (MB): peak = 381.434 ; gain = 332.531
@I [HLS-111] Finished Architecture Synthesis Time (s): cpu = 00:00:09 ; elapsed = 00:00:31 . Memory (MB): peak = 402.559 ; gain = 353.656
@I [HLS-10] Starting hardware synthesis ...
@I [HLS-10] Synthesizing 'NCO2' ...
@I [HLS-10] ----------------------------------------------------------------
@I [HLS-10] -- Implementing module 'NCO2' 
@I [HLS-10] ----------------------------------------------------------------
@I [SCHED-11] Starting scheduling ...
@I [SCHED-11] Finished scheduling.
@I [HLS-111]  Elapsed time: 31.098 seconds; current allocated memory: 341.631 MB.
@I [BIND-100] Starting micro-architecture generation ...
@I [BIND-101] Performing variable lifetime analysis.
@I [BIND-101] Exploring resource sharing.
@I [BIND-101] Binding ...
@I [BIND-100] Finished micro-architecture generation.
@I [HLS-111]  Elapsed time: 0.22 seconds; current allocated memory: 341.706 MB.
@I [HLS-10] ----------------------------------------------------------------
@I [HLS-10] -- Generating RTL for module 'NCO2' 
@I [HLS-10] ----------------------------------------------------------------
@I [RTGEN-500] Setting interface mode on port 'NCO2/freqControl' to 's_axilite & ap_none'.
@I [RTGEN-500] Setting interface mode on port 'NCO2/sine_out_V' to 's_axilite & ap_vld'.
@I [RTGEN-500] Setting interface mode on function 'NCO2' to 's_axilite & ap_ctrl_none'.
@W [RTGEN-101] Register 'accumulator_V' is power-on initialization.
@W [RTGEN-101] Global scalar 'accumulator_V' will not be exposed as RTL port.
@W [RTGEN-101] Global scalar 'index_V' will not be exposed as RTL port.
@W [RTGEN-101] Global scalar 'phase_V' will not be exposed as RTL port.
@I [RTGEN-100] Bundling port 'return' and 'sine_out_V' to AXI-Lite port AXILiteS.
@I [SYN-210] Renamed object name 'NCO2_dmul_64ns_64ns_64_6_max_dsp' to 'NCO2_dmul_64ns_64bkb' due to the length limit 20
@I [SYN-210] Renamed object name 'NCO2_ddiv_64ns_64ns_64_31' to 'NCO2_ddiv_64ns_64cud' due to the length limit 20
@I [SYN-210] Renamed object name 'NCO2_sitodp_32ns_64_5' to 'NCO2_sitodp_32ns_dEe' due to the length limit 20
@I [RTGEN-100] Generating core module 'NCO2_ddiv_64ns_64cud': 1 instance(s).
@I [RTGEN-100] Generating core module 'NCO2_dmul_64ns_64bkb': 1 instance(s).
@I [RTGEN-100] Generating core module 'NCO2_sitodp_32ns_dEe': 1 instance(s).
@I [RTGEN-100] Finished creating RTL model for 'NCO2'.
@I [HLS-111]  Elapsed time: 0.349 seconds; current allocated memory: 341.617 MB.
@I [RTMG-279] Implementing memory 'NCO2_sine_V_rom' using auto ROMs.
@I [HLS-111] Finished generating all RTL models Time (s): cpu = 00:00:11 ; elapsed = 00:00:33 . Memory (MB): peak = 402.559 ; gain = 353.656
@I [SYSC-301] Generating SystemC RTL for NCO2.
@I [VHDL-304] Generating VHDL RTL for NCO2.
@I [VLOG-307] Generating Verilog RTL for NCO2.
@I [HLS-112] Total elapsed time: 33.519 seconds; peak allocated memory: 341.706 MB.
