ARM GAS  C:\Users\11401393\AppData\Local\Temp\ccqRCe40.s 			page 1


   1              		.cpu cortex-m0
   2              		.fpu softvfp
   3              		.eabi_attribute 20, 1
   4              		.eabi_attribute 21, 1
   5              		.eabi_attribute 23, 3
   6              		.eabi_attribute 24, 1
   7              		.eabi_attribute 25, 1
   8              		.eabi_attribute 26, 1
   9              		.eabi_attribute 30, 1
  10              		.eabi_attribute 34, 0
  11              		.eabi_attribute 18, 4
  12              		.code	16
  13              		.file	"CyFlash.c"
  14              		.text
  15              	.Ltext0:
  16              		.cfi_sections	.debug_frame
  17              		.section	.text.CySysFlashClockBackup,"ax",%progbits
  18              		.align	2
  19              		.code	16
  20              		.thumb_func
  21              		.type	CySysFlashClockBackup, %function
  22              	CySysFlashClockBackup:
  23              	.LFB3:
  24              		.file 1 ".\\Generated_Source\\PSoC4\\CyFlash.c"
   1:.\Generated_Source\PSoC4/CyFlash.c **** /*******************************************************************************
   2:.\Generated_Source\PSoC4/CyFlash.c **** * File Name: CyFlash.c
   3:.\Generated_Source\PSoC4/CyFlash.c **** * Version 5.0
   4:.\Generated_Source\PSoC4/CyFlash.c **** *
   5:.\Generated_Source\PSoC4/CyFlash.c **** *  Description:
   6:.\Generated_Source\PSoC4/CyFlash.c **** *   Provides an API for the FLASH.
   7:.\Generated_Source\PSoC4/CyFlash.c **** *
   8:.\Generated_Source\PSoC4/CyFlash.c **** *  Note:
   9:.\Generated_Source\PSoC4/CyFlash.c **** *   This code is endian agnostic.
  10:.\Generated_Source\PSoC4/CyFlash.c **** *
  11:.\Generated_Source\PSoC4/CyFlash.c **** *  Note:
  12:.\Generated_Source\PSoC4/CyFlash.c **** *   Documentation of the API's in this file is located in the
  13:.\Generated_Source\PSoC4/CyFlash.c **** *   System Reference Guide provided with PSoC Creator.
  14:.\Generated_Source\PSoC4/CyFlash.c **** *
  15:.\Generated_Source\PSoC4/CyFlash.c **** ********************************************************************************
  16:.\Generated_Source\PSoC4/CyFlash.c **** * Copyright 2010-2015, Cypress Semiconductor Corporation.  All rights reserved.
  17:.\Generated_Source\PSoC4/CyFlash.c **** * You may use this file only in accordance with the license, terms, conditions,
  18:.\Generated_Source\PSoC4/CyFlash.c **** * disclaimers, and limitations in the end user license agreement accompanying
  19:.\Generated_Source\PSoC4/CyFlash.c **** * the software package with which this file was provided.
  20:.\Generated_Source\PSoC4/CyFlash.c **** *******************************************************************************/
  21:.\Generated_Source\PSoC4/CyFlash.c **** 
  22:.\Generated_Source\PSoC4/CyFlash.c **** #include "CyFlash.h"
  23:.\Generated_Source\PSoC4/CyFlash.c **** 
  24:.\Generated_Source\PSoC4/CyFlash.c **** 
  25:.\Generated_Source\PSoC4/CyFlash.c **** /*******************************************************************************
  26:.\Generated_Source\PSoC4/CyFlash.c **** * Cypress identified a defect with the Flash write functionality of the
  27:.\Generated_Source\PSoC4/CyFlash.c **** * PSoC 4000, PSoC 4100, and PSoC 4200 devices. The CySysFlashWriteRow() function
  28:.\Generated_Source\PSoC4/CyFlash.c **** * now checks the data to be written and, if necessary, modifies it to have a
  29:.\Generated_Source\PSoC4/CyFlash.c **** * non-zero checksum. After writing to Flash, the modified data is replaced
  30:.\Generated_Source\PSoC4/CyFlash.c **** * (Flash program) with the correct (original) data.
  31:.\Generated_Source\PSoC4/CyFlash.c **** *******************************************************************************/
  32:.\Generated_Source\PSoC4/CyFlash.c **** #define CY_FLASH_CHECKSUM_WORKAROUND    (CY_PSOC4_4000 || CY_PSOC4_4100 || CY_PSOC4_4200)
  33:.\Generated_Source\PSoC4/CyFlash.c **** 
ARM GAS  C:\Users\11401393\AppData\Local\Temp\ccqRCe40.s 			page 2


  34:.\Generated_Source\PSoC4/CyFlash.c **** #if (CY_IP_FM || (CY_IP_FMLT && CY_IP_SPCIF_SYNCHRONOUS))
  35:.\Generated_Source\PSoC4/CyFlash.c ****     static CY_SYS_FLASH_CLOCK_BACKUP_STRUCT cySysFlashBackup;
  36:.\Generated_Source\PSoC4/CyFlash.c **** #endif /* (CY_IP_FM || (CY_IP_FMLT && CY_IP_SPCIF_SYNCHRONOUS)) */
  37:.\Generated_Source\PSoC4/CyFlash.c **** 
  38:.\Generated_Source\PSoC4/CyFlash.c **** static cystatus CySysFlashClockBackup(void);
  39:.\Generated_Source\PSoC4/CyFlash.c **** static cystatus CySysFlashClockRestore(void);
  40:.\Generated_Source\PSoC4/CyFlash.c **** #if(CY_IP_FMLT)
  41:.\Generated_Source\PSoC4/CyFlash.c ****     static cystatus CySysFlashClockConfig(void);
  42:.\Generated_Source\PSoC4/CyFlash.c **** #endif  /* (CY_IP_FMLT) */
  43:.\Generated_Source\PSoC4/CyFlash.c **** 
  44:.\Generated_Source\PSoC4/CyFlash.c **** 
  45:.\Generated_Source\PSoC4/CyFlash.c **** /*******************************************************************************
  46:.\Generated_Source\PSoC4/CyFlash.c **** * Function Name: CySysFlashWriteRow
  47:.\Generated_Source\PSoC4/CyFlash.c **** ********************************************************************************
  48:.\Generated_Source\PSoC4/CyFlash.c **** *
  49:.\Generated_Source\PSoC4/CyFlash.c **** * Summary:
  50:.\Generated_Source\PSoC4/CyFlash.c **** *  Erases a row of Flash and programs it with the new data.
  51:.\Generated_Source\PSoC4/CyFlash.c **** *
  52:.\Generated_Source\PSoC4/CyFlash.c **** * Parameters:
  53:.\Generated_Source\PSoC4/CyFlash.c **** *  uint16 rowNum:
  54:.\Generated_Source\PSoC4/CyFlash.c **** *   The flash row number. The number of the flash rows is defined by the
  55:.\Generated_Source\PSoC4/CyFlash.c **** *   CY_FLASH_NUMBER_ROWS macro for the selected device. Refer to the device
  56:.\Generated_Source\PSoC4/CyFlash.c **** *   datasheet for the details.
  57:.\Generated_Source\PSoC4/CyFlash.c **** *
  58:.\Generated_Source\PSoC4/CyFlash.c **** *  uint8* rowData:
  59:.\Generated_Source\PSoC4/CyFlash.c **** *   Array of bytes to write. The size of the array must be equal to the flash
  60:.\Generated_Source\PSoC4/CyFlash.c **** *   row size. The flash row size for the selected device is defined by
  61:.\Generated_Source\PSoC4/CyFlash.c **** *   the CY_FLASH_SIZEOF_ROW macro. Refer to the device datasheet for the
  62:.\Generated_Source\PSoC4/CyFlash.c **** *   details.
  63:.\Generated_Source\PSoC4/CyFlash.c **** *
  64:.\Generated_Source\PSoC4/CyFlash.c **** * Return:
  65:.\Generated_Source\PSoC4/CyFlash.c **** *  Status
  66:.\Generated_Source\PSoC4/CyFlash.c **** *     Value                     Description
  67:.\Generated_Source\PSoC4/CyFlash.c **** *    CY_SYS_FLASH_SUCCESS           Successful
  68:.\Generated_Source\PSoC4/CyFlash.c **** *    CY_SYS_FLASH_INVALID_ADDR      Specified flash row address is invalid
  69:.\Generated_Source\PSoC4/CyFlash.c **** *    CY_SYS_FLASH_PROTECTED         Specified flash row is protected
  70:.\Generated_Source\PSoC4/CyFlash.c **** *    Other non-zero                 Failure
  71:.\Generated_Source\PSoC4/CyFlash.c **** *
  72:.\Generated_Source\PSoC4/CyFlash.c **** * Side Effects:
  73:.\Generated_Source\PSoC4/CyFlash.c **** *   The IMO must be enabled before calling this function. The operation of the
  74:.\Generated_Source\PSoC4/CyFlash.c **** *   flash writing hardware is dependent on the IMO.
  75:.\Generated_Source\PSoC4/CyFlash.c **** *
  76:.\Generated_Source\PSoC4/CyFlash.c **** *   For PSoC 4000, PSoC 4100 BLE and PSoC 4200 BLE devices (PSoC 4100 BLE and
  77:.\Generated_Source\PSoC4/CyFlash.c **** *   PSoC 4200 BLE devices with 256K of Flash memory are not affected), this API
  78:.\Generated_Source\PSoC4/CyFlash.c **** *   will automatically modify the clock settings for the device. Writing to
  79:.\Generated_Source\PSoC4/CyFlash.c **** *   flash requires that changes be made to the IMO and HFCLK settings. The
  80:.\Generated_Source\PSoC4/CyFlash.c **** *   configuration is restored before returning. This will impact the operation
  81:.\Generated_Source\PSoC4/CyFlash.c **** *   of most of the hardware in the device.
  82:.\Generated_Source\PSoC4/CyFlash.c **** *
  83:.\Generated_Source\PSoC4/CyFlash.c **** *   For PSoC 4000 devices this API will automatically modify the clock settings
  84:.\Generated_Source\PSoC4/CyFlash.c **** *   for the device. Writing to flash requires that changes be made to the IMO
  85:.\Generated_Source\PSoC4/CyFlash.c **** *   and HFCLK settings. The configuration is restored before returning. HFCLK
  86:.\Generated_Source\PSoC4/CyFlash.c **** *   will have several frequency changes during the operation of this API between
  87:.\Generated_Source\PSoC4/CyFlash.c **** *   a minimum frequency of the current IMO frequency divided by 8 and a maximum
  88:.\Generated_Source\PSoC4/CyFlash.c **** *   frequency of 12 MHz. This will impact the operation of most of the hardware
  89:.\Generated_Source\PSoC4/CyFlash.c **** *   in the device.
  90:.\Generated_Source\PSoC4/CyFlash.c **** *
ARM GAS  C:\Users\11401393\AppData\Local\Temp\ccqRCe40.s 			page 3


  91:.\Generated_Source\PSoC4/CyFlash.c **** *******************************************************************************/
  92:.\Generated_Source\PSoC4/CyFlash.c **** uint32 CySysFlashWriteRow(uint32 rowNum, const uint8 rowData[])
  93:.\Generated_Source\PSoC4/CyFlash.c **** {
  94:.\Generated_Source\PSoC4/CyFlash.c ****     volatile uint32 retValue = CY_SYS_FLASH_SUCCESS;
  95:.\Generated_Source\PSoC4/CyFlash.c ****     volatile uint32 clkCnfRetValue = CY_SYS_FLASH_SUCCESS;
  96:.\Generated_Source\PSoC4/CyFlash.c ****     volatile uint32 parameters[(CY_FLASH_SIZEOF_ROW + CY_FLASH_SRAM_ROM_DATA) / sizeof(uint32)];
  97:.\Generated_Source\PSoC4/CyFlash.c ****     uint8  interruptState;
  98:.\Generated_Source\PSoC4/CyFlash.c **** 
  99:.\Generated_Source\PSoC4/CyFlash.c ****     #if (CY_FLASH_CHECKSUM_WORKAROUND)
 100:.\Generated_Source\PSoC4/CyFlash.c ****         uint32 needChecksumWorkaround = 0u;
 101:.\Generated_Source\PSoC4/CyFlash.c ****         uint32 savedIndex = 0u;
 102:.\Generated_Source\PSoC4/CyFlash.c ****         uint32 savedValue = 0u;
 103:.\Generated_Source\PSoC4/CyFlash.c ****         uint32 checksum = 0u;
 104:.\Generated_Source\PSoC4/CyFlash.c ****         uint32 bits = 0u;
 105:.\Generated_Source\PSoC4/CyFlash.c ****         uint32 i;
 106:.\Generated_Source\PSoC4/CyFlash.c ****     #endif  /* (CY_FLASH_CHECKSUM_WORKAROUND) */
 107:.\Generated_Source\PSoC4/CyFlash.c **** 
 108:.\Generated_Source\PSoC4/CyFlash.c ****     if ((rowNum < CY_FLASH_NUMBER_ROWS) && (rowData != 0u))
 109:.\Generated_Source\PSoC4/CyFlash.c ****     {
 110:.\Generated_Source\PSoC4/CyFlash.c ****         /* Copy data to be written into internal variable */
 111:.\Generated_Source\PSoC4/CyFlash.c ****         (void)memcpy((void *)&parameters[2u], rowData, CY_FLASH_SIZEOF_ROW);
 112:.\Generated_Source\PSoC4/CyFlash.c **** 
 113:.\Generated_Source\PSoC4/CyFlash.c ****         #if (CY_FLASH_CHECKSUM_WORKAROUND)
 114:.\Generated_Source\PSoC4/CyFlash.c **** 
 115:.\Generated_Source\PSoC4/CyFlash.c ****             for (i = 2u; i < ((CY_FLASH_SIZEOF_ROW / sizeof(uint32)) + 2u); i++)
 116:.\Generated_Source\PSoC4/CyFlash.c ****             {
 117:.\Generated_Source\PSoC4/CyFlash.c ****                 uint32 tmp = parameters[i];
 118:.\Generated_Source\PSoC4/CyFlash.c ****                 if (tmp != 0u)
 119:.\Generated_Source\PSoC4/CyFlash.c ****                 {
 120:.\Generated_Source\PSoC4/CyFlash.c ****                     checksum += tmp;
 121:.\Generated_Source\PSoC4/CyFlash.c ****                     bits |= tmp;
 122:.\Generated_Source\PSoC4/CyFlash.c ****                     savedIndex = i;
 123:.\Generated_Source\PSoC4/CyFlash.c ****                 }
 124:.\Generated_Source\PSoC4/CyFlash.c ****             }
 125:.\Generated_Source\PSoC4/CyFlash.c **** 
 126:.\Generated_Source\PSoC4/CyFlash.c ****             needChecksumWorkaround = ((checksum == 0u) && (bits != 0u)) ? 1u : 0u;
 127:.\Generated_Source\PSoC4/CyFlash.c ****             if (needChecksumWorkaround != 0u)
 128:.\Generated_Source\PSoC4/CyFlash.c ****             {
 129:.\Generated_Source\PSoC4/CyFlash.c ****                 savedValue = parameters[savedIndex];
 130:.\Generated_Source\PSoC4/CyFlash.c ****                 parameters[savedIndex] = 0u;
 131:.\Generated_Source\PSoC4/CyFlash.c ****             }
 132:.\Generated_Source\PSoC4/CyFlash.c ****         #endif  /* (CY_FLASH_CHECKSUM_WORKAROUND) */
 133:.\Generated_Source\PSoC4/CyFlash.c **** 
 134:.\Generated_Source\PSoC4/CyFlash.c ****         /* Load Flash Bytes */
 135:.\Generated_Source\PSoC4/CyFlash.c ****         parameters[0u] = (uint32) (CY_FLASH_GET_MACRO_FROM_ROW(rowNum)        << CY_FLASH_PARAM_MAC
 136:.\Generated_Source\PSoC4/CyFlash.c ****                          (uint32) (CY_FLASH_PAGE_LATCH_START_ADDR             << CY_FLASH_PARAM_ADD
 137:.\Generated_Source\PSoC4/CyFlash.c ****                          (uint32) (CY_FLASH_KEY_TWO(CY_FLASH_API_OPCODE_LOAD) << CY_FLASH_PARAM_KEY
 138:.\Generated_Source\PSoC4/CyFlash.c ****                          CY_FLASH_KEY_ONE;
 139:.\Generated_Source\PSoC4/CyFlash.c ****         parameters[1u] = CY_FLASH_SIZEOF_ROW - 1u;
 140:.\Generated_Source\PSoC4/CyFlash.c **** 
 141:.\Generated_Source\PSoC4/CyFlash.c ****         CY_FLASH_CPUSS_SYSARG_REG = (uint32) &parameters[0u];
 142:.\Generated_Source\PSoC4/CyFlash.c ****         CY_FLASH_CPUSS_SYSREQ_REG = CY_FLASH_CPUSS_REQ_START | CY_FLASH_API_OPCODE_LOAD;
 143:.\Generated_Source\PSoC4/CyFlash.c ****         retValue = CY_FLASH_API_RETURN;
 144:.\Generated_Source\PSoC4/CyFlash.c **** 
 145:.\Generated_Source\PSoC4/CyFlash.c ****         if(retValue == CY_SYS_FLASH_SUCCESS)
 146:.\Generated_Source\PSoC4/CyFlash.c ****         {
 147:.\Generated_Source\PSoC4/CyFlash.c ****             /***************************************************************
ARM GAS  C:\Users\11401393\AppData\Local\Temp\ccqRCe40.s 			page 4


 148:.\Generated_Source\PSoC4/CyFlash.c ****             * Mask all the exceptions to guarantee that Flash write will
 149:.\Generated_Source\PSoC4/CyFlash.c ****             * occur in the atomic way. It will not affect system call
 150:.\Generated_Source\PSoC4/CyFlash.c ****             * execution (flash row write) since it is executed in the NMI
 151:.\Generated_Source\PSoC4/CyFlash.c ****             * context.
 152:.\Generated_Source\PSoC4/CyFlash.c ****             ***************************************************************/
 153:.\Generated_Source\PSoC4/CyFlash.c ****             interruptState = CyEnterCriticalSection();
 154:.\Generated_Source\PSoC4/CyFlash.c **** 
 155:.\Generated_Source\PSoC4/CyFlash.c ****             clkCnfRetValue = CySysFlashClockBackup();
 156:.\Generated_Source\PSoC4/CyFlash.c **** 
 157:.\Generated_Source\PSoC4/CyFlash.c ****         #if(CY_IP_FMLT)
 158:.\Generated_Source\PSoC4/CyFlash.c ****             if(clkCnfRetValue == CY_SYS_FLASH_SUCCESS)
 159:.\Generated_Source\PSoC4/CyFlash.c ****             {
 160:.\Generated_Source\PSoC4/CyFlash.c ****                 retValue = CySysFlashClockConfig();
 161:.\Generated_Source\PSoC4/CyFlash.c ****             }
 162:.\Generated_Source\PSoC4/CyFlash.c ****         #endif  /* (CY_IP_FMLT) */
 163:.\Generated_Source\PSoC4/CyFlash.c **** 
 164:.\Generated_Source\PSoC4/CyFlash.c ****             if(retValue == CY_SYS_FLASH_SUCCESS)
 165:.\Generated_Source\PSoC4/CyFlash.c ****             {
 166:.\Generated_Source\PSoC4/CyFlash.c ****                 /* Write Row */
 167:.\Generated_Source\PSoC4/CyFlash.c ****                 parameters[0u]  = (uint32) (((uint32) CY_FLASH_KEY_TWO(CY_FLASH_API_OPCODE_WRITE_RO
 168:.\Generated_Source\PSoC4/CyFlash.c ****                 parameters[0u] |= (uint32)(rowNum << 16u);
 169:.\Generated_Source\PSoC4/CyFlash.c **** 
 170:.\Generated_Source\PSoC4/CyFlash.c ****                 CY_FLASH_CPUSS_SYSARG_REG = (uint32) &parameters[0u];
 171:.\Generated_Source\PSoC4/CyFlash.c ****                 CY_FLASH_CPUSS_SYSREQ_REG = CY_FLASH_CPUSS_REQ_START | CY_FLASH_API_OPCODE_WRITE_RO
 172:.\Generated_Source\PSoC4/CyFlash.c ****                 retValue = CY_FLASH_API_RETURN;
 173:.\Generated_Source\PSoC4/CyFlash.c ****             }
 174:.\Generated_Source\PSoC4/CyFlash.c **** 
 175:.\Generated_Source\PSoC4/CyFlash.c ****             #if (CY_FLASH_CHECKSUM_WORKAROUND)
 176:.\Generated_Source\PSoC4/CyFlash.c **** 
 177:.\Generated_Source\PSoC4/CyFlash.c ****                 if ((retValue == CYRET_SUCCESS) && (needChecksumWorkaround != 0u))
 178:.\Generated_Source\PSoC4/CyFlash.c ****                 {
 179:.\Generated_Source\PSoC4/CyFlash.c ****                     (void)memset((void *)&parameters[2u], 0, CY_FLASH_SIZEOF_ROW);
 180:.\Generated_Source\PSoC4/CyFlash.c ****                     parameters[savedIndex] = savedValue;
 181:.\Generated_Source\PSoC4/CyFlash.c **** 
 182:.\Generated_Source\PSoC4/CyFlash.c ****                     /* Load Flash Bytes */
 183:.\Generated_Source\PSoC4/CyFlash.c ****                     parameters[0u] = (uint32) (CY_FLASH_GET_MACRO_FROM_ROW(rowNum)        << CY_FLA
 184:.\Generated_Source\PSoC4/CyFlash.c ****                                      (uint32) (CY_FLASH_PAGE_LATCH_START_ADDR             << CY_FLA
 185:.\Generated_Source\PSoC4/CyFlash.c ****                                      (uint32) (CY_FLASH_KEY_TWO(CY_FLASH_API_OPCODE_LOAD) << CY_FLA
 186:.\Generated_Source\PSoC4/CyFlash.c ****                                      CY_FLASH_KEY_ONE;
 187:.\Generated_Source\PSoC4/CyFlash.c ****                     parameters[1u] = CY_FLASH_SIZEOF_ROW - 1u;
 188:.\Generated_Source\PSoC4/CyFlash.c **** 
 189:.\Generated_Source\PSoC4/CyFlash.c ****                     CY_FLASH_CPUSS_SYSARG_REG = (uint32) &parameters[0u];
 190:.\Generated_Source\PSoC4/CyFlash.c ****                     CY_FLASH_CPUSS_SYSREQ_REG = CY_FLASH_CPUSS_REQ_START | CY_FLASH_API_OPCODE_LOAD
 191:.\Generated_Source\PSoC4/CyFlash.c ****                     retValue = CY_FLASH_API_RETURN;
 192:.\Generated_Source\PSoC4/CyFlash.c **** 
 193:.\Generated_Source\PSoC4/CyFlash.c **** 
 194:.\Generated_Source\PSoC4/CyFlash.c ****                     if(retValue == CY_SYS_FLASH_SUCCESS)
 195:.\Generated_Source\PSoC4/CyFlash.c ****                     {
 196:.\Generated_Source\PSoC4/CyFlash.c ****                         /* Program Row */
 197:.\Generated_Source\PSoC4/CyFlash.c ****                         parameters[0u]  =
 198:.\Generated_Source\PSoC4/CyFlash.c ****                             (uint32) (((uint32) CY_FLASH_KEY_TWO(CY_FLASH_API_OPCODE_PROGRAM_ROW) <
 199:.\Generated_Source\PSoC4/CyFlash.c ****                                                     CY_FLASH_PARAM_KEY_TWO_OFFSET) | CY_FLASH_KEY_O
 200:.\Generated_Source\PSoC4/CyFlash.c ****                         parameters[0u] |= (uint32)(rowNum << 16u);
 201:.\Generated_Source\PSoC4/CyFlash.c **** 
 202:.\Generated_Source\PSoC4/CyFlash.c ****                         CY_FLASH_CPUSS_SYSARG_REG = (uint32) &parameters[0u];
 203:.\Generated_Source\PSoC4/CyFlash.c ****                         CY_FLASH_CPUSS_SYSREQ_REG = CY_FLASH_CPUSS_REQ_START | CY_FLASH_API_OPCODE_
 204:.\Generated_Source\PSoC4/CyFlash.c ****                         retValue = CY_FLASH_API_RETURN;
ARM GAS  C:\Users\11401393\AppData\Local\Temp\ccqRCe40.s 			page 5


 205:.\Generated_Source\PSoC4/CyFlash.c ****                     }
 206:.\Generated_Source\PSoC4/CyFlash.c ****                 }
 207:.\Generated_Source\PSoC4/CyFlash.c ****             #endif  /* (CY_FLASH_CHECKSUM_WORKAROUND) */
 208:.\Generated_Source\PSoC4/CyFlash.c **** 
 209:.\Generated_Source\PSoC4/CyFlash.c ****             if(clkCnfRetValue == CY_SYS_FLASH_SUCCESS)
 210:.\Generated_Source\PSoC4/CyFlash.c ****             {
 211:.\Generated_Source\PSoC4/CyFlash.c ****                 clkCnfRetValue = CySysFlashClockRestore();
 212:.\Generated_Source\PSoC4/CyFlash.c ****             }
 213:.\Generated_Source\PSoC4/CyFlash.c **** 
 214:.\Generated_Source\PSoC4/CyFlash.c ****             CyExitCriticalSection(interruptState);
 215:.\Generated_Source\PSoC4/CyFlash.c ****         }
 216:.\Generated_Source\PSoC4/CyFlash.c ****     }
 217:.\Generated_Source\PSoC4/CyFlash.c ****     else
 218:.\Generated_Source\PSoC4/CyFlash.c ****     {
 219:.\Generated_Source\PSoC4/CyFlash.c ****         retValue = CY_SYS_FLASH_INVALID_ADDR;
 220:.\Generated_Source\PSoC4/CyFlash.c ****     }
 221:.\Generated_Source\PSoC4/CyFlash.c **** 
 222:.\Generated_Source\PSoC4/CyFlash.c ****     return (retValue);
 223:.\Generated_Source\PSoC4/CyFlash.c **** }
 224:.\Generated_Source\PSoC4/CyFlash.c **** 
 225:.\Generated_Source\PSoC4/CyFlash.c **** 
 226:.\Generated_Source\PSoC4/CyFlash.c **** /*******************************************************************************
 227:.\Generated_Source\PSoC4/CyFlash.c **** * Function Name: CySysFlashSetWaitCycles
 228:.\Generated_Source\PSoC4/CyFlash.c **** ********************************************************************************
 229:.\Generated_Source\PSoC4/CyFlash.c **** *
 230:.\Generated_Source\PSoC4/CyFlash.c **** * Summary:
 231:.\Generated_Source\PSoC4/CyFlash.c **** *  Sets the number of clock cycles the cache will wait before it samples data
 232:.\Generated_Source\PSoC4/CyFlash.c **** *  coming back from Flash. This function must be called before increasing the
 233:.\Generated_Source\PSoC4/CyFlash.c **** *  SYSCLK clock frequency. It can optionally be called after lowering SYSCLK
 234:.\Generated_Source\PSoC4/CyFlash.c **** *  clock frequency in order to improve the CPU performance.
 235:.\Generated_Source\PSoC4/CyFlash.c **** *
 236:.\Generated_Source\PSoC4/CyFlash.c **** * Parameters:
 237:.\Generated_Source\PSoC4/CyFlash.c **** *  freq: The System clock frequency in MHz. Note: Invalid frequency will be
 238:.\Generated_Source\PSoC4/CyFlash.c **** *  ignored in Release mode and the CPU will be halted if project is compiled in
 239:.\Generated_Source\PSoC4/CyFlash.c **** *  Debug mode.
 240:.\Generated_Source\PSoC4/CyFlash.c **** *
 241:.\Generated_Source\PSoC4/CyFlash.c **** * Return:
 242:.\Generated_Source\PSoC4/CyFlash.c **** *  None
 243:.\Generated_Source\PSoC4/CyFlash.c **** *
 244:.\Generated_Source\PSoC4/CyFlash.c **** *******************************************************************************/
 245:.\Generated_Source\PSoC4/CyFlash.c **** void CySysFlashSetWaitCycles(uint32 freq)
 246:.\Generated_Source\PSoC4/CyFlash.c **** {
 247:.\Generated_Source\PSoC4/CyFlash.c ****     uint8  interruptState;
 248:.\Generated_Source\PSoC4/CyFlash.c **** 
 249:.\Generated_Source\PSoC4/CyFlash.c ****     interruptState = CyEnterCriticalSection();
 250:.\Generated_Source\PSoC4/CyFlash.c **** 
 251:.\Generated_Source\PSoC4/CyFlash.c ****     #if (CY_IP_CPUSS)
 252:.\Generated_Source\PSoC4/CyFlash.c **** 
 253:.\Generated_Source\PSoC4/CyFlash.c ****         if ( freq <= CY_FLASH_SYSCLK_BOUNDARY_MHZ )
 254:.\Generated_Source\PSoC4/CyFlash.c ****         {
 255:.\Generated_Source\PSoC4/CyFlash.c ****             CY_SYS_CLK_SELECT_REG &= (uint32)(~CY_FLASH_WAIT_STATE_EN);
 256:.\Generated_Source\PSoC4/CyFlash.c ****         }
 257:.\Generated_Source\PSoC4/CyFlash.c ****         else
 258:.\Generated_Source\PSoC4/CyFlash.c ****         {
 259:.\Generated_Source\PSoC4/CyFlash.c ****             CY_SYS_CLK_SELECT_REG |= CY_FLASH_WAIT_STATE_EN;
 260:.\Generated_Source\PSoC4/CyFlash.c ****         }
 261:.\Generated_Source\PSoC4/CyFlash.c ****     #else
ARM GAS  C:\Users\11401393\AppData\Local\Temp\ccqRCe40.s 			page 6


 262:.\Generated_Source\PSoC4/CyFlash.c ****         if (freq <= CY_FLASH_CTL_WS_0_FREQ_MAX)
 263:.\Generated_Source\PSoC4/CyFlash.c ****         {
 264:.\Generated_Source\PSoC4/CyFlash.c ****             CY_FLASH_CTL_REG = (CY_FLASH_CTL_REG & ~CY_FLASH_CTL_WS_MASK) | CY_FLASH_CTL_WS_0_VALUE
 265:.\Generated_Source\PSoC4/CyFlash.c ****         } else
 266:.\Generated_Source\PSoC4/CyFlash.c ****         if (freq <= CY_FLASH_CTL_WS_1_FREQ_MAX)
 267:.\Generated_Source\PSoC4/CyFlash.c ****         {
 268:.\Generated_Source\PSoC4/CyFlash.c ****             CY_FLASH_CTL_REG = (CY_FLASH_CTL_REG & ~CY_FLASH_CTL_WS_MASK) | CY_FLASH_CTL_WS_1_VALUE
 269:.\Generated_Source\PSoC4/CyFlash.c ****         } else
 270:.\Generated_Source\PSoC4/CyFlash.c ****     #if (CY_IP_FMLT || CY_IP_S8FS)
 271:.\Generated_Source\PSoC4/CyFlash.c ****         if (freq <= CY_FLASH_CTL_WS_2_FREQ_MAX)
 272:.\Generated_Source\PSoC4/CyFlash.c ****         {
 273:.\Generated_Source\PSoC4/CyFlash.c ****             CY_FLASH_CTL_REG = (CY_FLASH_CTL_REG & ~CY_FLASH_CTL_WS_MASK) | CY_FLASH_CTL_WS_2_VALUE
 274:.\Generated_Source\PSoC4/CyFlash.c ****         }
 275:.\Generated_Source\PSoC4/CyFlash.c ****         else
 276:.\Generated_Source\PSoC4/CyFlash.c ****     #endif  /* (CY_IP_FMLT || CY_IP_S8FS) */
 277:.\Generated_Source\PSoC4/CyFlash.c ****         {
 278:.\Generated_Source\PSoC4/CyFlash.c ****             /* Halt CPU in debug mode if frequency is invalid */
 279:.\Generated_Source\PSoC4/CyFlash.c ****             CYASSERT(0u != 0u);
 280:.\Generated_Source\PSoC4/CyFlash.c ****         }
 281:.\Generated_Source\PSoC4/CyFlash.c **** 
 282:.\Generated_Source\PSoC4/CyFlash.c ****     #endif  /* (CY_IP_CPUSS) */
 283:.\Generated_Source\PSoC4/CyFlash.c **** 
 284:.\Generated_Source\PSoC4/CyFlash.c ****     CyExitCriticalSection(interruptState);
 285:.\Generated_Source\PSoC4/CyFlash.c **** }
 286:.\Generated_Source\PSoC4/CyFlash.c **** 
 287:.\Generated_Source\PSoC4/CyFlash.c **** 
 288:.\Generated_Source\PSoC4/CyFlash.c **** /*******************************************************************************
 289:.\Generated_Source\PSoC4/CyFlash.c **** * Function Name: CySysFlashClockBackup
 290:.\Generated_Source\PSoC4/CyFlash.c **** ********************************************************************************
 291:.\Generated_Source\PSoC4/CyFlash.c **** *
 292:.\Generated_Source\PSoC4/CyFlash.c **** * Summary:
 293:.\Generated_Source\PSoC4/CyFlash.c **** *  Backups the device clock configuration.
 294:.\Generated_Source\PSoC4/CyFlash.c **** *
 295:.\Generated_Source\PSoC4/CyFlash.c **** * Parameters:
 296:.\Generated_Source\PSoC4/CyFlash.c **** *  None
 297:.\Generated_Source\PSoC4/CyFlash.c **** *
 298:.\Generated_Source\PSoC4/CyFlash.c **** * Return:
 299:.\Generated_Source\PSoC4/CyFlash.c **** *  The same as CySysFlashWriteRow().
 300:.\Generated_Source\PSoC4/CyFlash.c **** *
 301:.\Generated_Source\PSoC4/CyFlash.c **** *******************************************************************************/
 302:.\Generated_Source\PSoC4/CyFlash.c **** static cystatus CySysFlashClockBackup(void)
 303:.\Generated_Source\PSoC4/CyFlash.c **** {
  25              		.loc 1 303 0
  26              		.cfi_startproc
  27              	.LVL0:
 304:.\Generated_Source\PSoC4/CyFlash.c ****     cystatus retValue = CY_SYS_FLASH_SUCCESS;
 305:.\Generated_Source\PSoC4/CyFlash.c **** #if(!CY_IP_FM)
 306:.\Generated_Source\PSoC4/CyFlash.c ****     #if !(CY_PSOC4_4000)
 307:.\Generated_Source\PSoC4/CyFlash.c ****         #if (CY_IP_SPCIF_SYNCHRONOUS)
 308:.\Generated_Source\PSoC4/CyFlash.c ****             volatile uint32   parameters[2u];
 309:.\Generated_Source\PSoC4/CyFlash.c ****         #endif /* (CY_IP_SPCIF_SYNCHRONOUS) */
 310:.\Generated_Source\PSoC4/CyFlash.c ****     #endif  /* !(CY_PSOC4_4000) */
 311:.\Generated_Source\PSoC4/CyFlash.c **** #endif  /* (!CY_IP_FM) */
 312:.\Generated_Source\PSoC4/CyFlash.c **** 
 313:.\Generated_Source\PSoC4/CyFlash.c **** #if(CY_IP_FM)
 314:.\Generated_Source\PSoC4/CyFlash.c **** 
 315:.\Generated_Source\PSoC4/CyFlash.c ****     /***************************************************************
ARM GAS  C:\Users\11401393\AppData\Local\Temp\ccqRCe40.s 			page 7


 316:.\Generated_Source\PSoC4/CyFlash.c ****     * Preserve IMO configuration that could be changed during
 317:.\Generated_Source\PSoC4/CyFlash.c ****     * system call execution (Cypress ID #150448).
 318:.\Generated_Source\PSoC4/CyFlash.c ****     ***************************************************************/
 319:.\Generated_Source\PSoC4/CyFlash.c ****     cySysFlashBackup.imoConfigReg = CY_SYS_CLK_IMO_CONFIG_REG;
 320:.\Generated_Source\PSoC4/CyFlash.c **** 
 321:.\Generated_Source\PSoC4/CyFlash.c **** #else   /* (CY_IP_FMLT) */
 322:.\Generated_Source\PSoC4/CyFlash.c **** 
 323:.\Generated_Source\PSoC4/CyFlash.c ****     #if (CY_PSOC4_4000)
 324:.\Generated_Source\PSoC4/CyFlash.c **** 
 325:.\Generated_Source\PSoC4/CyFlash.c ****         /***************************************************************************
 326:.\Generated_Source\PSoC4/CyFlash.c ****         * Perform firmware clock settings backup for the PSOC4 4000 devices (the
 327:.\Generated_Source\PSoC4/CyFlash.c ****         * corresponding system call is not available).
 328:.\Generated_Source\PSoC4/CyFlash.c ****         ***************************************************************************/
 329:.\Generated_Source\PSoC4/CyFlash.c **** 
 330:.\Generated_Source\PSoC4/CyFlash.c ****         /***************************************************************************
 331:.\Generated_Source\PSoC4/CyFlash.c ****         * The registers listed below are modified by CySysFlashClockConfig().
 332:.\Generated_Source\PSoC4/CyFlash.c ****         *
 333:.\Generated_Source\PSoC4/CyFlash.c ****         * The registers to be saved:
 334:.\Generated_Source\PSoC4/CyFlash.c ****         * - CY_SYS_CLK_IMO_CONFIG_REG - IMO enable state.
 335:.\Generated_Source\PSoC4/CyFlash.c ****         * - CY_SYS_CLK_SELECT_REG     - HFCLK source, divider, pump source. Save
 336:.\Generated_Source\PSoC4/CyFlash.c ****         *                               entire register as it can be directly
 337:.\Generated_Source\PSoC4/CyFlash.c ****         *                               written on restore (no special
 338:.\Generated_Source\PSoC4/CyFlash.c ****         *                               requirements).
 339:.\Generated_Source\PSoC4/CyFlash.c ****         * - CY_SYS_CLK_IMO_SELECT_REG - Save IMO frequency.
 340:.\Generated_Source\PSoC4/CyFlash.c ****         *
 341:.\Generated_Source\PSoC4/CyFlash.c ****         * The registers not to be saved:
 342:.\Generated_Source\PSoC4/CyFlash.c ****         * - CY_SYS_CLK_IMO_TRIM1_REG  - No need to save. Function of frequency.
 343:.\Generated_Source\PSoC4/CyFlash.c ****         *                               Restored by CySysClkWriteImoFreq().
 344:.\Generated_Source\PSoC4/CyFlash.c ****         * - CY_SYS_CLK_IMO_TRIM3_REG  - No need to save. Function of frequency.
 345:.\Generated_Source\PSoC4/CyFlash.c ****         *                               Restored by CySysClkWriteImoFreq().
 346:.\Generated_Source\PSoC4/CyFlash.c ****         * - REG_CPUSS_FLASH_CTL       - Flash wait cycles. Unmodified due to system
 347:.\Generated_Source\PSoC4/CyFlash.c ****         *                               clock 16 MHz limit.
 348:.\Generated_Source\PSoC4/CyFlash.c ****         ***************************************************************************/
 349:.\Generated_Source\PSoC4/CyFlash.c **** 
 350:.\Generated_Source\PSoC4/CyFlash.c ****         cySysFlashBackup.clkSelectReg = CY_SYS_CLK_SELECT_REG;
 351:.\Generated_Source\PSoC4/CyFlash.c ****         cySysFlashBackup.clkImoEna    = CY_SYS_CLK_IMO_CONFIG_REG & CY_SYS_CLK_IMO_CONFIG_ENABLE;
 352:.\Generated_Source\PSoC4/CyFlash.c ****         cySysFlashBackup.clkImoFreq   = CY_SYS_CLK_IMO_MIN_FREQ_MHZ + (CY_SYS_CLK_IMO_SELECT_REG <<
 353:.\Generated_Source\PSoC4/CyFlash.c **** 
 354:.\Generated_Source\PSoC4/CyFlash.c ****     #else
 355:.\Generated_Source\PSoC4/CyFlash.c **** 
 356:.\Generated_Source\PSoC4/CyFlash.c ****         #if (CY_IP_SPCIF_SYNCHRONOUS)
 357:.\Generated_Source\PSoC4/CyFlash.c ****             /* FM-Lite Clock Backup System Call */
 358:.\Generated_Source\PSoC4/CyFlash.c ****             parameters[0u] =
 359:.\Generated_Source\PSoC4/CyFlash.c ****                 (uint32) ((CY_FLASH_KEY_TWO(CY_FLASH_API_OPCODE_CLK_BACKUP) <<  CY_FLASH_PARAM_KEY_
 360:.\Generated_Source\PSoC4/CyFlash.c ****                             CY_FLASH_KEY_ONE);
 361:.\Generated_Source\PSoC4/CyFlash.c ****             parameters[1u] = (uint32) &cySysFlashBackup.clockSettings[0u];
 362:.\Generated_Source\PSoC4/CyFlash.c ****             CY_FLASH_CPUSS_SYSARG_REG = (uint32) &parameters[0u];
 363:.\Generated_Source\PSoC4/CyFlash.c ****             CY_FLASH_CPUSS_SYSREQ_REG = CY_FLASH_CPUSS_REQ_START | CY_FLASH_API_OPCODE_CLK_BACKUP;
 364:.\Generated_Source\PSoC4/CyFlash.c ****             retValue = CY_FLASH_API_RETURN;
 365:.\Generated_Source\PSoC4/CyFlash.c ****         #endif /* (CY_IP_SPCIF_SYNCHRONOUS) */
 366:.\Generated_Source\PSoC4/CyFlash.c **** 
 367:.\Generated_Source\PSoC4/CyFlash.c ****     #endif  /* (CY_PSOC4_4000) */
 368:.\Generated_Source\PSoC4/CyFlash.c **** 
 369:.\Generated_Source\PSoC4/CyFlash.c **** #endif  /* (CY_IP_FM) */
 370:.\Generated_Source\PSoC4/CyFlash.c **** 
 371:.\Generated_Source\PSoC4/CyFlash.c ****     return (retValue);
 372:.\Generated_Source\PSoC4/CyFlash.c **** }
ARM GAS  C:\Users\11401393\AppData\Local\Temp\ccqRCe40.s 			page 8


  28              		.loc 1 372 0
  29 0000 0020     		mov	r0, #0
  30              		@ sp needed
  31 0002 7047     		bx	lr
  32              		.cfi_endproc
  33              	.LFE3:
  34              		.size	CySysFlashClockBackup, .-CySysFlashClockBackup
  35              		.section	.text.CySysFlashClockConfig,"ax",%progbits
  36              		.align	2
  37              		.code	16
  38              		.thumb_func
  39              		.type	CySysFlashClockConfig, %function
  40              	CySysFlashClockConfig:
  41              	.LFB4:
 373:.\Generated_Source\PSoC4/CyFlash.c **** 
 374:.\Generated_Source\PSoC4/CyFlash.c **** 
 375:.\Generated_Source\PSoC4/CyFlash.c **** #if(CY_IP_FMLT)
 376:.\Generated_Source\PSoC4/CyFlash.c **** /*******************************************************************************
 377:.\Generated_Source\PSoC4/CyFlash.c **** * Function Name: CySysFlashClockConfig
 378:.\Generated_Source\PSoC4/CyFlash.c **** ********************************************************************************
 379:.\Generated_Source\PSoC4/CyFlash.c **** *
 380:.\Generated_Source\PSoC4/CyFlash.c **** * Summary:
 381:.\Generated_Source\PSoC4/CyFlash.c **** *  Configures the device clocks for the flash writing.
 382:.\Generated_Source\PSoC4/CyFlash.c **** *
 383:.\Generated_Source\PSoC4/CyFlash.c **** * Parameters:
 384:.\Generated_Source\PSoC4/CyFlash.c **** *  None
 385:.\Generated_Source\PSoC4/CyFlash.c **** *
 386:.\Generated_Source\PSoC4/CyFlash.c **** * Return:
 387:.\Generated_Source\PSoC4/CyFlash.c **** *  The same as CySysFlashWriteRow().
 388:.\Generated_Source\PSoC4/CyFlash.c **** *
 389:.\Generated_Source\PSoC4/CyFlash.c **** *******************************************************************************/
 390:.\Generated_Source\PSoC4/CyFlash.c **** static cystatus CySysFlashClockConfig(void)
 391:.\Generated_Source\PSoC4/CyFlash.c **** {
  42              		.loc 1 391 0
  43              		.cfi_startproc
  44              	.LVL1:
 392:.\Generated_Source\PSoC4/CyFlash.c ****     cystatus retValue = CY_SYS_FLASH_SUCCESS;
 393:.\Generated_Source\PSoC4/CyFlash.c **** 
 394:.\Generated_Source\PSoC4/CyFlash.c ****     /***************************************************************************
 395:.\Generated_Source\PSoC4/CyFlash.c ****     * The FM-Lite IP uses the IMO at 48MHz for the pump clock and SPC timer
 396:.\Generated_Source\PSoC4/CyFlash.c ****     * clock. The PUMP_SEL and HF clock must be set to IMO before calling Flash
 397:.\Generated_Source\PSoC4/CyFlash.c ****     * write or erase operation.
 398:.\Generated_Source\PSoC4/CyFlash.c ****     ***************************************************************************/
 399:.\Generated_Source\PSoC4/CyFlash.c **** #if (CY_PSOC4_4000)
 400:.\Generated_Source\PSoC4/CyFlash.c **** 
 401:.\Generated_Source\PSoC4/CyFlash.c ****     /***************************************************************************
 402:.\Generated_Source\PSoC4/CyFlash.c ****     * Perform firmware clock settings setup for the PSOC4 4000 devices (the
 403:.\Generated_Source\PSoC4/CyFlash.c ****     * corresponding system call is not reliable):
 404:.\Generated_Source\PSoC4/CyFlash.c ****     * - The IMO frequency should be 48 MHz
 405:.\Generated_Source\PSoC4/CyFlash.c ****     * - The IMO should be source for the HFCLK
 406:.\Generated_Source\PSoC4/CyFlash.c ****     * - The IMO should be the source for the charge pump clock
 407:.\Generated_Source\PSoC4/CyFlash.c ****     *
 408:.\Generated_Source\PSoC4/CyFlash.c ****     * Note The structure members used below are initialized by
 409:.\Generated_Source\PSoC4/CyFlash.c ****     * the CySysFlashClockBackup() function.
 410:.\Generated_Source\PSoC4/CyFlash.c ****     ***************************************************************************/
 411:.\Generated_Source\PSoC4/CyFlash.c ****     if ((cySysFlashBackup.clkImoFreq != 48u) ||
 412:.\Generated_Source\PSoC4/CyFlash.c ****         ((cySysFlashBackup.clkSelectReg & CY_SYS_CLK_SELECT_DIRECT_SEL_MASK) != CY_SYS_CLK_HFCLK_IM
ARM GAS  C:\Users\11401393\AppData\Local\Temp\ccqRCe40.s 			page 9


 413:.\Generated_Source\PSoC4/CyFlash.c ****         (((cySysFlashBackup.clkSelectReg >> CY_SYS_CLK_SELECT_PUMP_SEL_SHIFT) & CY_SYS_CLK_SELECT_P
 414:.\Generated_Source\PSoC4/CyFlash.c ****             CY_SYS_CLK_SELECT_PUMP_SEL_IMO))
 415:.\Generated_Source\PSoC4/CyFlash.c ****     {
 416:.\Generated_Source\PSoC4/CyFlash.c ****         /***********************************************************************
 417:.\Generated_Source\PSoC4/CyFlash.c ****          Set HFCLK divider to divide-by-4 to ensure that System clock frequency
 418:.\Generated_Source\PSoC4/CyFlash.c ****         * is within the valid limit (16 MHz for the PSoC4 4000).
 419:.\Generated_Source\PSoC4/CyFlash.c ****         ***********************************************************************/
 420:.\Generated_Source\PSoC4/CyFlash.c ****         CySysClkWriteHfclkDiv(CY_SYS_CLK_HFCLK_DIV_4);
 421:.\Generated_Source\PSoC4/CyFlash.c **** 
 422:.\Generated_Source\PSoC4/CyFlash.c ****         /* The IMO frequency should be 48 MHz */
 423:.\Generated_Source\PSoC4/CyFlash.c ****         if (cySysFlashBackup.clkImoFreq != 48u)
 424:.\Generated_Source\PSoC4/CyFlash.c ****         {
 425:.\Generated_Source\PSoC4/CyFlash.c ****             CySysClkWriteImoFreq(48u);
 426:.\Generated_Source\PSoC4/CyFlash.c ****         }
 427:.\Generated_Source\PSoC4/CyFlash.c ****         CySysClkImoStart();
 428:.\Generated_Source\PSoC4/CyFlash.c **** 
 429:.\Generated_Source\PSoC4/CyFlash.c ****         /* The IMO should be source for the HFCLK */
 430:.\Generated_Source\PSoC4/CyFlash.c ****         CySysClkWriteHfclkDirect(CY_SYS_CLK_HFCLK_IMO);
 431:.\Generated_Source\PSoC4/CyFlash.c **** 
 432:.\Generated_Source\PSoC4/CyFlash.c ****         /* The IMO should be the source for the charge pump clock */
 433:.\Generated_Source\PSoC4/CyFlash.c ****         CY_SYS_CLK_SELECT_REG =  (CY_SYS_CLK_SELECT_REG &
 434:.\Generated_Source\PSoC4/CyFlash.c ****             ((uint32)~(uint32)(CY_SYS_CLK_SELECT_PUMP_SEL_MASK << CY_SYS_CLK_SELECT_PUMP_SEL_SHIFT)
 435:.\Generated_Source\PSoC4/CyFlash.c ****             ((uint32)((uint32)1u << CY_SYS_CLK_SELECT_PUMP_SEL_SHIFT));
 436:.\Generated_Source\PSoC4/CyFlash.c ****     }
 437:.\Generated_Source\PSoC4/CyFlash.c **** 
 438:.\Generated_Source\PSoC4/CyFlash.c **** #else
 439:.\Generated_Source\PSoC4/CyFlash.c **** 
 440:.\Generated_Source\PSoC4/CyFlash.c ****     #if (CY_IP_SPCIF_SYNCHRONOUS)
 441:.\Generated_Source\PSoC4/CyFlash.c ****         /* FM-Lite Clock Configuration */
 442:.\Generated_Source\PSoC4/CyFlash.c ****         CY_FLASH_CPUSS_SYSARG_REG =
 443:.\Generated_Source\PSoC4/CyFlash.c ****             (uint32) ((CY_FLASH_KEY_TWO(CY_FLASH_API_OPCODE_CLK_CONFIG) <<  CY_FLASH_PARAM_KEY_TWO_
 444:.\Generated_Source\PSoC4/CyFlash.c ****                         CY_FLASH_KEY_ONE);
 445:.\Generated_Source\PSoC4/CyFlash.c ****         CY_FLASH_CPUSS_SYSREQ_REG = CY_FLASH_CPUSS_REQ_START | CY_FLASH_API_OPCODE_CLK_CONFIG;
 446:.\Generated_Source\PSoC4/CyFlash.c ****         retValue = CY_FLASH_API_RETURN;
 447:.\Generated_Source\PSoC4/CyFlash.c ****     #endif /* (CY_IP_SPCIF_SYNCHRONOUS) */
 448:.\Generated_Source\PSoC4/CyFlash.c **** 
 449:.\Generated_Source\PSoC4/CyFlash.c **** #endif  /* (CY_PSOC4_4000) */
 450:.\Generated_Source\PSoC4/CyFlash.c **** 
 451:.\Generated_Source\PSoC4/CyFlash.c ****     return (retValue);
 452:.\Generated_Source\PSoC4/CyFlash.c **** }
  45              		.loc 1 452 0
  46 0000 0020     		mov	r0, #0
  47              		@ sp needed
  48 0002 7047     		bx	lr
  49              		.cfi_endproc
  50              	.LFE4:
  51              		.size	CySysFlashClockConfig, .-CySysFlashClockConfig
  52              		.section	.text.CySysFlashClockRestore,"ax",%progbits
  53              		.align	2
  54              		.code	16
  55              		.thumb_func
  56              		.type	CySysFlashClockRestore, %function
  57              	CySysFlashClockRestore:
  58              	.LFB5:
 453:.\Generated_Source\PSoC4/CyFlash.c **** #endif  /* (CY_IP_FMLT) */
 454:.\Generated_Source\PSoC4/CyFlash.c **** 
 455:.\Generated_Source\PSoC4/CyFlash.c **** 
ARM GAS  C:\Users\11401393\AppData\Local\Temp\ccqRCe40.s 			page 10


 456:.\Generated_Source\PSoC4/CyFlash.c **** /*******************************************************************************
 457:.\Generated_Source\PSoC4/CyFlash.c **** * Function Name: CySysFlashClockRestore
 458:.\Generated_Source\PSoC4/CyFlash.c **** ********************************************************************************
 459:.\Generated_Source\PSoC4/CyFlash.c **** *
 460:.\Generated_Source\PSoC4/CyFlash.c **** * Summary:
 461:.\Generated_Source\PSoC4/CyFlash.c **** *  Restores the device clock configuration.
 462:.\Generated_Source\PSoC4/CyFlash.c **** *
 463:.\Generated_Source\PSoC4/CyFlash.c **** * Parameters:
 464:.\Generated_Source\PSoC4/CyFlash.c **** *  None
 465:.\Generated_Source\PSoC4/CyFlash.c **** *
 466:.\Generated_Source\PSoC4/CyFlash.c **** * Return:
 467:.\Generated_Source\PSoC4/CyFlash.c **** *  The same as CySysFlashWriteRow().
 468:.\Generated_Source\PSoC4/CyFlash.c **** *
 469:.\Generated_Source\PSoC4/CyFlash.c **** *******************************************************************************/
 470:.\Generated_Source\PSoC4/CyFlash.c **** static cystatus CySysFlashClockRestore(void)
 471:.\Generated_Source\PSoC4/CyFlash.c **** {
  59              		.loc 1 471 0
  60              		.cfi_startproc
  61              	.LVL2:
 472:.\Generated_Source\PSoC4/CyFlash.c ****     cystatus retValue = CY_SYS_FLASH_SUCCESS;
 473:.\Generated_Source\PSoC4/CyFlash.c **** #if(!CY_IP_FM)
 474:.\Generated_Source\PSoC4/CyFlash.c ****     #if !(CY_PSOC4_4000)
 475:.\Generated_Source\PSoC4/CyFlash.c ****         #if (CY_IP_SPCIF_SYNCHRONOUS)
 476:.\Generated_Source\PSoC4/CyFlash.c ****             volatile uint32   parameters[2u];
 477:.\Generated_Source\PSoC4/CyFlash.c ****         #endif /* (CY_IP_SPCIF_SYNCHRONOUS) */
 478:.\Generated_Source\PSoC4/CyFlash.c ****     #endif  /* !(CY_PSOC4_4000) */
 479:.\Generated_Source\PSoC4/CyFlash.c **** #endif  /* (!CY_IP_FM) */
 480:.\Generated_Source\PSoC4/CyFlash.c **** 
 481:.\Generated_Source\PSoC4/CyFlash.c **** #if(CY_IP_FM)
 482:.\Generated_Source\PSoC4/CyFlash.c **** 
 483:.\Generated_Source\PSoC4/CyFlash.c ****     /***************************************************************
 484:.\Generated_Source\PSoC4/CyFlash.c ****     * Restore IMO configuration that could be changed during
 485:.\Generated_Source\PSoC4/CyFlash.c ****     * system call execution (Cypress ID #150448).
 486:.\Generated_Source\PSoC4/CyFlash.c ****     ***************************************************************/
 487:.\Generated_Source\PSoC4/CyFlash.c ****     CY_SYS_CLK_IMO_CONFIG_REG = cySysFlashBackup.imoConfigReg;
 488:.\Generated_Source\PSoC4/CyFlash.c **** 
 489:.\Generated_Source\PSoC4/CyFlash.c **** #else
 490:.\Generated_Source\PSoC4/CyFlash.c **** 
 491:.\Generated_Source\PSoC4/CyFlash.c ****     #if (CY_PSOC4_4000)
 492:.\Generated_Source\PSoC4/CyFlash.c **** 
 493:.\Generated_Source\PSoC4/CyFlash.c ****         /***************************************************************************
 494:.\Generated_Source\PSoC4/CyFlash.c ****         * Perform firmware clock settings restore for the PSOC4 4000 devices (the
 495:.\Generated_Source\PSoC4/CyFlash.c ****         * corresponding system call is not available).
 496:.\Generated_Source\PSoC4/CyFlash.c ****         ***************************************************************************/
 497:.\Generated_Source\PSoC4/CyFlash.c **** 
 498:.\Generated_Source\PSoC4/CyFlash.c ****         /* Restore clock settings */
 499:.\Generated_Source\PSoC4/CyFlash.c ****         if ((cySysFlashBackup.clkImoFreq != 48u) ||
 500:.\Generated_Source\PSoC4/CyFlash.c ****             ((cySysFlashBackup.clkSelectReg & CY_SYS_CLK_SELECT_DIRECT_SEL_MASK) != CY_SYS_CLK_HFCL
 501:.\Generated_Source\PSoC4/CyFlash.c ****             (((cySysFlashBackup.clkSelectReg >> CY_SYS_CLK_SELECT_PUMP_SEL_SHIFT) & CY_SYS_CLK_SELE
 502:.\Generated_Source\PSoC4/CyFlash.c ****                 CY_SYS_CLK_SELECT_PUMP_SEL_IMO))
 503:.\Generated_Source\PSoC4/CyFlash.c ****         {
 504:.\Generated_Source\PSoC4/CyFlash.c ****             /* Restore IMO frequency if needed */
 505:.\Generated_Source\PSoC4/CyFlash.c ****             if (cySysFlashBackup.clkImoFreq != 48u)
 506:.\Generated_Source\PSoC4/CyFlash.c ****             {
 507:.\Generated_Source\PSoC4/CyFlash.c ****                 CySysClkWriteImoFreq(cySysFlashBackup.clkImoFreq);
 508:.\Generated_Source\PSoC4/CyFlash.c ****             }
 509:.\Generated_Source\PSoC4/CyFlash.c **** 
ARM GAS  C:\Users\11401393\AppData\Local\Temp\ccqRCe40.s 			page 11


 510:.\Generated_Source\PSoC4/CyFlash.c ****             /* Restore HFCLK clock source */
 511:.\Generated_Source\PSoC4/CyFlash.c ****             CySysClkWriteHfclkDirect(cySysFlashBackup.clkSelectReg & CY_SYS_CLK_SELECT_DIRECT_SEL_M
 512:.\Generated_Source\PSoC4/CyFlash.c **** 
 513:.\Generated_Source\PSoC4/CyFlash.c ****             /* Restore HFCLK divider and source for pump  */
 514:.\Generated_Source\PSoC4/CyFlash.c ****             CY_SYS_CLK_SELECT_REG = cySysFlashBackup.clkSelectReg;
 515:.\Generated_Source\PSoC4/CyFlash.c **** 
 516:.\Generated_Source\PSoC4/CyFlash.c ****             /* Stop IMO if needed */
 517:.\Generated_Source\PSoC4/CyFlash.c ****             if (0u == cySysFlashBackup.clkImoEna)
 518:.\Generated_Source\PSoC4/CyFlash.c ****             {
 519:.\Generated_Source\PSoC4/CyFlash.c ****                 CySysClkImoStop();
 520:.\Generated_Source\PSoC4/CyFlash.c ****             }
 521:.\Generated_Source\PSoC4/CyFlash.c ****         }
 522:.\Generated_Source\PSoC4/CyFlash.c **** 
 523:.\Generated_Source\PSoC4/CyFlash.c ****     #else
 524:.\Generated_Source\PSoC4/CyFlash.c **** 
 525:.\Generated_Source\PSoC4/CyFlash.c ****         #if (CY_IP_SPCIF_SYNCHRONOUS)
 526:.\Generated_Source\PSoC4/CyFlash.c ****             /* FM-Lite Clock Restore */
 527:.\Generated_Source\PSoC4/CyFlash.c ****             parameters[0u] =
 528:.\Generated_Source\PSoC4/CyFlash.c ****                 (uint32) ((CY_FLASH_KEY_TWO(CY_FLASH_API_OPCODE_CLK_RESTORE) <<  CY_FLASH_PARAM_KEY
 529:.\Generated_Source\PSoC4/CyFlash.c ****                             CY_FLASH_KEY_ONE);
 530:.\Generated_Source\PSoC4/CyFlash.c ****             parameters[1u] = (uint32) &cySysFlashBackup.clockSettings[0u];
 531:.\Generated_Source\PSoC4/CyFlash.c ****             CY_FLASH_CPUSS_SYSARG_REG = (uint32) &parameters[0u];
 532:.\Generated_Source\PSoC4/CyFlash.c ****             CY_FLASH_CPUSS_SYSREQ_REG = CY_FLASH_CPUSS_REQ_START | CY_FLASH_API_OPCODE_CLK_RESTORE;
 533:.\Generated_Source\PSoC4/CyFlash.c ****             retValue = CY_FLASH_API_RETURN;
 534:.\Generated_Source\PSoC4/CyFlash.c ****         #endif /* (CY_IP_SPCIF_SYNCHRONOUS) */
 535:.\Generated_Source\PSoC4/CyFlash.c **** 
 536:.\Generated_Source\PSoC4/CyFlash.c ****     #endif  /* (CY_PSOC4_4000) */
 537:.\Generated_Source\PSoC4/CyFlash.c **** 
 538:.\Generated_Source\PSoC4/CyFlash.c **** #endif  /* (CY_IP_FM) */
 539:.\Generated_Source\PSoC4/CyFlash.c **** 
 540:.\Generated_Source\PSoC4/CyFlash.c ****     return (retValue);
 541:.\Generated_Source\PSoC4/CyFlash.c **** }
  62              		.loc 1 541 0
  63 0000 0020     		mov	r0, #0
  64              		@ sp needed
  65 0002 7047     		bx	lr
  66              		.cfi_endproc
  67              	.LFE5:
  68              		.size	CySysFlashClockRestore, .-CySysFlashClockRestore
  69              		.section	.text.CySysFlashWriteRow,"ax",%progbits
  70              		.align	2
  71              		.global	CySysFlashWriteRow
  72              		.code	16
  73              		.thumb_func
  74              		.type	CySysFlashWriteRow, %function
  75              	CySysFlashWriteRow:
  76              	.LFB1:
  93:.\Generated_Source\PSoC4/CyFlash.c **** {
  77              		.loc 1 93 0
  78              		.cfi_startproc
  79              	.LVL3:
  80 0000 30B5     		push	{r4, r5, lr}
  81              		.cfi_def_cfa_offset 12
  82              		.cfi_offset 4, -12
  83              		.cfi_offset 5, -8
  84              		.cfi_offset 14, -4
  85 0002 A5B0     		sub	sp, sp, #148
ARM GAS  C:\Users\11401393\AppData\Local\Temp\ccqRCe40.s 			page 12


  86              		.cfi_def_cfa_offset 160
  87 0004 041C     		mov	r4, r0
  94:.\Generated_Source\PSoC4/CyFlash.c ****     volatile uint32 retValue = CY_SYS_FLASH_SUCCESS;
  88              		.loc 1 94 0
  89 0006 0023     		mov	r3, #0
  90 0008 2393     		str	r3, [sp, #140]
  95:.\Generated_Source\PSoC4/CyFlash.c ****     volatile uint32 clkCnfRetValue = CY_SYS_FLASH_SUCCESS;
  91              		.loc 1 95 0
  92 000a 2293     		str	r3, [sp, #136]
 108:.\Generated_Source\PSoC4/CyFlash.c ****     if ((rowNum < CY_FLASH_NUMBER_ROWS) && (rowData != 0u))
  93              		.loc 1 108 0
  94 000c 2D4B     		ldr	r3, .L16
  95 000e 9842     		cmp	r0, r3
  96 0010 52D8     		bhi	.L5
 108:.\Generated_Source\PSoC4/CyFlash.c ****     if ((rowNum < CY_FLASH_NUMBER_ROWS) && (rowData != 0u))
  97              		.loc 1 108 0 is_stmt 0 discriminator 1
  98 0012 0029     		cmp	r1, #0
  99 0014 50D0     		beq	.L5
 111:.\Generated_Source\PSoC4/CyFlash.c ****         (void)memcpy((void *)&parameters[2u], rowData, CY_FLASH_SIZEOF_ROW);
 100              		.loc 1 111 0 is_stmt 1
 101 0016 02A8     		add	r0, sp, #8
 102              	.LVL4:
 103 0018 8022     		mov	r2, #128
 104 001a FFF7FEFF 		bl	memcpy
 105              	.LVL5:
 137:.\Generated_Source\PSoC4/CyFlash.c ****                          (uint32) (CY_FLASH_KEY_TWO(CY_FLASH_API_OPCODE_LOAD) << CY_FLASH_PARAM_KEY
 106              		.loc 1 137 0
 107 001e 2A4B     		ldr	r3, .L16+4
 108 0020 9C42     		cmp	r4, r3
 109 0022 01D9     		bls	.L13
 110 0024 294B     		ldr	r3, .L16+8
 111 0026 00E0     		b	.L6
 112              	.L13:
 113 0028 294B     		ldr	r3, .L16+12
 114              	.L6:
 135:.\Generated_Source\PSoC4/CyFlash.c ****         parameters[0u] = (uint32) (CY_FLASH_GET_MACRO_FROM_ROW(rowNum)        << CY_FLASH_PARAM_MAC
 115              		.loc 1 135 0
 116 002a 0093     		str	r3, [sp]
 139:.\Generated_Source\PSoC4/CyFlash.c ****         parameters[1u] = CY_FLASH_SIZEOF_ROW - 1u;
 117              		.loc 1 139 0
 118 002c 7F23     		mov	r3, #127
 119 002e 0193     		str	r3, [sp, #4]
 141:.\Generated_Source\PSoC4/CyFlash.c ****         CY_FLASH_CPUSS_SYSARG_REG = (uint32) &parameters[0u];
 120              		.loc 1 141 0
 121 0030 284B     		ldr	r3, .L16+16
 122 0032 00AA     		add	r2, sp, #0
 123 0034 1A60     		str	r2, [r3]
 142:.\Generated_Source\PSoC4/CyFlash.c ****         CY_FLASH_CPUSS_SYSREQ_REG = CY_FLASH_CPUSS_REQ_START | CY_FLASH_API_OPCODE_LOAD;
 124              		.loc 1 142 0
 125 0036 2849     		ldr	r1, .L16+20
 126 0038 284A     		ldr	r2, .L16+24
 127 003a 1160     		str	r1, [r2]
 143:.\Generated_Source\PSoC4/CyFlash.c ****         retValue = CY_FLASH_API_RETURN;
 128              		.loc 1 143 0
 129 003c 1B68     		ldr	r3, [r3]
 130 003e 1B0F     		lsr	r3, r3, #28
 131 0040 0A2B     		cmp	r3, #10
ARM GAS  C:\Users\11401393\AppData\Local\Temp\ccqRCe40.s 			page 13


 132 0042 04D0     		beq	.L14
 143:.\Generated_Source\PSoC4/CyFlash.c ****         retValue = CY_FLASH_API_RETURN;
 133              		.loc 1 143 0 is_stmt 0 discriminator 1
 134 0044 234B     		ldr	r3, .L16+16
 135 0046 1B68     		ldr	r3, [r3]
 136 0048 0F22     		mov	r2, #15
 137 004a 1340     		and	r3, r2
 138 004c 00E0     		b	.L7
 139              	.L14:
 143:.\Generated_Source\PSoC4/CyFlash.c ****         retValue = CY_FLASH_API_RETURN;
 140              		.loc 1 143 0
 141 004e 0023     		mov	r3, #0
 142              	.L7:
 143:.\Generated_Source\PSoC4/CyFlash.c ****         retValue = CY_FLASH_API_RETURN;
 143              		.loc 1 143 0 discriminator 3
 144 0050 2393     		str	r3, [sp, #140]
 145:.\Generated_Source\PSoC4/CyFlash.c ****         if(retValue == CY_SYS_FLASH_SUCCESS)
 145              		.loc 1 145 0 is_stmt 1 discriminator 3
 146 0052 239B     		ldr	r3, [sp, #140]
 147 0054 002B     		cmp	r3, #0
 148 0056 31D1     		bne	.L8
 153:.\Generated_Source\PSoC4/CyFlash.c ****             interruptState = CyEnterCriticalSection();
 149              		.loc 1 153 0
 150 0058 FFF7FEFF 		bl	CyEnterCriticalSection
 151              	.LVL6:
 152 005c 051C     		mov	r5, r0
 153              	.LVL7:
 155:.\Generated_Source\PSoC4/CyFlash.c ****             clkCnfRetValue = CySysFlashClockBackup();
 154              		.loc 1 155 0
 155 005e FFF7FEFF 		bl	CySysFlashClockBackup
 156              	.LVL8:
 157 0062 2290     		str	r0, [sp, #136]
 158:.\Generated_Source\PSoC4/CyFlash.c ****             if(clkCnfRetValue == CY_SYS_FLASH_SUCCESS)
 158              		.loc 1 158 0
 159 0064 229B     		ldr	r3, [sp, #136]
 160 0066 002B     		cmp	r3, #0
 161 0068 02D1     		bne	.L9
 160:.\Generated_Source\PSoC4/CyFlash.c ****                 retValue = CySysFlashClockConfig();
 162              		.loc 1 160 0
 163 006a FFF7FEFF 		bl	CySysFlashClockConfig
 164              	.LVL9:
 165 006e 2390     		str	r0, [sp, #140]
 166              	.L9:
 164:.\Generated_Source\PSoC4/CyFlash.c ****             if(retValue == CY_SYS_FLASH_SUCCESS)
 167              		.loc 1 164 0
 168 0070 239B     		ldr	r3, [sp, #140]
 169 0072 002B     		cmp	r3, #0
 170 0074 16D1     		bne	.L10
 167:.\Generated_Source\PSoC4/CyFlash.c ****                 parameters[0u]  = (uint32) (((uint32) CY_FLASH_KEY_TWO(CY_FLASH_API_OPCODE_WRITE_RO
 171              		.loc 1 167 0
 172 0076 1A4B     		ldr	r3, .L16+28
 173 0078 0093     		str	r3, [sp]
 168:.\Generated_Source\PSoC4/CyFlash.c ****                 parameters[0u] |= (uint32)(rowNum << 16u);
 174              		.loc 1 168 0
 175 007a 009B     		ldr	r3, [sp]
 176 007c 2404     		lsl	r4, r4, #16
 177              	.LVL10:
ARM GAS  C:\Users\11401393\AppData\Local\Temp\ccqRCe40.s 			page 14


 178 007e 1C43     		orr	r4, r3
 179 0080 0094     		str	r4, [sp]
 170:.\Generated_Source\PSoC4/CyFlash.c ****                 CY_FLASH_CPUSS_SYSARG_REG = (uint32) &parameters[0u];
 180              		.loc 1 170 0
 181 0082 144B     		ldr	r3, .L16+16
 182 0084 00AA     		add	r2, sp, #0
 183 0086 1A60     		str	r2, [r3]
 171:.\Generated_Source\PSoC4/CyFlash.c ****                 CY_FLASH_CPUSS_SYSREQ_REG = CY_FLASH_CPUSS_REQ_START | CY_FLASH_API_OPCODE_WRITE_RO
 184              		.loc 1 171 0
 185 0088 1649     		ldr	r1, .L16+32
 186 008a 144A     		ldr	r2, .L16+24
 187 008c 1160     		str	r1, [r2]
 172:.\Generated_Source\PSoC4/CyFlash.c ****                 retValue = CY_FLASH_API_RETURN;
 188              		.loc 1 172 0
 189 008e 1B68     		ldr	r3, [r3]
 190 0090 1B0F     		lsr	r3, r3, #28
 191 0092 0A2B     		cmp	r3, #10
 192 0094 04D0     		beq	.L15
 172:.\Generated_Source\PSoC4/CyFlash.c ****                 retValue = CY_FLASH_API_RETURN;
 193              		.loc 1 172 0 is_stmt 0 discriminator 1
 194 0096 0F4B     		ldr	r3, .L16+16
 195 0098 1B68     		ldr	r3, [r3]
 196 009a 0F22     		mov	r2, #15
 197 009c 1340     		and	r3, r2
 198 009e 00E0     		b	.L11
 199              	.L15:
 172:.\Generated_Source\PSoC4/CyFlash.c ****                 retValue = CY_FLASH_API_RETURN;
 200              		.loc 1 172 0
 201 00a0 0023     		mov	r3, #0
 202              	.L11:
 172:.\Generated_Source\PSoC4/CyFlash.c ****                 retValue = CY_FLASH_API_RETURN;
 203              		.loc 1 172 0 discriminator 3
 204 00a2 2393     		str	r3, [sp, #140]
 205              	.L10:
 209:.\Generated_Source\PSoC4/CyFlash.c ****             if(clkCnfRetValue == CY_SYS_FLASH_SUCCESS)
 206              		.loc 1 209 0 is_stmt 1
 207 00a4 229B     		ldr	r3, [sp, #136]
 208 00a6 002B     		cmp	r3, #0
 209 00a8 02D1     		bne	.L12
 211:.\Generated_Source\PSoC4/CyFlash.c ****                 clkCnfRetValue = CySysFlashClockRestore();
 210              		.loc 1 211 0
 211 00aa FFF7FEFF 		bl	CySysFlashClockRestore
 212              	.LVL11:
 213 00ae 2290     		str	r0, [sp, #136]
 214              	.L12:
 214:.\Generated_Source\PSoC4/CyFlash.c ****             CyExitCriticalSection(interruptState);
 215              		.loc 1 214 0
 216 00b0 281C     		mov	r0, r5
 217 00b2 FFF7FEFF 		bl	CyExitCriticalSection
 218              	.LVL12:
 219 00b6 01E0     		b	.L8
 220              	.LVL13:
 221              	.L5:
 219:.\Generated_Source\PSoC4/CyFlash.c ****         retValue = CY_SYS_FLASH_INVALID_ADDR;
 222              		.loc 1 219 0
 223 00b8 0423     		mov	r3, #4
 224 00ba 2393     		str	r3, [sp, #140]
ARM GAS  C:\Users\11401393\AppData\Local\Temp\ccqRCe40.s 			page 15


 225              	.LVL14:
 226              	.L8:
 222:.\Generated_Source\PSoC4/CyFlash.c ****     return (retValue);
 227              		.loc 1 222 0
 228 00bc 2398     		ldr	r0, [sp, #140]
 223:.\Generated_Source\PSoC4/CyFlash.c **** }
 229              		.loc 1 223 0
 230 00be 25B0     		add	sp, sp, #148
 231              		@ sp needed
 232 00c0 30BD     		pop	{r4, r5, pc}
 233              	.L17:
 234 00c2 C046     		.align	2
 235              	.L16:
 236 00c4 FF030000 		.word	1023
 237 00c8 FF010000 		.word	511
 238 00cc B6D70001 		.word	16832438
 239 00d0 B6D70000 		.word	55222
 240 00d4 08001040 		.word	1074790408
 241 00d8 04000080 		.word	-2147483644
 242 00dc 04001040 		.word	1074790404
 243 00e0 B6D80000 		.word	55478
 244 00e4 05000080 		.word	-2147483643
 245              		.cfi_endproc
 246              	.LFE1:
 247              		.size	CySysFlashWriteRow, .-CySysFlashWriteRow
 248              		.section	.text.CySysFlashSetWaitCycles,"ax",%progbits
 249              		.align	2
 250              		.global	CySysFlashSetWaitCycles
 251              		.code	16
 252              		.thumb_func
 253              		.type	CySysFlashSetWaitCycles, %function
 254              	CySysFlashSetWaitCycles:
 255              	.LFB2:
 246:.\Generated_Source\PSoC4/CyFlash.c **** {
 256              		.loc 1 246 0
 257              		.cfi_startproc
 258              	.LVL15:
 259 0000 38B5     		push	{r3, r4, r5, lr}
 260              		.cfi_def_cfa_offset 16
 261              		.cfi_offset 3, -16
 262              		.cfi_offset 4, -12
 263              		.cfi_offset 5, -8
 264              		.cfi_offset 14, -4
 265 0002 041C     		mov	r4, r0
 249:.\Generated_Source\PSoC4/CyFlash.c ****     interruptState = CyEnterCriticalSection();
 266              		.loc 1 249 0
 267 0004 FFF7FEFF 		bl	CyEnterCriticalSection
 268              	.LVL16:
 269 0008 051C     		mov	r5, r0
 270              	.LVL17:
 262:.\Generated_Source\PSoC4/CyFlash.c ****         if (freq <= CY_FLASH_CTL_WS_0_FREQ_MAX)
 271              		.loc 1 262 0
 272 000a 102C     		cmp	r4, #16
 273 000c 05D8     		bhi	.L19
 264:.\Generated_Source\PSoC4/CyFlash.c ****             CY_FLASH_CTL_REG = (CY_FLASH_CTL_REG & ~CY_FLASH_CTL_WS_MASK) | CY_FLASH_CTL_WS_0_VALUE
 274              		.loc 1 264 0
 275 000e 104B     		ldr	r3, .L23
ARM GAS  C:\Users\11401393\AppData\Local\Temp\ccqRCe40.s 			page 16


 276 0010 1A68     		ldr	r2, [r3]
 277 0012 0321     		mov	r1, #3
 278 0014 8A43     		bic	r2, r1
 279 0016 1A60     		str	r2, [r3]
 280 0018 16E0     		b	.L20
 281              	.L19:
 266:.\Generated_Source\PSoC4/CyFlash.c ****         if (freq <= CY_FLASH_CTL_WS_1_FREQ_MAX)
 282              		.loc 1 266 0
 283 001a 202C     		cmp	r4, #32
 284 001c 07D8     		bhi	.L21
 268:.\Generated_Source\PSoC4/CyFlash.c ****             CY_FLASH_CTL_REG = (CY_FLASH_CTL_REG & ~CY_FLASH_CTL_WS_MASK) | CY_FLASH_CTL_WS_1_VALUE
 285              		.loc 1 268 0
 286 001e 0C4B     		ldr	r3, .L23
 287 0020 1A68     		ldr	r2, [r3]
 288 0022 0321     		mov	r1, #3
 289 0024 8A43     		bic	r2, r1
 290 0026 0121     		mov	r1, #1
 291 0028 0A43     		orr	r2, r1
 292 002a 1A60     		str	r2, [r3]
 293 002c 0CE0     		b	.L20
 294              	.L21:
 271:.\Generated_Source\PSoC4/CyFlash.c ****         if (freq <= CY_FLASH_CTL_WS_2_FREQ_MAX)
 295              		.loc 1 271 0
 296 002e 302C     		cmp	r4, #48
 297 0030 07D8     		bhi	.L22
 273:.\Generated_Source\PSoC4/CyFlash.c ****             CY_FLASH_CTL_REG = (CY_FLASH_CTL_REG & ~CY_FLASH_CTL_WS_MASK) | CY_FLASH_CTL_WS_2_VALUE
 298              		.loc 1 273 0
 299 0032 074B     		ldr	r3, .L23
 300 0034 1A68     		ldr	r2, [r3]
 301 0036 0321     		mov	r1, #3
 302 0038 8A43     		bic	r2, r1
 303 003a 0221     		mov	r1, #2
 304 003c 0A43     		orr	r2, r1
 305 003e 1A60     		str	r2, [r3]
 306 0040 02E0     		b	.L20
 307              	.L22:
 279:.\Generated_Source\PSoC4/CyFlash.c ****             CYASSERT(0u != 0u);
 308              		.loc 1 279 0 discriminator 1
 309 0042 0020     		mov	r0, #0
 310              	.LVL18:
 311 0044 FFF7FEFF 		bl	CyHalt
 312              	.LVL19:
 313              	.L20:
 284:.\Generated_Source\PSoC4/CyFlash.c ****     CyExitCriticalSection(interruptState);
 314              		.loc 1 284 0
 315 0048 281C     		mov	r0, r5
 316 004a FFF7FEFF 		bl	CyExitCriticalSection
 317              	.LVL20:
 285:.\Generated_Source\PSoC4/CyFlash.c **** }
 318              		.loc 1 285 0
 319              		@ sp needed
 320              	.LVL21:
 321              	.LVL22:
 322 004e 38BD     		pop	{r3, r4, r5, pc}
 323              	.L24:
 324              		.align	2
 325              	.L23:
ARM GAS  C:\Users\11401393\AppData\Local\Temp\ccqRCe40.s 			page 17


 326 0050 30001040 		.word	1074790448
 327              		.cfi_endproc
 328              	.LFE2:
 329              		.size	CySysFlashSetWaitCycles, .-CySysFlashSetWaitCycles
 330              		.text
 331              	.Letext0:
 332              		.file 2 ".\\Generated_Source\\PSoC4\\cytypes.h"
 333              		.file 3 ".\\Generated_Source\\PSoC4\\CyLib.h"
 334              		.section	.debug_info,"",%progbits
 335              	.Ldebug_info0:
 336 0000 D1020000 		.4byte	0x2d1
 337 0004 0400     		.2byte	0x4
 338 0006 00000000 		.4byte	.Ldebug_abbrev0
 339 000a 04       		.byte	0x4
 340 000b 01       		.uleb128 0x1
 341 000c 65010000 		.4byte	.LASF30
 342 0010 01       		.byte	0x1
 343 0011 2E000000 		.4byte	.LASF31
 344 0015 64000000 		.4byte	.LASF32
 345 0019 00000000 		.4byte	.Ldebug_ranges0+0
 346 001d 00000000 		.4byte	0
 347 0021 00000000 		.4byte	.Ldebug_line0
 348 0025 02       		.uleb128 0x2
 349 0026 01       		.byte	0x1
 350 0027 06       		.byte	0x6
 351 0028 6B020000 		.4byte	.LASF0
 352 002c 02       		.uleb128 0x2
 353 002d 01       		.byte	0x1
 354 002e 08       		.byte	0x8
 355 002f D3000000 		.4byte	.LASF1
 356 0033 02       		.uleb128 0x2
 357 0034 02       		.byte	0x2
 358 0035 05       		.byte	0x5
 359 0036 13010000 		.4byte	.LASF2
 360 003a 02       		.uleb128 0x2
 361 003b 02       		.byte	0x2
 362 003c 07       		.byte	0x7
 363 003d 51000000 		.4byte	.LASF3
 364 0041 02       		.uleb128 0x2
 365 0042 04       		.byte	0x4
 366 0043 05       		.byte	0x5
 367 0044 5D020000 		.4byte	.LASF4
 368 0048 02       		.uleb128 0x2
 369 0049 04       		.byte	0x4
 370 004a 07       		.byte	0x7
 371 004b F4000000 		.4byte	.LASF5
 372 004f 02       		.uleb128 0x2
 373 0050 08       		.byte	0x8
 374 0051 05       		.byte	0x5
 375 0052 00020000 		.4byte	.LASF6
 376 0056 02       		.uleb128 0x2
 377 0057 08       		.byte	0x8
 378 0058 07       		.byte	0x7
 379 0059 BC000000 		.4byte	.LASF7
 380 005d 03       		.uleb128 0x3
 381 005e 04       		.byte	0x4
 382 005f 05       		.byte	0x5
ARM GAS  C:\Users\11401393\AppData\Local\Temp\ccqRCe40.s 			page 18


 383 0060 696E7400 		.ascii	"int\000"
 384 0064 02       		.uleb128 0x2
 385 0065 04       		.byte	0x4
 386 0066 07       		.byte	0x7
 387 0067 42010000 		.4byte	.LASF8
 388 006b 04       		.uleb128 0x4
 389 006c 06010000 		.4byte	.LASF9
 390 0070 02       		.byte	0x2
 391 0071 B3       		.byte	0xb3
 392 0072 2C000000 		.4byte	0x2c
 393 0076 04       		.uleb128 0x4
 394 0077 1D010000 		.4byte	.LASF10
 395 007b 02       		.byte	0x2
 396 007c B4       		.byte	0xb4
 397 007d 3A000000 		.4byte	0x3a
 398 0081 04       		.uleb128 0x4
 399 0082 24010000 		.4byte	.LASF11
 400 0086 02       		.byte	0x2
 401 0087 B5       		.byte	0xb5
 402 0088 48000000 		.4byte	0x48
 403 008c 02       		.uleb128 0x2
 404 008d 04       		.byte	0x4
 405 008e 04       		.byte	0x4
 406 008f B6000000 		.4byte	.LASF12
 407 0093 02       		.uleb128 0x2
 408 0094 08       		.byte	0x8
 409 0095 04       		.byte	0x4
 410 0096 0C010000 		.4byte	.LASF13
 411 009a 02       		.uleb128 0x2
 412 009b 01       		.byte	0x1
 413 009c 08       		.byte	0x8
 414 009d 66020000 		.4byte	.LASF14
 415 00a1 05       		.uleb128 0x5
 416 00a2 00000000 		.4byte	.LASF15
 417 00a6 02       		.byte	0x2
 418 00a7 5501     		.2byte	0x155
 419 00a9 48000000 		.4byte	0x48
 420 00ad 05       		.uleb128 0x5
 421 00ae 09000000 		.4byte	.LASF16
 422 00b2 02       		.byte	0x2
 423 00b3 5F01     		.2byte	0x15f
 424 00b5 B9000000 		.4byte	0xb9
 425 00b9 06       		.uleb128 0x6
 426 00ba 81000000 		.4byte	0x81
 427 00be 02       		.uleb128 0x2
 428 00bf 04       		.byte	0x4
 429 00c0 07       		.byte	0x7
 430 00c1 F7010000 		.4byte	.LASF17
 431 00c5 07       		.uleb128 0x7
 432 00c6 04       		.byte	0x4
 433 00c7 08       		.uleb128 0x8
 434 00c8 47020000 		.4byte	.LASF18
 435 00cc 01       		.byte	0x1
 436 00cd 2E01     		.2byte	0x12e
 437 00cf A1000000 		.4byte	0xa1
 438 00d3 00000000 		.4byte	.LFB3
 439 00d7 04000000 		.4byte	.LFE3-.LFB3
ARM GAS  C:\Users\11401393\AppData\Local\Temp\ccqRCe40.s 			page 19


 440 00db 01       		.uleb128 0x1
 441 00dc 9C       		.byte	0x9c
 442 00dd EF000000 		.4byte	0xef
 443 00e1 09       		.uleb128 0x9
 444 00e2 0F000000 		.4byte	.LASF20
 445 00e6 01       		.byte	0x1
 446 00e7 3001     		.2byte	0x130
 447 00e9 A1000000 		.4byte	0xa1
 448 00ed 00       		.byte	0
 449 00ee 00       		.byte	0
 450 00ef 08       		.uleb128 0x8
 451 00f0 1A020000 		.4byte	.LASF19
 452 00f4 01       		.byte	0x1
 453 00f5 8601     		.2byte	0x186
 454 00f7 A1000000 		.4byte	0xa1
 455 00fb 00000000 		.4byte	.LFB4
 456 00ff 04000000 		.4byte	.LFE4-.LFB4
 457 0103 01       		.uleb128 0x1
 458 0104 9C       		.byte	0x9c
 459 0105 17010000 		.4byte	0x117
 460 0109 09       		.uleb128 0x9
 461 010a 0F000000 		.4byte	.LASF20
 462 010e 01       		.byte	0x1
 463 010f 8801     		.2byte	0x188
 464 0111 A1000000 		.4byte	0xa1
 465 0115 00       		.byte	0
 466 0116 00       		.byte	0
 467 0117 08       		.uleb128 0x8
 468 0118 30020000 		.4byte	.LASF21
 469 011c 01       		.byte	0x1
 470 011d D601     		.2byte	0x1d6
 471 011f A1000000 		.4byte	0xa1
 472 0123 00000000 		.4byte	.LFB5
 473 0127 04000000 		.4byte	.LFE5-.LFB5
 474 012b 01       		.uleb128 0x1
 475 012c 9C       		.byte	0x9c
 476 012d 3F010000 		.4byte	0x13f
 477 0131 09       		.uleb128 0x9
 478 0132 0F000000 		.4byte	.LASF20
 479 0136 01       		.byte	0x1
 480 0137 D801     		.2byte	0x1d8
 481 0139 A1000000 		.4byte	0xa1
 482 013d 00       		.byte	0
 483 013e 00       		.byte	0
 484 013f 0A       		.uleb128 0xa
 485 0140 77020000 		.4byte	.LASF33
 486 0144 01       		.byte	0x1
 487 0145 5C       		.byte	0x5c
 488 0146 81000000 		.4byte	0x81
 489 014a 00000000 		.4byte	.LFB1
 490 014e E8000000 		.4byte	.LFE1-.LFB1
 491 0152 01       		.uleb128 0x1
 492 0153 9C       		.byte	0x9c
 493 0154 07020000 		.4byte	0x207
 494 0158 0B       		.uleb128 0xb
 495 0159 18000000 		.4byte	.LASF22
 496 015d 01       		.byte	0x1
ARM GAS  C:\Users\11401393\AppData\Local\Temp\ccqRCe40.s 			page 20


 497 015e 5C       		.byte	0x5c
 498 015f 81000000 		.4byte	0x81
 499 0163 00000000 		.4byte	.LLST0
 500 0167 0B       		.uleb128 0xb
 501 0168 E1000000 		.4byte	.LASF23
 502 016c 01       		.byte	0x1
 503 016d 5C       		.byte	0x5c
 504 016e 07020000 		.4byte	0x207
 505 0172 45000000 		.4byte	.LLST1
 506 0176 0C       		.uleb128 0xc
 507 0177 0F000000 		.4byte	.LASF20
 508 017b 01       		.byte	0x1
 509 017c 5E       		.byte	0x5e
 510 017d B9000000 		.4byte	0xb9
 511 0181 02       		.uleb128 0x2
 512 0182 91       		.byte	0x91
 513 0183 6C       		.sleb128 -20
 514 0184 0C       		.uleb128 0xc
 515 0185 1F000000 		.4byte	.LASF24
 516 0189 01       		.byte	0x1
 517 018a 5F       		.byte	0x5f
 518 018b B9000000 		.4byte	0xb9
 519 018f 02       		.uleb128 0x2
 520 0190 91       		.byte	0x91
 521 0191 68       		.sleb128 -24
 522 0192 0C       		.uleb128 0xc
 523 0193 E9000000 		.4byte	.LASF25
 524 0197 01       		.byte	0x1
 525 0198 60       		.byte	0x60
 526 0199 22020000 		.4byte	0x222
 527 019d 03       		.uleb128 0x3
 528 019e 91       		.byte	0x91
 529 019f E07E     		.sleb128 -160
 530 01a1 0D       		.uleb128 0xd
 531 01a2 E1010000 		.4byte	.LASF26
 532 01a6 01       		.byte	0x1
 533 01a7 61       		.byte	0x61
 534 01a8 6B000000 		.4byte	0x6b
 535 01ac 7F000000 		.4byte	.LLST2
 536 01b0 0E       		.uleb128 0xe
 537 01b1 1E000000 		.4byte	.LVL5
 538 01b5 87020000 		.4byte	0x287
 539 01b9 D2010000 		.4byte	0x1d2
 540 01bd 0F       		.uleb128 0xf
 541 01be 01       		.uleb128 0x1
 542 01bf 52       		.byte	0x52
 543 01c0 02       		.uleb128 0x2
 544 01c1 08       		.byte	0x8
 545 01c2 80       		.byte	0x80
 546 01c3 0F       		.uleb128 0xf
 547 01c4 01       		.uleb128 0x1
 548 01c5 51       		.byte	0x51
 549 01c6 03       		.uleb128 0x3
 550 01c7 F3       		.byte	0xf3
 551 01c8 01       		.uleb128 0x1
 552 01c9 51       		.byte	0x51
 553 01ca 0F       		.uleb128 0xf
ARM GAS  C:\Users\11401393\AppData\Local\Temp\ccqRCe40.s 			page 21


 554 01cb 01       		.uleb128 0x1
 555 01cc 50       		.byte	0x50
 556 01cd 03       		.uleb128 0x3
 557 01ce 91       		.byte	0x91
 558 01cf E87E     		.sleb128 -152
 559 01d1 00       		.byte	0
 560 01d2 10       		.uleb128 0x10
 561 01d3 5C000000 		.4byte	.LVL6
 562 01d7 AB020000 		.4byte	0x2ab
 563 01db 10       		.uleb128 0x10
 564 01dc 62000000 		.4byte	.LVL8
 565 01e0 C7000000 		.4byte	0xc7
 566 01e4 10       		.uleb128 0x10
 567 01e5 6E000000 		.4byte	.LVL9
 568 01e9 EF000000 		.4byte	0xef
 569 01ed 10       		.uleb128 0x10
 570 01ee AE000000 		.4byte	.LVL11
 571 01f2 17010000 		.4byte	0x117
 572 01f6 11       		.uleb128 0x11
 573 01f7 B6000000 		.4byte	.LVL12
 574 01fb B6020000 		.4byte	0x2b6
 575 01ff 0F       		.uleb128 0xf
 576 0200 01       		.uleb128 0x1
 577 0201 50       		.byte	0x50
 578 0202 02       		.uleb128 0x2
 579 0203 75       		.byte	0x75
 580 0204 00       		.sleb128 0
 581 0205 00       		.byte	0
 582 0206 00       		.byte	0
 583 0207 12       		.uleb128 0x12
 584 0208 04       		.byte	0x4
 585 0209 0D020000 		.4byte	0x20d
 586 020d 13       		.uleb128 0x13
 587 020e 6B000000 		.4byte	0x6b
 588 0212 14       		.uleb128 0x14
 589 0213 81000000 		.4byte	0x81
 590 0217 22020000 		.4byte	0x222
 591 021b 15       		.uleb128 0x15
 592 021c BE000000 		.4byte	0xbe
 593 0220 21       		.byte	0x21
 594 0221 00       		.byte	0
 595 0222 06       		.uleb128 0x6
 596 0223 12020000 		.4byte	0x212
 597 0227 16       		.uleb128 0x16
 598 0228 8A020000 		.4byte	.LASF34
 599 022c 01       		.byte	0x1
 600 022d F5       		.byte	0xf5
 601 022e 00000000 		.4byte	.LFB2
 602 0232 54000000 		.4byte	.LFE2-.LFB2
 603 0236 01       		.uleb128 0x1
 604 0237 9C       		.byte	0x9c
 605 0238 87020000 		.4byte	0x287
 606 023c 0B       		.uleb128 0xb
 607 023d 15020000 		.4byte	.LASF27
 608 0241 01       		.byte	0x1
 609 0242 F5       		.byte	0xf5
 610 0243 81000000 		.4byte	0x81
ARM GAS  C:\Users\11401393\AppData\Local\Temp\ccqRCe40.s 			page 22


 611 0247 9D000000 		.4byte	.LLST3
 612 024b 0D       		.uleb128 0xd
 613 024c E1010000 		.4byte	.LASF26
 614 0250 01       		.byte	0x1
 615 0251 F7       		.byte	0xf7
 616 0252 6B000000 		.4byte	0x6b
 617 0256 C9000000 		.4byte	.LLST4
 618 025a 10       		.uleb128 0x10
 619 025b 08000000 		.4byte	.LVL16
 620 025f AB020000 		.4byte	0x2ab
 621 0263 0E       		.uleb128 0xe
 622 0264 48000000 		.4byte	.LVL19
 623 0268 C7020000 		.4byte	0x2c7
 624 026c 76020000 		.4byte	0x276
 625 0270 0F       		.uleb128 0xf
 626 0271 01       		.uleb128 0x1
 627 0272 50       		.byte	0x50
 628 0273 01       		.uleb128 0x1
 629 0274 30       		.byte	0x30
 630 0275 00       		.byte	0
 631 0276 11       		.uleb128 0x11
 632 0277 4E000000 		.4byte	.LVL20
 633 027b B6020000 		.4byte	0x2b6
 634 027f 0F       		.uleb128 0xf
 635 0280 01       		.uleb128 0x1
 636 0281 50       		.byte	0x50
 637 0282 02       		.uleb128 0x2
 638 0283 75       		.byte	0x75
 639 0284 00       		.sleb128 0
 640 0285 00       		.byte	0
 641 0286 00       		.byte	0
 642 0287 17       		.uleb128 0x17
 643 0288 0E020000 		.4byte	.LASF28
 644 028c C5000000 		.4byte	0xc5
 645 0290 A4020000 		.4byte	0x2a4
 646 0294 18       		.uleb128 0x18
 647 0295 C5000000 		.4byte	0xc5
 648 0299 18       		.uleb128 0x18
 649 029a A4020000 		.4byte	0x2a4
 650 029e 18       		.uleb128 0x18
 651 029f BE000000 		.4byte	0xbe
 652 02a3 00       		.byte	0
 653 02a4 12       		.uleb128 0x12
 654 02a5 04       		.byte	0x4
 655 02a6 AA020000 		.4byte	0x2aa
 656 02aa 19       		.uleb128 0x19
 657 02ab 1A       		.uleb128 0x1a
 658 02ac 2B010000 		.4byte	.LASF35
 659 02b0 03       		.byte	0x3
 660 02b1 5E       		.byte	0x5e
 661 02b2 6B000000 		.4byte	0x6b
 662 02b6 1B       		.uleb128 0x1b
 663 02b7 4F010000 		.4byte	.LASF29
 664 02bb 03       		.byte	0x3
 665 02bc 5F       		.byte	0x5f
 666 02bd C7020000 		.4byte	0x2c7
 667 02c1 18       		.uleb128 0x18
ARM GAS  C:\Users\11401393\AppData\Local\Temp\ccqRCe40.s 			page 23


 668 02c2 6B000000 		.4byte	0x6b
 669 02c6 00       		.byte	0
 670 02c7 1C       		.uleb128 0x1c
 671 02c8 F0010000 		.4byte	.LASF36
 672 02cc 03       		.byte	0x3
 673 02cd 60       		.byte	0x60
 674 02ce 18       		.uleb128 0x18
 675 02cf 6B000000 		.4byte	0x6b
 676 02d3 00       		.byte	0
 677 02d4 00       		.byte	0
 678              		.section	.debug_abbrev,"",%progbits
 679              	.Ldebug_abbrev0:
 680 0000 01       		.uleb128 0x1
 681 0001 11       		.uleb128 0x11
 682 0002 01       		.byte	0x1
 683 0003 25       		.uleb128 0x25
 684 0004 0E       		.uleb128 0xe
 685 0005 13       		.uleb128 0x13
 686 0006 0B       		.uleb128 0xb
 687 0007 03       		.uleb128 0x3
 688 0008 0E       		.uleb128 0xe
 689 0009 1B       		.uleb128 0x1b
 690 000a 0E       		.uleb128 0xe
 691 000b 55       		.uleb128 0x55
 692 000c 17       		.uleb128 0x17
 693 000d 11       		.uleb128 0x11
 694 000e 01       		.uleb128 0x1
 695 000f 10       		.uleb128 0x10
 696 0010 17       		.uleb128 0x17
 697 0011 00       		.byte	0
 698 0012 00       		.byte	0
 699 0013 02       		.uleb128 0x2
 700 0014 24       		.uleb128 0x24
 701 0015 00       		.byte	0
 702 0016 0B       		.uleb128 0xb
 703 0017 0B       		.uleb128 0xb
 704 0018 3E       		.uleb128 0x3e
 705 0019 0B       		.uleb128 0xb
 706 001a 03       		.uleb128 0x3
 707 001b 0E       		.uleb128 0xe
 708 001c 00       		.byte	0
 709 001d 00       		.byte	0
 710 001e 03       		.uleb128 0x3
 711 001f 24       		.uleb128 0x24
 712 0020 00       		.byte	0
 713 0021 0B       		.uleb128 0xb
 714 0022 0B       		.uleb128 0xb
 715 0023 3E       		.uleb128 0x3e
 716 0024 0B       		.uleb128 0xb
 717 0025 03       		.uleb128 0x3
 718 0026 08       		.uleb128 0x8
 719 0027 00       		.byte	0
 720 0028 00       		.byte	0
 721 0029 04       		.uleb128 0x4
 722 002a 16       		.uleb128 0x16
 723 002b 00       		.byte	0
 724 002c 03       		.uleb128 0x3
ARM GAS  C:\Users\11401393\AppData\Local\Temp\ccqRCe40.s 			page 24


 725 002d 0E       		.uleb128 0xe
 726 002e 3A       		.uleb128 0x3a
 727 002f 0B       		.uleb128 0xb
 728 0030 3B       		.uleb128 0x3b
 729 0031 0B       		.uleb128 0xb
 730 0032 49       		.uleb128 0x49
 731 0033 13       		.uleb128 0x13
 732 0034 00       		.byte	0
 733 0035 00       		.byte	0
 734 0036 05       		.uleb128 0x5
 735 0037 16       		.uleb128 0x16
 736 0038 00       		.byte	0
 737 0039 03       		.uleb128 0x3
 738 003a 0E       		.uleb128 0xe
 739 003b 3A       		.uleb128 0x3a
 740 003c 0B       		.uleb128 0xb
 741 003d 3B       		.uleb128 0x3b
 742 003e 05       		.uleb128 0x5
 743 003f 49       		.uleb128 0x49
 744 0040 13       		.uleb128 0x13
 745 0041 00       		.byte	0
 746 0042 00       		.byte	0
 747 0043 06       		.uleb128 0x6
 748 0044 35       		.uleb128 0x35
 749 0045 00       		.byte	0
 750 0046 49       		.uleb128 0x49
 751 0047 13       		.uleb128 0x13
 752 0048 00       		.byte	0
 753 0049 00       		.byte	0
 754 004a 07       		.uleb128 0x7
 755 004b 0F       		.uleb128 0xf
 756 004c 00       		.byte	0
 757 004d 0B       		.uleb128 0xb
 758 004e 0B       		.uleb128 0xb
 759 004f 00       		.byte	0
 760 0050 00       		.byte	0
 761 0051 08       		.uleb128 0x8
 762 0052 2E       		.uleb128 0x2e
 763 0053 01       		.byte	0x1
 764 0054 03       		.uleb128 0x3
 765 0055 0E       		.uleb128 0xe
 766 0056 3A       		.uleb128 0x3a
 767 0057 0B       		.uleb128 0xb
 768 0058 3B       		.uleb128 0x3b
 769 0059 05       		.uleb128 0x5
 770 005a 27       		.uleb128 0x27
 771 005b 19       		.uleb128 0x19
 772 005c 49       		.uleb128 0x49
 773 005d 13       		.uleb128 0x13
 774 005e 11       		.uleb128 0x11
 775 005f 01       		.uleb128 0x1
 776 0060 12       		.uleb128 0x12
 777 0061 06       		.uleb128 0x6
 778 0062 40       		.uleb128 0x40
 779 0063 18       		.uleb128 0x18
 780 0064 9742     		.uleb128 0x2117
 781 0066 19       		.uleb128 0x19
ARM GAS  C:\Users\11401393\AppData\Local\Temp\ccqRCe40.s 			page 25


 782 0067 01       		.uleb128 0x1
 783 0068 13       		.uleb128 0x13
 784 0069 00       		.byte	0
 785 006a 00       		.byte	0
 786 006b 09       		.uleb128 0x9
 787 006c 34       		.uleb128 0x34
 788 006d 00       		.byte	0
 789 006e 03       		.uleb128 0x3
 790 006f 0E       		.uleb128 0xe
 791 0070 3A       		.uleb128 0x3a
 792 0071 0B       		.uleb128 0xb
 793 0072 3B       		.uleb128 0x3b
 794 0073 05       		.uleb128 0x5
 795 0074 49       		.uleb128 0x49
 796 0075 13       		.uleb128 0x13
 797 0076 1C       		.uleb128 0x1c
 798 0077 0B       		.uleb128 0xb
 799 0078 00       		.byte	0
 800 0079 00       		.byte	0
 801 007a 0A       		.uleb128 0xa
 802 007b 2E       		.uleb128 0x2e
 803 007c 01       		.byte	0x1
 804 007d 3F       		.uleb128 0x3f
 805 007e 19       		.uleb128 0x19
 806 007f 03       		.uleb128 0x3
 807 0080 0E       		.uleb128 0xe
 808 0081 3A       		.uleb128 0x3a
 809 0082 0B       		.uleb128 0xb
 810 0083 3B       		.uleb128 0x3b
 811 0084 0B       		.uleb128 0xb
 812 0085 27       		.uleb128 0x27
 813 0086 19       		.uleb128 0x19
 814 0087 49       		.uleb128 0x49
 815 0088 13       		.uleb128 0x13
 816 0089 11       		.uleb128 0x11
 817 008a 01       		.uleb128 0x1
 818 008b 12       		.uleb128 0x12
 819 008c 06       		.uleb128 0x6
 820 008d 40       		.uleb128 0x40
 821 008e 18       		.uleb128 0x18
 822 008f 9742     		.uleb128 0x2117
 823 0091 19       		.uleb128 0x19
 824 0092 01       		.uleb128 0x1
 825 0093 13       		.uleb128 0x13
 826 0094 00       		.byte	0
 827 0095 00       		.byte	0
 828 0096 0B       		.uleb128 0xb
 829 0097 05       		.uleb128 0x5
 830 0098 00       		.byte	0
 831 0099 03       		.uleb128 0x3
 832 009a 0E       		.uleb128 0xe
 833 009b 3A       		.uleb128 0x3a
 834 009c 0B       		.uleb128 0xb
 835 009d 3B       		.uleb128 0x3b
 836 009e 0B       		.uleb128 0xb
 837 009f 49       		.uleb128 0x49
 838 00a0 13       		.uleb128 0x13
ARM GAS  C:\Users\11401393\AppData\Local\Temp\ccqRCe40.s 			page 26


 839 00a1 02       		.uleb128 0x2
 840 00a2 17       		.uleb128 0x17
 841 00a3 00       		.byte	0
 842 00a4 00       		.byte	0
 843 00a5 0C       		.uleb128 0xc
 844 00a6 34       		.uleb128 0x34
 845 00a7 00       		.byte	0
 846 00a8 03       		.uleb128 0x3
 847 00a9 0E       		.uleb128 0xe
 848 00aa 3A       		.uleb128 0x3a
 849 00ab 0B       		.uleb128 0xb
 850 00ac 3B       		.uleb128 0x3b
 851 00ad 0B       		.uleb128 0xb
 852 00ae 49       		.uleb128 0x49
 853 00af 13       		.uleb128 0x13
 854 00b0 02       		.uleb128 0x2
 855 00b1 18       		.uleb128 0x18
 856 00b2 00       		.byte	0
 857 00b3 00       		.byte	0
 858 00b4 0D       		.uleb128 0xd
 859 00b5 34       		.uleb128 0x34
 860 00b6 00       		.byte	0
 861 00b7 03       		.uleb128 0x3
 862 00b8 0E       		.uleb128 0xe
 863 00b9 3A       		.uleb128 0x3a
 864 00ba 0B       		.uleb128 0xb
 865 00bb 3B       		.uleb128 0x3b
 866 00bc 0B       		.uleb128 0xb
 867 00bd 49       		.uleb128 0x49
 868 00be 13       		.uleb128 0x13
 869 00bf 02       		.uleb128 0x2
 870 00c0 17       		.uleb128 0x17
 871 00c1 00       		.byte	0
 872 00c2 00       		.byte	0
 873 00c3 0E       		.uleb128 0xe
 874 00c4 898201   		.uleb128 0x4109
 875 00c7 01       		.byte	0x1
 876 00c8 11       		.uleb128 0x11
 877 00c9 01       		.uleb128 0x1
 878 00ca 31       		.uleb128 0x31
 879 00cb 13       		.uleb128 0x13
 880 00cc 01       		.uleb128 0x1
 881 00cd 13       		.uleb128 0x13
 882 00ce 00       		.byte	0
 883 00cf 00       		.byte	0
 884 00d0 0F       		.uleb128 0xf
 885 00d1 8A8201   		.uleb128 0x410a
 886 00d4 00       		.byte	0
 887 00d5 02       		.uleb128 0x2
 888 00d6 18       		.uleb128 0x18
 889 00d7 9142     		.uleb128 0x2111
 890 00d9 18       		.uleb128 0x18
 891 00da 00       		.byte	0
 892 00db 00       		.byte	0
 893 00dc 10       		.uleb128 0x10
 894 00dd 898201   		.uleb128 0x4109
 895 00e0 00       		.byte	0
ARM GAS  C:\Users\11401393\AppData\Local\Temp\ccqRCe40.s 			page 27


 896 00e1 11       		.uleb128 0x11
 897 00e2 01       		.uleb128 0x1
 898 00e3 31       		.uleb128 0x31
 899 00e4 13       		.uleb128 0x13
 900 00e5 00       		.byte	0
 901 00e6 00       		.byte	0
 902 00e7 11       		.uleb128 0x11
 903 00e8 898201   		.uleb128 0x4109
 904 00eb 01       		.byte	0x1
 905 00ec 11       		.uleb128 0x11
 906 00ed 01       		.uleb128 0x1
 907 00ee 31       		.uleb128 0x31
 908 00ef 13       		.uleb128 0x13
 909 00f0 00       		.byte	0
 910 00f1 00       		.byte	0
 911 00f2 12       		.uleb128 0x12
 912 00f3 0F       		.uleb128 0xf
 913 00f4 00       		.byte	0
 914 00f5 0B       		.uleb128 0xb
 915 00f6 0B       		.uleb128 0xb
 916 00f7 49       		.uleb128 0x49
 917 00f8 13       		.uleb128 0x13
 918 00f9 00       		.byte	0
 919 00fa 00       		.byte	0
 920 00fb 13       		.uleb128 0x13
 921 00fc 26       		.uleb128 0x26
 922 00fd 00       		.byte	0
 923 00fe 49       		.uleb128 0x49
 924 00ff 13       		.uleb128 0x13
 925 0100 00       		.byte	0
 926 0101 00       		.byte	0
 927 0102 14       		.uleb128 0x14
 928 0103 01       		.uleb128 0x1
 929 0104 01       		.byte	0x1
 930 0105 49       		.uleb128 0x49
 931 0106 13       		.uleb128 0x13
 932 0107 01       		.uleb128 0x1
 933 0108 13       		.uleb128 0x13
 934 0109 00       		.byte	0
 935 010a 00       		.byte	0
 936 010b 15       		.uleb128 0x15
 937 010c 21       		.uleb128 0x21
 938 010d 00       		.byte	0
 939 010e 49       		.uleb128 0x49
 940 010f 13       		.uleb128 0x13
 941 0110 2F       		.uleb128 0x2f
 942 0111 0B       		.uleb128 0xb
 943 0112 00       		.byte	0
 944 0113 00       		.byte	0
 945 0114 16       		.uleb128 0x16
 946 0115 2E       		.uleb128 0x2e
 947 0116 01       		.byte	0x1
 948 0117 3F       		.uleb128 0x3f
 949 0118 19       		.uleb128 0x19
 950 0119 03       		.uleb128 0x3
 951 011a 0E       		.uleb128 0xe
 952 011b 3A       		.uleb128 0x3a
ARM GAS  C:\Users\11401393\AppData\Local\Temp\ccqRCe40.s 			page 28


 953 011c 0B       		.uleb128 0xb
 954 011d 3B       		.uleb128 0x3b
 955 011e 0B       		.uleb128 0xb
 956 011f 27       		.uleb128 0x27
 957 0120 19       		.uleb128 0x19
 958 0121 11       		.uleb128 0x11
 959 0122 01       		.uleb128 0x1
 960 0123 12       		.uleb128 0x12
 961 0124 06       		.uleb128 0x6
 962 0125 40       		.uleb128 0x40
 963 0126 18       		.uleb128 0x18
 964 0127 9742     		.uleb128 0x2117
 965 0129 19       		.uleb128 0x19
 966 012a 01       		.uleb128 0x1
 967 012b 13       		.uleb128 0x13
 968 012c 00       		.byte	0
 969 012d 00       		.byte	0
 970 012e 17       		.uleb128 0x17
 971 012f 2E       		.uleb128 0x2e
 972 0130 01       		.byte	0x1
 973 0131 3F       		.uleb128 0x3f
 974 0132 19       		.uleb128 0x19
 975 0133 03       		.uleb128 0x3
 976 0134 0E       		.uleb128 0xe
 977 0135 27       		.uleb128 0x27
 978 0136 19       		.uleb128 0x19
 979 0137 49       		.uleb128 0x49
 980 0138 13       		.uleb128 0x13
 981 0139 34       		.uleb128 0x34
 982 013a 19       		.uleb128 0x19
 983 013b 3C       		.uleb128 0x3c
 984 013c 19       		.uleb128 0x19
 985 013d 01       		.uleb128 0x1
 986 013e 13       		.uleb128 0x13
 987 013f 00       		.byte	0
 988 0140 00       		.byte	0
 989 0141 18       		.uleb128 0x18
 990 0142 05       		.uleb128 0x5
 991 0143 00       		.byte	0
 992 0144 49       		.uleb128 0x49
 993 0145 13       		.uleb128 0x13
 994 0146 00       		.byte	0
 995 0147 00       		.byte	0
 996 0148 19       		.uleb128 0x19
 997 0149 26       		.uleb128 0x26
 998 014a 00       		.byte	0
 999 014b 00       		.byte	0
 1000 014c 00       		.byte	0
 1001 014d 1A       		.uleb128 0x1a
 1002 014e 2E       		.uleb128 0x2e
 1003 014f 00       		.byte	0
 1004 0150 3F       		.uleb128 0x3f
 1005 0151 19       		.uleb128 0x19
 1006 0152 03       		.uleb128 0x3
 1007 0153 0E       		.uleb128 0xe
 1008 0154 3A       		.uleb128 0x3a
 1009 0155 0B       		.uleb128 0xb
ARM GAS  C:\Users\11401393\AppData\Local\Temp\ccqRCe40.s 			page 29


 1010 0156 3B       		.uleb128 0x3b
 1011 0157 0B       		.uleb128 0xb
 1012 0158 27       		.uleb128 0x27
 1013 0159 19       		.uleb128 0x19
 1014 015a 49       		.uleb128 0x49
 1015 015b 13       		.uleb128 0x13
 1016 015c 3C       		.uleb128 0x3c
 1017 015d 19       		.uleb128 0x19
 1018 015e 00       		.byte	0
 1019 015f 00       		.byte	0
 1020 0160 1B       		.uleb128 0x1b
 1021 0161 2E       		.uleb128 0x2e
 1022 0162 01       		.byte	0x1
 1023 0163 3F       		.uleb128 0x3f
 1024 0164 19       		.uleb128 0x19
 1025 0165 03       		.uleb128 0x3
 1026 0166 0E       		.uleb128 0xe
 1027 0167 3A       		.uleb128 0x3a
 1028 0168 0B       		.uleb128 0xb
 1029 0169 3B       		.uleb128 0x3b
 1030 016a 0B       		.uleb128 0xb
 1031 016b 27       		.uleb128 0x27
 1032 016c 19       		.uleb128 0x19
 1033 016d 3C       		.uleb128 0x3c
 1034 016e 19       		.uleb128 0x19
 1035 016f 01       		.uleb128 0x1
 1036 0170 13       		.uleb128 0x13
 1037 0171 00       		.byte	0
 1038 0172 00       		.byte	0
 1039 0173 1C       		.uleb128 0x1c
 1040 0174 2E       		.uleb128 0x2e
 1041 0175 01       		.byte	0x1
 1042 0176 3F       		.uleb128 0x3f
 1043 0177 19       		.uleb128 0x19
 1044 0178 03       		.uleb128 0x3
 1045 0179 0E       		.uleb128 0xe
 1046 017a 3A       		.uleb128 0x3a
 1047 017b 0B       		.uleb128 0xb
 1048 017c 3B       		.uleb128 0x3b
 1049 017d 0B       		.uleb128 0xb
 1050 017e 27       		.uleb128 0x27
 1051 017f 19       		.uleb128 0x19
 1052 0180 3C       		.uleb128 0x3c
 1053 0181 19       		.uleb128 0x19
 1054 0182 00       		.byte	0
 1055 0183 00       		.byte	0
 1056 0184 00       		.byte	0
 1057              		.section	.debug_loc,"",%progbits
 1058              	.Ldebug_loc0:
 1059              	.LLST0:
 1060 0000 00000000 		.4byte	.LVL3
 1061 0004 18000000 		.4byte	.LVL4
 1062 0008 0100     		.2byte	0x1
 1063 000a 50       		.byte	0x50
 1064 000b 18000000 		.4byte	.LVL4
 1065 000f 7E000000 		.4byte	.LVL10
 1066 0013 0100     		.2byte	0x1
ARM GAS  C:\Users\11401393\AppData\Local\Temp\ccqRCe40.s 			page 30


 1067 0015 54       		.byte	0x54
 1068 0016 7E000000 		.4byte	.LVL10
 1069 001a B8000000 		.4byte	.LVL13
 1070 001e 0400     		.2byte	0x4
 1071 0020 F3       		.byte	0xf3
 1072 0021 01       		.uleb128 0x1
 1073 0022 50       		.byte	0x50
 1074 0023 9F       		.byte	0x9f
 1075 0024 B8000000 		.4byte	.LVL13
 1076 0028 BC000000 		.4byte	.LVL14
 1077 002c 0100     		.2byte	0x1
 1078 002e 50       		.byte	0x50
 1079 002f BC000000 		.4byte	.LVL14
 1080 0033 E8000000 		.4byte	.LFE1
 1081 0037 0400     		.2byte	0x4
 1082 0039 F3       		.byte	0xf3
 1083 003a 01       		.uleb128 0x1
 1084 003b 50       		.byte	0x50
 1085 003c 9F       		.byte	0x9f
 1086 003d 00000000 		.4byte	0
 1087 0041 00000000 		.4byte	0
 1088              	.LLST1:
 1089 0045 00000000 		.4byte	.LVL3
 1090 0049 1D000000 		.4byte	.LVL5-1
 1091 004d 0100     		.2byte	0x1
 1092 004f 51       		.byte	0x51
 1093 0050 1D000000 		.4byte	.LVL5-1
 1094 0054 B8000000 		.4byte	.LVL13
 1095 0058 0400     		.2byte	0x4
 1096 005a F3       		.byte	0xf3
 1097 005b 01       		.uleb128 0x1
 1098 005c 51       		.byte	0x51
 1099 005d 9F       		.byte	0x9f
 1100 005e B8000000 		.4byte	.LVL13
 1101 0062 BC000000 		.4byte	.LVL14
 1102 0066 0100     		.2byte	0x1
 1103 0068 51       		.byte	0x51
 1104 0069 BC000000 		.4byte	.LVL14
 1105 006d E8000000 		.4byte	.LFE1
 1106 0071 0400     		.2byte	0x4
 1107 0073 F3       		.byte	0xf3
 1108 0074 01       		.uleb128 0x1
 1109 0075 51       		.byte	0x51
 1110 0076 9F       		.byte	0x9f
 1111 0077 00000000 		.4byte	0
 1112 007b 00000000 		.4byte	0
 1113              	.LLST2:
 1114 007f 5E000000 		.4byte	.LVL7
 1115 0083 61000000 		.4byte	.LVL8-1
 1116 0087 0100     		.2byte	0x1
 1117 0089 50       		.byte	0x50
 1118 008a 61000000 		.4byte	.LVL8-1
 1119 008e B8000000 		.4byte	.LVL13
 1120 0092 0100     		.2byte	0x1
 1121 0094 55       		.byte	0x55
 1122 0095 00000000 		.4byte	0
 1123 0099 00000000 		.4byte	0
ARM GAS  C:\Users\11401393\AppData\Local\Temp\ccqRCe40.s 			page 31


 1124              	.LLST3:
 1125 009d 00000000 		.4byte	.LVL15
 1126 00a1 07000000 		.4byte	.LVL16-1
 1127 00a5 0100     		.2byte	0x1
 1128 00a7 50       		.byte	0x50
 1129 00a8 07000000 		.4byte	.LVL16-1
 1130 00ac 4E000000 		.4byte	.LVL21
 1131 00b0 0100     		.2byte	0x1
 1132 00b2 54       		.byte	0x54
 1133 00b3 4E000000 		.4byte	.LVL21
 1134 00b7 54000000 		.4byte	.LFE2
 1135 00bb 0400     		.2byte	0x4
 1136 00bd F3       		.byte	0xf3
 1137 00be 01       		.uleb128 0x1
 1138 00bf 50       		.byte	0x50
 1139 00c0 9F       		.byte	0x9f
 1140 00c1 00000000 		.4byte	0
 1141 00c5 00000000 		.4byte	0
 1142              	.LLST4:
 1143 00c9 0A000000 		.4byte	.LVL17
 1144 00cd 44000000 		.4byte	.LVL18
 1145 00d1 0100     		.2byte	0x1
 1146 00d3 50       		.byte	0x50
 1147 00d4 44000000 		.4byte	.LVL18
 1148 00d8 4E000000 		.4byte	.LVL22
 1149 00dc 0100     		.2byte	0x1
 1150 00de 55       		.byte	0x55
 1151 00df 00000000 		.4byte	0
 1152 00e3 00000000 		.4byte	0
 1153              		.section	.debug_aranges,"",%progbits
 1154 0000 3C000000 		.4byte	0x3c
 1155 0004 0200     		.2byte	0x2
 1156 0006 00000000 		.4byte	.Ldebug_info0
 1157 000a 04       		.byte	0x4
 1158 000b 00       		.byte	0
 1159 000c 0000     		.2byte	0
 1160 000e 0000     		.2byte	0
 1161 0010 00000000 		.4byte	.LFB3
 1162 0014 04000000 		.4byte	.LFE3-.LFB3
 1163 0018 00000000 		.4byte	.LFB4
 1164 001c 04000000 		.4byte	.LFE4-.LFB4
 1165 0020 00000000 		.4byte	.LFB5
 1166 0024 04000000 		.4byte	.LFE5-.LFB5
 1167 0028 00000000 		.4byte	.LFB1
 1168 002c E8000000 		.4byte	.LFE1-.LFB1
 1169 0030 00000000 		.4byte	.LFB2
 1170 0034 54000000 		.4byte	.LFE2-.LFB2
 1171 0038 00000000 		.4byte	0
 1172 003c 00000000 		.4byte	0
 1173              		.section	.debug_ranges,"",%progbits
 1174              	.Ldebug_ranges0:
 1175 0000 00000000 		.4byte	.LFB3
 1176 0004 04000000 		.4byte	.LFE3
 1177 0008 00000000 		.4byte	.LFB4
 1178 000c 04000000 		.4byte	.LFE4
 1179 0010 00000000 		.4byte	.LFB5
 1180 0014 04000000 		.4byte	.LFE5
ARM GAS  C:\Users\11401393\AppData\Local\Temp\ccqRCe40.s 			page 32


 1181 0018 00000000 		.4byte	.LFB1
 1182 001c E8000000 		.4byte	.LFE1
 1183 0020 00000000 		.4byte	.LFB2
 1184 0024 54000000 		.4byte	.LFE2
 1185 0028 00000000 		.4byte	0
 1186 002c 00000000 		.4byte	0
 1187              		.section	.debug_line,"",%progbits
 1188              	.Ldebug_line0:
 1189 0000 08010000 		.section	.debug_str,"MS",%progbits,1
 1189      02005100 
 1189      00000201 
 1189      FB0E0D00 
 1189      01010101 
 1190              	.LASF15:
 1191 0000 63797374 		.ascii	"cystatus\000"
 1191      61747573 
 1191      00
 1192              	.LASF16:
 1193 0009 72656733 		.ascii	"reg32\000"
 1193      3200
 1194              	.LASF20:
 1195 000f 72657456 		.ascii	"retValue\000"
 1195      616C7565 
 1195      00
 1196              	.LASF22:
 1197 0018 726F774E 		.ascii	"rowNum\000"
 1197      756D00
 1198              	.LASF24:
 1199 001f 636C6B43 		.ascii	"clkCnfRetValue\000"
 1199      6E665265 
 1199      7456616C 
 1199      756500
 1200              	.LASF31:
 1201 002e 2E5C4765 		.ascii	".\\Generated_Source\\PSoC4\\CyFlash.c\000"
 1201      6E657261 
 1201      7465645F 
 1201      536F7572 
 1201      63655C50 
 1202              	.LASF3:
 1203 0051 73686F72 		.ascii	"short unsigned int\000"
 1203      7420756E 
 1203      7369676E 
 1203      65642069 
 1203      6E7400
 1204              	.LASF32:
 1205 0064 433A5C55 		.ascii	"C:\\Users\\11401393\\Desktop\\bachelorproef\\Softwa"
 1205      73657273 
 1205      5C313134 
 1205      30313339 
 1205      335C4465 
 1206 0092 72655073 		.ascii	"rePsocPiano\\SoftwarePianoPsoc.cydsn\000"
 1206      6F635069 
 1206      616E6F5C 
 1206      536F6674 
 1206      77617265 
 1207              	.LASF12:
 1208 00b6 666C6F61 		.ascii	"float\000"
ARM GAS  C:\Users\11401393\AppData\Local\Temp\ccqRCe40.s 			page 33


 1208      7400
 1209              	.LASF7:
 1210 00bc 6C6F6E67 		.ascii	"long long unsigned int\000"
 1210      206C6F6E 
 1210      6720756E 
 1210      7369676E 
 1210      65642069 
 1211              	.LASF1:
 1212 00d3 756E7369 		.ascii	"unsigned char\000"
 1212      676E6564 
 1212      20636861 
 1212      7200
 1213              	.LASF23:
 1214 00e1 726F7744 		.ascii	"rowData\000"
 1214      61746100 
 1215              	.LASF25:
 1216 00e9 70617261 		.ascii	"parameters\000"
 1216      6D657465 
 1216      727300
 1217              	.LASF5:
 1218 00f4 6C6F6E67 		.ascii	"long unsigned int\000"
 1218      20756E73 
 1218      69676E65 
 1218      6420696E 
 1218      7400
 1219              	.LASF9:
 1220 0106 75696E74 		.ascii	"uint8\000"
 1220      3800
 1221              	.LASF13:
 1222 010c 646F7562 		.ascii	"double\000"
 1222      6C6500
 1223              	.LASF2:
 1224 0113 73686F72 		.ascii	"short int\000"
 1224      7420696E 
 1224      7400
 1225              	.LASF10:
 1226 011d 75696E74 		.ascii	"uint16\000"
 1226      313600
 1227              	.LASF11:
 1228 0124 75696E74 		.ascii	"uint32\000"
 1228      333200
 1229              	.LASF35:
 1230 012b 4379456E 		.ascii	"CyEnterCriticalSection\000"
 1230      74657243 
 1230      72697469 
 1230      63616C53 
 1230      65637469 
 1231              	.LASF8:
 1232 0142 756E7369 		.ascii	"unsigned int\000"
 1232      676E6564 
 1232      20696E74 
 1232      00
 1233              	.LASF29:
 1234 014f 43794578 		.ascii	"CyExitCriticalSection\000"
 1234      69744372 
 1234      69746963 
 1234      616C5365 
ARM GAS  C:\Users\11401393\AppData\Local\Temp\ccqRCe40.s 			page 34


 1234      6374696F 
 1235              	.LASF30:
 1236 0165 474E5520 		.ascii	"GNU C 4.8.4 20140526 (release) [ARM/embedded-4_8-br"
 1236      4320342E 
 1236      382E3420 
 1236      32303134 
 1236      30353236 
 1237 0198 616E6368 		.ascii	"anch revision 211358] -mcpu=cortex-m0 -mthumb -g -O"
 1237      20726576 
 1237      6973696F 
 1237      6E203231 
 1237      31333538 
 1238 01cb 67202D66 		.ascii	"g -ffunction-sections\000"
 1238      66756E63 
 1238      74696F6E 
 1238      2D736563 
 1238      74696F6E 
 1239              	.LASF26:
 1240 01e1 696E7465 		.ascii	"interruptState\000"
 1240      72727570 
 1240      74537461 
 1240      746500
 1241              	.LASF36:
 1242 01f0 43794861 		.ascii	"CyHalt\000"
 1242      6C7400
 1243              	.LASF17:
 1244 01f7 73697A65 		.ascii	"sizetype\000"
 1244      74797065 
 1244      00
 1245              	.LASF6:
 1246 0200 6C6F6E67 		.ascii	"long long int\000"
 1246      206C6F6E 
 1246      6720696E 
 1246      7400
 1247              	.LASF28:
 1248 020e 6D656D63 		.ascii	"memcpy\000"
 1248      707900
 1249              	.LASF27:
 1250 0215 66726571 		.ascii	"freq\000"
 1250      00
 1251              	.LASF19:
 1252 021a 43795379 		.ascii	"CySysFlashClockConfig\000"
 1252      73466C61 
 1252      7368436C 
 1252      6F636B43 
 1252      6F6E6669 
 1253              	.LASF21:
 1254 0230 43795379 		.ascii	"CySysFlashClockRestore\000"
 1254      73466C61 
 1254      7368436C 
 1254      6F636B52 
 1254      6573746F 
 1255              	.LASF18:
 1256 0247 43795379 		.ascii	"CySysFlashClockBackup\000"
 1256      73466C61 
 1256      7368436C 
 1256      6F636B42 
ARM GAS  C:\Users\11401393\AppData\Local\Temp\ccqRCe40.s 			page 35


 1256      61636B75 
 1257              	.LASF4:
 1258 025d 6C6F6E67 		.ascii	"long int\000"
 1258      20696E74 
 1258      00
 1259              	.LASF14:
 1260 0266 63686172 		.ascii	"char\000"
 1260      00
 1261              	.LASF0:
 1262 026b 7369676E 		.ascii	"signed char\000"
 1262      65642063 
 1262      68617200 
 1263              	.LASF33:
 1264 0277 43795379 		.ascii	"CySysFlashWriteRow\000"
 1264      73466C61 
 1264      73685772 
 1264      69746552 
 1264      6F7700
 1265              	.LASF34:
 1266 028a 43795379 		.ascii	"CySysFlashSetWaitCycles\000"
 1266      73466C61 
 1266      73685365 
 1266      74576169 
 1266      74437963 
 1267              		.ident	"GCC: (GNU Tools for ARM Embedded Processors) 4.8.4 20140526 (release) [ARM/embedded-4_8-br
