
*** Running vivado
    with args -log design_1_NCO2_0_0.vds -m64 -product Vivado -mode batch -messageDb vivado.pb -notrace -source design_1_NCO2_0_0.tcl


****** Vivado v2016.4 (64-bit)
  **** SW Build 1756540 on Mon Jan 23 19:11:23 MST 2017
  **** IP Build 1755317 on Mon Jan 23 20:30:07 MST 2017
    ** Copyright 1986-2016 Xilinx, Inc. All Rights Reserved.

source design_1_NCO2_0_0.tcl -notrace
Command: synth_design -top design_1_NCO2_0_0 -part xc7z010clg400-1 -mode out_of_context
Starting synth_design
Attempting to get a license for feature 'Synthesis' and/or device 'xc7z010'
INFO: [Common 17-349] Got license for feature 'Synthesis' and/or device 'xc7z010'
INFO: Launching helper process for spawning children vivado processes
INFO: Helper process launched with PID 21388 
---------------------------------------------------------------------------------
Starting RTL Elaboration : Time (s): cpu = 00:00:07 ; elapsed = 00:00:11 . Memory (MB): peak = 294.289 ; gain = 83.980
---------------------------------------------------------------------------------
INFO: [Synth 8-638] synthesizing module 'design_1_NCO2_0_0' [c:/Users/11401393/Desktop/NCO_audio_output/Vivado_BD_SDK/Aansturing_Audio_output/Aansturing_Audio_output.srcs/sources_1/bd/design_1/ip/design_1_NCO2_0_0/synth/design_1_NCO2_0_0.vhd:80]
	Parameter C_S_AXI_AXILITES_ADDR_WIDTH bound to: 5 - type: integer 
	Parameter C_S_AXI_AXILITES_DATA_WIDTH bound to: 32 - type: integer 
INFO: [Synth 8-3491] module 'NCO2' declared at 'c:/Users/11401393/Desktop/NCO_audio_output/Vivado_BD_SDK/Aansturing_Audio_output/Aansturing_Audio_output.srcs/sources_1/bd/design_1/ipshared/fe91/hdl/vhdl/NCO2.vhd:12' bound to instance 'U0' of component 'NCO2' [c:/Users/11401393/Desktop/NCO_audio_output/Vivado_BD_SDK/Aansturing_Audio_output/Aansturing_Audio_output.srcs/sources_1/bd/design_1/ip/design_1_NCO2_0_0/synth/design_1_NCO2_0_0.vhd:137]
INFO: [Synth 8-638] synthesizing module 'NCO2' [c:/Users/11401393/Desktop/NCO_audio_output/Vivado_BD_SDK/Aansturing_Audio_output/Aansturing_Audio_output.srcs/sources_1/bd/design_1/ipshared/fe91/hdl/vhdl/NCO2.vhd:39]
	Parameter C_S_AXI_AXILITES_ADDR_WIDTH bound to: 5 - type: integer 
	Parameter C_S_AXI_AXILITES_DATA_WIDTH bound to: 32 - type: integer 
INFO: [Synth 8-5534] Detected attribute (* fsm_encoding = "none" *) [c:/Users/11401393/Desktop/NCO_audio_output/Vivado_BD_SDK/Aansturing_Audio_output/Aansturing_Audio_output.srcs/sources_1/bd/design_1/ipshared/fe91/hdl/vhdl/NCO2.vhd:90]
INFO: [Synth 8-5534] Detected attribute (* fsm_encoding = "none" *) [c:/Users/11401393/Desktop/NCO_audio_output/Vivado_BD_SDK/Aansturing_Audio_output/Aansturing_Audio_output.srcs/sources_1/bd/design_1/ipshared/fe91/hdl/vhdl/NCO2.vhd:93]
INFO: [Synth 8-5534] Detected attribute (* fsm_encoding = "none" *) [c:/Users/11401393/Desktop/NCO_audio_output/Vivado_BD_SDK/Aansturing_Audio_output/Aansturing_Audio_output.srcs/sources_1/bd/design_1/ipshared/fe91/hdl/vhdl/NCO2.vhd:106]
INFO: [Synth 8-5534] Detected attribute (* fsm_encoding = "none" *) [c:/Users/11401393/Desktop/NCO_audio_output/Vivado_BD_SDK/Aansturing_Audio_output/Aansturing_Audio_output.srcs/sources_1/bd/design_1/ipshared/fe91/hdl/vhdl/NCO2.vhd:109]
INFO: [Synth 8-5534] Detected attribute (* fsm_encoding = "none" *) [c:/Users/11401393/Desktop/NCO_audio_output/Vivado_BD_SDK/Aansturing_Audio_output/Aansturing_Audio_output.srcs/sources_1/bd/design_1/ipshared/fe91/hdl/vhdl/NCO2.vhd:116]
	Parameter DataWidth bound to: 23 - type: integer 
	Parameter AddressRange bound to: 16384 - type: integer 
	Parameter AddressWidth bound to: 14 - type: integer 
INFO: [Synth 8-3491] module 'NCO2_sine_V' declared at 'c:/Users/11401393/Desktop/NCO_audio_output/Vivado_BD_SDK/Aansturing_Audio_output/Aansturing_Audio_output.srcs/sources_1/bd/design_1/ipshared/fe91/hdl/vhdl/NCO2_sine_V.vhd:8255' bound to instance 'sine_V_U' of component 'NCO2_sine_V' [c:/Users/11401393/Desktop/NCO_audio_output/Vivado_BD_SDK/Aansturing_Audio_output/Aansturing_Audio_output.srcs/sources_1/bd/design_1/ipshared/fe91/hdl/vhdl/NCO2.vhd:194]
INFO: [Synth 8-638] synthesizing module 'NCO2_sine_V' [c:/Users/11401393/Desktop/NCO_audio_output/Vivado_BD_SDK/Aansturing_Audio_output/Aansturing_Audio_output.srcs/sources_1/bd/design_1/ipshared/fe91/hdl/vhdl/NCO2_sine_V.vhd:8268]
	Parameter DataWidth bound to: 23 - type: integer 
	Parameter AddressRange bound to: 16384 - type: integer 
	Parameter AddressWidth bound to: 14 - type: integer 
INFO: [Synth 8-3491] module 'NCO2_sine_V_rom' declared at 'c:/Users/11401393/Desktop/NCO_audio_output/Vivado_BD_SDK/Aansturing_Audio_output/Aansturing_Audio_output.srcs/sources_1/bd/design_1/ipshared/fe91/hdl/vhdl/NCO2_sine_V.vhd:12' bound to instance 'NCO2_sine_V_rom_U' of component 'NCO2_sine_V_rom' [c:/Users/11401393/Desktop/NCO_audio_output/Vivado_BD_SDK/Aansturing_Audio_output/Aansturing_Audio_output.srcs/sources_1/bd/design_1/ipshared/fe91/hdl/vhdl/NCO2_sine_V.vhd:8280]
INFO: [Synth 8-638] synthesizing module 'NCO2_sine_V_rom' [c:/Users/11401393/Desktop/NCO_audio_output/Vivado_BD_SDK/Aansturing_Audio_output/Aansturing_Audio_output.srcs/sources_1/bd/design_1/ipshared/fe91/hdl/vhdl/NCO2_sine_V.vhd:27]
	Parameter dwidth bound to: 23 - type: integer 
	Parameter awidth bound to: 14 - type: integer 
	Parameter mem_size bound to: 16384 - type: integer 
INFO: [Synth 8-256] done synthesizing module 'NCO2_sine_V_rom' (1#1) [c:/Users/11401393/Desktop/NCO_audio_output/Vivado_BD_SDK/Aansturing_Audio_output/Aansturing_Audio_output.srcs/sources_1/bd/design_1/ipshared/fe91/hdl/vhdl/NCO2_sine_V.vhd:27]
INFO: [Synth 8-256] done synthesizing module 'NCO2_sine_V' (2#1) [c:/Users/11401393/Desktop/NCO_audio_output/Vivado_BD_SDK/Aansturing_Audio_output/Aansturing_Audio_output.srcs/sources_1/bd/design_1/ipshared/fe91/hdl/vhdl/NCO2_sine_V.vhd:8268]
	Parameter C_S_AXI_ADDR_WIDTH bound to: 5 - type: integer 
	Parameter C_S_AXI_DATA_WIDTH bound to: 32 - type: integer 
INFO: [Synth 8-3491] module 'NCO2_AXILiteS_s_axi' declared at 'c:/Users/11401393/Desktop/NCO_audio_output/Vivado_BD_SDK/Aansturing_Audio_output/Aansturing_Audio_output.srcs/sources_1/bd/design_1/ipshared/fe91/hdl/vhdl/NCO2_AXILiteS_s_axi.vhd:12' bound to instance 'NCO2_AXILiteS_s_axi_U' of component 'NCO2_AXILiteS_s_axi' [c:/Users/11401393/Desktop/NCO_audio_output/Vivado_BD_SDK/Aansturing_Audio_output/Aansturing_Audio_output.srcs/sources_1/bd/design_1/ipshared/fe91/hdl/vhdl/NCO2.vhd:206]
INFO: [Synth 8-638] synthesizing module 'NCO2_AXILiteS_s_axi' [c:/Users/11401393/Desktop/NCO_audio_output/Vivado_BD_SDK/Aansturing_Audio_output/Aansturing_Audio_output.srcs/sources_1/bd/design_1/ipshared/fe91/hdl/vhdl/NCO2_AXILiteS_s_axi.vhd:60]
	Parameter C_S_AXI_ADDR_WIDTH bound to: 5 - type: integer 
	Parameter C_S_AXI_DATA_WIDTH bound to: 32 - type: integer 
INFO: [Synth 8-256] done synthesizing module 'NCO2_AXILiteS_s_axi' (3#1) [c:/Users/11401393/Desktop/NCO_audio_output/Vivado_BD_SDK/Aansturing_Audio_output/Aansturing_Audio_output.srcs/sources_1/bd/design_1/ipshared/fe91/hdl/vhdl/NCO2_AXILiteS_s_axi.vhd:60]
INFO: [Synth 8-256] done synthesizing module 'NCO2' (4#1) [c:/Users/11401393/Desktop/NCO_audio_output/Vivado_BD_SDK/Aansturing_Audio_output/Aansturing_Audio_output.srcs/sources_1/bd/design_1/ipshared/fe91/hdl/vhdl/NCO2.vhd:39]
INFO: [Synth 8-256] done synthesizing module 'design_1_NCO2_0_0' (5#1) [c:/Users/11401393/Desktop/NCO_audio_output/Vivado_BD_SDK/Aansturing_Audio_output/Aansturing_Audio_output.srcs/sources_1/bd/design_1/ip/design_1_NCO2_0_0/synth/design_1_NCO2_0_0.vhd:80]
WARNING: [Synth 8-3331] design NCO2_sine_V has unconnected port reset
---------------------------------------------------------------------------------
Finished RTL Elaboration : Time (s): cpu = 00:00:08 ; elapsed = 00:00:13 . Memory (MB): peak = 339.438 ; gain = 129.129
---------------------------------------------------------------------------------

Report Check Netlist: 
+------+------------------+-------+---------+-------+------------------+
|      |Item              |Errors |Warnings |Status |Description       |
+------+------------------+-------+---------+-------+------------------+
|1     |multi_driven_nets |      0|        0|Passed |Multi driven nets |
+------+------------------+-------+---------+-------+------------------+
---------------------------------------------------------------------------------
Finished RTL Optimization Phase 1 : Time (s): cpu = 00:00:08 ; elapsed = 00:00:13 . Memory (MB): peak = 339.438 ; gain = 129.129
---------------------------------------------------------------------------------
INFO: [Device 21-403] Loading part xc7z010clg400-1
INFO: [Project 1-570] Preparing netlist for logic optimization

Processing XDC Constraints
Initializing timing engine
Parsing XDC File [c:/Users/11401393/Desktop/NCO_audio_output/Vivado_BD_SDK/Aansturing_Audio_output/Aansturing_Audio_output.srcs/sources_1/bd/design_1/ip/design_1_NCO2_0_0/constraints/NCO2_ooc.xdc] for cell 'U0'
Finished Parsing XDC File [c:/Users/11401393/Desktop/NCO_audio_output/Vivado_BD_SDK/Aansturing_Audio_output/Aansturing_Audio_output.srcs/sources_1/bd/design_1/ip/design_1_NCO2_0_0/constraints/NCO2_ooc.xdc] for cell 'U0'
Parsing XDC File [C:/Users/11401393/Desktop/NCO_audio_output/Vivado_BD_SDK/Aansturing_Audio_output/Aansturing_Audio_output.runs/design_1_NCO2_0_0_synth_1/dont_touch.xdc]
Finished Parsing XDC File [C:/Users/11401393/Desktop/NCO_audio_output/Vivado_BD_SDK/Aansturing_Audio_output/Aansturing_Audio_output.runs/design_1_NCO2_0_0_synth_1/dont_touch.xdc]
Completed Processing XDC Constraints

INFO: [Project 1-111] Unisim Transformation Summary:
No Unisim elements were transformed.

Constraint Validation Runtime : Time (s): cpu = 00:00:00 ; elapsed = 00:00:00.035 . Memory (MB): peak = 642.582 ; gain = 0.000
---------------------------------------------------------------------------------
Finished Constraint Validation : Time (s): cpu = 00:00:19 ; elapsed = 00:00:25 . Memory (MB): peak = 642.582 ; gain = 432.273
---------------------------------------------------------------------------------
---------------------------------------------------------------------------------
Start Loading Part and Timing Information
---------------------------------------------------------------------------------
Loading part: xc7z010clg400-1
---------------------------------------------------------------------------------
Finished Loading Part and Timing Information : Time (s): cpu = 00:00:19 ; elapsed = 00:00:25 . Memory (MB): peak = 642.582 ; gain = 432.273
---------------------------------------------------------------------------------
---------------------------------------------------------------------------------
Start Applying 'set_property' XDC Constraints
---------------------------------------------------------------------------------
Applied set_property DONT_TOUCH = true for U0. (constraint file  auto generated constraint, line ).
---------------------------------------------------------------------------------
Finished applying 'set_property' XDC Constraints : Time (s): cpu = 00:00:19 ; elapsed = 00:00:25 . Memory (MB): peak = 642.582 ; gain = 432.273
---------------------------------------------------------------------------------
INFO: [Synth 8-5544] ROM "AWREADY_t" won't be mapped to Block RAM because address size (3) smaller than threshold (5)
INFO: [Synth 8-5544] ROM "WREADY_t" won't be mapped to Block RAM because address size (3) smaller than threshold (5)
INFO: [Synth 8-5544] ROM "BVALID" won't be mapped to Block RAM because address size (3) smaller than threshold (5)
INFO: [Synth 8-5544] ROM "ARREADY_t" won't be mapped to Block RAM because address size (3) smaller than threshold (5)
INFO: [Synth 8-5544] ROM "RVALID_t" won't be mapped to Block RAM because address size (3) smaller than threshold (5)
INFO: [Synth 8-4490] FSM extraction disabled for register 'ap_CS_fsm_reg' through user attribute
INFO: [Synth 8-5545] ROM "tmp_i_fu_139_p2" won't be mapped to RAM because address size (32) is larger than maximum supported(25)
INFO: [Synth 8-5545] ROM "tmp_6_i_fu_179_p2" won't be mapped to RAM because address size (32) is larger than maximum supported(25)
INFO: [Synth 8-5545] ROM "tmp_5_i_fu_173_p2" won't be mapped to RAM because address size (32) is larger than maximum supported(25)
INFO: [Synth 8-5545] ROM "tmp_1_i_fu_145_p2" won't be mapped to RAM because address size (32) is larger than maximum supported(25)
INFO: [Synth 8-5545] ROM "tmp_16_i_fu_247_p2" won't be mapped to RAM because address size (32) is larger than maximum supported(25)
INFO: [Synth 8-5545] ROM "tmp_15_i_fu_241_p2" won't be mapped to RAM because address size (32) is larger than maximum supported(25)
INFO: [Synth 8-5545] ROM "tmp_11_i_fu_213_p2" won't be mapped to RAM because address size (32) is larger than maximum supported(25)
INFO: [Synth 8-5545] ROM "tmp_10_i_fu_207_p2" won't be mapped to RAM because address size (32) is larger than maximum supported(25)
INFO: [Synth 8-5545] ROM "tmp_20_i_fu_275_p2" won't be mapped to RAM because address size (32) is larger than maximum supported(25)
INFO: [Synth 8-5545] ROM "tmp_21_i_fu_281_p2" won't be mapped to RAM because address size (32) is larger than maximum supported(25)
INFO: [Synth 8-5545] ROM "tmp_25_i_fu_287_p2" won't be mapped to RAM because address size (32) is larger than maximum supported(25)
INFO: [Synth 8-5545] ROM "tmp_26_i_fu_293_p2" won't be mapped to RAM because address size (32) is larger than maximum supported(25)
---------------------------------------------------------------------------------
Finished RTL Optimization Phase 2 : Time (s): cpu = 00:00:20 ; elapsed = 00:00:27 . Memory (MB): peak = 642.582 ; gain = 432.273
---------------------------------------------------------------------------------

Report RTL Partitions: 
+-+--------------+------------+----------+
| |RTL Partition |Replication |Instances |
+-+--------------+------------+----------+
+-+--------------+------------+----------+
---------------------------------------------------------------------------------
Start RTL Component Statistics 
---------------------------------------------------------------------------------
Detailed RTL Component Info : 
+---Adders : 
	   2 Input     14 Bit       Adders := 1     
+---Registers : 
	               32 Bit    Registers := 5     
	               23 Bit    Registers := 1     
	               14 Bit    Registers := 2     
	                6 Bit    Registers := 2     
	                5 Bit    Registers := 2     
	                3 Bit    Registers := 2     
	                1 Bit    Registers := 5     
+---ROMs : 
	                              ROMs := 1     
+---Muxes : 
	   2 Input     32 Bit        Muxes := 2     
	   2 Input      6 Bit        Muxes := 4     
	   3 Input      6 Bit        Muxes := 2     
	   6 Input      6 Bit        Muxes := 1     
	   2 Input      5 Bit        Muxes := 3     
	   7 Input      5 Bit        Muxes := 1     
	   5 Input      3 Bit        Muxes := 1     
	   6 Input      2 Bit        Muxes := 1     
	   2 Input      1 Bit        Muxes := 20    
---------------------------------------------------------------------------------
Finished RTL Component Statistics 
---------------------------------------------------------------------------------
---------------------------------------------------------------------------------
Start RTL Hierarchical Component Statistics 
---------------------------------------------------------------------------------
Hierarchical RTL Component report 
Module NCO2_sine_V_rom 
Detailed RTL Component Info : 
+---Registers : 
	               23 Bit    Registers := 1     
+---ROMs : 
	                              ROMs := 1     
Module NCO2_AXILiteS_s_axi 
Detailed RTL Component Info : 
+---Registers : 
	               32 Bit    Registers := 3     
	                5 Bit    Registers := 1     
	                3 Bit    Registers := 2     
	                1 Bit    Registers := 1     
+---Muxes : 
	   2 Input     32 Bit        Muxes := 2     
	   5 Input      3 Bit        Muxes := 1     
	   6 Input      2 Bit        Muxes := 1     
	   2 Input      1 Bit        Muxes := 7     
Module NCO2 
Detailed RTL Component Info : 
+---Adders : 
	   2 Input     14 Bit       Adders := 1     
+---Registers : 
	               32 Bit    Registers := 2     
	               14 Bit    Registers := 2     
	                6 Bit    Registers := 2     
	                5 Bit    Registers := 1     
	                1 Bit    Registers := 4     
+---Muxes : 
	   2 Input      6 Bit        Muxes := 4     
	   3 Input      6 Bit        Muxes := 2     
	   6 Input      6 Bit        Muxes := 1     
	   2 Input      5 Bit        Muxes := 3     
	   7 Input      5 Bit        Muxes := 1     
	   2 Input      1 Bit        Muxes := 13    
---------------------------------------------------------------------------------
Finished RTL Hierarchical Component Statistics
---------------------------------------------------------------------------------
---------------------------------------------------------------------------------
Start Part Resource Summary
---------------------------------------------------------------------------------
Part Resources:
DSPs: 80 (col length:40)
BRAMs: 120 (col length: RAMB18 40 RAMB36 20)
---------------------------------------------------------------------------------
Finished Part Resource Summary
---------------------------------------------------------------------------------
---------------------------------------------------------------------------------
Start Cross Boundary and Area Optimization
---------------------------------------------------------------------------------
INFO: [Synth 8-5545] ROM "tmp_20_i_fu_275_p2" won't be mapped to RAM because address size (32) is larger than maximum supported(25)
INFO: [Synth 8-5545] ROM "tmp_21_i_fu_281_p2" won't be mapped to RAM because address size (32) is larger than maximum supported(25)
INFO: [Synth 8-5545] ROM "tmp_16_i_fu_247_p2" won't be mapped to RAM because address size (32) is larger than maximum supported(25)
INFO: [Synth 8-5545] ROM "tmp_10_i_fu_207_p2" won't be mapped to RAM because address size (32) is larger than maximum supported(25)
INFO: [Synth 8-5545] ROM "tmp_11_i_fu_213_p2" won't be mapped to RAM because address size (32) is larger than maximum supported(25)
INFO: [Synth 8-5545] ROM "tmp_15_i_fu_241_p2" won't be mapped to RAM because address size (32) is larger than maximum supported(25)
INFO: [Synth 8-5545] ROM "tmp_i_fu_139_p2" won't be mapped to RAM because address size (32) is larger than maximum supported(25)
INFO: [Synth 8-5545] ROM "tmp_1_i_fu_145_p2" won't be mapped to RAM because address size (32) is larger than maximum supported(25)
INFO: [Synth 8-5545] ROM "tmp_5_i_fu_173_p2" won't be mapped to RAM because address size (32) is larger than maximum supported(25)
INFO: [Synth 8-5545] ROM "tmp_6_i_fu_179_p2" won't be mapped to RAM because address size (32) is larger than maximum supported(25)
INFO: [Synth 8-5545] ROM "tmp_26_i_fu_293_p2" won't be mapped to RAM because address size (32) is larger than maximum supported(25)
INFO: [Synth 8-5545] ROM "tmp_25_i_fu_287_p2" won't be mapped to RAM because address size (32) is larger than maximum supported(25)
INFO: [Synth 8-3886] merging instance 'U0/NCO2_AXILiteS_s_axi_U/int_sine_out_reg[23]' (FDRE) to 'U0/NCO2_AXILiteS_s_axi_U/int_sine_out_reg[24]'
INFO: [Synth 8-3886] merging instance 'U0/NCO2_AXILiteS_s_axi_U/int_sine_out_reg[24]' (FDRE) to 'U0/NCO2_AXILiteS_s_axi_U/int_sine_out_reg[25]'
INFO: [Synth 8-3886] merging instance 'U0/NCO2_AXILiteS_s_axi_U/int_sine_out_reg[25]' (FDRE) to 'U0/NCO2_AXILiteS_s_axi_U/int_sine_out_reg[26]'
INFO: [Synth 8-3886] merging instance 'U0/NCO2_AXILiteS_s_axi_U/int_sine_out_reg[26]' (FDRE) to 'U0/NCO2_AXILiteS_s_axi_U/int_sine_out_reg[27]'
INFO: [Synth 8-3886] merging instance 'U0/NCO2_AXILiteS_s_axi_U/int_sine_out_reg[27]' (FDRE) to 'U0/NCO2_AXILiteS_s_axi_U/int_sine_out_reg[28]'
INFO: [Synth 8-3886] merging instance 'U0/NCO2_AXILiteS_s_axi_U/int_sine_out_reg[28]' (FDRE) to 'U0/NCO2_AXILiteS_s_axi_U/int_sine_out_reg[29]'
INFO: [Synth 8-3886] merging instance 'U0/NCO2_AXILiteS_s_axi_U/int_sine_out_reg[29]' (FDRE) to 'U0/NCO2_AXILiteS_s_axi_U/int_sine_out_reg[30]'
INFO: [Synth 8-3886] merging instance 'U0/NCO2_AXILiteS_s_axi_U/int_sine_out_reg[30]' (FDRE) to 'U0/NCO2_AXILiteS_s_axi_U/int_sine_out_reg[31]'
INFO: [Synth 8-3333] propagating constant 0 across sequential element (U0/\NCO2_AXILiteS_s_axi_U/int_sine_out_reg[31] )
INFO: [Synth 8-3886] merging instance 'U0/NCO2_AXILiteS_s_axi_U/rstate_reg[1]' (FDS) to 'U0/NCO2_AXILiteS_s_axi_U/rstate_reg[0]'
INFO: [Synth 8-3333] propagating constant 0 across sequential element (U0/\NCO2_AXILiteS_s_axi_U/wstate_reg[2] )
WARNING: [Synth 8-3332] Sequential element (NCO2_AXILiteS_s_axi_U/wstate_reg[2]) is unused and will be removed from module NCO2.
WARNING: [Synth 8-3332] Sequential element (NCO2_AXILiteS_s_axi_U/int_sine_out_reg[31]) is unused and will be removed from module NCO2.
---------------------------------------------------------------------------------
Finished Cross Boundary and Area Optimization : Time (s): cpu = 00:00:24 ; elapsed = 00:00:31 . Memory (MB): peak = 642.582 ; gain = 432.273
---------------------------------------------------------------------------------
---------------------------------------------------------------------------------
Start ROM, RAM, DSP and Shift Register Reporting
---------------------------------------------------------------------------------

ROM:
+----------------+-----------------------------------+---------------+----------------+
|Module Name     | RTL Object                        | Depth x Width | Implemented As | 
+----------------+-----------------------------------+---------------+----------------+
|NCO2_sine_V_rom | q0_reg                            | 16384x23      | Block RAM      | 
|NCO2            | sine_V_U/NCO2_sine_V_rom_U/q0_reg | 16384x23      | Block RAM      | 
+----------------+-----------------------------------+---------------+----------------+

---------------------------------------------------------------------------------
Finished ROM, RAM, DSP and Shift Register Reporting
---------------------------------------------------------------------------------

Report RTL Partitions: 
+-+--------------+------------+----------+
| |RTL Partition |Replication |Instances |
+-+--------------+------------+----------+
+-+--------------+------------+----------+
---------------------------------------------------------------------------------
Start Timing Optimization
---------------------------------------------------------------------------------
---------------------------------------------------------------------------------
Start Applying XDC Timing Constraints
---------------------------------------------------------------------------------
---------------------------------------------------------------------------------
Finished Applying XDC Timing Constraints : Time (s): cpu = 00:00:35 ; elapsed = 00:00:42 . Memory (MB): peak = 642.582 ; gain = 432.273
---------------------------------------------------------------------------------
---------------------------------------------------------------------------------
Finished Timing Optimization : Time (s): cpu = 00:00:35 ; elapsed = 00:00:42 . Memory (MB): peak = 642.582 ; gain = 432.273
---------------------------------------------------------------------------------

Report RTL Partitions: 
+-+--------------+------------+----------+
| |RTL Partition |Replication |Instances |
+-+--------------+------------+----------+
+-+--------------+------------+----------+
---------------------------------------------------------------------------------
Start Technology Mapping
---------------------------------------------------------------------------------
---------------------------------------------------------------------------------
Finished Technology Mapping : Time (s): cpu = 00:00:35 ; elapsed = 00:00:42 . Memory (MB): peak = 647.313 ; gain = 437.004
---------------------------------------------------------------------------------

Report RTL Partitions: 
+-+--------------+------------+----------+
| |RTL Partition |Replication |Instances |
+-+--------------+------------+----------+
+-+--------------+------------+----------+
---------------------------------------------------------------------------------
Start IO Insertion
---------------------------------------------------------------------------------
---------------------------------------------------------------------------------
Start Flattening Before IO Insertion
---------------------------------------------------------------------------------
---------------------------------------------------------------------------------
Finished Flattening Before IO Insertion
---------------------------------------------------------------------------------
---------------------------------------------------------------------------------
Start Final Netlist Cleanup
---------------------------------------------------------------------------------
---------------------------------------------------------------------------------
Finished Final Netlist Cleanup
---------------------------------------------------------------------------------
---------------------------------------------------------------------------------
Finished IO Insertion : Time (s): cpu = 00:00:36 ; elapsed = 00:00:43 . Memory (MB): peak = 647.313 ; gain = 437.004
---------------------------------------------------------------------------------

Report Check Netlist: 
+------+------------------+-------+---------+-------+------------------+
|      |Item              |Errors |Warnings |Status |Description       |
+------+------------------+-------+---------+-------+------------------+
|1     |multi_driven_nets |      0|        0|Passed |Multi driven nets |
+------+------------------+-------+---------+-------+------------------+
---------------------------------------------------------------------------------
Start Renaming Generated Instances
---------------------------------------------------------------------------------
---------------------------------------------------------------------------------
Finished Renaming Generated Instances : Time (s): cpu = 00:00:36 ; elapsed = 00:00:43 . Memory (MB): peak = 647.313 ; gain = 437.004
---------------------------------------------------------------------------------

Report RTL Partitions: 
+-+--------------+------------+----------+
| |RTL Partition |Replication |Instances |
+-+--------------+------------+----------+
+-+--------------+------------+----------+
---------------------------------------------------------------------------------
Start Rebuilding User Hierarchy
---------------------------------------------------------------------------------
---------------------------------------------------------------------------------
Finished Rebuilding User Hierarchy : Time (s): cpu = 00:00:36 ; elapsed = 00:00:43 . Memory (MB): peak = 647.313 ; gain = 437.004
---------------------------------------------------------------------------------
---------------------------------------------------------------------------------
Start Renaming Generated Ports
---------------------------------------------------------------------------------
---------------------------------------------------------------------------------
Finished Renaming Generated Ports : Time (s): cpu = 00:00:36 ; elapsed = 00:00:43 . Memory (MB): peak = 647.313 ; gain = 437.004
---------------------------------------------------------------------------------
---------------------------------------------------------------------------------
Start Handling Custom Attributes
---------------------------------------------------------------------------------
---------------------------------------------------------------------------------
Finished Handling Custom Attributes : Time (s): cpu = 00:00:36 ; elapsed = 00:00:43 . Memory (MB): peak = 647.313 ; gain = 437.004
---------------------------------------------------------------------------------
---------------------------------------------------------------------------------
Start Renaming Generated Nets
---------------------------------------------------------------------------------
---------------------------------------------------------------------------------
Finished Renaming Generated Nets : Time (s): cpu = 00:00:36 ; elapsed = 00:00:43 . Memory (MB): peak = 647.313 ; gain = 437.004
---------------------------------------------------------------------------------
---------------------------------------------------------------------------------
Start Writing Synthesis Report
---------------------------------------------------------------------------------

Report BlackBoxes: 
+-+--------------+----------+
| |BlackBox name |Instances |
+-+--------------+----------+
+-+--------------+----------+

Report Cell Usage: 
+------+------------+------+
|      |Cell        |Count |
+------+------------+------+
|1     |CARRY4      |    16|
|2     |LUT1        |    47|
|3     |LUT2        |    20|
|4     |LUT3        |    41|
|5     |LUT4        |    48|
|6     |LUT5        |     9|
|7     |LUT6        |    22|
|8     |RAMB18E1    |     1|
|9     |RAMB36E1    |     1|
|10    |RAMB36E1_1  |     1|
|11    |RAMB36E1_10 |     1|
|12    |RAMB36E1_2  |     1|
|13    |RAMB36E1_3  |     1|
|14    |RAMB36E1_4  |     1|
|15    |RAMB36E1_5  |     1|
|16    |RAMB36E1_6  |     1|
|17    |RAMB36E1_7  |     1|
|18    |RAMB36E1_8  |     1|
|19    |RAMB36E1_9  |     1|
|20    |FDRE        |   222|
|21    |FDSE        |     2|
+------+------------+------+

Report Instance Areas: 
+------+--------------------------+--------------------+------+
|      |Instance                  |Module              |Cells |
+------+--------------------------+--------------------+------+
|1     |top                       |                    |   439|
|2     |  U0                      |NCO2                |   439|
|3     |    NCO2_AXILiteS_s_axi_U |NCO2_AXILiteS_s_axi |   196|
|4     |    sine_V_U              |NCO2_sine_V         |    12|
|5     |      NCO2_sine_V_rom_U   |NCO2_sine_V_rom     |    12|
+------+--------------------------+--------------------+------+
---------------------------------------------------------------------------------
Finished Writing Synthesis Report : Time (s): cpu = 00:00:36 ; elapsed = 00:00:43 . Memory (MB): peak = 647.313 ; gain = 437.004
---------------------------------------------------------------------------------
Synthesis finished with 0 errors, 0 critical warnings and 2 warnings.
Synthesis Optimization Runtime : Time (s): cpu = 00:00:21 ; elapsed = 00:00:28 . Memory (MB): peak = 647.313 ; gain = 125.922
Synthesis Optimization Complete : Time (s): cpu = 00:00:36 ; elapsed = 00:00:43 . Memory (MB): peak = 647.313 ; gain = 437.004
INFO: [Project 1-571] Translating synthesized netlist
INFO: [Netlist 29-17] Analyzing 28 Unisim elements for replacement
INFO: [Netlist 29-28] Unisim Transformation completed in 0 CPU seconds
INFO: [Project 1-570] Preparing netlist for logic optimization
Parsing XDC File [c:/Users/11401393/Desktop/NCO_audio_output/Vivado_BD_SDK/Aansturing_Audio_output/Aansturing_Audio_output.srcs/sources_1/bd/design_1/ip/design_1_NCO2_0_0/constraints/NCO2_ooc.xdc] for cell 'U0'
INFO: [Vivado 12-4761] HD.CLK_SRC property is set on port ap_clk. The net connecting to the port drives either clock PIN or hierarchical black box. Use the create_clock constraint to create a clock on this port prior to setting HD.CLK_SRC.  [c:/Users/11401393/Desktop/NCO_audio_output/Vivado_BD_SDK/Aansturing_Audio_output/Aansturing_Audio_output.srcs/sources_1/bd/design_1/ip/design_1_NCO2_0_0/constraints/NCO2_ooc.xdc:6]
Finished Parsing XDC File [c:/Users/11401393/Desktop/NCO_audio_output/Vivado_BD_SDK/Aansturing_Audio_output/Aansturing_Audio_output.srcs/sources_1/bd/design_1/ip/design_1_NCO2_0_0/constraints/NCO2_ooc.xdc] for cell 'U0'
INFO: [Opt 31-138] Pushed 0 inverter(s) to 0 load pin(s).
INFO: [Project 1-111] Unisim Transformation Summary:
No Unisim elements were transformed.

INFO: [Common 17-83] Releasing license: Synthesis
72 Infos, 3 Warnings, 0 Critical Warnings and 0 Errors encountered.
synth_design completed successfully
synth_design: Time (s): cpu = 00:00:35 ; elapsed = 00:00:38 . Memory (MB): peak = 649.590 ; gain = 431.344
INFO: [Common 17-1381] The checkpoint 'C:/Users/11401393/Desktop/NCO_audio_output/Vivado_BD_SDK/Aansturing_Audio_output/Aansturing_Audio_output.runs/design_1_NCO2_0_0_synth_1/design_1_NCO2_0_0.dcp' has been generated.
