ARM GAS  C:\Users\11401393\AppData\Local\Temp\ccx8uRS6.s 			page 1


   1              		.cpu cortex-m0
   2              		.fpu softvfp
   3              		.eabi_attribute 20, 1
   4              		.eabi_attribute 21, 1
   5              		.eabi_attribute 23, 3
   6              		.eabi_attribute 24, 1
   7              		.eabi_attribute 25, 1
   8              		.eabi_attribute 26, 1
   9              		.eabi_attribute 30, 6
  10              		.eabi_attribute 34, 0
  11              		.eabi_attribute 18, 4
  12              		.code	16
  13              		.file	"cyfitter_cfg.c"
  14              		.text
  15              	.Ltext0:
  16              		.cfi_sections	.debug_frame
  17              		.section	.text.CYMEMZERO,"ax",%progbits
  18              		.align	2
  19              		.code	16
  20              		.thumb_func
  21              		.type	CYMEMZERO, %function
  22              	CYMEMZERO:
  23              	.LFB1:
  24              		.file 1 ".\\Generated_Source\\PSoC4\\cyfitter_cfg.c"
   1:.\Generated_Source\PSoC4/cyfitter_cfg.c **** /*******************************************************************************
   2:.\Generated_Source\PSoC4/cyfitter_cfg.c **** * FILENAME: cyfitter_cfg.c
   3:.\Generated_Source\PSoC4/cyfitter_cfg.c **** * 
   4:.\Generated_Source\PSoC4/cyfitter_cfg.c **** * PSoC Creator  3.2
   5:.\Generated_Source\PSoC4/cyfitter_cfg.c **** *
   6:.\Generated_Source\PSoC4/cyfitter_cfg.c **** * DESCRIPTION:
   7:.\Generated_Source\PSoC4/cyfitter_cfg.c **** * This file contains device initialization code.
   8:.\Generated_Source\PSoC4/cyfitter_cfg.c **** * Except for the user defined sections in CyClockStartupError(), this file should not be modified.
   9:.\Generated_Source\PSoC4/cyfitter_cfg.c **** * This file is automatically generated by PSoC Creator.
  10:.\Generated_Source\PSoC4/cyfitter_cfg.c **** *
  11:.\Generated_Source\PSoC4/cyfitter_cfg.c **** ********************************************************************************
  12:.\Generated_Source\PSoC4/cyfitter_cfg.c **** * Copyright (c) 2007-2015 Cypress Semiconductor.  All rights reserved.
  13:.\Generated_Source\PSoC4/cyfitter_cfg.c **** * You may use this file only in accordance with the license, terms, conditions, 
  14:.\Generated_Source\PSoC4/cyfitter_cfg.c **** * disclaimers, and limitations in the end user license agreement accompanying 
  15:.\Generated_Source\PSoC4/cyfitter_cfg.c **** * the software package with which this file was provided.
  16:.\Generated_Source\PSoC4/cyfitter_cfg.c **** ********************************************************************************/
  17:.\Generated_Source\PSoC4/cyfitter_cfg.c **** 
  18:.\Generated_Source\PSoC4/cyfitter_cfg.c **** #include <string.h>
  19:.\Generated_Source\PSoC4/cyfitter_cfg.c **** #include "cytypes.h"
  20:.\Generated_Source\PSoC4/cyfitter_cfg.c **** #include "cydevice_trm.h"
  21:.\Generated_Source\PSoC4/cyfitter_cfg.c **** #include "cyfitter.h"
  22:.\Generated_Source\PSoC4/cyfitter_cfg.c **** #include "CyLib.h"
  23:.\Generated_Source\PSoC4/cyfitter_cfg.c **** #include "cyfitter_cfg.h"
  24:.\Generated_Source\PSoC4/cyfitter_cfg.c **** 
  25:.\Generated_Source\PSoC4/cyfitter_cfg.c **** 
  26:.\Generated_Source\PSoC4/cyfitter_cfg.c **** #if defined(__GNUC__) || defined(__ARMCC_VERSION)
  27:.\Generated_Source\PSoC4/cyfitter_cfg.c ****     #define CYPACKED 
  28:.\Generated_Source\PSoC4/cyfitter_cfg.c ****     #define CYPACKED_ATTR __attribute__ ((packed))
  29:.\Generated_Source\PSoC4/cyfitter_cfg.c ****     #define CYALIGNED __attribute__ ((aligned))
  30:.\Generated_Source\PSoC4/cyfitter_cfg.c ****     #define CY_CFG_UNUSED __attribute__ ((unused))
  31:.\Generated_Source\PSoC4/cyfitter_cfg.c ****     #define CY_CFG_SECTION __attribute__ ((section(".psocinit")))
  32:.\Generated_Source\PSoC4/cyfitter_cfg.c ****     
  33:.\Generated_Source\PSoC4/cyfitter_cfg.c ****     #if defined(__ARMCC_VERSION)
ARM GAS  C:\Users\11401393\AppData\Local\Temp\ccx8uRS6.s 			page 2


  34:.\Generated_Source\PSoC4/cyfitter_cfg.c ****         #define CY_CFG_MEMORY_BARRIER() __memory_changed()
  35:.\Generated_Source\PSoC4/cyfitter_cfg.c ****     #else
  36:.\Generated_Source\PSoC4/cyfitter_cfg.c ****         #define CY_CFG_MEMORY_BARRIER() __sync_synchronize()
  37:.\Generated_Source\PSoC4/cyfitter_cfg.c ****     #endif
  38:.\Generated_Source\PSoC4/cyfitter_cfg.c ****     
  39:.\Generated_Source\PSoC4/cyfitter_cfg.c **** #elif defined(__ICCARM__)
  40:.\Generated_Source\PSoC4/cyfitter_cfg.c ****     #include <intrinsics.h>
  41:.\Generated_Source\PSoC4/cyfitter_cfg.c **** 
  42:.\Generated_Source\PSoC4/cyfitter_cfg.c ****     #define CYPACKED __packed
  43:.\Generated_Source\PSoC4/cyfitter_cfg.c ****     #define CYPACKED_ATTR 
  44:.\Generated_Source\PSoC4/cyfitter_cfg.c ****     #define CYALIGNED _Pragma("data_alignment=4")
  45:.\Generated_Source\PSoC4/cyfitter_cfg.c ****     #define CY_CFG_UNUSED _Pragma("diag_suppress=Pe177")
  46:.\Generated_Source\PSoC4/cyfitter_cfg.c ****     #define CY_CFG_SECTION _Pragma("location=\".psocinit\"")
  47:.\Generated_Source\PSoC4/cyfitter_cfg.c ****     
  48:.\Generated_Source\PSoC4/cyfitter_cfg.c ****     #define CY_CFG_MEMORY_BARRIER() __DMB()
  49:.\Generated_Source\PSoC4/cyfitter_cfg.c ****     
  50:.\Generated_Source\PSoC4/cyfitter_cfg.c **** #else
  51:.\Generated_Source\PSoC4/cyfitter_cfg.c ****     #error Unsupported toolchain
  52:.\Generated_Source\PSoC4/cyfitter_cfg.c **** #endif
  53:.\Generated_Source\PSoC4/cyfitter_cfg.c **** 
  54:.\Generated_Source\PSoC4/cyfitter_cfg.c **** 
  55:.\Generated_Source\PSoC4/cyfitter_cfg.c **** CY_CFG_UNUSED
  56:.\Generated_Source\PSoC4/cyfitter_cfg.c **** static void CYMEMZERO(void *s, size_t n);
  57:.\Generated_Source\PSoC4/cyfitter_cfg.c **** CY_CFG_UNUSED
  58:.\Generated_Source\PSoC4/cyfitter_cfg.c **** static void CYMEMZERO(void *s, size_t n)
  59:.\Generated_Source\PSoC4/cyfitter_cfg.c **** {
  25              		.loc 1 59 0
  26              		.cfi_startproc
  27 0000 80B5     		push	{r7, lr}
  28              		.cfi_def_cfa_offset 8
  29              		.cfi_offset 7, -8
  30              		.cfi_offset 14, -4
  31 0002 82B0     		sub	sp, sp, #8
  32              		.cfi_def_cfa_offset 16
  33 0004 00AF     		add	r7, sp, #0
  34              		.cfi_def_cfa_register 7
  35 0006 7860     		str	r0, [r7, #4]
  36 0008 3960     		str	r1, [r7]
  60:.\Generated_Source\PSoC4/cyfitter_cfg.c **** 	(void)memset(s, 0, n);
  37              		.loc 1 60 0
  38 000a 7A68     		ldr	r2, [r7, #4]
  39 000c 3B68     		ldr	r3, [r7]
  40 000e 101C     		mov	r0, r2
  41 0010 0021     		mov	r1, #0
  42 0012 1A1C     		mov	r2, r3
  43 0014 FFF7FEFF 		bl	memset
  61:.\Generated_Source\PSoC4/cyfitter_cfg.c **** }
  44              		.loc 1 61 0
  45 0018 BD46     		mov	sp, r7
  46 001a 02B0     		add	sp, sp, #8
  47              		@ sp needed
  48 001c 80BD     		pop	{r7, pc}
  49              		.cfi_endproc
  50              	.LFE1:
  51              		.size	CYMEMZERO, .-CYMEMZERO
  52 001e C046     		.section	.text.CYCONFIGCPY,"ax",%progbits
  53              		.align	2
ARM GAS  C:\Users\11401393\AppData\Local\Temp\ccx8uRS6.s 			page 3


  54              		.code	16
  55              		.thumb_func
  56              		.type	CYCONFIGCPY, %function
  57              	CYCONFIGCPY:
  58              	.LFB2:
  62:.\Generated_Source\PSoC4/cyfitter_cfg.c **** CY_CFG_UNUSED
  63:.\Generated_Source\PSoC4/cyfitter_cfg.c **** static void CYCONFIGCPY(void *dest, const void *src, size_t n);
  64:.\Generated_Source\PSoC4/cyfitter_cfg.c **** CY_CFG_UNUSED
  65:.\Generated_Source\PSoC4/cyfitter_cfg.c **** static void CYCONFIGCPY(void *dest, const void *src, size_t n)
  66:.\Generated_Source\PSoC4/cyfitter_cfg.c **** {
  59              		.loc 1 66 0
  60              		.cfi_startproc
  61 0000 80B5     		push	{r7, lr}
  62              		.cfi_def_cfa_offset 8
  63              		.cfi_offset 7, -8
  64              		.cfi_offset 14, -4
  65 0002 84B0     		sub	sp, sp, #16
  66              		.cfi_def_cfa_offset 24
  67 0004 00AF     		add	r7, sp, #0
  68              		.cfi_def_cfa_register 7
  69 0006 F860     		str	r0, [r7, #12]
  70 0008 B960     		str	r1, [r7, #8]
  71 000a 7A60     		str	r2, [r7, #4]
  67:.\Generated_Source\PSoC4/cyfitter_cfg.c **** 	(void)memcpy(dest, src, n);
  72              		.loc 1 67 0
  73 000c F968     		ldr	r1, [r7, #12]
  74 000e BA68     		ldr	r2, [r7, #8]
  75 0010 7B68     		ldr	r3, [r7, #4]
  76 0012 081C     		mov	r0, r1
  77 0014 111C     		mov	r1, r2
  78 0016 1A1C     		mov	r2, r3
  79 0018 FFF7FEFF 		bl	memcpy
  68:.\Generated_Source\PSoC4/cyfitter_cfg.c **** }
  80              		.loc 1 68 0
  81 001c BD46     		mov	sp, r7
  82 001e 04B0     		add	sp, sp, #16
  83              		@ sp needed
  84 0020 80BD     		pop	{r7, pc}
  85              		.cfi_endproc
  86              	.LFE2:
  87              		.size	CYCONFIGCPY, .-CYCONFIGCPY
  88 0022 C046     		.section	.text.CYCONFIGCPYCODE,"ax",%progbits
  89              		.align	2
  90              		.code	16
  91              		.thumb_func
  92              		.type	CYCONFIGCPYCODE, %function
  93              	CYCONFIGCPYCODE:
  94              	.LFB3:
  69:.\Generated_Source\PSoC4/cyfitter_cfg.c **** CY_CFG_UNUSED
  70:.\Generated_Source\PSoC4/cyfitter_cfg.c **** static void CYCONFIGCPYCODE(void *dest, const void *src, size_t n);
  71:.\Generated_Source\PSoC4/cyfitter_cfg.c **** CY_CFG_UNUSED
  72:.\Generated_Source\PSoC4/cyfitter_cfg.c **** static void CYCONFIGCPYCODE(void *dest, const void *src, size_t n)
  73:.\Generated_Source\PSoC4/cyfitter_cfg.c **** {
  95              		.loc 1 73 0
  96              		.cfi_startproc
  97 0000 80B5     		push	{r7, lr}
  98              		.cfi_def_cfa_offset 8
ARM GAS  C:\Users\11401393\AppData\Local\Temp\ccx8uRS6.s 			page 4


  99              		.cfi_offset 7, -8
 100              		.cfi_offset 14, -4
 101 0002 84B0     		sub	sp, sp, #16
 102              		.cfi_def_cfa_offset 24
 103 0004 00AF     		add	r7, sp, #0
 104              		.cfi_def_cfa_register 7
 105 0006 F860     		str	r0, [r7, #12]
 106 0008 B960     		str	r1, [r7, #8]
 107 000a 7A60     		str	r2, [r7, #4]
  74:.\Generated_Source\PSoC4/cyfitter_cfg.c **** 	(void)memcpy(dest, src, n);
 108              		.loc 1 74 0
 109 000c F968     		ldr	r1, [r7, #12]
 110 000e BA68     		ldr	r2, [r7, #8]
 111 0010 7B68     		ldr	r3, [r7, #4]
 112 0012 081C     		mov	r0, r1
 113 0014 111C     		mov	r1, r2
 114 0016 1A1C     		mov	r2, r3
 115 0018 FFF7FEFF 		bl	memcpy
  75:.\Generated_Source\PSoC4/cyfitter_cfg.c **** }
 116              		.loc 1 75 0
 117 001c BD46     		mov	sp, r7
 118 001e 04B0     		add	sp, sp, #16
 119              		@ sp needed
 120 0020 80BD     		pop	{r7, pc}
 121              		.cfi_endproc
 122              	.LFE3:
 123              		.size	CYCONFIGCPYCODE, .-CYCONFIGCPYCODE
 124 0022 C046     		.section	.psocinit,"ax",%progbits
 125              		.align	2
 126              		.code	16
 127              		.thumb_func
 128              		.type	ClockSetup, %function
 129              	ClockSetup:
 130              	.LFB4:
  76:.\Generated_Source\PSoC4/cyfitter_cfg.c **** 
  77:.\Generated_Source\PSoC4/cyfitter_cfg.c **** 
  78:.\Generated_Source\PSoC4/cyfitter_cfg.c **** 
  79:.\Generated_Source\PSoC4/cyfitter_cfg.c **** /* Clock startup error codes                                                   */
  80:.\Generated_Source\PSoC4/cyfitter_cfg.c **** #define CYCLOCKSTART_NO_ERROR    0u
  81:.\Generated_Source\PSoC4/cyfitter_cfg.c **** #define CYCLOCKSTART_XTAL_ERROR  1u
  82:.\Generated_Source\PSoC4/cyfitter_cfg.c **** #define CYCLOCKSTART_32KHZ_ERROR 2u
  83:.\Generated_Source\PSoC4/cyfitter_cfg.c **** #define CYCLOCKSTART_PLL_ERROR   3u
  84:.\Generated_Source\PSoC4/cyfitter_cfg.c **** 
  85:.\Generated_Source\PSoC4/cyfitter_cfg.c **** #ifdef CY_NEED_CYCLOCKSTARTUPERROR
  86:.\Generated_Source\PSoC4/cyfitter_cfg.c **** /*******************************************************************************
  87:.\Generated_Source\PSoC4/cyfitter_cfg.c **** * Function Name: CyClockStartupError
  88:.\Generated_Source\PSoC4/cyfitter_cfg.c **** ********************************************************************************
  89:.\Generated_Source\PSoC4/cyfitter_cfg.c **** * Summary:
  90:.\Generated_Source\PSoC4/cyfitter_cfg.c **** *  If an error is encountered during clock configuration (crystal startup error,
  91:.\Generated_Source\PSoC4/cyfitter_cfg.c **** *  PLL lock error, etc.), the system will end up here.  Unless reimplemented by
  92:.\Generated_Source\PSoC4/cyfitter_cfg.c **** *  the customer, this function will stop in an infinite loop.
  93:.\Generated_Source\PSoC4/cyfitter_cfg.c **** *
  94:.\Generated_Source\PSoC4/cyfitter_cfg.c **** * Parameters:
  95:.\Generated_Source\PSoC4/cyfitter_cfg.c **** *   void
  96:.\Generated_Source\PSoC4/cyfitter_cfg.c **** *
  97:.\Generated_Source\PSoC4/cyfitter_cfg.c **** * Return:
  98:.\Generated_Source\PSoC4/cyfitter_cfg.c **** *   void
ARM GAS  C:\Users\11401393\AppData\Local\Temp\ccx8uRS6.s 			page 5


  99:.\Generated_Source\PSoC4/cyfitter_cfg.c **** *
 100:.\Generated_Source\PSoC4/cyfitter_cfg.c **** *******************************************************************************/
 101:.\Generated_Source\PSoC4/cyfitter_cfg.c **** CY_CFG_UNUSED
 102:.\Generated_Source\PSoC4/cyfitter_cfg.c **** static void CyClockStartupError(uint8 errorCode);
 103:.\Generated_Source\PSoC4/cyfitter_cfg.c **** CY_CFG_UNUSED
 104:.\Generated_Source\PSoC4/cyfitter_cfg.c **** static void CyClockStartupError(uint8 errorCode)
 105:.\Generated_Source\PSoC4/cyfitter_cfg.c **** {
 106:.\Generated_Source\PSoC4/cyfitter_cfg.c ****     /* To remove the compiler warning if errorCode not used.                */
 107:.\Generated_Source\PSoC4/cyfitter_cfg.c ****     errorCode = errorCode;
 108:.\Generated_Source\PSoC4/cyfitter_cfg.c **** 
 109:.\Generated_Source\PSoC4/cyfitter_cfg.c ****     /* `#START CyClockStartupError` */
 110:.\Generated_Source\PSoC4/cyfitter_cfg.c **** 
 111:.\Generated_Source\PSoC4/cyfitter_cfg.c ****     /* If we have a clock startup error (bad MHz crystal, PLL lock, etc.),  */
 112:.\Generated_Source\PSoC4/cyfitter_cfg.c ****     /* we will end up here to allow the customer to implement something to  */
 113:.\Generated_Source\PSoC4/cyfitter_cfg.c ****     /* deal with the clock condition.                                       */
 114:.\Generated_Source\PSoC4/cyfitter_cfg.c **** 
 115:.\Generated_Source\PSoC4/cyfitter_cfg.c ****     /* `#END` */
 116:.\Generated_Source\PSoC4/cyfitter_cfg.c **** 
 117:.\Generated_Source\PSoC4/cyfitter_cfg.c ****     /* If nothing else, stop here since the clocks have not started         */
 118:.\Generated_Source\PSoC4/cyfitter_cfg.c ****     /* correctly.                                                           */
 119:.\Generated_Source\PSoC4/cyfitter_cfg.c ****     while(1) {}
 120:.\Generated_Source\PSoC4/cyfitter_cfg.c **** }
 121:.\Generated_Source\PSoC4/cyfitter_cfg.c **** #endif
 122:.\Generated_Source\PSoC4/cyfitter_cfg.c **** 
 123:.\Generated_Source\PSoC4/cyfitter_cfg.c **** 
 124:.\Generated_Source\PSoC4/cyfitter_cfg.c **** 
 125:.\Generated_Source\PSoC4/cyfitter_cfg.c **** /*******************************************************************************
 126:.\Generated_Source\PSoC4/cyfitter_cfg.c **** * Function Name: ClockSetup
 127:.\Generated_Source\PSoC4/cyfitter_cfg.c **** ********************************************************************************
 128:.\Generated_Source\PSoC4/cyfitter_cfg.c **** *
 129:.\Generated_Source\PSoC4/cyfitter_cfg.c **** * Summary:
 130:.\Generated_Source\PSoC4/cyfitter_cfg.c **** *   Performs the initialization of all of the clocks in the device based on the
 131:.\Generated_Source\PSoC4/cyfitter_cfg.c **** *   settings in the Clock tab of the DWR.  This includes enabling the requested
 132:.\Generated_Source\PSoC4/cyfitter_cfg.c **** *   clocks and setting the necessary dividers to produce the desired frequency. 
 133:.\Generated_Source\PSoC4/cyfitter_cfg.c **** *
 134:.\Generated_Source\PSoC4/cyfitter_cfg.c **** * Parameters:
 135:.\Generated_Source\PSoC4/cyfitter_cfg.c **** *   void
 136:.\Generated_Source\PSoC4/cyfitter_cfg.c **** *
 137:.\Generated_Source\PSoC4/cyfitter_cfg.c **** * Return:
 138:.\Generated_Source\PSoC4/cyfitter_cfg.c **** *   void
 139:.\Generated_Source\PSoC4/cyfitter_cfg.c **** *
 140:.\Generated_Source\PSoC4/cyfitter_cfg.c **** *******************************************************************************/
 141:.\Generated_Source\PSoC4/cyfitter_cfg.c **** static void ClockSetup(void);
 142:.\Generated_Source\PSoC4/cyfitter_cfg.c **** CY_CFG_SECTION
 143:.\Generated_Source\PSoC4/cyfitter_cfg.c **** static void ClockSetup(void)
 144:.\Generated_Source\PSoC4/cyfitter_cfg.c **** {
 131              		.loc 1 144 0
 132              		.cfi_startproc
 133 0000 80B5     		push	{r7, lr}
 134              		.cfi_def_cfa_offset 8
 135              		.cfi_offset 7, -8
 136              		.cfi_offset 14, -4
 137 0002 00AF     		add	r7, sp, #0
 138              		.cfi_def_cfa_register 7
 145:.\Generated_Source\PSoC4/cyfitter_cfg.c **** 
 146:.\Generated_Source\PSoC4/cyfitter_cfg.c **** 	/* Set Flash Cycles based on max possible frequency in case a glitch occurs during ClockSetup(). *
 147:.\Generated_Source\PSoC4/cyfitter_cfg.c **** 	CY_SET_REG32((void CYXDATA *)(CYREG_CPUSS_FLASH_CTL), (0x0012u));
ARM GAS  C:\Users\11401393\AppData\Local\Temp\ccx8uRS6.s 			page 6


 139              		.loc 1 147 0
 140 0004 0F4B     		ldr	r3, .L5
 141 0006 1222     		mov	r2, #18
 142 0008 1A60     		str	r2, [r3]
 148:.\Generated_Source\PSoC4/cyfitter_cfg.c **** 	/* Setup and trim IMO based on desired frequency. */
 149:.\Generated_Source\PSoC4/cyfitter_cfg.c **** 	CySysClkWriteImoFreq(24u);
 143              		.loc 1 149 0
 144 000a 1820     		mov	r0, #24
 145 000c FFF7FEFF 		bl	CySysClkWriteImoFreq
 150:.\Generated_Source\PSoC4/cyfitter_cfg.c **** 	/* CYDEV_CLK_ILO_CONFIG Starting address: CYDEV_CLK_ILO_CONFIG */
 151:.\Generated_Source\PSoC4/cyfitter_cfg.c **** 	CY_SET_XTND_REG32((void CYFAR *)(CYREG_CLK_ILO_CONFIG), 0x80000006u);
 146              		.loc 1 151 0
 147 0010 0D4B     		ldr	r3, .L5+4
 148 0012 0E4A     		ldr	r2, .L5+8
 149 0014 1A60     		str	r2, [r3]
 152:.\Generated_Source\PSoC4/cyfitter_cfg.c **** 
 153:.\Generated_Source\PSoC4/cyfitter_cfg.c **** 
 154:.\Generated_Source\PSoC4/cyfitter_cfg.c **** 	/* Setup phase aligned clocks */
 155:.\Generated_Source\PSoC4/cyfitter_cfg.c **** 	CY_SET_REG32((void *)CYREG_PERI_DIV_16_CTL0, 0x00000E00u);
 150              		.loc 1 155 0
 151 0016 0E4B     		ldr	r3, .L5+12
 152 0018 E022     		mov	r2, #224
 153 001a 1201     		lsl	r2, r2, #4
 154 001c 1A60     		str	r2, [r3]
 156:.\Generated_Source\PSoC4/cyfitter_cfg.c **** 	CY_SET_REG32((void *)CYREG_PERI_DIV_CMD, 0x8000FF40u);
 155              		.loc 1 156 0
 156 001e 0D4B     		ldr	r3, .L5+16
 157 0020 0D4A     		ldr	r2, .L5+20
 158 0022 1A60     		str	r2, [r3]
 157:.\Generated_Source\PSoC4/cyfitter_cfg.c **** 
 158:.\Generated_Source\PSoC4/cyfitter_cfg.c **** 	/* CYDEV_CLK_IMO_CONFIG Starting address: CYDEV_CLK_IMO_CONFIG */
 159:.\Generated_Source\PSoC4/cyfitter_cfg.c **** 	CY_SET_XTND_REG32((void CYFAR *)(CYREG_CLK_IMO_CONFIG), 0x80000000u);
 159              		.loc 1 159 0
 160 0024 0D4B     		ldr	r3, .L5+24
 161 0026 8022     		mov	r2, #128
 162 0028 1206     		lsl	r2, r2, #24
 163 002a 1A60     		str	r2, [r3]
 160:.\Generated_Source\PSoC4/cyfitter_cfg.c **** 
 161:.\Generated_Source\PSoC4/cyfitter_cfg.c **** 	/* CYDEV_PERI_PCLK_CTL2 Starting address: CYDEV_PERI_PCLK_CTL2 */
 162:.\Generated_Source\PSoC4/cyfitter_cfg.c **** 	CY_SET_XTND_REG32((void CYFAR *)(CYREG_PERI_PCLK_CTL2), 0x00000040u);
 164              		.loc 1 162 0
 165 002c 0C4B     		ldr	r3, .L5+28
 166 002e 4022     		mov	r2, #64
 167 0030 1A60     		str	r2, [r3]
 163:.\Generated_Source\PSoC4/cyfitter_cfg.c **** 
 164:.\Generated_Source\PSoC4/cyfitter_cfg.c **** 	CY_SET_XTND_REG32((void CYFAR *)(CYREG_WDT_CONFIG), 0x00000000u);
 168              		.loc 1 164 0
 169 0032 0C4B     		ldr	r3, .L5+32
 170 0034 0022     		mov	r2, #0
 171 0036 1A60     		str	r2, [r3]
 165:.\Generated_Source\PSoC4/cyfitter_cfg.c **** 	/* Set Flash Cycles based on newly configured 24.00MHz HFCLK. */
 166:.\Generated_Source\PSoC4/cyfitter_cfg.c **** 	CY_SET_REG32((void CYXDATA *)(CYREG_CPUSS_FLASH_CTL), (0x0011u));
 172              		.loc 1 166 0
 173 0038 024B     		ldr	r3, .L5
 174 003a 1122     		mov	r2, #17
 175 003c 1A60     		str	r2, [r3]
 167:.\Generated_Source\PSoC4/cyfitter_cfg.c **** }
ARM GAS  C:\Users\11401393\AppData\Local\Temp\ccx8uRS6.s 			page 7


 176              		.loc 1 167 0
 177 003e BD46     		mov	sp, r7
 178              		@ sp needed
 179 0040 80BD     		pop	{r7, pc}
 180              	.L6:
 181 0042 C046     		.align	2
 182              	.L5:
 183 0044 30001040 		.word	1074790448
 184 0048 04010B40 		.word	1074462980
 185 004c 06000080 		.word	-2147483642
 186 0050 00030140 		.word	1073808128
 187 0054 00000140 		.word	1073807360
 188 0058 40FF0080 		.word	-2147418304
 189 005c 08010B40 		.word	1074462984
 190 0060 08010140 		.word	1073807624
 191 0064 0C020B40 		.word	1074463244
 192              		.cfi_endproc
 193              	.LFE4:
 194              		.size	ClockSetup, .-ClockSetup
 195              		.section	.text.AnalogSetDefault,"ax",%progbits
 196              		.align	2
 197              		.code	16
 198              		.thumb_func
 199              		.type	AnalogSetDefault, %function
 200              	AnalogSetDefault:
 201              	.LFB5:
 168:.\Generated_Source\PSoC4/cyfitter_cfg.c **** 
 169:.\Generated_Source\PSoC4/cyfitter_cfg.c **** 
 170:.\Generated_Source\PSoC4/cyfitter_cfg.c **** /* Analog API Functions */
 171:.\Generated_Source\PSoC4/cyfitter_cfg.c **** 
 172:.\Generated_Source\PSoC4/cyfitter_cfg.c **** 
 173:.\Generated_Source\PSoC4/cyfitter_cfg.c **** /*******************************************************************************
 174:.\Generated_Source\PSoC4/cyfitter_cfg.c **** * Function Name: AnalogSetDefault
 175:.\Generated_Source\PSoC4/cyfitter_cfg.c **** ********************************************************************************
 176:.\Generated_Source\PSoC4/cyfitter_cfg.c **** *
 177:.\Generated_Source\PSoC4/cyfitter_cfg.c **** * Summary:
 178:.\Generated_Source\PSoC4/cyfitter_cfg.c **** *  Sets up the analog portions of the chip to default values based on chip
 179:.\Generated_Source\PSoC4/cyfitter_cfg.c **** *  configuration options from the project.
 180:.\Generated_Source\PSoC4/cyfitter_cfg.c **** *
 181:.\Generated_Source\PSoC4/cyfitter_cfg.c **** * Parameters:
 182:.\Generated_Source\PSoC4/cyfitter_cfg.c **** *  void
 183:.\Generated_Source\PSoC4/cyfitter_cfg.c **** *
 184:.\Generated_Source\PSoC4/cyfitter_cfg.c **** * Return:
 185:.\Generated_Source\PSoC4/cyfitter_cfg.c **** *  void
 186:.\Generated_Source\PSoC4/cyfitter_cfg.c **** *
 187:.\Generated_Source\PSoC4/cyfitter_cfg.c **** *******************************************************************************/
 188:.\Generated_Source\PSoC4/cyfitter_cfg.c **** static void AnalogSetDefault(void);
 189:.\Generated_Source\PSoC4/cyfitter_cfg.c **** static void AnalogSetDefault(void)
 190:.\Generated_Source\PSoC4/cyfitter_cfg.c **** {
 202              		.loc 1 190 0
 203              		.cfi_startproc
 204 0000 80B5     		push	{r7, lr}
 205              		.cfi_def_cfa_offset 8
 206              		.cfi_offset 7, -8
 207              		.cfi_offset 14, -4
 208 0002 00AF     		add	r7, sp, #0
 209              		.cfi_def_cfa_register 7
ARM GAS  C:\Users\11401393\AppData\Local\Temp\ccx8uRS6.s 			page 8


 191:.\Generated_Source\PSoC4/cyfitter_cfg.c **** 	CY_SET_XTND_REG32((void CYFAR *)CYREG_CTBM0_DFT_CTRL, 0x00000003u);
 210              		.loc 1 191 0
 211 0004 054B     		ldr	r3, .L8
 212 0006 0322     		mov	r2, #3
 213 0008 1A60     		str	r2, [r3]
 192:.\Generated_Source\PSoC4/cyfitter_cfg.c **** 	CY_SET_XTND_REG32((void CYFAR *)CYREG_CTBM1_DFT_CTRL, 0x00000003u);
 214              		.loc 1 192 0
 215 000a 054B     		ldr	r3, .L8+4
 216 000c 0322     		mov	r2, #3
 217 000e 1A60     		str	r2, [r3]
 193:.\Generated_Source\PSoC4/cyfitter_cfg.c **** 	CY_SET_XTND_REG32((void CYFAR *)CYREG_PASS_DSAB_DSAB_CTRL, 0x00000000u);
 218              		.loc 1 193 0
 219 0010 044B     		ldr	r3, .L8+8
 220 0012 0022     		mov	r2, #0
 221 0014 1A60     		str	r2, [r3]
 194:.\Generated_Source\PSoC4/cyfitter_cfg.c **** }
 222              		.loc 1 194 0
 223 0016 BD46     		mov	sp, r7
 224              		@ sp needed
 225 0018 80BD     		pop	{r7, pc}
 226              	.L9:
 227 001a C046     		.align	2
 228              	.L8:
 229 001c 30003040 		.word	1076887600
 230 0020 30003140 		.word	1076953136
 231 0024 000E3F40 		.word	1077874176
 232              		.cfi_endproc
 233              	.LFE5:
 234              		.size	AnalogSetDefault, .-AnalogSetDefault
 235              		.section	.psocinit
 236              		.align	2
 237              		.global	cyfitter_cfg
 238              		.code	16
 239              		.thumb_func
 240              		.type	cyfitter_cfg, %function
 241              	cyfitter_cfg:
 242              	.LFB6:
 195:.\Generated_Source\PSoC4/cyfitter_cfg.c **** 
 196:.\Generated_Source\PSoC4/cyfitter_cfg.c **** #define CY_AMUX_UNUSED CYREG_CM0_ROM_DWT
 197:.\Generated_Source\PSoC4/cyfitter_cfg.c **** 
 198:.\Generated_Source\PSoC4/cyfitter_cfg.c **** 
 199:.\Generated_Source\PSoC4/cyfitter_cfg.c **** /*******************************************************************************
 200:.\Generated_Source\PSoC4/cyfitter_cfg.c **** * Function Name: cyfitter_cfg
 201:.\Generated_Source\PSoC4/cyfitter_cfg.c **** ********************************************************************************
 202:.\Generated_Source\PSoC4/cyfitter_cfg.c **** * Summary:
 203:.\Generated_Source\PSoC4/cyfitter_cfg.c **** *  This function is called by the start-up code for the selected device. It
 204:.\Generated_Source\PSoC4/cyfitter_cfg.c **** *  performs all of the necessary device configuration based on the design
 205:.\Generated_Source\PSoC4/cyfitter_cfg.c **** *  settings.  This includes settings from the Design Wide Resources (DWR) such
 206:.\Generated_Source\PSoC4/cyfitter_cfg.c **** *  as Clocks and Pins as well as any component configuration that is necessary.
 207:.\Generated_Source\PSoC4/cyfitter_cfg.c **** *
 208:.\Generated_Source\PSoC4/cyfitter_cfg.c **** * Parameters:  
 209:.\Generated_Source\PSoC4/cyfitter_cfg.c **** *   void
 210:.\Generated_Source\PSoC4/cyfitter_cfg.c **** *
 211:.\Generated_Source\PSoC4/cyfitter_cfg.c **** * Return:
 212:.\Generated_Source\PSoC4/cyfitter_cfg.c **** *   void
 213:.\Generated_Source\PSoC4/cyfitter_cfg.c **** *
 214:.\Generated_Source\PSoC4/cyfitter_cfg.c **** *******************************************************************************/
ARM GAS  C:\Users\11401393\AppData\Local\Temp\ccx8uRS6.s 			page 9


 215:.\Generated_Source\PSoC4/cyfitter_cfg.c **** CY_CFG_SECTION
 216:.\Generated_Source\PSoC4/cyfitter_cfg.c **** void cyfitter_cfg(void)
 217:.\Generated_Source\PSoC4/cyfitter_cfg.c **** {
 243              		.loc 1 217 0
 244              		.cfi_startproc
 245 0068 80B5     		push	{r7, lr}
 246              		.cfi_def_cfa_offset 8
 247              		.cfi_offset 7, -8
 248              		.cfi_offset 14, -4
 249 006a 82B0     		sub	sp, sp, #8
 250              		.cfi_def_cfa_offset 16
 251 006c 00AF     		add	r7, sp, #0
 252              		.cfi_def_cfa_register 7
 218:.\Generated_Source\PSoC4/cyfitter_cfg.c **** 	/* Disable interrupts by default. Let user enable if/when they want. */
 219:.\Generated_Source\PSoC4/cyfitter_cfg.c **** 	CyGlobalIntDisable;
 253              		.loc 1 219 0
 254              	@ 219 ".\Generated_Source\PSoC4\cyfitter_cfg.c" 1
 255 006e 72B6     		CPSID   i
 256              	@ 0 "" 2
 257              		.code	16
 258              	.LBB2:
 220:.\Generated_Source\PSoC4/cyfitter_cfg.c **** 
 221:.\Generated_Source\PSoC4/cyfitter_cfg.c **** 	{
 222:.\Generated_Source\PSoC4/cyfitter_cfg.c **** 
 223:.\Generated_Source\PSoC4/cyfitter_cfg.c **** 		CYPACKED typedef struct {
 224:.\Generated_Source\PSoC4/cyfitter_cfg.c **** 			void CYFAR *address;
 225:.\Generated_Source\PSoC4/cyfitter_cfg.c **** 			uint16 size;
 226:.\Generated_Source\PSoC4/cyfitter_cfg.c **** 		} CYPACKED_ATTR cfg_memset_t;
 227:.\Generated_Source\PSoC4/cyfitter_cfg.c **** 
 228:.\Generated_Source\PSoC4/cyfitter_cfg.c **** 		static const cfg_memset_t CYCODE cfg_memset_list [] = {
 229:.\Generated_Source\PSoC4/cyfitter_cfg.c **** 			/* address, size */
 230:.\Generated_Source\PSoC4/cyfitter_cfg.c **** 			{(void CYFAR *)(CYDEV_UDB_P0_U0_BASE), 1024u},
 231:.\Generated_Source\PSoC4/cyfitter_cfg.c **** 			{(void CYFAR *)(CYDEV_UDB_DSI0_BASE), 1024u},
 232:.\Generated_Source\PSoC4/cyfitter_cfg.c **** 		};
 233:.\Generated_Source\PSoC4/cyfitter_cfg.c **** 
 234:.\Generated_Source\PSoC4/cyfitter_cfg.c **** 		uint8 CYDATA i;
 235:.\Generated_Source\PSoC4/cyfitter_cfg.c **** 
 236:.\Generated_Source\PSoC4/cyfitter_cfg.c **** 		/* Zero out critical memory blocks before beginning configuration */
 237:.\Generated_Source\PSoC4/cyfitter_cfg.c **** 		for (i = 0u; i < (sizeof(cfg_memset_list)/sizeof(cfg_memset_list[0])); i++)
 259              		.loc 1 237 0
 260 0070 FB1D     		add	r3, r7, #7
 261 0072 0022     		mov	r2, #0
 262 0074 1A70     		strb	r2, [r3]
 263 0076 23E0     		b	.L11
 264              	.L12:
 265              	.LBB3:
 238:.\Generated_Source\PSoC4/cyfitter_cfg.c **** 		{
 239:.\Generated_Source\PSoC4/cyfitter_cfg.c **** 			const cfg_memset_t CYCODE * CYDATA ms = &cfg_memset_list[i];
 266              		.loc 1 239 0 discriminator 2
 267 0078 FB1D     		add	r3, r7, #7
 268 007a 1A78     		ldrb	r2, [r3]
 269 007c 131C     		mov	r3, r2
 270 007e 5B00     		lsl	r3, r3, #1
 271 0080 9B18     		add	r3, r3, r2
 272 0082 5B00     		lsl	r3, r3, #1
 273 0084 3A4A     		ldr	r2, .L13
 274 0086 9B18     		add	r3, r3, r2
ARM GAS  C:\Users\11401393\AppData\Local\Temp\ccx8uRS6.s 			page 10


 275 0088 3B60     		str	r3, [r7]
 240:.\Generated_Source\PSoC4/cyfitter_cfg.c **** 			CYMEMZERO(ms->address, (size_t)(uint32)(ms->size));
 276              		.loc 1 240 0 discriminator 2
 277 008a 3B68     		ldr	r3, [r7]
 278 008c 1A78     		ldrb	r2, [r3]
 279 008e 5978     		ldrb	r1, [r3, #1]
 280 0090 0902     		lsl	r1, r1, #8
 281 0092 0A43     		orr	r2, r1
 282 0094 9978     		ldrb	r1, [r3, #2]
 283 0096 0904     		lsl	r1, r1, #16
 284 0098 0A43     		orr	r2, r1
 285 009a DB78     		ldrb	r3, [r3, #3]
 286 009c 1B06     		lsl	r3, r3, #24
 287 009e 1343     		orr	r3, r2
 288 00a0 1A1C     		mov	r2, r3
 289 00a2 3B68     		ldr	r3, [r7]
 290 00a4 1979     		ldrb	r1, [r3, #4]
 291 00a6 5B79     		ldrb	r3, [r3, #5]
 292 00a8 1B02     		lsl	r3, r3, #8
 293 00aa 0B43     		orr	r3, r1
 294 00ac 9BB2     		uxth	r3, r3
 295 00ae 101C     		mov	r0, r2
 296 00b0 191C     		mov	r1, r3
 297 00b2 FFF7FEFF 		bl	CYMEMZERO
 298              	.LBE3:
 237:.\Generated_Source\PSoC4/cyfitter_cfg.c **** 		for (i = 0u; i < (sizeof(cfg_memset_list)/sizeof(cfg_memset_list[0])); i++)
 299              		.loc 1 237 0 discriminator 2
 300 00b6 FB1D     		add	r3, r7, #7
 301 00b8 1A78     		ldrb	r2, [r3]
 302 00ba FB1D     		add	r3, r7, #7
 303 00bc 0132     		add	r2, r2, #1
 304 00be 1A70     		strb	r2, [r3]
 305              	.L11:
 237:.\Generated_Source\PSoC4/cyfitter_cfg.c **** 		for (i = 0u; i < (sizeof(cfg_memset_list)/sizeof(cfg_memset_list[0])); i++)
 306              		.loc 1 237 0 is_stmt 0 discriminator 1
 307 00c0 FB1D     		add	r3, r7, #7
 308 00c2 1B78     		ldrb	r3, [r3]
 309 00c4 012B     		cmp	r3, #1
 310 00c6 D7D9     		bls	.L12
 241:.\Generated_Source\PSoC4/cyfitter_cfg.c **** 		}
 242:.\Generated_Source\PSoC4/cyfitter_cfg.c **** 
 243:.\Generated_Source\PSoC4/cyfitter_cfg.c **** 		/* HSIOM Starting address: CYDEV_HSIOM_BASE */
 244:.\Generated_Source\PSoC4/cyfitter_cfg.c **** 		CY_SET_XTND_REG32((void CYFAR *)(CYREG_HSIOM_PORT_SEL3), 0x0000EE00u);
 311              		.loc 1 244 0 is_stmt 1
 312 00c8 2A4B     		ldr	r3, .L13+4
 313 00ca EE22     		mov	r2, #238
 314 00cc 1202     		lsl	r2, r2, #8
 315 00ce 1A60     		str	r2, [r3]
 245:.\Generated_Source\PSoC4/cyfitter_cfg.c **** 		CY_SET_XTND_REG32((void CYFAR *)(CYREG_HSIOM_PORT_SEL4), 0x000000EEu);
 316              		.loc 1 245 0
 317 00d0 294B     		ldr	r3, .L13+8
 318 00d2 EE22     		mov	r2, #238
 319 00d4 1A60     		str	r2, [r3]
 246:.\Generated_Source\PSoC4/cyfitter_cfg.c **** 
 247:.\Generated_Source\PSoC4/cyfitter_cfg.c **** 		/* UDB_PA_0 Starting address: CYDEV_UDB_PA0_BASE */
 248:.\Generated_Source\PSoC4/cyfitter_cfg.c **** 		CY_SET_XTND_REG32((void CYFAR *)(CYDEV_UDB_PA0_BASE), 0x00990000u);
 320              		.loc 1 248 0
ARM GAS  C:\Users\11401393\AppData\Local\Temp\ccx8uRS6.s 			page 11


 321 00d6 294B     		ldr	r3, .L13+12
 322 00d8 9922     		mov	r2, #153
 323 00da 1204     		lsl	r2, r2, #16
 324 00dc 1A60     		str	r2, [r3]
 249:.\Generated_Source\PSoC4/cyfitter_cfg.c **** 
 250:.\Generated_Source\PSoC4/cyfitter_cfg.c **** 		/* UDB_PA_2 Starting address: CYDEV_UDB_PA2_BASE */
 251:.\Generated_Source\PSoC4/cyfitter_cfg.c **** 		CY_SET_XTND_REG32((void CYFAR *)(CYDEV_UDB_PA2_BASE), 0x00990000u);
 325              		.loc 1 251 0
 326 00de 284B     		ldr	r3, .L13+16
 327 00e0 9922     		mov	r2, #153
 328 00e2 1204     		lsl	r2, r2, #16
 329 00e4 1A60     		str	r2, [r3]
 252:.\Generated_Source\PSoC4/cyfitter_cfg.c **** 
 253:.\Generated_Source\PSoC4/cyfitter_cfg.c **** 		/* UDB_PA_3 Starting address: CYDEV_UDB_PA3_BASE */
 254:.\Generated_Source\PSoC4/cyfitter_cfg.c **** 		CY_SET_XTND_REG32((void CYFAR *)(CYDEV_UDB_PA3_BASE), 0x00990000u);
 330              		.loc 1 254 0
 331 00e6 274B     		ldr	r3, .L13+20
 332 00e8 9922     		mov	r2, #153
 333 00ea 1204     		lsl	r2, r2, #16
 334 00ec 1A60     		str	r2, [r3]
 255:.\Generated_Source\PSoC4/cyfitter_cfg.c **** 
 256:.\Generated_Source\PSoC4/cyfitter_cfg.c **** 		/* Enable digital routing */
 257:.\Generated_Source\PSoC4/cyfitter_cfg.c **** 		CY_SET_XTND_REG8((void *)CYREG_UDB_UDBIF_BANK_CTL, CY_GET_XTND_REG8((void *)CYREG_UDB_UDBIF_BANK_
 335              		.loc 1 257 0
 336 00ee 264B     		ldr	r3, .L13+24
 337 00f0 254A     		ldr	r2, .L13+24
 338 00f2 1278     		ldrb	r2, [r2]
 339 00f4 D2B2     		uxtb	r2, r2
 340 00f6 0221     		mov	r1, #2
 341 00f8 0A43     		orr	r2, r1
 342 00fa D2B2     		uxtb	r2, r2
 343 00fc 1A70     		strb	r2, [r3]
 258:.\Generated_Source\PSoC4/cyfitter_cfg.c **** 
 259:.\Generated_Source\PSoC4/cyfitter_cfg.c **** 		/* Enable UDB array */
 260:.\Generated_Source\PSoC4/cyfitter_cfg.c **** 		CY_SET_XTND_REG8((void *)CYREG_UDB_UDBIF_WAIT_CFG, (uint8)((CY_GET_XTND_REG8((void *)CYREG_UDB_UD
 344              		.loc 1 260 0
 345 00fe 234B     		ldr	r3, .L13+28
 346 0100 224A     		ldr	r2, .L13+28
 347 0102 1278     		ldrb	r2, [r2]
 348 0104 D2B2     		uxtb	r2, r2
 349 0106 3C21     		mov	r1, #60
 350 0108 8A43     		bic	r2, r1
 351 010a D2B2     		uxtb	r2, r2
 352 010c 1421     		mov	r1, #20
 353 010e 0A43     		orr	r2, r1
 354 0110 D2B2     		uxtb	r2, r2
 355 0112 1A70     		strb	r2, [r3]
 261:.\Generated_Source\PSoC4/cyfitter_cfg.c **** 		CY_SET_XTND_REG8((void *)CYREG_UDB_UDBIF_BANK_CTL, (uint8)(CY_GET_XTND_REG8((void *)CYREG_UDB_UDB
 356              		.loc 1 261 0
 357 0114 1C4B     		ldr	r3, .L13+24
 358 0116 1C4A     		ldr	r2, .L13+24
 359 0118 1278     		ldrb	r2, [r2]
 360 011a D2B2     		uxtb	r2, r2
 361 011c 1621     		mov	r1, #22
 362 011e 0A43     		orr	r2, r1
 363 0120 D2B2     		uxtb	r2, r2
 364 0122 1A70     		strb	r2, [r3]
ARM GAS  C:\Users\11401393\AppData\Local\Temp\ccx8uRS6.s 			page 12


 365              	.LBE2:
 262:.\Generated_Source\PSoC4/cyfitter_cfg.c **** 	}
 263:.\Generated_Source\PSoC4/cyfitter_cfg.c **** 
 264:.\Generated_Source\PSoC4/cyfitter_cfg.c **** 	/* Perform second pass device configuration. These items must be configured in specific order afte
 265:.\Generated_Source\PSoC4/cyfitter_cfg.c **** 	/* IOPINS0_0 Starting address: CYDEV_GPIO_PRT0_DR */
 266:.\Generated_Source\PSoC4/cyfitter_cfg.c **** 	CY_SET_XTND_REG32((void CYFAR *)(CYREG_GPIO_PRT0_DR), 0x00000040u);
 366              		.loc 1 266 0
 367 0124 1A4B     		ldr	r3, .L13+32
 368 0126 4022     		mov	r2, #64
 369 0128 1A60     		str	r2, [r3]
 267:.\Generated_Source\PSoC4/cyfitter_cfg.c **** 	CY_SET_XTND_REG32((void CYFAR *)(CYREG_GPIO_PRT0_PC), 0x00180000u);
 370              		.loc 1 267 0
 371 012a 1A4B     		ldr	r3, .L13+36
 372 012c C022     		mov	r2, #192
 373 012e 5203     		lsl	r2, r2, #13
 374 0130 1A60     		str	r2, [r3]
 268:.\Generated_Source\PSoC4/cyfitter_cfg.c **** 
 269:.\Generated_Source\PSoC4/cyfitter_cfg.c **** 	/* IOPINS0_2 Starting address: CYDEV_GPIO_PRT2_DR */
 270:.\Generated_Source\PSoC4/cyfitter_cfg.c **** 	CY_SET_XTND_REG32((void CYFAR *)(CYREG_GPIO_PRT2_DR), 0x00000040u);
 375              		.loc 1 270 0
 376 0132 194B     		ldr	r3, .L13+40
 377 0134 4022     		mov	r2, #64
 378 0136 1A60     		str	r2, [r3]
 271:.\Generated_Source\PSoC4/cyfitter_cfg.c **** 	CY_SET_XTND_REG32((void CYFAR *)(CYREG_GPIO_PRT2_PC), 0x00180000u);
 379              		.loc 1 271 0
 380 0138 184B     		ldr	r3, .L13+44
 381 013a C022     		mov	r2, #192
 382 013c 5203     		lsl	r2, r2, #13
 383 013e 1A60     		str	r2, [r3]
 272:.\Generated_Source\PSoC4/cyfitter_cfg.c **** 
 273:.\Generated_Source\PSoC4/cyfitter_cfg.c **** 	/* IOPINS0_3 Starting address: CYDEV_GPIO_PRT3_DR */
 274:.\Generated_Source\PSoC4/cyfitter_cfg.c **** 	CY_SET_XTND_REG32((void CYFAR *)(CYREG_GPIO_PRT3_PC), 0x00000D80u);
 384              		.loc 1 274 0
 385 0140 174B     		ldr	r3, .L13+48
 386 0142 D822     		mov	r2, #216
 387 0144 1201     		lsl	r2, r2, #4
 388 0146 1A60     		str	r2, [r3]
 275:.\Generated_Source\PSoC4/cyfitter_cfg.c **** 
 276:.\Generated_Source\PSoC4/cyfitter_cfg.c **** 	/* IOPINS0_4 Starting address: CYDEV_GPIO_PRT4_DR */
 277:.\Generated_Source\PSoC4/cyfitter_cfg.c **** 	CY_SET_XTND_REG32((void CYFAR *)(CYREG_GPIO_PRT4_DR), 0x00000003u);
 389              		.loc 1 277 0
 390 0148 164B     		ldr	r3, .L13+52
 391 014a 0322     		mov	r2, #3
 392 014c 1A60     		str	r2, [r3]
 278:.\Generated_Source\PSoC4/cyfitter_cfg.c **** 	CY_SET_XTND_REG32((void CYFAR *)(CYREG_GPIO_PRT4_PC), 0x00000024u);
 393              		.loc 1 278 0
 394 014e 164B     		ldr	r3, .L13+56
 395 0150 2422     		mov	r2, #36
 396 0152 1A60     		str	r2, [r3]
 279:.\Generated_Source\PSoC4/cyfitter_cfg.c **** 
 280:.\Generated_Source\PSoC4/cyfitter_cfg.c **** 	/* IOPINS0_6 Starting address: CYDEV_GPIO_PRT6_DR */
 281:.\Generated_Source\PSoC4/cyfitter_cfg.c **** 	CY_SET_XTND_REG32((void CYFAR *)(CYREG_GPIO_PRT6_DR), 0x00000020u);
 397              		.loc 1 281 0
 398 0154 154B     		ldr	r3, .L13+60
 399 0156 2022     		mov	r2, #32
 400 0158 1A60     		str	r2, [r3]
 282:.\Generated_Source\PSoC4/cyfitter_cfg.c **** 	CY_SET_XTND_REG32((void CYFAR *)(CYREG_GPIO_PRT6_PC), 0x00030000u);
ARM GAS  C:\Users\11401393\AppData\Local\Temp\ccx8uRS6.s 			page 13


 401              		.loc 1 282 0
 402 015a 154B     		ldr	r3, .L13+64
 403 015c C022     		mov	r2, #192
 404 015e 9202     		lsl	r2, r2, #10
 405 0160 1A60     		str	r2, [r3]
 283:.\Generated_Source\PSoC4/cyfitter_cfg.c **** 
 284:.\Generated_Source\PSoC4/cyfitter_cfg.c **** 	/* Setup clocks based on selections from Clock DWR */
 285:.\Generated_Source\PSoC4/cyfitter_cfg.c **** 	ClockSetup();
 406              		.loc 1 285 0
 407 0162 FFF74DFF 		bl	ClockSetup
 286:.\Generated_Source\PSoC4/cyfitter_cfg.c **** 
 287:.\Generated_Source\PSoC4/cyfitter_cfg.c **** 	/* Perform basic analog initialization to defaults */
 288:.\Generated_Source\PSoC4/cyfitter_cfg.c **** 	AnalogSetDefault();
 408              		.loc 1 288 0
 409 0166 FFF7FEFF 		bl	AnalogSetDefault
 289:.\Generated_Source\PSoC4/cyfitter_cfg.c **** 
 290:.\Generated_Source\PSoC4/cyfitter_cfg.c **** }
 410              		.loc 1 290 0
 411 016a BD46     		mov	sp, r7
 412 016c 02B0     		add	sp, sp, #8
 413              		@ sp needed
 414 016e 80BD     		pop	{r7, pc}
 415              	.L14:
 416              		.align	2
 417              	.L13:
 418 0170 00000000 		.word	cfg_memset_list.4738
 419 0174 00030240 		.word	1073873664
 420 0178 00040240 		.word	1073873920
 421 017c 00500F40 		.word	1074745344
 422 0180 20500F40 		.word	1074745376
 423 0184 30500F40 		.word	1074745392
 424 0188 00700F40 		.word	1074753536
 425 018c 01700F40 		.word	1074753537
 426 0190 00000440 		.word	1074003968
 427 0194 08000440 		.word	1074003976
 428 0198 00020440 		.word	1074004480
 429 019c 08020440 		.word	1074004488
 430 01a0 08030440 		.word	1074004744
 431 01a4 00040440 		.word	1074004992
 432 01a8 08040440 		.word	1074005000
 433 01ac 00060440 		.word	1074005504
 434 01b0 08060440 		.word	1074005512
 435              		.cfi_endproc
 436              	.LFE6:
 437              		.size	cyfitter_cfg, .-cyfitter_cfg
 438              		.section	.rodata
 439              		.align	2
 440              		.type	cfg_memset_list.4738, %object
 441              		.size	cfg_memset_list.4738, 12
 442              	cfg_memset_list.4738:
 443 0000 00300F40 		.word	1074737152
 444 0004 0004     		.short	1024
 445 0006 00400F40 		.4byte	1074741248
 446 000a 0004     		.short	1024
 447              		.text
 448              	.Letext0:
 449              		.file 2 "c:\\program files (x86)\\cypress\\psoc creator\\3.2\\psoc creator\\import\\gnu\\arm\\4.8.
ARM GAS  C:\Users\11401393\AppData\Local\Temp\ccx8uRS6.s 			page 14


 450              		.file 3 ".\\Generated_Source\\PSoC4\\cytypes.h"
 451              		.section	.debug_info,"",%progbits
 452              	.Ldebug_info0:
 453 0000 43020000 		.4byte	0x243
 454 0004 0400     		.2byte	0x4
 455 0006 00000000 		.4byte	.Ldebug_abbrev0
 456 000a 04       		.byte	0x4
 457 000b 01       		.uleb128 0x1
 458 000c 52000000 		.4byte	.LASF29
 459 0010 01       		.byte	0x1
 460 0011 C7010000 		.4byte	.LASF30
 461 0015 28010000 		.4byte	.LASF31
 462 0019 00000000 		.4byte	.Ldebug_ranges0+0
 463 001d 00000000 		.4byte	0
 464 0021 00000000 		.4byte	.Ldebug_line0
 465 0025 02       		.uleb128 0x2
 466 0026 04       		.byte	0x4
 467 0027 05       		.byte	0x5
 468 0028 696E7400 		.ascii	"int\000"
 469 002c 03       		.uleb128 0x3
 470 002d 06000000 		.4byte	.LASF11
 471 0031 02       		.byte	0x2
 472 0032 D4       		.byte	0xd4
 473 0033 37000000 		.4byte	0x37
 474 0037 04       		.uleb128 0x4
 475 0038 04       		.byte	0x4
 476 0039 07       		.byte	0x7
 477 003a 8E010000 		.4byte	.LASF0
 478 003e 04       		.uleb128 0x4
 479 003f 01       		.byte	0x1
 480 0040 06       		.byte	0x6
 481 0041 1E020000 		.4byte	.LASF1
 482 0045 04       		.uleb128 0x4
 483 0046 01       		.byte	0x1
 484 0047 08       		.byte	0x8
 485 0048 FF000000 		.4byte	.LASF2
 486 004c 04       		.uleb128 0x4
 487 004d 02       		.byte	0x2
 488 004e 05       		.byte	0x5
 489 004f 0B020000 		.4byte	.LASF3
 490 0053 04       		.uleb128 0x4
 491 0054 02       		.byte	0x2
 492 0055 07       		.byte	0x7
 493 0056 39000000 		.4byte	.LASF4
 494 005a 04       		.uleb128 0x4
 495 005b 04       		.byte	0x4
 496 005c 05       		.byte	0x5
 497 005d 15020000 		.4byte	.LASF5
 498 0061 04       		.uleb128 0x4
 499 0062 04       		.byte	0x4
 500 0063 07       		.byte	0x7
 501 0064 DD000000 		.4byte	.LASF6
 502 0068 04       		.uleb128 0x4
 503 0069 08       		.byte	0x8
 504 006a 05       		.byte	0x5
 505 006b F8010000 		.4byte	.LASF7
 506 006f 04       		.uleb128 0x4
ARM GAS  C:\Users\11401393\AppData\Local\Temp\ccx8uRS6.s 			page 15


 507 0070 08       		.byte	0x8
 508 0071 07       		.byte	0x7
 509 0072 A3010000 		.4byte	.LASF8
 510 0076 04       		.uleb128 0x4
 511 0077 04       		.byte	0x4
 512 0078 07       		.byte	0x7
 513 0079 EF010000 		.4byte	.LASF9
 514 007d 05       		.uleb128 0x5
 515 007e 04       		.byte	0x4
 516 007f 04       		.uleb128 0x4
 517 0080 01       		.byte	0x1
 518 0081 08       		.byte	0x8
 519 0082 06020000 		.4byte	.LASF10
 520 0086 03       		.uleb128 0x3
 521 0087 EF000000 		.4byte	.LASF12
 522 008b 03       		.byte	0x3
 523 008c B3       		.byte	0xb3
 524 008d 45000000 		.4byte	0x45
 525 0091 03       		.uleb128 0x3
 526 0092 21010000 		.4byte	.LASF13
 527 0096 03       		.byte	0x3
 528 0097 B4       		.byte	0xb4
 529 0098 53000000 		.4byte	0x53
 530 009c 03       		.uleb128 0x3
 531 009d 87010000 		.4byte	.LASF14
 532 00a1 03       		.byte	0x3
 533 00a2 B5       		.byte	0xb5
 534 00a3 61000000 		.4byte	0x61
 535 00a7 04       		.uleb128 0x4
 536 00a8 04       		.byte	0x4
 537 00a9 04       		.byte	0x4
 538 00aa 4C000000 		.4byte	.LASF15
 539 00ae 04       		.uleb128 0x4
 540 00af 08       		.byte	0x8
 541 00b0 04       		.byte	0x4
 542 00b1 0D010000 		.4byte	.LASF16
 543 00b5 06       		.uleb128 0x6
 544 00b6 D8000000 		.4byte	.LASF17
 545 00ba 03       		.byte	0x3
 546 00bb 5D01     		.2byte	0x15d
 547 00bd C1000000 		.4byte	0xc1
 548 00c1 07       		.uleb128 0x7
 549 00c2 86000000 		.4byte	0x86
 550 00c6 06       		.uleb128 0x6
 551 00c7 00000000 		.4byte	.LASF18
 552 00cb 03       		.byte	0x3
 553 00cc 5F01     		.2byte	0x15f
 554 00ce D2000000 		.4byte	0xd2
 555 00d2 07       		.uleb128 0x7
 556 00d3 9C000000 		.4byte	0x9c
 557 00d7 08       		.uleb128 0x8
 558 00d8 F5000000 		.4byte	.LASF19
 559 00dc 01       		.byte	0x1
 560 00dd 3A       		.byte	0x3a
 561 00de 00000000 		.4byte	.LFB1
 562 00e2 1E000000 		.4byte	.LFE1-.LFB1
 563 00e6 01       		.uleb128 0x1
ARM GAS  C:\Users\11401393\AppData\Local\Temp\ccx8uRS6.s 			page 16


 564 00e7 9C       		.byte	0x9c
 565 00e8 05010000 		.4byte	0x105
 566 00ec 09       		.uleb128 0x9
 567 00ed 7300     		.ascii	"s\000"
 568 00ef 01       		.byte	0x1
 569 00f0 3A       		.byte	0x3a
 570 00f1 7D000000 		.4byte	0x7d
 571 00f5 02       		.uleb128 0x2
 572 00f6 91       		.byte	0x91
 573 00f7 74       		.sleb128 -12
 574 00f8 09       		.uleb128 0x9
 575 00f9 6E00     		.ascii	"n\000"
 576 00fb 01       		.byte	0x1
 577 00fc 3A       		.byte	0x3a
 578 00fd 2C000000 		.4byte	0x2c
 579 0101 02       		.uleb128 0x2
 580 0102 91       		.byte	0x91
 581 0103 70       		.sleb128 -16
 582 0104 00       		.byte	0
 583 0105 08       		.uleb128 0x8
 584 0106 3A020000 		.4byte	.LASF20
 585 010a 01       		.byte	0x1
 586 010b 41       		.byte	0x41
 587 010c 00000000 		.4byte	.LFB2
 588 0110 22000000 		.4byte	.LFE2-.LFB2
 589 0114 01       		.uleb128 0x1
 590 0115 9C       		.byte	0x9c
 591 0116 43010000 		.4byte	0x143
 592 011a 0A       		.uleb128 0xa
 593 011b CE000000 		.4byte	.LASF21
 594 011f 01       		.byte	0x1
 595 0120 41       		.byte	0x41
 596 0121 7D000000 		.4byte	0x7d
 597 0125 02       		.uleb128 0x2
 598 0126 91       		.byte	0x91
 599 0127 74       		.sleb128 -12
 600 0128 09       		.uleb128 0x9
 601 0129 73726300 		.ascii	"src\000"
 602 012d 01       		.byte	0x1
 603 012e 41       		.byte	0x41
 604 012f 43010000 		.4byte	0x143
 605 0133 02       		.uleb128 0x2
 606 0134 91       		.byte	0x91
 607 0135 70       		.sleb128 -16
 608 0136 09       		.uleb128 0x9
 609 0137 6E00     		.ascii	"n\000"
 610 0139 01       		.byte	0x1
 611 013a 41       		.byte	0x41
 612 013b 2C000000 		.4byte	0x2c
 613 013f 02       		.uleb128 0x2
 614 0140 91       		.byte	0x91
 615 0141 6C       		.sleb128 -20
 616 0142 00       		.byte	0
 617 0143 0B       		.uleb128 0xb
 618 0144 04       		.byte	0x4
 619 0145 49010000 		.4byte	0x149
 620 0149 0C       		.uleb128 0xc
ARM GAS  C:\Users\11401393\AppData\Local\Temp\ccx8uRS6.s 			page 17


 621 014a 08       		.uleb128 0x8
 622 014b 2A020000 		.4byte	.LASF22
 623 014f 01       		.byte	0x1
 624 0150 48       		.byte	0x48
 625 0151 00000000 		.4byte	.LFB3
 626 0155 22000000 		.4byte	.LFE3-.LFB3
 627 0159 01       		.uleb128 0x1
 628 015a 9C       		.byte	0x9c
 629 015b 88010000 		.4byte	0x188
 630 015f 0A       		.uleb128 0xa
 631 0160 CE000000 		.4byte	.LASF21
 632 0164 01       		.byte	0x1
 633 0165 48       		.byte	0x48
 634 0166 7D000000 		.4byte	0x7d
 635 016a 02       		.uleb128 0x2
 636 016b 91       		.byte	0x91
 637 016c 74       		.sleb128 -12
 638 016d 09       		.uleb128 0x9
 639 016e 73726300 		.ascii	"src\000"
 640 0172 01       		.byte	0x1
 641 0173 48       		.byte	0x48
 642 0174 43010000 		.4byte	0x143
 643 0178 02       		.uleb128 0x2
 644 0179 91       		.byte	0x91
 645 017a 70       		.sleb128 -16
 646 017b 09       		.uleb128 0x9
 647 017c 6E00     		.ascii	"n\000"
 648 017e 01       		.byte	0x1
 649 017f 48       		.byte	0x48
 650 0180 2C000000 		.4byte	0x2c
 651 0184 02       		.uleb128 0x2
 652 0185 91       		.byte	0x91
 653 0186 6C       		.sleb128 -20
 654 0187 00       		.byte	0
 655 0188 0D       		.uleb128 0xd
 656 0189 2E000000 		.4byte	.LASF23
 657 018d 01       		.byte	0x1
 658 018e 8F       		.byte	0x8f
 659 018f 00000000 		.4byte	.LFB4
 660 0193 68000000 		.4byte	.LFE4-.LFB4
 661 0197 01       		.uleb128 0x1
 662 0198 9C       		.byte	0x9c
 663 0199 0E       		.uleb128 0xe
 664 019a 0D000000 		.4byte	.LASF24
 665 019e 01       		.byte	0x1
 666 019f BD       		.byte	0xbd
 667 01a0 00000000 		.4byte	.LFB5
 668 01a4 28000000 		.4byte	.LFE5-.LFB5
 669 01a8 01       		.uleb128 0x1
 670 01a9 9C       		.byte	0x9c
 671 01aa 0F       		.uleb128 0xf
 672 01ab 14010000 		.4byte	.LASF32
 673 01af 01       		.byte	0x1
 674 01b0 D8       		.byte	0xd8
 675 01b1 68000000 		.4byte	.LFB6
 676 01b5 4C010000 		.4byte	.LFE6-.LFB6
 677 01b9 01       		.uleb128 0x1
ARM GAS  C:\Users\11401393\AppData\Local\Temp\ccx8uRS6.s 			page 18


 678 01ba 9C       		.byte	0x9c
 679 01bb 10       		.uleb128 0x10
 680 01bc 70000000 		.4byte	.LBB2
 681 01c0 B4000000 		.4byte	.LBE2-.LBB2
 682 01c4 11       		.uleb128 0x11
 683 01c5 06       		.byte	0x6
 684 01c6 01       		.byte	0x1
 685 01c7 DF       		.byte	0xdf
 686 01c8 E5010000 		.4byte	0x1e5
 687 01cc 12       		.uleb128 0x12
 688 01cd 9B010000 		.4byte	.LASF25
 689 01d1 01       		.byte	0x1
 690 01d2 E0       		.byte	0xe0
 691 01d3 7D000000 		.4byte	0x7d
 692 01d7 00       		.byte	0
 693 01d8 12       		.uleb128 0x12
 694 01d9 D3000000 		.4byte	.LASF26
 695 01dd 01       		.byte	0x1
 696 01de E1       		.byte	0xe1
 697 01df 91000000 		.4byte	0x91
 698 01e3 04       		.byte	0x4
 699 01e4 00       		.byte	0
 700 01e5 03       		.uleb128 0x3
 701 01e6 BA010000 		.4byte	.LASF27
 702 01ea 01       		.byte	0x1
 703 01eb E2       		.byte	0xe2
 704 01ec C4010000 		.4byte	0x1c4
 705 01f0 13       		.uleb128 0x13
 706 01f1 E5010000 		.4byte	0x1e5
 707 01f5 00020000 		.4byte	0x200
 708 01f9 14       		.uleb128 0x14
 709 01fa 76000000 		.4byte	0x76
 710 01fe 01       		.byte	0x1
 711 01ff 00       		.byte	0
 712 0200 15       		.uleb128 0x15
 713 0201 1E000000 		.4byte	.LASF28
 714 0205 01       		.byte	0x1
 715 0206 E4       		.byte	0xe4
 716 0207 11020000 		.4byte	0x211
 717 020b 05       		.uleb128 0x5
 718 020c 03       		.byte	0x3
 719 020d 00000000 		.4byte	cfg_memset_list.4738
 720 0211 16       		.uleb128 0x16
 721 0212 F0010000 		.4byte	0x1f0
 722 0216 17       		.uleb128 0x17
 723 0217 6900     		.ascii	"i\000"
 724 0219 01       		.byte	0x1
 725 021a EA       		.byte	0xea
 726 021b 86000000 		.4byte	0x86
 727 021f 02       		.uleb128 0x2
 728 0220 91       		.byte	0x91
 729 0221 77       		.sleb128 -9
 730 0222 10       		.uleb128 0x10
 731 0223 78000000 		.4byte	.LBB3
 732 0227 3E000000 		.4byte	.LBE3-.LBB3
 733 022b 17       		.uleb128 0x17
 734 022c 6D7300   		.ascii	"ms\000"
ARM GAS  C:\Users\11401393\AppData\Local\Temp\ccx8uRS6.s 			page 19


 735 022f 01       		.byte	0x1
 736 0230 EF       		.byte	0xef
 737 0231 38020000 		.4byte	0x238
 738 0235 02       		.uleb128 0x2
 739 0236 91       		.byte	0x91
 740 0237 70       		.sleb128 -16
 741 0238 0B       		.uleb128 0xb
 742 0239 04       		.byte	0x4
 743 023a 3E020000 		.4byte	0x23e
 744 023e 16       		.uleb128 0x16
 745 023f E5010000 		.4byte	0x1e5
 746 0243 00       		.byte	0
 747 0244 00       		.byte	0
 748 0245 00       		.byte	0
 749 0246 00       		.byte	0
 750              		.section	.debug_abbrev,"",%progbits
 751              	.Ldebug_abbrev0:
 752 0000 01       		.uleb128 0x1
 753 0001 11       		.uleb128 0x11
 754 0002 01       		.byte	0x1
 755 0003 25       		.uleb128 0x25
 756 0004 0E       		.uleb128 0xe
 757 0005 13       		.uleb128 0x13
 758 0006 0B       		.uleb128 0xb
 759 0007 03       		.uleb128 0x3
 760 0008 0E       		.uleb128 0xe
 761 0009 1B       		.uleb128 0x1b
 762 000a 0E       		.uleb128 0xe
 763 000b 55       		.uleb128 0x55
 764 000c 17       		.uleb128 0x17
 765 000d 11       		.uleb128 0x11
 766 000e 01       		.uleb128 0x1
 767 000f 10       		.uleb128 0x10
 768 0010 17       		.uleb128 0x17
 769 0011 00       		.byte	0
 770 0012 00       		.byte	0
 771 0013 02       		.uleb128 0x2
 772 0014 24       		.uleb128 0x24
 773 0015 00       		.byte	0
 774 0016 0B       		.uleb128 0xb
 775 0017 0B       		.uleb128 0xb
 776 0018 3E       		.uleb128 0x3e
 777 0019 0B       		.uleb128 0xb
 778 001a 03       		.uleb128 0x3
 779 001b 08       		.uleb128 0x8
 780 001c 00       		.byte	0
 781 001d 00       		.byte	0
 782 001e 03       		.uleb128 0x3
 783 001f 16       		.uleb128 0x16
 784 0020 00       		.byte	0
 785 0021 03       		.uleb128 0x3
 786 0022 0E       		.uleb128 0xe
 787 0023 3A       		.uleb128 0x3a
 788 0024 0B       		.uleb128 0xb
 789 0025 3B       		.uleb128 0x3b
 790 0026 0B       		.uleb128 0xb
 791 0027 49       		.uleb128 0x49
ARM GAS  C:\Users\11401393\AppData\Local\Temp\ccx8uRS6.s 			page 20


 792 0028 13       		.uleb128 0x13
 793 0029 00       		.byte	0
 794 002a 00       		.byte	0
 795 002b 04       		.uleb128 0x4
 796 002c 24       		.uleb128 0x24
 797 002d 00       		.byte	0
 798 002e 0B       		.uleb128 0xb
 799 002f 0B       		.uleb128 0xb
 800 0030 3E       		.uleb128 0x3e
 801 0031 0B       		.uleb128 0xb
 802 0032 03       		.uleb128 0x3
 803 0033 0E       		.uleb128 0xe
 804 0034 00       		.byte	0
 805 0035 00       		.byte	0
 806 0036 05       		.uleb128 0x5
 807 0037 0F       		.uleb128 0xf
 808 0038 00       		.byte	0
 809 0039 0B       		.uleb128 0xb
 810 003a 0B       		.uleb128 0xb
 811 003b 00       		.byte	0
 812 003c 00       		.byte	0
 813 003d 06       		.uleb128 0x6
 814 003e 16       		.uleb128 0x16
 815 003f 00       		.byte	0
 816 0040 03       		.uleb128 0x3
 817 0041 0E       		.uleb128 0xe
 818 0042 3A       		.uleb128 0x3a
 819 0043 0B       		.uleb128 0xb
 820 0044 3B       		.uleb128 0x3b
 821 0045 05       		.uleb128 0x5
 822 0046 49       		.uleb128 0x49
 823 0047 13       		.uleb128 0x13
 824 0048 00       		.byte	0
 825 0049 00       		.byte	0
 826 004a 07       		.uleb128 0x7
 827 004b 35       		.uleb128 0x35
 828 004c 00       		.byte	0
 829 004d 49       		.uleb128 0x49
 830 004e 13       		.uleb128 0x13
 831 004f 00       		.byte	0
 832 0050 00       		.byte	0
 833 0051 08       		.uleb128 0x8
 834 0052 2E       		.uleb128 0x2e
 835 0053 01       		.byte	0x1
 836 0054 03       		.uleb128 0x3
 837 0055 0E       		.uleb128 0xe
 838 0056 3A       		.uleb128 0x3a
 839 0057 0B       		.uleb128 0xb
 840 0058 3B       		.uleb128 0x3b
 841 0059 0B       		.uleb128 0xb
 842 005a 27       		.uleb128 0x27
 843 005b 19       		.uleb128 0x19
 844 005c 11       		.uleb128 0x11
 845 005d 01       		.uleb128 0x1
 846 005e 12       		.uleb128 0x12
 847 005f 06       		.uleb128 0x6
 848 0060 40       		.uleb128 0x40
ARM GAS  C:\Users\11401393\AppData\Local\Temp\ccx8uRS6.s 			page 21


 849 0061 18       		.uleb128 0x18
 850 0062 9642     		.uleb128 0x2116
 851 0064 19       		.uleb128 0x19
 852 0065 01       		.uleb128 0x1
 853 0066 13       		.uleb128 0x13
 854 0067 00       		.byte	0
 855 0068 00       		.byte	0
 856 0069 09       		.uleb128 0x9
 857 006a 05       		.uleb128 0x5
 858 006b 00       		.byte	0
 859 006c 03       		.uleb128 0x3
 860 006d 08       		.uleb128 0x8
 861 006e 3A       		.uleb128 0x3a
 862 006f 0B       		.uleb128 0xb
 863 0070 3B       		.uleb128 0x3b
 864 0071 0B       		.uleb128 0xb
 865 0072 49       		.uleb128 0x49
 866 0073 13       		.uleb128 0x13
 867 0074 02       		.uleb128 0x2
 868 0075 18       		.uleb128 0x18
 869 0076 00       		.byte	0
 870 0077 00       		.byte	0
 871 0078 0A       		.uleb128 0xa
 872 0079 05       		.uleb128 0x5
 873 007a 00       		.byte	0
 874 007b 03       		.uleb128 0x3
 875 007c 0E       		.uleb128 0xe
 876 007d 3A       		.uleb128 0x3a
 877 007e 0B       		.uleb128 0xb
 878 007f 3B       		.uleb128 0x3b
 879 0080 0B       		.uleb128 0xb
 880 0081 49       		.uleb128 0x49
 881 0082 13       		.uleb128 0x13
 882 0083 02       		.uleb128 0x2
 883 0084 18       		.uleb128 0x18
 884 0085 00       		.byte	0
 885 0086 00       		.byte	0
 886 0087 0B       		.uleb128 0xb
 887 0088 0F       		.uleb128 0xf
 888 0089 00       		.byte	0
 889 008a 0B       		.uleb128 0xb
 890 008b 0B       		.uleb128 0xb
 891 008c 49       		.uleb128 0x49
 892 008d 13       		.uleb128 0x13
 893 008e 00       		.byte	0
 894 008f 00       		.byte	0
 895 0090 0C       		.uleb128 0xc
 896 0091 26       		.uleb128 0x26
 897 0092 00       		.byte	0
 898 0093 00       		.byte	0
 899 0094 00       		.byte	0
 900 0095 0D       		.uleb128 0xd
 901 0096 2E       		.uleb128 0x2e
 902 0097 00       		.byte	0
 903 0098 03       		.uleb128 0x3
 904 0099 0E       		.uleb128 0xe
 905 009a 3A       		.uleb128 0x3a
ARM GAS  C:\Users\11401393\AppData\Local\Temp\ccx8uRS6.s 			page 22


 906 009b 0B       		.uleb128 0xb
 907 009c 3B       		.uleb128 0x3b
 908 009d 0B       		.uleb128 0xb
 909 009e 27       		.uleb128 0x27
 910 009f 19       		.uleb128 0x19
 911 00a0 11       		.uleb128 0x11
 912 00a1 01       		.uleb128 0x1
 913 00a2 12       		.uleb128 0x12
 914 00a3 06       		.uleb128 0x6
 915 00a4 40       		.uleb128 0x40
 916 00a5 18       		.uleb128 0x18
 917 00a6 9642     		.uleb128 0x2116
 918 00a8 19       		.uleb128 0x19
 919 00a9 00       		.byte	0
 920 00aa 00       		.byte	0
 921 00ab 0E       		.uleb128 0xe
 922 00ac 2E       		.uleb128 0x2e
 923 00ad 00       		.byte	0
 924 00ae 03       		.uleb128 0x3
 925 00af 0E       		.uleb128 0xe
 926 00b0 3A       		.uleb128 0x3a
 927 00b1 0B       		.uleb128 0xb
 928 00b2 3B       		.uleb128 0x3b
 929 00b3 0B       		.uleb128 0xb
 930 00b4 27       		.uleb128 0x27
 931 00b5 19       		.uleb128 0x19
 932 00b6 11       		.uleb128 0x11
 933 00b7 01       		.uleb128 0x1
 934 00b8 12       		.uleb128 0x12
 935 00b9 06       		.uleb128 0x6
 936 00ba 40       		.uleb128 0x40
 937 00bb 18       		.uleb128 0x18
 938 00bc 9742     		.uleb128 0x2117
 939 00be 19       		.uleb128 0x19
 940 00bf 00       		.byte	0
 941 00c0 00       		.byte	0
 942 00c1 0F       		.uleb128 0xf
 943 00c2 2E       		.uleb128 0x2e
 944 00c3 01       		.byte	0x1
 945 00c4 3F       		.uleb128 0x3f
 946 00c5 19       		.uleb128 0x19
 947 00c6 03       		.uleb128 0x3
 948 00c7 0E       		.uleb128 0xe
 949 00c8 3A       		.uleb128 0x3a
 950 00c9 0B       		.uleb128 0xb
 951 00ca 3B       		.uleb128 0x3b
 952 00cb 0B       		.uleb128 0xb
 953 00cc 27       		.uleb128 0x27
 954 00cd 19       		.uleb128 0x19
 955 00ce 11       		.uleb128 0x11
 956 00cf 01       		.uleb128 0x1
 957 00d0 12       		.uleb128 0x12
 958 00d1 06       		.uleb128 0x6
 959 00d2 40       		.uleb128 0x40
 960 00d3 18       		.uleb128 0x18
 961 00d4 9642     		.uleb128 0x2116
 962 00d6 19       		.uleb128 0x19
ARM GAS  C:\Users\11401393\AppData\Local\Temp\ccx8uRS6.s 			page 23


 963 00d7 00       		.byte	0
 964 00d8 00       		.byte	0
 965 00d9 10       		.uleb128 0x10
 966 00da 0B       		.uleb128 0xb
 967 00db 01       		.byte	0x1
 968 00dc 11       		.uleb128 0x11
 969 00dd 01       		.uleb128 0x1
 970 00de 12       		.uleb128 0x12
 971 00df 06       		.uleb128 0x6
 972 00e0 00       		.byte	0
 973 00e1 00       		.byte	0
 974 00e2 11       		.uleb128 0x11
 975 00e3 13       		.uleb128 0x13
 976 00e4 01       		.byte	0x1
 977 00e5 0B       		.uleb128 0xb
 978 00e6 0B       		.uleb128 0xb
 979 00e7 3A       		.uleb128 0x3a
 980 00e8 0B       		.uleb128 0xb
 981 00e9 3B       		.uleb128 0x3b
 982 00ea 0B       		.uleb128 0xb
 983 00eb 01       		.uleb128 0x1
 984 00ec 13       		.uleb128 0x13
 985 00ed 00       		.byte	0
 986 00ee 00       		.byte	0
 987 00ef 12       		.uleb128 0x12
 988 00f0 0D       		.uleb128 0xd
 989 00f1 00       		.byte	0
 990 00f2 03       		.uleb128 0x3
 991 00f3 0E       		.uleb128 0xe
 992 00f4 3A       		.uleb128 0x3a
 993 00f5 0B       		.uleb128 0xb
 994 00f6 3B       		.uleb128 0x3b
 995 00f7 0B       		.uleb128 0xb
 996 00f8 49       		.uleb128 0x49
 997 00f9 13       		.uleb128 0x13
 998 00fa 38       		.uleb128 0x38
 999 00fb 0B       		.uleb128 0xb
 1000 00fc 00       		.byte	0
 1001 00fd 00       		.byte	0
 1002 00fe 13       		.uleb128 0x13
 1003 00ff 01       		.uleb128 0x1
 1004 0100 01       		.byte	0x1
 1005 0101 49       		.uleb128 0x49
 1006 0102 13       		.uleb128 0x13
 1007 0103 01       		.uleb128 0x1
 1008 0104 13       		.uleb128 0x13
 1009 0105 00       		.byte	0
 1010 0106 00       		.byte	0
 1011 0107 14       		.uleb128 0x14
 1012 0108 21       		.uleb128 0x21
 1013 0109 00       		.byte	0
 1014 010a 49       		.uleb128 0x49
 1015 010b 13       		.uleb128 0x13
 1016 010c 2F       		.uleb128 0x2f
 1017 010d 0B       		.uleb128 0xb
 1018 010e 00       		.byte	0
 1019 010f 00       		.byte	0
ARM GAS  C:\Users\11401393\AppData\Local\Temp\ccx8uRS6.s 			page 24


 1020 0110 15       		.uleb128 0x15
 1021 0111 34       		.uleb128 0x34
 1022 0112 00       		.byte	0
 1023 0113 03       		.uleb128 0x3
 1024 0114 0E       		.uleb128 0xe
 1025 0115 3A       		.uleb128 0x3a
 1026 0116 0B       		.uleb128 0xb
 1027 0117 3B       		.uleb128 0x3b
 1028 0118 0B       		.uleb128 0xb
 1029 0119 49       		.uleb128 0x49
 1030 011a 13       		.uleb128 0x13
 1031 011b 02       		.uleb128 0x2
 1032 011c 18       		.uleb128 0x18
 1033 011d 00       		.byte	0
 1034 011e 00       		.byte	0
 1035 011f 16       		.uleb128 0x16
 1036 0120 26       		.uleb128 0x26
 1037 0121 00       		.byte	0
 1038 0122 49       		.uleb128 0x49
 1039 0123 13       		.uleb128 0x13
 1040 0124 00       		.byte	0
 1041 0125 00       		.byte	0
 1042 0126 17       		.uleb128 0x17
 1043 0127 34       		.uleb128 0x34
 1044 0128 00       		.byte	0
 1045 0129 03       		.uleb128 0x3
 1046 012a 08       		.uleb128 0x8
 1047 012b 3A       		.uleb128 0x3a
 1048 012c 0B       		.uleb128 0xb
 1049 012d 3B       		.uleb128 0x3b
 1050 012e 0B       		.uleb128 0xb
 1051 012f 49       		.uleb128 0x49
 1052 0130 13       		.uleb128 0x13
 1053 0131 02       		.uleb128 0x2
 1054 0132 18       		.uleb128 0x18
 1055 0133 00       		.byte	0
 1056 0134 00       		.byte	0
 1057 0135 00       		.byte	0
 1058              		.section	.debug_aranges,"",%progbits
 1059 0000 44000000 		.4byte	0x44
 1060 0004 0200     		.2byte	0x2
 1061 0006 00000000 		.4byte	.Ldebug_info0
 1062 000a 04       		.byte	0x4
 1063 000b 00       		.byte	0
 1064 000c 0000     		.2byte	0
 1065 000e 0000     		.2byte	0
 1066 0010 00000000 		.4byte	.LFB1
 1067 0014 1E000000 		.4byte	.LFE1-.LFB1
 1068 0018 00000000 		.4byte	.LFB2
 1069 001c 22000000 		.4byte	.LFE2-.LFB2
 1070 0020 00000000 		.4byte	.LFB3
 1071 0024 22000000 		.4byte	.LFE3-.LFB3
 1072 0028 00000000 		.4byte	.LFB4
 1073 002c 68000000 		.4byte	.LFE4-.LFB4
 1074 0030 00000000 		.4byte	.LFB5
 1075 0034 28000000 		.4byte	.LFE5-.LFB5
 1076 0038 68000000 		.4byte	.LFB6
ARM GAS  C:\Users\11401393\AppData\Local\Temp\ccx8uRS6.s 			page 25


 1077 003c 4C010000 		.4byte	.LFE6-.LFB6
 1078 0040 00000000 		.4byte	0
 1079 0044 00000000 		.4byte	0
 1080              		.section	.debug_ranges,"",%progbits
 1081              	.Ldebug_ranges0:
 1082 0000 00000000 		.4byte	.LFB1
 1083 0004 1E000000 		.4byte	.LFE1
 1084 0008 00000000 		.4byte	.LFB2
 1085 000c 22000000 		.4byte	.LFE2
 1086 0010 00000000 		.4byte	.LFB3
 1087 0014 22000000 		.4byte	.LFE3
 1088 0018 00000000 		.4byte	.LFB4
 1089 001c 68000000 		.4byte	.LFE4
 1090 0020 00000000 		.4byte	.LFB5
 1091 0024 28000000 		.4byte	.LFE5
 1092 0028 68000000 		.4byte	.LFB6
 1093 002c B4010000 		.4byte	.LFE6
 1094 0030 00000000 		.4byte	0
 1095 0034 00000000 		.4byte	0
 1096              		.section	.debug_line,"",%progbits
 1097              	.Ldebug_line0:
 1098 0000 69010000 		.section	.debug_str,"MS",%progbits,1
 1098      0200CD00 
 1098      00000201 
 1098      FB0E0D00 
 1098      01010101 
 1099              	.LASF18:
 1100 0000 72656733 		.ascii	"reg32\000"
 1100      3200
 1101              	.LASF11:
 1102 0006 73697A65 		.ascii	"size_t\000"
 1102      5F7400
 1103              	.LASF24:
 1104 000d 416E616C 		.ascii	"AnalogSetDefault\000"
 1104      6F675365 
 1104      74446566 
 1104      61756C74 
 1104      00
 1105              	.LASF28:
 1106 001e 6366675F 		.ascii	"cfg_memset_list\000"
 1106      6D656D73 
 1106      65745F6C 
 1106      69737400 
 1107              	.LASF23:
 1108 002e 436C6F63 		.ascii	"ClockSetup\000"
 1108      6B536574 
 1108      757000
 1109              	.LASF4:
 1110 0039 73686F72 		.ascii	"short unsigned int\000"
 1110      7420756E 
 1110      7369676E 
 1110      65642069 
 1110      6E7400
 1111              	.LASF15:
 1112 004c 666C6F61 		.ascii	"float\000"
 1112      7400
 1113              	.LASF29:
ARM GAS  C:\Users\11401393\AppData\Local\Temp\ccx8uRS6.s 			page 26


 1114 0052 474E5520 		.ascii	"GNU C 4.8.4 20140526 (release) [ARM/embedded-4_8-br"
 1114      4320342E 
 1114      382E3420 
 1114      32303134 
 1114      30353236 
 1115 0085 616E6368 		.ascii	"anch revision 211358] -mcpu=cortex-m0 -mthumb -g -O"
 1115      20726576 
 1115      6973696F 
 1115      6E203231 
 1115      31333538 
 1116 00b8 30202D66 		.ascii	"0 -ffunction-sections\000"
 1116      66756E63 
 1116      74696F6E 
 1116      2D736563 
 1116      74696F6E 
 1117              	.LASF21:
 1118 00ce 64657374 		.ascii	"dest\000"
 1118      00
 1119              	.LASF26:
 1120 00d3 73697A65 		.ascii	"size\000"
 1120      00
 1121              	.LASF17:
 1122 00d8 72656738 		.ascii	"reg8\000"
 1122      00
 1123              	.LASF6:
 1124 00dd 6C6F6E67 		.ascii	"long unsigned int\000"
 1124      20756E73 
 1124      69676E65 
 1124      6420696E 
 1124      7400
 1125              	.LASF12:
 1126 00ef 75696E74 		.ascii	"uint8\000"
 1126      3800
 1127              	.LASF19:
 1128 00f5 43594D45 		.ascii	"CYMEMZERO\000"
 1128      4D5A4552 
 1128      4F00
 1129              	.LASF2:
 1130 00ff 756E7369 		.ascii	"unsigned char\000"
 1130      676E6564 
 1130      20636861 
 1130      7200
 1131              	.LASF16:
 1132 010d 646F7562 		.ascii	"double\000"
 1132      6C6500
 1133              	.LASF32:
 1134 0114 63796669 		.ascii	"cyfitter_cfg\000"
 1134      74746572 
 1134      5F636667 
 1134      00
 1135              	.LASF13:
 1136 0121 75696E74 		.ascii	"uint16\000"
 1136      313600
 1137              	.LASF31:
 1138 0128 433A5C55 		.ascii	"C:\\Users\\11401393\\Documents\\PSoC Creator\\CE976"
 1138      73657273 
 1138      5C313134 
ARM GAS  C:\Users\11401393\AppData\Local\Temp\ccx8uRS6.s 			page 27


 1138      30313339 
 1138      335C446F 
 1139 0156 33342050 		.ascii	"34 PSoC 4 Breathing LED\\SCB_I2cCommSlave02.cydsn\000"
 1139      536F4320 
 1139      34204272 
 1139      65617468 
 1139      696E6720 
 1140              	.LASF14:
 1141 0187 75696E74 		.ascii	"uint32\000"
 1141      333200
 1142              	.LASF0:
 1143 018e 756E7369 		.ascii	"unsigned int\000"
 1143      676E6564 
 1143      20696E74 
 1143      00
 1144              	.LASF25:
 1145 019b 61646472 		.ascii	"address\000"
 1145      65737300 
 1146              	.LASF8:
 1147 01a3 6C6F6E67 		.ascii	"long long unsigned int\000"
 1147      206C6F6E 
 1147      6720756E 
 1147      7369676E 
 1147      65642069 
 1148              	.LASF27:
 1149 01ba 6366675F 		.ascii	"cfg_memset_t\000"
 1149      6D656D73 
 1149      65745F74 
 1149      00
 1150              	.LASF30:
 1151 01c7 2E5C4765 		.ascii	".\\Generated_Source\\PSoC4\\cyfitter_cfg.c\000"
 1151      6E657261 
 1151      7465645F 
 1151      536F7572 
 1151      63655C50 
 1152              	.LASF9:
 1153 01ef 73697A65 		.ascii	"sizetype\000"
 1153      74797065 
 1153      00
 1154              	.LASF7:
 1155 01f8 6C6F6E67 		.ascii	"long long int\000"
 1155      206C6F6E 
 1155      6720696E 
 1155      7400
 1156              	.LASF10:
 1157 0206 63686172 		.ascii	"char\000"
 1157      00
 1158              	.LASF3:
 1159 020b 73686F72 		.ascii	"short int\000"
 1159      7420696E 
 1159      7400
 1160              	.LASF5:
 1161 0215 6C6F6E67 		.ascii	"long int\000"
 1161      20696E74 
 1161      00
 1162              	.LASF1:
 1163 021e 7369676E 		.ascii	"signed char\000"
ARM GAS  C:\Users\11401393\AppData\Local\Temp\ccx8uRS6.s 			page 28


 1163      65642063 
 1163      68617200 
 1164              	.LASF22:
 1165 022a 4359434F 		.ascii	"CYCONFIGCPYCODE\000"
 1165      4E464947 
 1165      43505943 
 1165      4F444500 
 1166              	.LASF20:
 1167 023a 4359434F 		.ascii	"CYCONFIGCPY\000"
 1167      4E464947 
 1167      43505900 
 1168              		.ident	"GCC: (GNU Tools for ARM Embedded Processors) 4.8.4 20140526 (release) [ARM/embedded-4_8-br
