ARM GAS  C:\Users\11401393\AppData\Local\Temp\ccO2svSS.s 			page 1


   1              		.cpu cortex-m0
   2              		.fpu softvfp
   3              		.eabi_attribute 20, 1
   4              		.eabi_attribute 21, 1
   5              		.eabi_attribute 23, 3
   6              		.eabi_attribute 24, 1
   7              		.eabi_attribute 25, 1
   8              		.eabi_attribute 26, 1
   9              		.eabi_attribute 30, 6
  10              		.eabi_attribute 34, 0
  11              		.eabi_attribute 18, 4
  12              		.code	16
  13              		.file	"I2CS_I2C.c"
  14              		.text
  15              	.Ltext0:
  16              		.cfi_sections	.debug_frame
  17              		.comm	I2CS_state,1,1
  18              		.section	.text.I2CS_I2CInit,"ax",%progbits
  19              		.align	2
  20              		.global	I2CS_I2CInit
  21              		.code	16
  22              		.thumb_func
  23              		.type	I2CS_I2CInit, %function
  24              	I2CS_I2CInit:
  25              	.LFB1:
  26              		.file 1 ".\\Generated_Source\\PSoC4\\I2CS_I2C.c"
   1:.\Generated_Source\PSoC4/I2CS_I2C.c **** /*******************************************************************************
   2:.\Generated_Source\PSoC4/I2CS_I2C.c **** * File Name: I2CS_I2C.c
   3:.\Generated_Source\PSoC4/I2CS_I2C.c **** * Version 3.0
   4:.\Generated_Source\PSoC4/I2CS_I2C.c **** *
   5:.\Generated_Source\PSoC4/I2CS_I2C.c **** * Description:
   6:.\Generated_Source\PSoC4/I2CS_I2C.c **** *  This file provides the source code to the API for the SCB Component in
   7:.\Generated_Source\PSoC4/I2CS_I2C.c **** *  I2C mode.
   8:.\Generated_Source\PSoC4/I2CS_I2C.c **** *
   9:.\Generated_Source\PSoC4/I2CS_I2C.c **** * Note:
  10:.\Generated_Source\PSoC4/I2CS_I2C.c **** *
  11:.\Generated_Source\PSoC4/I2CS_I2C.c **** *******************************************************************************
  12:.\Generated_Source\PSoC4/I2CS_I2C.c **** * Copyright 2013-2015, Cypress Semiconductor Corporation.  All rights reserved.
  13:.\Generated_Source\PSoC4/I2CS_I2C.c **** * You may use this file only in accordance with the license, terms, conditions,
  14:.\Generated_Source\PSoC4/I2CS_I2C.c **** * disclaimers, and limitations in the end user license agreement accompanying
  15:.\Generated_Source\PSoC4/I2CS_I2C.c **** * the software package with which this file was provided.
  16:.\Generated_Source\PSoC4/I2CS_I2C.c **** *******************************************************************************/
  17:.\Generated_Source\PSoC4/I2CS_I2C.c **** 
  18:.\Generated_Source\PSoC4/I2CS_I2C.c **** #include "I2CS_PVT.h"
  19:.\Generated_Source\PSoC4/I2CS_I2C.c **** #include "I2CS_I2C_PVT.h"
  20:.\Generated_Source\PSoC4/I2CS_I2C.c **** 
  21:.\Generated_Source\PSoC4/I2CS_I2C.c **** 
  22:.\Generated_Source\PSoC4/I2CS_I2C.c **** /***************************************
  23:.\Generated_Source\PSoC4/I2CS_I2C.c **** *      I2C Private Vars
  24:.\Generated_Source\PSoC4/I2CS_I2C.c **** ***************************************/
  25:.\Generated_Source\PSoC4/I2CS_I2C.c **** 
  26:.\Generated_Source\PSoC4/I2CS_I2C.c **** volatile uint8 I2CS_state;  /* Current state of I2C FSM */
  27:.\Generated_Source\PSoC4/I2CS_I2C.c **** 
  28:.\Generated_Source\PSoC4/I2CS_I2C.c **** #if(I2CS_SCB_MODE_UNCONFIG_CONST_CFG)
  29:.\Generated_Source\PSoC4/I2CS_I2C.c **** 
  30:.\Generated_Source\PSoC4/I2CS_I2C.c ****     /***************************************
  31:.\Generated_Source\PSoC4/I2CS_I2C.c ****     *  Configuration Structure Initialization
ARM GAS  C:\Users\11401393\AppData\Local\Temp\ccO2svSS.s 			page 2


  32:.\Generated_Source\PSoC4/I2CS_I2C.c ****     ***************************************/
  33:.\Generated_Source\PSoC4/I2CS_I2C.c **** 
  34:.\Generated_Source\PSoC4/I2CS_I2C.c ****     /* Constant configuration of I2C */
  35:.\Generated_Source\PSoC4/I2CS_I2C.c ****     const I2CS_I2C_INIT_STRUCT I2CS_configI2C =
  36:.\Generated_Source\PSoC4/I2CS_I2C.c ****     {
  37:.\Generated_Source\PSoC4/I2CS_I2C.c ****         I2CS_I2C_MODE,
  38:.\Generated_Source\PSoC4/I2CS_I2C.c ****         I2CS_I2C_OVS_FACTOR_LOW,
  39:.\Generated_Source\PSoC4/I2CS_I2C.c ****         I2CS_I2C_OVS_FACTOR_HIGH,
  40:.\Generated_Source\PSoC4/I2CS_I2C.c ****         I2CS_I2C_MEDIAN_FILTER_ENABLE,
  41:.\Generated_Source\PSoC4/I2CS_I2C.c ****         I2CS_I2C_SLAVE_ADDRESS,
  42:.\Generated_Source\PSoC4/I2CS_I2C.c ****         I2CS_I2C_SLAVE_ADDRESS_MASK,
  43:.\Generated_Source\PSoC4/I2CS_I2C.c ****         I2CS_I2C_ACCEPT_ADDRESS,
  44:.\Generated_Source\PSoC4/I2CS_I2C.c ****         I2CS_I2C_WAKE_ENABLE,
  45:.\Generated_Source\PSoC4/I2CS_I2C.c ****         I2CS_I2C_BYTE_MODE_ENABLE,
  46:.\Generated_Source\PSoC4/I2CS_I2C.c ****         I2CS_I2C_DATA_RATE,
  47:.\Generated_Source\PSoC4/I2CS_I2C.c ****         I2CS_I2C_ACCEPT_GENERAL_CALL,
  48:.\Generated_Source\PSoC4/I2CS_I2C.c ****     };
  49:.\Generated_Source\PSoC4/I2CS_I2C.c **** 
  50:.\Generated_Source\PSoC4/I2CS_I2C.c ****     /*******************************************************************************
  51:.\Generated_Source\PSoC4/I2CS_I2C.c ****     * Function Name: I2CS_I2CInit
  52:.\Generated_Source\PSoC4/I2CS_I2C.c ****     ********************************************************************************
  53:.\Generated_Source\PSoC4/I2CS_I2C.c ****     *
  54:.\Generated_Source\PSoC4/I2CS_I2C.c ****     * Summary:
  55:.\Generated_Source\PSoC4/I2CS_I2C.c ****     *  Configures the SCB for I2C operation.
  56:.\Generated_Source\PSoC4/I2CS_I2C.c ****     *
  57:.\Generated_Source\PSoC4/I2CS_I2C.c ****     * Parameters:
  58:.\Generated_Source\PSoC4/I2CS_I2C.c ****     *  config:  Pointer to a structure that contains the following ordered list of
  59:.\Generated_Source\PSoC4/I2CS_I2C.c ****     *           fields. These fields match the selections available in the
  60:.\Generated_Source\PSoC4/I2CS_I2C.c ****     *           customizer.
  61:.\Generated_Source\PSoC4/I2CS_I2C.c ****     *
  62:.\Generated_Source\PSoC4/I2CS_I2C.c ****     * Return:
  63:.\Generated_Source\PSoC4/I2CS_I2C.c ****     *  None
  64:.\Generated_Source\PSoC4/I2CS_I2C.c ****     *
  65:.\Generated_Source\PSoC4/I2CS_I2C.c ****     *******************************************************************************/
  66:.\Generated_Source\PSoC4/I2CS_I2C.c ****     void I2CS_I2CInit(const I2CS_I2C_INIT_STRUCT *config)
  67:.\Generated_Source\PSoC4/I2CS_I2C.c ****     {
  68:.\Generated_Source\PSoC4/I2CS_I2C.c ****         uint32 medianFilter;
  69:.\Generated_Source\PSoC4/I2CS_I2C.c ****         uint32 locEnableWake;
  70:.\Generated_Source\PSoC4/I2CS_I2C.c **** 
  71:.\Generated_Source\PSoC4/I2CS_I2C.c ****         if(NULL == config)
  72:.\Generated_Source\PSoC4/I2CS_I2C.c ****         {
  73:.\Generated_Source\PSoC4/I2CS_I2C.c ****             CYASSERT(0u != 0u); /* Halt execution due to bad function parameter */
  74:.\Generated_Source\PSoC4/I2CS_I2C.c ****         }
  75:.\Generated_Source\PSoC4/I2CS_I2C.c ****         else
  76:.\Generated_Source\PSoC4/I2CS_I2C.c ****         {
  77:.\Generated_Source\PSoC4/I2CS_I2C.c ****             /* Configure pins */
  78:.\Generated_Source\PSoC4/I2CS_I2C.c ****             I2CS_SetPins(I2CS_SCB_MODE_I2C, I2CS_DUMMY_PARAM,
  79:.\Generated_Source\PSoC4/I2CS_I2C.c ****                                      I2CS_DUMMY_PARAM);
  80:.\Generated_Source\PSoC4/I2CS_I2C.c **** 
  81:.\Generated_Source\PSoC4/I2CS_I2C.c ****             /* Store internal configuration */
  82:.\Generated_Source\PSoC4/I2CS_I2C.c ****             I2CS_scbMode       = (uint8) I2CS_SCB_MODE_I2C;
  83:.\Generated_Source\PSoC4/I2CS_I2C.c ****             I2CS_scbEnableWake = (uint8) config->enableWake;
  84:.\Generated_Source\PSoC4/I2CS_I2C.c ****             I2CS_scbEnableIntr = (uint8) I2CS_SCB_IRQ_INTERNAL;
  85:.\Generated_Source\PSoC4/I2CS_I2C.c **** 
  86:.\Generated_Source\PSoC4/I2CS_I2C.c ****             I2CS_mode          = (uint8) config->mode;
  87:.\Generated_Source\PSoC4/I2CS_I2C.c ****             I2CS_acceptAddr    = (uint8) config->acceptAddr;
  88:.\Generated_Source\PSoC4/I2CS_I2C.c **** 
ARM GAS  C:\Users\11401393\AppData\Local\Temp\ccO2svSS.s 			page 3


  89:.\Generated_Source\PSoC4/I2CS_I2C.c ****         #if (I2CS_CY_SCBIP_V0)
  90:.\Generated_Source\PSoC4/I2CS_I2C.c ****             /* Adjust SDA filter settings. Ticket ID#150521 */
  91:.\Generated_Source\PSoC4/I2CS_I2C.c ****             I2CS_SET_I2C_CFG_SDA_FILT_TRIM(I2CS_EC_AM_I2C_CFG_SDA_FILT_TRIM);
  92:.\Generated_Source\PSoC4/I2CS_I2C.c ****         #endif /* (I2CS_CY_SCBIP_V0) */
  93:.\Generated_Source\PSoC4/I2CS_I2C.c **** 
  94:.\Generated_Source\PSoC4/I2CS_I2C.c ****             /* Adjust AF and DF filter settings. Ticket ID#176179 */
  95:.\Generated_Source\PSoC4/I2CS_I2C.c ****             if (((I2CS_I2C_MODE_SLAVE != config->mode) &&
  96:.\Generated_Source\PSoC4/I2CS_I2C.c ****                  (config->dataRate <= I2CS_I2C_DATA_RATE_FS_MODE_MAX)) ||
  97:.\Generated_Source\PSoC4/I2CS_I2C.c ****                  (I2CS_I2C_MODE_SLAVE == config->mode))
  98:.\Generated_Source\PSoC4/I2CS_I2C.c ****             {
  99:.\Generated_Source\PSoC4/I2CS_I2C.c ****                 /* AF = 1, DF = 0 */
 100:.\Generated_Source\PSoC4/I2CS_I2C.c ****                 I2CS_I2C_CFG_ANALOG_FITER_ENABLE;
 101:.\Generated_Source\PSoC4/I2CS_I2C.c ****                 medianFilter = I2CS_DIGITAL_FILTER_DISABLE;
 102:.\Generated_Source\PSoC4/I2CS_I2C.c ****             }
 103:.\Generated_Source\PSoC4/I2CS_I2C.c ****             else
 104:.\Generated_Source\PSoC4/I2CS_I2C.c ****             {
 105:.\Generated_Source\PSoC4/I2CS_I2C.c ****                 /* AF = 0, DF = 1 */
 106:.\Generated_Source\PSoC4/I2CS_I2C.c ****                 I2CS_I2C_CFG_ANALOG_FITER_DISABLE;
 107:.\Generated_Source\PSoC4/I2CS_I2C.c ****                 medianFilter = I2CS_DIGITAL_FILTER_ENABLE;
 108:.\Generated_Source\PSoC4/I2CS_I2C.c ****             }
 109:.\Generated_Source\PSoC4/I2CS_I2C.c **** 
 110:.\Generated_Source\PSoC4/I2CS_I2C.c ****         #if (!I2CS_CY_SCBIP_V0)
 111:.\Generated_Source\PSoC4/I2CS_I2C.c ****             locEnableWake = (I2CS_I2C_MULTI_MASTER_SLAVE) ? (0u) : (config->enableWake);
 112:.\Generated_Source\PSoC4/I2CS_I2C.c ****         #else
 113:.\Generated_Source\PSoC4/I2CS_I2C.c ****             locEnableWake = config->enableWake;
 114:.\Generated_Source\PSoC4/I2CS_I2C.c ****         #endif /* (!I2CS_CY_SCBIP_V0) */
 115:.\Generated_Source\PSoC4/I2CS_I2C.c **** 
 116:.\Generated_Source\PSoC4/I2CS_I2C.c ****             /* Configure I2C interface */
 117:.\Generated_Source\PSoC4/I2CS_I2C.c ****             I2CS_CTRL_REG     = I2CS_GET_CTRL_BYTE_MODE  (config->enableByteMode) |
 118:.\Generated_Source\PSoC4/I2CS_I2C.c ****                                             I2CS_GET_CTRL_ADDR_ACCEPT(config->acceptAddr)     |
 119:.\Generated_Source\PSoC4/I2CS_I2C.c ****                                             I2CS_GET_CTRL_EC_AM_MODE (locEnableWake);
 120:.\Generated_Source\PSoC4/I2CS_I2C.c **** 
 121:.\Generated_Source\PSoC4/I2CS_I2C.c ****             I2CS_I2C_CTRL_REG = I2CS_GET_I2C_CTRL_HIGH_PHASE_OVS(config->oversampleHigh) |
 122:.\Generated_Source\PSoC4/I2CS_I2C.c ****                     I2CS_GET_I2C_CTRL_LOW_PHASE_OVS (config->oversampleLow)                        
 123:.\Generated_Source\PSoC4/I2CS_I2C.c ****                     I2CS_GET_I2C_CTRL_S_GENERAL_IGNORE((uint32)(0u == config->acceptGeneralAddr))  
 124:.\Generated_Source\PSoC4/I2CS_I2C.c ****                     I2CS_GET_I2C_CTRL_SL_MSTR_MODE  (config->mode);
 125:.\Generated_Source\PSoC4/I2CS_I2C.c **** 
 126:.\Generated_Source\PSoC4/I2CS_I2C.c ****             /* Configure RX direction */
 127:.\Generated_Source\PSoC4/I2CS_I2C.c ****             I2CS_RX_CTRL_REG      = I2CS_GET_RX_CTRL_MEDIAN(medianFilter) |
 128:.\Generated_Source\PSoC4/I2CS_I2C.c ****                                                 I2CS_I2C_RX_CTRL;
 129:.\Generated_Source\PSoC4/I2CS_I2C.c ****             I2CS_RX_FIFO_CTRL_REG = I2CS_CLEAR_REG;
 130:.\Generated_Source\PSoC4/I2CS_I2C.c **** 
 131:.\Generated_Source\PSoC4/I2CS_I2C.c ****             /* Set default address and mask */
 132:.\Generated_Source\PSoC4/I2CS_I2C.c ****             I2CS_RX_MATCH_REG    = ((I2CS_I2C_SLAVE) ?
 133:.\Generated_Source\PSoC4/I2CS_I2C.c ****                                                 (I2CS_GET_I2C_8BIT_ADDRESS(config->slaveAddr) |
 134:.\Generated_Source\PSoC4/I2CS_I2C.c ****                                                  I2CS_GET_RX_MATCH_MASK(config->slaveAddrMask)) :
 135:.\Generated_Source\PSoC4/I2CS_I2C.c ****                                                 (I2CS_CLEAR_REG));
 136:.\Generated_Source\PSoC4/I2CS_I2C.c **** 
 137:.\Generated_Source\PSoC4/I2CS_I2C.c **** 
 138:.\Generated_Source\PSoC4/I2CS_I2C.c ****             /* Configure TX direction */
 139:.\Generated_Source\PSoC4/I2CS_I2C.c ****             I2CS_TX_CTRL_REG      = I2CS_I2C_TX_CTRL;
 140:.\Generated_Source\PSoC4/I2CS_I2C.c ****             I2CS_TX_FIFO_CTRL_REG = I2CS_CLEAR_REG;
 141:.\Generated_Source\PSoC4/I2CS_I2C.c **** 
 142:.\Generated_Source\PSoC4/I2CS_I2C.c ****             /* Configure interrupt with I2C handler but do not enable it */
 143:.\Generated_Source\PSoC4/I2CS_I2C.c ****             CyIntDisable    (I2CS_ISR_NUMBER);
 144:.\Generated_Source\PSoC4/I2CS_I2C.c ****             CyIntSetPriority(I2CS_ISR_NUMBER, I2CS_ISR_PRIORITY);
 145:.\Generated_Source\PSoC4/I2CS_I2C.c ****             (void) CyIntSetVector(I2CS_ISR_NUMBER, &I2CS_I2C_ISR);
ARM GAS  C:\Users\11401393\AppData\Local\Temp\ccO2svSS.s 			page 4


 146:.\Generated_Source\PSoC4/I2CS_I2C.c **** 
 147:.\Generated_Source\PSoC4/I2CS_I2C.c ****             /* Configure interrupt sources */
 148:.\Generated_Source\PSoC4/I2CS_I2C.c ****         #if(!I2CS_CY_SCBIP_V1)
 149:.\Generated_Source\PSoC4/I2CS_I2C.c ****             I2CS_INTR_SPI_EC_MASK_REG = I2CS_NO_INTR_SOURCES;
 150:.\Generated_Source\PSoC4/I2CS_I2C.c ****         #endif /* (!I2CS_CY_SCBIP_V1) */
 151:.\Generated_Source\PSoC4/I2CS_I2C.c **** 
 152:.\Generated_Source\PSoC4/I2CS_I2C.c ****             I2CS_INTR_I2C_EC_MASK_REG = I2CS_NO_INTR_SOURCES;
 153:.\Generated_Source\PSoC4/I2CS_I2C.c ****             I2CS_INTR_RX_MASK_REG     = I2CS_NO_INTR_SOURCES;
 154:.\Generated_Source\PSoC4/I2CS_I2C.c ****             I2CS_INTR_TX_MASK_REG     = I2CS_NO_INTR_SOURCES;
 155:.\Generated_Source\PSoC4/I2CS_I2C.c **** 
 156:.\Generated_Source\PSoC4/I2CS_I2C.c ****             I2CS_INTR_SLAVE_MASK_REG  = ((I2CS_I2C_SLAVE) ?
 157:.\Generated_Source\PSoC4/I2CS_I2C.c ****                             (I2CS_GET_INTR_SLAVE_I2C_GENERAL(config->acceptGeneralAddr) |
 158:.\Generated_Source\PSoC4/I2CS_I2C.c ****                              I2CS_I2C_INTR_SLAVE_MASK) : (I2CS_CLEAR_REG));
 159:.\Generated_Source\PSoC4/I2CS_I2C.c **** 
 160:.\Generated_Source\PSoC4/I2CS_I2C.c ****             I2CS_INTR_MASTER_MASK_REG = ((I2CS_I2C_MASTER) ?
 161:.\Generated_Source\PSoC4/I2CS_I2C.c ****                                                      (I2CS_I2C_INTR_MASTER_MASK) :
 162:.\Generated_Source\PSoC4/I2CS_I2C.c ****                                                      (I2CS_CLEAR_REG));
 163:.\Generated_Source\PSoC4/I2CS_I2C.c **** 
 164:.\Generated_Source\PSoC4/I2CS_I2C.c ****             /* Configure global variables */
 165:.\Generated_Source\PSoC4/I2CS_I2C.c ****             I2CS_state = I2CS_I2C_FSM_IDLE;
 166:.\Generated_Source\PSoC4/I2CS_I2C.c **** 
 167:.\Generated_Source\PSoC4/I2CS_I2C.c ****             /* Internal slave variables */
 168:.\Generated_Source\PSoC4/I2CS_I2C.c ****             I2CS_slStatus        = 0u;
 169:.\Generated_Source\PSoC4/I2CS_I2C.c ****             I2CS_slRdBufIndex    = 0u;
 170:.\Generated_Source\PSoC4/I2CS_I2C.c ****             I2CS_slWrBufIndex    = 0u;
 171:.\Generated_Source\PSoC4/I2CS_I2C.c ****             I2CS_slOverFlowCount = 0u;
 172:.\Generated_Source\PSoC4/I2CS_I2C.c **** 
 173:.\Generated_Source\PSoC4/I2CS_I2C.c ****             /* Internal master variables */
 174:.\Generated_Source\PSoC4/I2CS_I2C.c ****             I2CS_mstrStatus     = 0u;
 175:.\Generated_Source\PSoC4/I2CS_I2C.c ****             I2CS_mstrRdBufIndex = 0u;
 176:.\Generated_Source\PSoC4/I2CS_I2C.c ****             I2CS_mstrWrBufIndex = 0u;
 177:.\Generated_Source\PSoC4/I2CS_I2C.c ****         }
 178:.\Generated_Source\PSoC4/I2CS_I2C.c ****     }
 179:.\Generated_Source\PSoC4/I2CS_I2C.c **** 
 180:.\Generated_Source\PSoC4/I2CS_I2C.c **** #else
 181:.\Generated_Source\PSoC4/I2CS_I2C.c **** 
 182:.\Generated_Source\PSoC4/I2CS_I2C.c ****     /*******************************************************************************
 183:.\Generated_Source\PSoC4/I2CS_I2C.c ****     * Function Name: I2CS_I2CInit
 184:.\Generated_Source\PSoC4/I2CS_I2C.c ****     ********************************************************************************
 185:.\Generated_Source\PSoC4/I2CS_I2C.c ****     *
 186:.\Generated_Source\PSoC4/I2CS_I2C.c ****     * Summary:
 187:.\Generated_Source\PSoC4/I2CS_I2C.c ****     *  Configures the SCB for the I2C operation.
 188:.\Generated_Source\PSoC4/I2CS_I2C.c ****     *
 189:.\Generated_Source\PSoC4/I2CS_I2C.c ****     * Parameters:
 190:.\Generated_Source\PSoC4/I2CS_I2C.c ****     *  None
 191:.\Generated_Source\PSoC4/I2CS_I2C.c ****     *
 192:.\Generated_Source\PSoC4/I2CS_I2C.c ****     * Return:
 193:.\Generated_Source\PSoC4/I2CS_I2C.c ****     *  None
 194:.\Generated_Source\PSoC4/I2CS_I2C.c ****     *
 195:.\Generated_Source\PSoC4/I2CS_I2C.c ****     *******************************************************************************/
 196:.\Generated_Source\PSoC4/I2CS_I2C.c ****     void I2CS_I2CInit(void)
 197:.\Generated_Source\PSoC4/I2CS_I2C.c ****     {
  27              		.loc 1 197 0
  28              		.cfi_startproc
  29 0000 80B5     		push	{r7, lr}
  30              		.cfi_def_cfa_offset 8
  31              		.cfi_offset 7, -8
ARM GAS  C:\Users\11401393\AppData\Local\Temp\ccO2svSS.s 			page 5


  32              		.cfi_offset 14, -4
  33 0002 00AF     		add	r7, sp, #0
  34              		.cfi_def_cfa_register 7
 198:.\Generated_Source\PSoC4/I2CS_I2C.c ****     #if(I2CS_CY_SCBIP_V0)
 199:.\Generated_Source\PSoC4/I2CS_I2C.c ****         /* Adjust SDA filter settings. Ticket ID#150521 */
 200:.\Generated_Source\PSoC4/I2CS_I2C.c ****         I2CS_SET_I2C_CFG_SDA_FILT_TRIM(I2CS_EC_AM_I2C_CFG_SDA_FILT_TRIM);
 201:.\Generated_Source\PSoC4/I2CS_I2C.c ****     #endif /* (I2CS_CY_SCBIP_V0) */
 202:.\Generated_Source\PSoC4/I2CS_I2C.c **** 
 203:.\Generated_Source\PSoC4/I2CS_I2C.c ****         /* Adjust AF and DF filter settings. Ticket ID#176179 */
 204:.\Generated_Source\PSoC4/I2CS_I2C.c ****         I2CS_I2C_CFG_ANALOG_FITER_ENABLE_ADJ;
 205:.\Generated_Source\PSoC4/I2CS_I2C.c **** 
 206:.\Generated_Source\PSoC4/I2CS_I2C.c ****         /* Configure I2C interface */
 207:.\Generated_Source\PSoC4/I2CS_I2C.c ****         I2CS_CTRL_REG     = I2CS_I2C_DEFAULT_CTRL;
  35              		.loc 1 207 0
  36 0004 224B     		ldr	r3, .L2
  37 0006 0022     		mov	r2, #0
  38 0008 1A60     		str	r2, [r3]
 208:.\Generated_Source\PSoC4/I2CS_I2C.c ****         I2CS_I2C_CTRL_REG = I2CS_I2C_DEFAULT_I2C_CTRL;
  39              		.loc 1 208 0
  40 000a 224B     		ldr	r3, .L2+4
  41 000c 224A     		ldr	r2, .L2+8
  42 000e 1A60     		str	r2, [r3]
 209:.\Generated_Source\PSoC4/I2CS_I2C.c **** 
 210:.\Generated_Source\PSoC4/I2CS_I2C.c ****         /* Configure RX direction */
 211:.\Generated_Source\PSoC4/I2CS_I2C.c ****         I2CS_RX_CTRL_REG      = I2CS_I2C_DEFAULT_RX_CTRL;
  43              		.loc 1 211 0
  44 0010 224B     		ldr	r3, .L2+12
  45 0012 234A     		ldr	r2, .L2+16
  46 0014 1A60     		str	r2, [r3]
 212:.\Generated_Source\PSoC4/I2CS_I2C.c ****         I2CS_RX_FIFO_CTRL_REG = I2CS_I2C_DEFAULT_RX_FIFO_CTRL;
  47              		.loc 1 212 0
  48 0016 234B     		ldr	r3, .L2+20
  49 0018 0022     		mov	r2, #0
  50 001a 1A60     		str	r2, [r3]
 213:.\Generated_Source\PSoC4/I2CS_I2C.c **** 
 214:.\Generated_Source\PSoC4/I2CS_I2C.c ****         /* Set default address and mask */
 215:.\Generated_Source\PSoC4/I2CS_I2C.c ****         I2CS_RX_MATCH_REG     = I2CS_I2C_DEFAULT_RX_MATCH;
  51              		.loc 1 215 0
  52 001c 224B     		ldr	r3, .L2+24
  53 001e 234A     		ldr	r2, .L2+28
  54 0020 1A60     		str	r2, [r3]
 216:.\Generated_Source\PSoC4/I2CS_I2C.c **** 
 217:.\Generated_Source\PSoC4/I2CS_I2C.c ****         /* Configure TX direction */
 218:.\Generated_Source\PSoC4/I2CS_I2C.c ****         I2CS_TX_CTRL_REG      = I2CS_I2C_DEFAULT_TX_CTRL;
  55              		.loc 1 218 0
  56 0022 234B     		ldr	r3, .L2+32
  57 0024 1E4A     		ldr	r2, .L2+16
  58 0026 1A60     		str	r2, [r3]
 219:.\Generated_Source\PSoC4/I2CS_I2C.c ****         I2CS_TX_FIFO_CTRL_REG = I2CS_I2C_DEFAULT_TX_FIFO_CTRL;
  59              		.loc 1 219 0
  60 0028 224B     		ldr	r3, .L2+36
  61 002a 0022     		mov	r2, #0
  62 002c 1A60     		str	r2, [r3]
 220:.\Generated_Source\PSoC4/I2CS_I2C.c **** 
 221:.\Generated_Source\PSoC4/I2CS_I2C.c ****         /* Configure interrupt with I2C handler but do not enable it */
 222:.\Generated_Source\PSoC4/I2CS_I2C.c ****         CyIntDisable    (I2CS_ISR_NUMBER);
  63              		.loc 1 222 0
ARM GAS  C:\Users\11401393\AppData\Local\Temp\ccO2svSS.s 			page 6


  64 002e 0820     		mov	r0, #8
  65 0030 FFF7FEFF 		bl	CyIntDisable
 223:.\Generated_Source\PSoC4/I2CS_I2C.c ****         CyIntSetPriority(I2CS_ISR_NUMBER, I2CS_ISR_PRIORITY);
  66              		.loc 1 223 0
  67 0034 0820     		mov	r0, #8
  68 0036 0321     		mov	r1, #3
  69 0038 FFF7FEFF 		bl	CyIntSetPriority
 224:.\Generated_Source\PSoC4/I2CS_I2C.c ****     #if(!I2CS_I2C_EXTERN_INTR_HANDLER)
 225:.\Generated_Source\PSoC4/I2CS_I2C.c ****         (void) CyIntSetVector(I2CS_ISR_NUMBER, &I2CS_I2C_ISR);
  70              		.loc 1 225 0
  71 003c 1E4B     		ldr	r3, .L2+40
  72 003e 0820     		mov	r0, #8
  73 0040 191C     		mov	r1, r3
  74 0042 FFF7FEFF 		bl	CyIntSetVector
 226:.\Generated_Source\PSoC4/I2CS_I2C.c ****     #endif /* (I2CS_I2C_EXTERN_INTR_HANDLER) */
 227:.\Generated_Source\PSoC4/I2CS_I2C.c **** 
 228:.\Generated_Source\PSoC4/I2CS_I2C.c ****         /* Configure interrupt sources */
 229:.\Generated_Source\PSoC4/I2CS_I2C.c ****     #if(!I2CS_CY_SCBIP_V1)
 230:.\Generated_Source\PSoC4/I2CS_I2C.c ****         I2CS_INTR_SPI_EC_MASK_REG = I2CS_I2C_DEFAULT_INTR_SPI_EC_MASK;
  75              		.loc 1 230 0
  76 0046 1D4B     		ldr	r3, .L2+44
  77 0048 0022     		mov	r2, #0
  78 004a 1A60     		str	r2, [r3]
 231:.\Generated_Source\PSoC4/I2CS_I2C.c ****     #endif /* (!I2CS_CY_SCBIP_V1) */
 232:.\Generated_Source\PSoC4/I2CS_I2C.c **** 
 233:.\Generated_Source\PSoC4/I2CS_I2C.c ****         I2CS_INTR_I2C_EC_MASK_REG = I2CS_I2C_DEFAULT_INTR_I2C_EC_MASK;
  79              		.loc 1 233 0
  80 004c 1C4B     		ldr	r3, .L2+48
  81 004e 0022     		mov	r2, #0
  82 0050 1A60     		str	r2, [r3]
 234:.\Generated_Source\PSoC4/I2CS_I2C.c ****         I2CS_INTR_SLAVE_MASK_REG  = I2CS_I2C_DEFAULT_INTR_SLAVE_MASK;
  83              		.loc 1 234 0
  84 0052 1C4B     		ldr	r3, .L2+52
  85 0054 4C22     		mov	r2, #76
  86 0056 FF32     		add	r2, r2, #255
  87 0058 1A60     		str	r2, [r3]
 235:.\Generated_Source\PSoC4/I2CS_I2C.c ****         I2CS_INTR_MASTER_MASK_REG = I2CS_I2C_DEFAULT_INTR_MASTER_MASK;
  88              		.loc 1 235 0
  89 005a 1B4B     		ldr	r3, .L2+56
  90 005c 0022     		mov	r2, #0
  91 005e 1A60     		str	r2, [r3]
 236:.\Generated_Source\PSoC4/I2CS_I2C.c ****         I2CS_INTR_RX_MASK_REG     = I2CS_I2C_DEFAULT_INTR_RX_MASK;
  92              		.loc 1 236 0
  93 0060 1A4B     		ldr	r3, .L2+60
  94 0062 0022     		mov	r2, #0
  95 0064 1A60     		str	r2, [r3]
 237:.\Generated_Source\PSoC4/I2CS_I2C.c ****         I2CS_INTR_TX_MASK_REG     = I2CS_I2C_DEFAULT_INTR_TX_MASK;
  96              		.loc 1 237 0
  97 0066 1A4B     		ldr	r3, .L2+64
  98 0068 0022     		mov	r2, #0
  99 006a 1A60     		str	r2, [r3]
 238:.\Generated_Source\PSoC4/I2CS_I2C.c **** 
 239:.\Generated_Source\PSoC4/I2CS_I2C.c ****         /* Configure global variables */
 240:.\Generated_Source\PSoC4/I2CS_I2C.c ****         I2CS_state = I2CS_I2C_FSM_IDLE;
 100              		.loc 1 240 0
 101 006c 194B     		ldr	r3, .L2+68
 102 006e 1022     		mov	r2, #16
ARM GAS  C:\Users\11401393\AppData\Local\Temp\ccO2svSS.s 			page 7


 103 0070 1A70     		strb	r2, [r3]
 241:.\Generated_Source\PSoC4/I2CS_I2C.c **** 
 242:.\Generated_Source\PSoC4/I2CS_I2C.c ****     #if(I2CS_I2C_SLAVE)
 243:.\Generated_Source\PSoC4/I2CS_I2C.c ****         /* Internal slave variable */
 244:.\Generated_Source\PSoC4/I2CS_I2C.c ****         I2CS_slStatus        = 0u;
 104              		.loc 1 244 0
 105 0072 194B     		ldr	r3, .L2+72
 106 0074 0022     		mov	r2, #0
 107 0076 1A70     		strb	r2, [r3]
 245:.\Generated_Source\PSoC4/I2CS_I2C.c ****         I2CS_slRdBufIndex    = 0u;
 108              		.loc 1 245 0
 109 0078 184B     		ldr	r3, .L2+76
 110 007a 0022     		mov	r2, #0
 111 007c 1A60     		str	r2, [r3]
 246:.\Generated_Source\PSoC4/I2CS_I2C.c ****         I2CS_slWrBufIndex    = 0u;
 112              		.loc 1 246 0
 113 007e 184B     		ldr	r3, .L2+80
 114 0080 0022     		mov	r2, #0
 115 0082 1A60     		str	r2, [r3]
 247:.\Generated_Source\PSoC4/I2CS_I2C.c ****         I2CS_slOverFlowCount = 0u;
 116              		.loc 1 247 0
 117 0084 174B     		ldr	r3, .L2+84
 118 0086 0022     		mov	r2, #0
 119 0088 1A70     		strb	r2, [r3]
 248:.\Generated_Source\PSoC4/I2CS_I2C.c ****     #endif /* (I2CS_I2C_SLAVE) */
 249:.\Generated_Source\PSoC4/I2CS_I2C.c **** 
 250:.\Generated_Source\PSoC4/I2CS_I2C.c ****     #if(I2CS_I2C_MASTER)
 251:.\Generated_Source\PSoC4/I2CS_I2C.c ****     /* Internal master variable */
 252:.\Generated_Source\PSoC4/I2CS_I2C.c ****         I2CS_mstrStatus     = 0u;
 253:.\Generated_Source\PSoC4/I2CS_I2C.c ****         I2CS_mstrRdBufIndex = 0u;
 254:.\Generated_Source\PSoC4/I2CS_I2C.c ****         I2CS_mstrWrBufIndex = 0u;
 255:.\Generated_Source\PSoC4/I2CS_I2C.c ****     #endif /* (I2CS_I2C_MASTER) */
 256:.\Generated_Source\PSoC4/I2CS_I2C.c ****     }
 120              		.loc 1 256 0
 121 008a BD46     		mov	sp, r7
 122              		@ sp needed
 123 008c 80BD     		pop	{r7, pc}
 124              	.L3:
 125 008e C046     		.align	2
 126              	.L2:
 127 0090 00002440 		.word	1076101120
 128 0094 60002440 		.word	1076101216
 129 0098 77080040 		.word	1073743991
 130 009c 00032440 		.word	1076101888
 131 00a0 07010080 		.word	-2147483385
 132 00a4 04032440 		.word	1076101892
 133 00a8 10032440 		.word	1076101904
 134 00ac 1000FE00 		.word	16646160
 135 00b0 00022440 		.word	1076101632
 136 00b4 04022440 		.word	1076101636
 137 00b8 00000000 		.word	I2CS_I2C_ISR
 138 00bc C80E2440 		.word	1076104904
 139 00c0 880E2440 		.word	1076104840
 140 00c4 480F2440 		.word	1076105032
 141 00c8 080F2440 		.word	1076104968
 142 00cc C80F2440 		.word	1076105160
 143 00d0 880F2440 		.word	1076105096
ARM GAS  C:\Users\11401393\AppData\Local\Temp\ccO2svSS.s 			page 8


 144 00d4 00000000 		.word	I2CS_state
 145 00d8 00000000 		.word	I2CS_slStatus
 146 00dc 00000000 		.word	I2CS_slRdBufIndex
 147 00e0 00000000 		.word	I2CS_slWrBufIndex
 148 00e4 00000000 		.word	I2CS_slOverFlowCount
 149              		.cfi_endproc
 150              	.LFE1:
 151              		.size	I2CS_I2CInit, .-I2CS_I2CInit
 152              		.section	.text.I2CS_I2CStop,"ax",%progbits
 153              		.align	2
 154              		.global	I2CS_I2CStop
 155              		.code	16
 156              		.thumb_func
 157              		.type	I2CS_I2CStop, %function
 158              	I2CS_I2CStop:
 159              	.LFB2:
 257:.\Generated_Source\PSoC4/I2CS_I2C.c **** #endif /* (I2CS_SCB_MODE_UNCONFIG_CONST_CFG) */
 258:.\Generated_Source\PSoC4/I2CS_I2C.c **** 
 259:.\Generated_Source\PSoC4/I2CS_I2C.c **** 
 260:.\Generated_Source\PSoC4/I2CS_I2C.c **** /*******************************************************************************
 261:.\Generated_Source\PSoC4/I2CS_I2C.c **** * Function Name: I2CS_I2CStop
 262:.\Generated_Source\PSoC4/I2CS_I2C.c **** ********************************************************************************
 263:.\Generated_Source\PSoC4/I2CS_I2C.c **** *
 264:.\Generated_Source\PSoC4/I2CS_I2C.c **** * Summary:
 265:.\Generated_Source\PSoC4/I2CS_I2C.c **** *  Resets the I2C FSM into the default state.
 266:.\Generated_Source\PSoC4/I2CS_I2C.c **** *
 267:.\Generated_Source\PSoC4/I2CS_I2C.c **** * Parameters:
 268:.\Generated_Source\PSoC4/I2CS_I2C.c **** *  None
 269:.\Generated_Source\PSoC4/I2CS_I2C.c **** *
 270:.\Generated_Source\PSoC4/I2CS_I2C.c **** * Return:
 271:.\Generated_Source\PSoC4/I2CS_I2C.c **** *  None
 272:.\Generated_Source\PSoC4/I2CS_I2C.c **** *
 273:.\Generated_Source\PSoC4/I2CS_I2C.c **** *******************************************************************************/
 274:.\Generated_Source\PSoC4/I2CS_I2C.c **** void I2CS_I2CStop(void)
 275:.\Generated_Source\PSoC4/I2CS_I2C.c **** {
 160              		.loc 1 275 0
 161              		.cfi_startproc
 162 0000 80B5     		push	{r7, lr}
 163              		.cfi_def_cfa_offset 8
 164              		.cfi_offset 7, -8
 165              		.cfi_offset 14, -4
 166 0002 00AF     		add	r7, sp, #0
 167              		.cfi_def_cfa_register 7
 276:.\Generated_Source\PSoC4/I2CS_I2C.c ****     I2CS_state = I2CS_I2C_FSM_IDLE;
 168              		.loc 1 276 0
 169 0004 024B     		ldr	r3, .L5
 170 0006 1022     		mov	r2, #16
 171 0008 1A70     		strb	r2, [r3]
 277:.\Generated_Source\PSoC4/I2CS_I2C.c **** }
 172              		.loc 1 277 0
 173 000a BD46     		mov	sp, r7
 174              		@ sp needed
 175 000c 80BD     		pop	{r7, pc}
 176              	.L6:
 177 000e C046     		.align	2
 178              	.L5:
 179 0010 00000000 		.word	I2CS_state
ARM GAS  C:\Users\11401393\AppData\Local\Temp\ccO2svSS.s 			page 9


 180              		.cfi_endproc
 181              	.LFE2:
 182              		.size	I2CS_I2CStop, .-I2CS_I2CStop
 183              		.text
 184              	.Letext0:
 185              		.file 2 "Generated_Source\\PSoC4/cytypes.h"
 186              		.file 3 ".\\Generated_Source\\PSoC4\\I2CS_I2C_PVT.h"
 187              		.section	.debug_info,"",%progbits
 188              	.Ldebug_info0:
 189 0000 10010000 		.4byte	0x110
 190 0004 0400     		.2byte	0x4
 191 0006 00000000 		.4byte	.Ldebug_abbrev0
 192 000a 04       		.byte	0x4
 193 000b 01       		.uleb128 0x1
 194 000c 7A000000 		.4byte	.LASF23
 195 0010 01       		.byte	0x1
 196 0011 82010000 		.4byte	.LASF24
 197 0015 B3010000 		.4byte	.LASF25
 198 0019 00000000 		.4byte	.Ldebug_ranges0+0
 199 001d 00000000 		.4byte	0
 200 0021 00000000 		.4byte	.Ldebug_line0
 201 0025 02       		.uleb128 0x2
 202 0026 01       		.byte	0x1
 203 0027 06       		.byte	0x6
 204 0028 51010000 		.4byte	.LASF0
 205 002c 02       		.uleb128 0x2
 206 002d 01       		.byte	0x1
 207 002e 08       		.byte	0x8
 208 002f F6000000 		.4byte	.LASF1
 209 0033 02       		.uleb128 0x2
 210 0034 02       		.byte	0x2
 211 0035 05       		.byte	0x5
 212 0036 78010000 		.4byte	.LASF2
 213 003a 02       		.uleb128 0x2
 214 003b 02       		.byte	0x2
 215 003c 07       		.byte	0x7
 216 003d 3E010000 		.4byte	.LASF3
 217 0041 02       		.uleb128 0x2
 218 0042 04       		.byte	0x4
 219 0043 05       		.byte	0x5
 220 0044 16010000 		.4byte	.LASF4
 221 0048 02       		.uleb128 0x2
 222 0049 04       		.byte	0x4
 223 004a 07       		.byte	0x7
 224 004b 3D000000 		.4byte	.LASF5
 225 004f 02       		.uleb128 0x2
 226 0050 08       		.byte	0x8
 227 0051 05       		.byte	0x5
 228 0052 00000000 		.4byte	.LASF6
 229 0056 02       		.uleb128 0x2
 230 0057 08       		.byte	0x8
 231 0058 07       		.byte	0x7
 232 0059 4F000000 		.4byte	.LASF7
 233 005d 03       		.uleb128 0x3
 234 005e 04       		.byte	0x4
 235 005f 05       		.byte	0x5
 236 0060 696E7400 		.ascii	"int\000"
ARM GAS  C:\Users\11401393\AppData\Local\Temp\ccO2svSS.s 			page 10


 237 0064 02       		.uleb128 0x2
 238 0065 04       		.byte	0x4
 239 0066 07       		.byte	0x7
 240 0067 15000000 		.4byte	.LASF8
 241 006b 04       		.uleb128 0x4
 242 006c 37000000 		.4byte	.LASF9
 243 0070 02       		.byte	0x2
 244 0071 B3       		.byte	0xb3
 245 0072 2C000000 		.4byte	0x2c
 246 0076 04       		.uleb128 0x4
 247 0077 0E000000 		.4byte	.LASF10
 248 007b 02       		.byte	0x2
 249 007c B5       		.byte	0xb5
 250 007d 48000000 		.4byte	0x48
 251 0081 02       		.uleb128 0x2
 252 0082 04       		.byte	0x4
 253 0083 04       		.byte	0x4
 254 0084 74000000 		.4byte	.LASF11
 255 0088 02       		.uleb128 0x2
 256 0089 08       		.byte	0x8
 257 008a 04       		.byte	0x4
 258 008b 1F010000 		.4byte	.LASF12
 259 008f 02       		.uleb128 0x2
 260 0090 01       		.byte	0x1
 261 0091 08       		.byte	0x8
 262 0092 11010000 		.4byte	.LASF13
 263 0096 05       		.uleb128 0x5
 264 0097 6B000000 		.4byte	0x6b
 265 009b 06       		.uleb128 0x6
 266 009c 38010000 		.4byte	.LASF14
 267 00a0 02       		.byte	0x2
 268 00a1 5F01     		.2byte	0x15f
 269 00a3 A7000000 		.4byte	0xa7
 270 00a7 05       		.uleb128 0x5
 271 00a8 76000000 		.4byte	0x76
 272 00ac 02       		.uleb128 0x2
 273 00ad 04       		.byte	0x4
 274 00ae 07       		.byte	0x7
 275 00af 6F010000 		.4byte	.LASF15
 276 00b3 07       		.uleb128 0x7
 277 00b4 04010000 		.4byte	.LASF16
 278 00b8 01       		.byte	0x1
 279 00b9 C4       		.byte	0xc4
 280 00ba 00000000 		.4byte	.LFB1
 281 00be E8000000 		.4byte	.LFE1-.LFB1
 282 00c2 01       		.uleb128 0x1
 283 00c3 9C       		.byte	0x9c
 284 00c4 08       		.uleb128 0x8
 285 00c5 A6010000 		.4byte	.LASF17
 286 00c9 01       		.byte	0x1
 287 00ca 1201     		.2byte	0x112
 288 00cc 00000000 		.4byte	.LFB2
 289 00d0 14000000 		.4byte	.LFE2-.LFB2
 290 00d4 01       		.uleb128 0x1
 291 00d5 9C       		.byte	0x9c
 292 00d6 09       		.uleb128 0x9
 293 00d7 12020000 		.4byte	.LASF18
ARM GAS  C:\Users\11401393\AppData\Local\Temp\ccO2svSS.s 			page 11


 294 00db 01       		.byte	0x1
 295 00dc 1A       		.byte	0x1a
 296 00dd 96000000 		.4byte	0x96
 297 00e1 05       		.uleb128 0x5
 298 00e2 03       		.byte	0x3
 299 00e3 00000000 		.4byte	I2CS_state
 300 00e7 0A       		.uleb128 0xa
 301 00e8 66000000 		.4byte	.LASF19
 302 00ec 03       		.byte	0x3
 303 00ed 20       		.byte	0x20
 304 00ee 96000000 		.4byte	0x96
 305 00f2 0A       		.uleb128 0xa
 306 00f3 26010000 		.4byte	.LASF20
 307 00f7 03       		.byte	0x3
 308 00f8 25       		.byte	0x25
 309 00f9 A7000000 		.4byte	0xa7
 310 00fd 0A       		.uleb128 0xa
 311 00fe 5D010000 		.4byte	.LASF21
 312 0102 03       		.byte	0x3
 313 0103 2A       		.byte	0x2a
 314 0104 A7000000 		.4byte	0xa7
 315 0108 0A       		.uleb128 0xa
 316 0109 22000000 		.4byte	.LASF22
 317 010d 03       		.byte	0x3
 318 010e 2C       		.byte	0x2c
 319 010f 96000000 		.4byte	0x96
 320 0113 00       		.byte	0
 321              		.section	.debug_abbrev,"",%progbits
 322              	.Ldebug_abbrev0:
 323 0000 01       		.uleb128 0x1
 324 0001 11       		.uleb128 0x11
 325 0002 01       		.byte	0x1
 326 0003 25       		.uleb128 0x25
 327 0004 0E       		.uleb128 0xe
 328 0005 13       		.uleb128 0x13
 329 0006 0B       		.uleb128 0xb
 330 0007 03       		.uleb128 0x3
 331 0008 0E       		.uleb128 0xe
 332 0009 1B       		.uleb128 0x1b
 333 000a 0E       		.uleb128 0xe
 334 000b 55       		.uleb128 0x55
 335 000c 17       		.uleb128 0x17
 336 000d 11       		.uleb128 0x11
 337 000e 01       		.uleb128 0x1
 338 000f 10       		.uleb128 0x10
 339 0010 17       		.uleb128 0x17
 340 0011 00       		.byte	0
 341 0012 00       		.byte	0
 342 0013 02       		.uleb128 0x2
 343 0014 24       		.uleb128 0x24
 344 0015 00       		.byte	0
 345 0016 0B       		.uleb128 0xb
 346 0017 0B       		.uleb128 0xb
 347 0018 3E       		.uleb128 0x3e
 348 0019 0B       		.uleb128 0xb
 349 001a 03       		.uleb128 0x3
 350 001b 0E       		.uleb128 0xe
ARM GAS  C:\Users\11401393\AppData\Local\Temp\ccO2svSS.s 			page 12


 351 001c 00       		.byte	0
 352 001d 00       		.byte	0
 353 001e 03       		.uleb128 0x3
 354 001f 24       		.uleb128 0x24
 355 0020 00       		.byte	0
 356 0021 0B       		.uleb128 0xb
 357 0022 0B       		.uleb128 0xb
 358 0023 3E       		.uleb128 0x3e
 359 0024 0B       		.uleb128 0xb
 360 0025 03       		.uleb128 0x3
 361 0026 08       		.uleb128 0x8
 362 0027 00       		.byte	0
 363 0028 00       		.byte	0
 364 0029 04       		.uleb128 0x4
 365 002a 16       		.uleb128 0x16
 366 002b 00       		.byte	0
 367 002c 03       		.uleb128 0x3
 368 002d 0E       		.uleb128 0xe
 369 002e 3A       		.uleb128 0x3a
 370 002f 0B       		.uleb128 0xb
 371 0030 3B       		.uleb128 0x3b
 372 0031 0B       		.uleb128 0xb
 373 0032 49       		.uleb128 0x49
 374 0033 13       		.uleb128 0x13
 375 0034 00       		.byte	0
 376 0035 00       		.byte	0
 377 0036 05       		.uleb128 0x5
 378 0037 35       		.uleb128 0x35
 379 0038 00       		.byte	0
 380 0039 49       		.uleb128 0x49
 381 003a 13       		.uleb128 0x13
 382 003b 00       		.byte	0
 383 003c 00       		.byte	0
 384 003d 06       		.uleb128 0x6
 385 003e 16       		.uleb128 0x16
 386 003f 00       		.byte	0
 387 0040 03       		.uleb128 0x3
 388 0041 0E       		.uleb128 0xe
 389 0042 3A       		.uleb128 0x3a
 390 0043 0B       		.uleb128 0xb
 391 0044 3B       		.uleb128 0x3b
 392 0045 05       		.uleb128 0x5
 393 0046 49       		.uleb128 0x49
 394 0047 13       		.uleb128 0x13
 395 0048 00       		.byte	0
 396 0049 00       		.byte	0
 397 004a 07       		.uleb128 0x7
 398 004b 2E       		.uleb128 0x2e
 399 004c 00       		.byte	0
 400 004d 3F       		.uleb128 0x3f
 401 004e 19       		.uleb128 0x19
 402 004f 03       		.uleb128 0x3
 403 0050 0E       		.uleb128 0xe
 404 0051 3A       		.uleb128 0x3a
 405 0052 0B       		.uleb128 0xb
 406 0053 3B       		.uleb128 0x3b
 407 0054 0B       		.uleb128 0xb
ARM GAS  C:\Users\11401393\AppData\Local\Temp\ccO2svSS.s 			page 13


 408 0055 27       		.uleb128 0x27
 409 0056 19       		.uleb128 0x19
 410 0057 11       		.uleb128 0x11
 411 0058 01       		.uleb128 0x1
 412 0059 12       		.uleb128 0x12
 413 005a 06       		.uleb128 0x6
 414 005b 40       		.uleb128 0x40
 415 005c 18       		.uleb128 0x18
 416 005d 9642     		.uleb128 0x2116
 417 005f 19       		.uleb128 0x19
 418 0060 00       		.byte	0
 419 0061 00       		.byte	0
 420 0062 08       		.uleb128 0x8
 421 0063 2E       		.uleb128 0x2e
 422 0064 00       		.byte	0
 423 0065 3F       		.uleb128 0x3f
 424 0066 19       		.uleb128 0x19
 425 0067 03       		.uleb128 0x3
 426 0068 0E       		.uleb128 0xe
 427 0069 3A       		.uleb128 0x3a
 428 006a 0B       		.uleb128 0xb
 429 006b 3B       		.uleb128 0x3b
 430 006c 05       		.uleb128 0x5
 431 006d 27       		.uleb128 0x27
 432 006e 19       		.uleb128 0x19
 433 006f 11       		.uleb128 0x11
 434 0070 01       		.uleb128 0x1
 435 0071 12       		.uleb128 0x12
 436 0072 06       		.uleb128 0x6
 437 0073 40       		.uleb128 0x40
 438 0074 18       		.uleb128 0x18
 439 0075 9742     		.uleb128 0x2117
 440 0077 19       		.uleb128 0x19
 441 0078 00       		.byte	0
 442 0079 00       		.byte	0
 443 007a 09       		.uleb128 0x9
 444 007b 34       		.uleb128 0x34
 445 007c 00       		.byte	0
 446 007d 03       		.uleb128 0x3
 447 007e 0E       		.uleb128 0xe
 448 007f 3A       		.uleb128 0x3a
 449 0080 0B       		.uleb128 0xb
 450 0081 3B       		.uleb128 0x3b
 451 0082 0B       		.uleb128 0xb
 452 0083 49       		.uleb128 0x49
 453 0084 13       		.uleb128 0x13
 454 0085 3F       		.uleb128 0x3f
 455 0086 19       		.uleb128 0x19
 456 0087 02       		.uleb128 0x2
 457 0088 18       		.uleb128 0x18
 458 0089 00       		.byte	0
 459 008a 00       		.byte	0
 460 008b 0A       		.uleb128 0xa
 461 008c 34       		.uleb128 0x34
 462 008d 00       		.byte	0
 463 008e 03       		.uleb128 0x3
 464 008f 0E       		.uleb128 0xe
ARM GAS  C:\Users\11401393\AppData\Local\Temp\ccO2svSS.s 			page 14


 465 0090 3A       		.uleb128 0x3a
 466 0091 0B       		.uleb128 0xb
 467 0092 3B       		.uleb128 0x3b
 468 0093 0B       		.uleb128 0xb
 469 0094 49       		.uleb128 0x49
 470 0095 13       		.uleb128 0x13
 471 0096 3F       		.uleb128 0x3f
 472 0097 19       		.uleb128 0x19
 473 0098 3C       		.uleb128 0x3c
 474 0099 19       		.uleb128 0x19
 475 009a 00       		.byte	0
 476 009b 00       		.byte	0
 477 009c 00       		.byte	0
 478              		.section	.debug_aranges,"",%progbits
 479 0000 24000000 		.4byte	0x24
 480 0004 0200     		.2byte	0x2
 481 0006 00000000 		.4byte	.Ldebug_info0
 482 000a 04       		.byte	0x4
 483 000b 00       		.byte	0
 484 000c 0000     		.2byte	0
 485 000e 0000     		.2byte	0
 486 0010 00000000 		.4byte	.LFB1
 487 0014 E8000000 		.4byte	.LFE1-.LFB1
 488 0018 00000000 		.4byte	.LFB2
 489 001c 14000000 		.4byte	.LFE2-.LFB2
 490 0020 00000000 		.4byte	0
 491 0024 00000000 		.4byte	0
 492              		.section	.debug_ranges,"",%progbits
 493              	.Ldebug_ranges0:
 494 0000 00000000 		.4byte	.LFB1
 495 0004 E8000000 		.4byte	.LFE1
 496 0008 00000000 		.4byte	.LFB2
 497 000c 14000000 		.4byte	.LFE2
 498 0010 00000000 		.4byte	0
 499 0014 00000000 		.4byte	0
 500              		.section	.debug_line,"",%progbits
 501              	.Ldebug_line0:
 502 0000 B2000000 		.section	.debug_str,"MS",%progbits,1
 502      02007000 
 502      00000201 
 502      FB0E0D00 
 502      01010101 
 503              	.LASF6:
 504 0000 6C6F6E67 		.ascii	"long long int\000"
 504      206C6F6E 
 504      6720696E 
 504      7400
 505              	.LASF10:
 506 000e 75696E74 		.ascii	"uint32\000"
 506      333200
 507              	.LASF8:
 508 0015 756E7369 		.ascii	"unsigned int\000"
 508      676E6564 
 508      20696E74 
 508      00
 509              	.LASF22:
 510 0022 49324353 		.ascii	"I2CS_slOverFlowCount\000"
ARM GAS  C:\Users\11401393\AppData\Local\Temp\ccO2svSS.s 			page 15


 510      5F736C4F 
 510      76657246 
 510      6C6F7743 
 510      6F756E74 
 511              	.LASF9:
 512 0037 75696E74 		.ascii	"uint8\000"
 512      3800
 513              	.LASF5:
 514 003d 6C6F6E67 		.ascii	"long unsigned int\000"
 514      20756E73 
 514      69676E65 
 514      6420696E 
 514      7400
 515              	.LASF7:
 516 004f 6C6F6E67 		.ascii	"long long unsigned int\000"
 516      206C6F6E 
 516      6720756E 
 516      7369676E 
 516      65642069 
 517              	.LASF19:
 518 0066 49324353 		.ascii	"I2CS_slStatus\000"
 518      5F736C53 
 518      74617475 
 518      7300
 519              	.LASF11:
 520 0074 666C6F61 		.ascii	"float\000"
 520      7400
 521              	.LASF23:
 522 007a 474E5520 		.ascii	"GNU C 4.8.4 20140526 (release) [ARM/embedded-4_8-br"
 522      4320342E 
 522      382E3420 
 522      32303134 
 522      30353236 
 523 00ad 616E6368 		.ascii	"anch revision 211358] -mcpu=cortex-m0 -mthumb -g -O"
 523      20726576 
 523      6973696F 
 523      6E203231 
 523      31333538 
 524 00e0 30202D66 		.ascii	"0 -ffunction-sections\000"
 524      66756E63 
 524      74696F6E 
 524      2D736563 
 524      74696F6E 
 525              	.LASF1:
 526 00f6 756E7369 		.ascii	"unsigned char\000"
 526      676E6564 
 526      20636861 
 526      7200
 527              	.LASF16:
 528 0104 49324353 		.ascii	"I2CS_I2CInit\000"
 528      5F493243 
 528      496E6974 
 528      00
 529              	.LASF13:
 530 0111 63686172 		.ascii	"char\000"
 530      00
 531              	.LASF4:
ARM GAS  C:\Users\11401393\AppData\Local\Temp\ccO2svSS.s 			page 16


 532 0116 6C6F6E67 		.ascii	"long int\000"
 532      20696E74 
 532      00
 533              	.LASF12:
 534 011f 646F7562 		.ascii	"double\000"
 534      6C6500
 535              	.LASF20:
 536 0126 49324353 		.ascii	"I2CS_slWrBufIndex\000"
 536      5F736C57 
 536      72427566 
 536      496E6465 
 536      7800
 537              	.LASF14:
 538 0138 72656733 		.ascii	"reg32\000"
 538      3200
 539              	.LASF3:
 540 013e 73686F72 		.ascii	"short unsigned int\000"
 540      7420756E 
 540      7369676E 
 540      65642069 
 540      6E7400
 541              	.LASF0:
 542 0151 7369676E 		.ascii	"signed char\000"
 542      65642063 
 542      68617200 
 543              	.LASF21:
 544 015d 49324353 		.ascii	"I2CS_slRdBufIndex\000"
 544      5F736C52 
 544      64427566 
 544      496E6465 
 544      7800
 545              	.LASF15:
 546 016f 73697A65 		.ascii	"sizetype\000"
 546      74797065 
 546      00
 547              	.LASF2:
 548 0178 73686F72 		.ascii	"short int\000"
 548      7420696E 
 548      7400
 549              	.LASF24:
 550 0182 2E5C4765 		.ascii	".\\Generated_Source\\PSoC4\\I2CS_I2C.c\000"
 550      6E657261 
 550      7465645F 
 550      536F7572 
 550      63655C50 
 551              	.LASF17:
 552 01a6 49324353 		.ascii	"I2CS_I2CStop\000"
 552      5F493243 
 552      53746F70 
 552      00
 553              	.LASF25:
 554 01b3 433A5C55 		.ascii	"C:\\Users\\11401393\\Documents\\PSoC Creator\\CE976"
 554      73657273 
 554      5C313134 
 554      30313339 
 554      335C446F 
 555 01e1 33342050 		.ascii	"34 PSoC 4 Breathing LED\\SCB_I2cCommSlave02.cydsn\000"
ARM GAS  C:\Users\11401393\AppData\Local\Temp\ccO2svSS.s 			page 17


 555      536F4320 
 555      34204272 
 555      65617468 
 555      696E6720 
 556              	.LASF18:
 557 0212 49324353 		.ascii	"I2CS_state\000"
 557      5F737461 
 557      746500
 558              		.ident	"GCC: (GNU Tools for ARM Embedded Processors) 4.8.4 20140526 (release) [ARM/embedded-4_8-br
