
*** Running vivado
    with args -log design_1_NCO2_0_0.vds -m64 -product Vivado -mode batch -messageDb vivado.pb -notrace -source design_1_NCO2_0_0.tcl


****** Vivado v2016.4 (64-bit)
  **** SW Build 1756540 on Mon Jan 23 19:11:23 MST 2017
  **** IP Build 1755317 on Mon Jan 23 20:30:07 MST 2017
    ** Copyright 1986-2016 Xilinx, Inc. All Rights Reserved.

source design_1_NCO2_0_0.tcl -notrace
Command: synth_design -top design_1_NCO2_0_0 -part xc7z010clg400-1 -mode out_of_context
Starting synth_design
Attempting to get a license for feature 'Synthesis' and/or device 'xc7z010'
INFO: [Common 17-349] Got license for feature 'Synthesis' and/or device 'xc7z010'
INFO: Launching helper process for spawning children vivado processes
INFO: Helper process launched with PID 8712 
---------------------------------------------------------------------------------
Starting RTL Elaboration : Time (s): cpu = 00:00:11 ; elapsed = 00:00:29 . Memory (MB): peak = 294.094 ; gain = 83.977
---------------------------------------------------------------------------------
INFO: [Synth 8-638] synthesizing module 'design_1_NCO2_0_0' [c:/Users/11401393/Desktop/NCO_audio_output/Vivado_BD_SDK/Aansturing_Audio_output/Aansturing_Audio_output.srcs/sources_1/bd/design_1/ip/design_1_NCO2_0_0/synth/design_1_NCO2_0_0.vhd:80]
	Parameter C_S_AXI_AXILITES_ADDR_WIDTH bound to: 5 - type: integer 
	Parameter C_S_AXI_AXILITES_DATA_WIDTH bound to: 32 - type: integer 
INFO: [Synth 8-3491] module 'NCO2' declared at 'c:/Users/11401393/Desktop/NCO_audio_output/Vivado_BD_SDK/Aansturing_Audio_output/Aansturing_Audio_output.srcs/sources_1/bd/design_1/ipshared/085f/hdl/vhdl/NCO2.vhd:12' bound to instance 'U0' of component 'NCO2' [c:/Users/11401393/Desktop/NCO_audio_output/Vivado_BD_SDK/Aansturing_Audio_output/Aansturing_Audio_output.srcs/sources_1/bd/design_1/ip/design_1_NCO2_0_0/synth/design_1_NCO2_0_0.vhd:137]
INFO: [Synth 8-638] synthesizing module 'NCO2' [c:/Users/11401393/Desktop/NCO_audio_output/Vivado_BD_SDK/Aansturing_Audio_output/Aansturing_Audio_output.srcs/sources_1/bd/design_1/ipshared/085f/hdl/vhdl/NCO2.vhd:39]
	Parameter C_S_AXI_AXILITES_ADDR_WIDTH bound to: 5 - type: integer 
	Parameter C_S_AXI_AXILITES_DATA_WIDTH bound to: 32 - type: integer 
INFO: [Synth 8-5534] Detected attribute (* fsm_encoding = "none" *) [c:/Users/11401393/Desktop/NCO_audio_output/Vivado_BD_SDK/Aansturing_Audio_output/Aansturing_Audio_output.srcs/sources_1/bd/design_1/ipshared/085f/hdl/vhdl/NCO2.vhd:64]
INFO: [Synth 8-5534] Detected attribute (* fsm_encoding = "none" *) [c:/Users/11401393/Desktop/NCO_audio_output/Vivado_BD_SDK/Aansturing_Audio_output/Aansturing_Audio_output.srcs/sources_1/bd/design_1/ipshared/085f/hdl/vhdl/NCO2.vhd:67]
INFO: [Synth 8-5534] Detected attribute (* fsm_encoding = "none" *) [c:/Users/11401393/Desktop/NCO_audio_output/Vivado_BD_SDK/Aansturing_Audio_output/Aansturing_Audio_output.srcs/sources_1/bd/design_1/ipshared/085f/hdl/vhdl/NCO2.vhd:71]
INFO: [Synth 8-5534] Detected attribute (* fsm_encoding = "none" *) [c:/Users/11401393/Desktop/NCO_audio_output/Vivado_BD_SDK/Aansturing_Audio_output/Aansturing_Audio_output.srcs/sources_1/bd/design_1/ipshared/085f/hdl/vhdl/NCO2.vhd:74]
	Parameter DataWidth bound to: 23 - type: integer 
	Parameter AddressRange bound to: 8192 - type: integer 
	Parameter AddressWidth bound to: 13 - type: integer 
INFO: [Synth 8-3491] module 'NCO2_sine_V' declared at 'c:/Users/11401393/Desktop/NCO_audio_output/Vivado_BD_SDK/Aansturing_Audio_output/Aansturing_Audio_output.srcs/sources_1/bd/design_1/ipshared/085f/hdl/vhdl/NCO2_sine_V.vhd:4161' bound to instance 'sine_V_U' of component 'NCO2_sine_V' [c:/Users/11401393/Desktop/NCO_audio_output/Vivado_BD_SDK/Aansturing_Audio_output/Aansturing_Audio_output.srcs/sources_1/bd/design_1/ipshared/085f/hdl/vhdl/NCO2.vhd:130]
INFO: [Synth 8-638] synthesizing module 'NCO2_sine_V' [c:/Users/11401393/Desktop/NCO_audio_output/Vivado_BD_SDK/Aansturing_Audio_output/Aansturing_Audio_output.srcs/sources_1/bd/design_1/ipshared/085f/hdl/vhdl/NCO2_sine_V.vhd:4174]
	Parameter DataWidth bound to: 23 - type: integer 
	Parameter AddressRange bound to: 8192 - type: integer 
	Parameter AddressWidth bound to: 13 - type: integer 
INFO: [Synth 8-3491] module 'NCO2_sine_V_rom' declared at 'c:/Users/11401393/Desktop/NCO_audio_output/Vivado_BD_SDK/Aansturing_Audio_output/Aansturing_Audio_output.srcs/sources_1/bd/design_1/ipshared/085f/hdl/vhdl/NCO2_sine_V.vhd:12' bound to instance 'NCO2_sine_V_rom_U' of component 'NCO2_sine_V_rom' [c:/Users/11401393/Desktop/NCO_audio_output/Vivado_BD_SDK/Aansturing_Audio_output/Aansturing_Audio_output.srcs/sources_1/bd/design_1/ipshared/085f/hdl/vhdl/NCO2_sine_V.vhd:4186]
INFO: [Synth 8-638] synthesizing module 'NCO2_sine_V_rom' [c:/Users/11401393/Desktop/NCO_audio_output/Vivado_BD_SDK/Aansturing_Audio_output/Aansturing_Audio_output.srcs/sources_1/bd/design_1/ipshared/085f/hdl/vhdl/NCO2_sine_V.vhd:27]
	Parameter dwidth bound to: 23 - type: integer 
	Parameter awidth bound to: 13 - type: integer 
	Parameter mem_size bound to: 8192 - type: integer 
INFO: [Synth 8-256] done synthesizing module 'NCO2_sine_V_rom' (1#1) [c:/Users/11401393/Desktop/NCO_audio_output/Vivado_BD_SDK/Aansturing_Audio_output/Aansturing_Audio_output.srcs/sources_1/bd/design_1/ipshared/085f/hdl/vhdl/NCO2_sine_V.vhd:27]
INFO: [Synth 8-256] done synthesizing module 'NCO2_sine_V' (2#1) [c:/Users/11401393/Desktop/NCO_audio_output/Vivado_BD_SDK/Aansturing_Audio_output/Aansturing_Audio_output.srcs/sources_1/bd/design_1/ipshared/085f/hdl/vhdl/NCO2_sine_V.vhd:4174]
	Parameter C_S_AXI_ADDR_WIDTH bound to: 5 - type: integer 
	Parameter C_S_AXI_DATA_WIDTH bound to: 32 - type: integer 
INFO: [Synth 8-3491] module 'NCO2_AXILiteS_s_axi' declared at 'c:/Users/11401393/Desktop/NCO_audio_output/Vivado_BD_SDK/Aansturing_Audio_output/Aansturing_Audio_output.srcs/sources_1/bd/design_1/ipshared/085f/hdl/vhdl/NCO2_AXILiteS_s_axi.vhd:12' bound to instance 'NCO2_AXILiteS_s_axi_U' of component 'NCO2_AXILiteS_s_axi' [c:/Users/11401393/Desktop/NCO_audio_output/Vivado_BD_SDK/Aansturing_Audio_output/Aansturing_Audio_output.srcs/sources_1/bd/design_1/ipshared/085f/hdl/vhdl/NCO2.vhd:142]
INFO: [Synth 8-638] synthesizing module 'NCO2_AXILiteS_s_axi' [c:/Users/11401393/Desktop/NCO_audio_output/Vivado_BD_SDK/Aansturing_Audio_output/Aansturing_Audio_output.srcs/sources_1/bd/design_1/ipshared/085f/hdl/vhdl/NCO2_AXILiteS_s_axi.vhd:61]
	Parameter C_S_AXI_ADDR_WIDTH bound to: 5 - type: integer 
	Parameter C_S_AXI_DATA_WIDTH bound to: 32 - type: integer 
INFO: [Synth 8-256] done synthesizing module 'NCO2_AXILiteS_s_axi' (3#1) [c:/Users/11401393/Desktop/NCO_audio_output/Vivado_BD_SDK/Aansturing_Audio_output/Aansturing_Audio_output.srcs/sources_1/bd/design_1/ipshared/085f/hdl/vhdl/NCO2_AXILiteS_s_axi.vhd:61]
INFO: [Synth 8-256] done synthesizing module 'NCO2' (4#1) [c:/Users/11401393/Desktop/NCO_audio_output/Vivado_BD_SDK/Aansturing_Audio_output/Aansturing_Audio_output.srcs/sources_1/bd/design_1/ipshared/085f/hdl/vhdl/NCO2.vhd:39]
INFO: [Synth 8-256] done synthesizing module 'design_1_NCO2_0_0' (5#1) [c:/Users/11401393/Desktop/NCO_audio_output/Vivado_BD_SDK/Aansturing_Audio_output/Aansturing_Audio_output.srcs/sources_1/bd/design_1/ip/design_1_NCO2_0_0/synth/design_1_NCO2_0_0.vhd:80]
WARNING: [Synth 8-3331] design NCO2_sine_V has unconnected port reset
---------------------------------------------------------------------------------
Finished RTL Elaboration : Time (s): cpu = 00:00:12 ; elapsed = 00:00:31 . Memory (MB): peak = 333.445 ; gain = 123.328
---------------------------------------------------------------------------------

Report Check Netlist: 
+------+------------------+-------+---------+-------+------------------+
|      |Item              |Errors |Warnings |Status |Description       |
+------+------------------+-------+---------+-------+------------------+
|1     |multi_driven_nets |      0|        0|Passed |Multi driven nets |
+------+------------------+-------+---------+-------+------------------+
---------------------------------------------------------------------------------
Finished RTL Optimization Phase 1 : Time (s): cpu = 00:00:13 ; elapsed = 00:00:32 . Memory (MB): peak = 333.445 ; gain = 123.328
---------------------------------------------------------------------------------
INFO: [Device 21-403] Loading part xc7z010clg400-1
INFO: [Project 1-570] Preparing netlist for logic optimization

Processing XDC Constraints
Initializing timing engine
Parsing XDC File [c:/Users/11401393/Desktop/NCO_audio_output/Vivado_BD_SDK/Aansturing_Audio_output/Aansturing_Audio_output.srcs/sources_1/bd/design_1/ip/design_1_NCO2_0_0/constraints/NCO2_ooc.xdc] for cell 'U0'
Finished Parsing XDC File [c:/Users/11401393/Desktop/NCO_audio_output/Vivado_BD_SDK/Aansturing_Audio_output/Aansturing_Audio_output.srcs/sources_1/bd/design_1/ip/design_1_NCO2_0_0/constraints/NCO2_ooc.xdc] for cell 'U0'
Parsing XDC File [C:/Users/11401393/Desktop/NCO_audio_output/Vivado_BD_SDK/Aansturing_Audio_output/Aansturing_Audio_output.runs/design_1_NCO2_0_0_synth_1/dont_touch.xdc]
Finished Parsing XDC File [C:/Users/11401393/Desktop/NCO_audio_output/Vivado_BD_SDK/Aansturing_Audio_output/Aansturing_Audio_output.runs/design_1_NCO2_0_0_synth_1/dont_touch.xdc]
Completed Processing XDC Constraints

INFO: [Project 1-111] Unisim Transformation Summary:
No Unisim elements were transformed.

Constraint Validation Runtime : Time (s): cpu = 00:00:00 ; elapsed = 00:00:00.066 . Memory (MB): peak = 638.109 ; gain = 0.012
---------------------------------------------------------------------------------
Finished Constraint Validation : Time (s): cpu = 00:00:28 ; elapsed = 00:00:56 . Memory (MB): peak = 638.109 ; gain = 427.992
---------------------------------------------------------------------------------
---------------------------------------------------------------------------------
Start Loading Part and Timing Information
---------------------------------------------------------------------------------
Loading part: xc7z010clg400-1
---------------------------------------------------------------------------------
Finished Loading Part and Timing Information : Time (s): cpu = 00:00:28 ; elapsed = 00:00:56 . Memory (MB): peak = 638.109 ; gain = 427.992
---------------------------------------------------------------------------------
---------------------------------------------------------------------------------
Start Applying 'set_property' XDC Constraints
---------------------------------------------------------------------------------
Applied set_property DONT_TOUCH = true for U0. (constraint file  auto generated constraint, line ).
---------------------------------------------------------------------------------
Finished applying 'set_property' XDC Constraints : Time (s): cpu = 00:00:28 ; elapsed = 00:00:57 . Memory (MB): peak = 638.109 ; gain = 427.992
---------------------------------------------------------------------------------
INFO: [Synth 8-5544] ROM "AWREADY_t" won't be mapped to Block RAM because address size (3) smaller than threshold (5)
INFO: [Synth 8-5544] ROM "WREADY_t" won't be mapped to Block RAM because address size (3) smaller than threshold (5)
INFO: [Synth 8-5544] ROM "BVALID" won't be mapped to Block RAM because address size (3) smaller than threshold (5)
INFO: [Synth 8-5544] ROM "ARREADY_t" won't be mapped to Block RAM because address size (3) smaller than threshold (5)
INFO: [Synth 8-5544] ROM "RVALID_t" won't be mapped to Block RAM because address size (3) smaller than threshold (5)
INFO: [Synth 8-4490] FSM extraction disabled for register 'ap_CS_fsm_reg' through user attribute
---------------------------------------------------------------------------------
Finished RTL Optimization Phase 2 : Time (s): cpu = 00:00:29 ; elapsed = 00:00:59 . Memory (MB): peak = 638.109 ; gain = 427.992
---------------------------------------------------------------------------------

Report RTL Partitions: 
+-+--------------+------------+----------+
| |RTL Partition |Replication |Instances |
+-+--------------+------------+----------+
+-+--------------+------------+----------+
---------------------------------------------------------------------------------
Start RTL Component Statistics 
---------------------------------------------------------------------------------
Detailed RTL Component Info : 
+---Adders : 
	   2 Input     13 Bit       Adders := 1     
+---Registers : 
	               32 Bit    Registers := 3     
	               24 Bit    Registers := 2     
	               23 Bit    Registers := 1     
	               13 Bit    Registers := 2     
	                5 Bit    Registers := 1     
	                3 Bit    Registers := 3     
	                1 Bit    Registers := 1     
+---ROMs : 
	                              ROMs := 1     
+---Muxes : 
	   2 Input     32 Bit        Muxes := 2     
	   5 Input      3 Bit        Muxes := 2     
	   6 Input      2 Bit        Muxes := 1     
	   2 Input      1 Bit        Muxes := 7     
---------------------------------------------------------------------------------
Finished RTL Component Statistics 
---------------------------------------------------------------------------------
---------------------------------------------------------------------------------
Start RTL Hierarchical Component Statistics 
---------------------------------------------------------------------------------
Hierarchical RTL Component report 
Module NCO2_sine_V_rom 
Detailed RTL Component Info : 
+---Registers : 
	               23 Bit    Registers := 1     
+---ROMs : 
	                              ROMs := 1     
Module NCO2_AXILiteS_s_axi 
Detailed RTL Component Info : 
+---Registers : 
	               32 Bit    Registers := 2     
	               24 Bit    Registers := 1     
	                5 Bit    Registers := 1     
	                3 Bit    Registers := 2     
	                1 Bit    Registers := 1     
+---Muxes : 
	   2 Input     32 Bit        Muxes := 2     
	   5 Input      3 Bit        Muxes := 1     
	   6 Input      2 Bit        Muxes := 1     
	   2 Input      1 Bit        Muxes := 7     
Module NCO2 
Detailed RTL Component Info : 
+---Adders : 
	   2 Input     13 Bit       Adders := 1     
+---Registers : 
	               32 Bit    Registers := 1     
	               24 Bit    Registers := 1     
	               13 Bit    Registers := 2     
	                3 Bit    Registers := 1     
+---Muxes : 
	   5 Input      3 Bit        Muxes := 1     
---------------------------------------------------------------------------------
Finished RTL Hierarchical Component Statistics
---------------------------------------------------------------------------------
---------------------------------------------------------------------------------
Start Part Resource Summary
---------------------------------------------------------------------------------
Part Resources:
DSPs: 80 (col length:40)
BRAMs: 120 (col length: RAMB18 40 RAMB36 20)
---------------------------------------------------------------------------------
Finished Part Resource Summary
---------------------------------------------------------------------------------
---------------------------------------------------------------------------------
Start Cross Boundary and Area Optimization
---------------------------------------------------------------------------------
INFO: [Synth 8-3333] propagating constant 0 across sequential element (U0/\NCO2_AXILiteS_s_axi_U/int_sine_out_V_reg[23] )
INFO: [Synth 8-3886] merging instance 'U0/NCO2_AXILiteS_s_axi_U/rstate_reg[1]' (FDS) to 'U0/NCO2_AXILiteS_s_axi_U/rstate_reg[0]'
INFO: [Synth 8-3333] propagating constant 0 across sequential element (U0/\NCO2_AXILiteS_s_axi_U/wstate_reg[2] )
WARNING: [Synth 8-3332] Sequential element (NCO2_AXILiteS_s_axi_U/wstate_reg[2]) is unused and will be removed from module NCO2.
WARNING: [Synth 8-3332] Sequential element (NCO2_AXILiteS_s_axi_U/int_sine_out_V_reg[23]) is unused and will be removed from module NCO2.
---------------------------------------------------------------------------------
Finished Cross Boundary and Area Optimization : Time (s): cpu = 00:00:32 ; elapsed = 00:01:03 . Memory (MB): peak = 638.109 ; gain = 427.992
---------------------------------------------------------------------------------
---------------------------------------------------------------------------------
Start ROM, RAM, DSP and Shift Register Reporting
---------------------------------------------------------------------------------

ROM:
+----------------+-----------------------------------+---------------+----------------+
|Module Name     | RTL Object                        | Depth x Width | Implemented As | 
+----------------+-----------------------------------+---------------+----------------+
|NCO2_sine_V_rom | q0_reg                            | 8192x23       | Block RAM      | 
|NCO2            | sine_V_U/NCO2_sine_V_rom_U/q0_reg | 8192x23       | Block RAM      | 
+----------------+-----------------------------------+---------------+----------------+

---------------------------------------------------------------------------------
Finished ROM, RAM, DSP and Shift Register Reporting
---------------------------------------------------------------------------------

Report RTL Partitions: 
+-+--------------+------------+----------+
| |RTL Partition |Replication |Instances |
+-+--------------+------------+----------+
+-+--------------+------------+----------+
---------------------------------------------------------------------------------
Start Timing Optimization
---------------------------------------------------------------------------------
---------------------------------------------------------------------------------
Start Applying XDC Timing Constraints
---------------------------------------------------------------------------------
---------------------------------------------------------------------------------
Finished Applying XDC Timing Constraints : Time (s): cpu = 00:00:50 ; elapsed = 00:01:25 . Memory (MB): peak = 638.109 ; gain = 427.992
---------------------------------------------------------------------------------
---------------------------------------------------------------------------------
Finished Timing Optimization : Time (s): cpu = 00:00:51 ; elapsed = 00:01:25 . Memory (MB): peak = 638.109 ; gain = 427.992
---------------------------------------------------------------------------------

Report RTL Partitions: 
+-+--------------+------------+----------+
| |RTL Partition |Replication |Instances |
+-+--------------+------------+----------+
+-+--------------+------------+----------+
---------------------------------------------------------------------------------
Start Technology Mapping
---------------------------------------------------------------------------------
---------------------------------------------------------------------------------
Finished Technology Mapping : Time (s): cpu = 00:00:51 ; elapsed = 00:01:26 . Memory (MB): peak = 638.109 ; gain = 427.992
---------------------------------------------------------------------------------

Report RTL Partitions: 
+-+--------------+------------+----------+
| |RTL Partition |Replication |Instances |
+-+--------------+------------+----------+
+-+--------------+------------+----------+
---------------------------------------------------------------------------------
Start IO Insertion
---------------------------------------------------------------------------------
---------------------------------------------------------------------------------
Start Flattening Before IO Insertion
---------------------------------------------------------------------------------
---------------------------------------------------------------------------------
Finished Flattening Before IO Insertion
---------------------------------------------------------------------------------
---------------------------------------------------------------------------------
Start Final Netlist Cleanup
---------------------------------------------------------------------------------
---------------------------------------------------------------------------------
Finished Final Netlist Cleanup
---------------------------------------------------------------------------------
---------------------------------------------------------------------------------
Finished IO Insertion : Time (s): cpu = 00:00:52 ; elapsed = 00:01:27 . Memory (MB): peak = 638.109 ; gain = 427.992
---------------------------------------------------------------------------------

Report Check Netlist: 
+------+------------------+-------+---------+-------+------------------+
|      |Item              |Errors |Warnings |Status |Description       |
+------+------------------+-------+---------+-------+------------------+
|1     |multi_driven_nets |      0|        0|Passed |Multi driven nets |
+------+------------------+-------+---------+-------+------------------+
---------------------------------------------------------------------------------
Start Renaming Generated Instances
---------------------------------------------------------------------------------
---------------------------------------------------------------------------------
Finished Renaming Generated Instances : Time (s): cpu = 00:00:52 ; elapsed = 00:01:27 . Memory (MB): peak = 638.109 ; gain = 427.992
---------------------------------------------------------------------------------

Report RTL Partitions: 
+-+--------------+------------+----------+
| |RTL Partition |Replication |Instances |
+-+--------------+------------+----------+
+-+--------------+------------+----------+
---------------------------------------------------------------------------------
Start Rebuilding User Hierarchy
---------------------------------------------------------------------------------
---------------------------------------------------------------------------------
Finished Rebuilding User Hierarchy : Time (s): cpu = 00:00:52 ; elapsed = 00:01:27 . Memory (MB): peak = 638.109 ; gain = 427.992
---------------------------------------------------------------------------------
---------------------------------------------------------------------------------
Start Renaming Generated Ports
---------------------------------------------------------------------------------
---------------------------------------------------------------------------------
Finished Renaming Generated Ports : Time (s): cpu = 00:00:52 ; elapsed = 00:01:27 . Memory (MB): peak = 638.109 ; gain = 427.992
---------------------------------------------------------------------------------
---------------------------------------------------------------------------------
Start Handling Custom Attributes
---------------------------------------------------------------------------------
---------------------------------------------------------------------------------
Finished Handling Custom Attributes : Time (s): cpu = 00:00:52 ; elapsed = 00:01:27 . Memory (MB): peak = 638.109 ; gain = 427.992
---------------------------------------------------------------------------------
---------------------------------------------------------------------------------
Start Renaming Generated Nets
---------------------------------------------------------------------------------
---------------------------------------------------------------------------------
Finished Renaming Generated Nets : Time (s): cpu = 00:00:52 ; elapsed = 00:01:27 . Memory (MB): peak = 638.109 ; gain = 427.992
---------------------------------------------------------------------------------
---------------------------------------------------------------------------------
Start Writing Synthesis Report
---------------------------------------------------------------------------------

Report BlackBoxes: 
+-+--------------+----------+
| |BlackBox name |Instances |
+-+--------------+----------+
+-+--------------+----------+

Report Cell Usage: 
+------+-----------+------+
|      |Cell       |Count |
+------+-----------+------+
|1     |CARRY4     |    15|
|2     |LUT1       |    46|
|3     |LUT2       |     6|
|4     |LUT3       |    69|
|5     |LUT4       |    38|
|6     |LUT5       |     3|
|7     |LUT6       |     3|
|8     |RAMB36E1   |     1|
|9     |RAMB36E1_1 |     1|
|10    |RAMB36E1_2 |     1|
|11    |RAMB36E1_3 |     1|
|12    |RAMB36E1_4 |     1|
|13    |RAMB36E1_5 |     1|
|14    |FDRE       |   201|
|15    |FDSE       |     2|
+------+-----------+------+

Report Instance Areas: 
+------+--------------------------+--------------------+------+
|      |Instance                  |Module              |Cells |
+------+--------------------------+--------------------+------+
|1     |top                       |                    |   389|
|2     |  U0                      |NCO2                |   389|
|3     |    NCO2_AXILiteS_s_axi_U |NCO2_AXILiteS_s_axi |   217|
|4     |    sine_V_U              |NCO2_sine_V         |     6|
|5     |      NCO2_sine_V_rom_U   |NCO2_sine_V_rom     |     6|
+------+--------------------------+--------------------+------+
---------------------------------------------------------------------------------
Finished Writing Synthesis Report : Time (s): cpu = 00:00:52 ; elapsed = 00:01:27 . Memory (MB): peak = 638.109 ; gain = 427.992
---------------------------------------------------------------------------------
Synthesis finished with 0 errors, 0 critical warnings and 2 warnings.
Synthesis Optimization Runtime : Time (s): cpu = 00:00:30 ; elapsed = 00:00:53 . Memory (MB): peak = 638.109 ; gain = 115.102
Synthesis Optimization Complete : Time (s): cpu = 00:00:52 ; elapsed = 00:01:27 . Memory (MB): peak = 638.109 ; gain = 427.992
INFO: [Project 1-571] Translating synthesized netlist
INFO: [Netlist 29-17] Analyzing 21 Unisim elements for replacement
INFO: [Netlist 29-28] Unisim Transformation completed in 0 CPU seconds
INFO: [Project 1-570] Preparing netlist for logic optimization
Parsing XDC File [c:/Users/11401393/Desktop/NCO_audio_output/Vivado_BD_SDK/Aansturing_Audio_output/Aansturing_Audio_output.srcs/sources_1/bd/design_1/ip/design_1_NCO2_0_0/constraints/NCO2_ooc.xdc] for cell 'U0'
INFO: [Vivado 12-4761] HD.CLK_SRC property is set on port ap_clk. The net connecting to the port drives either clock PIN or hierarchical black box. Use the create_clock constraint to create a clock on this port prior to setting HD.CLK_SRC.  [c:/Users/11401393/Desktop/NCO_audio_output/Vivado_BD_SDK/Aansturing_Audio_output/Aansturing_Audio_output.srcs/sources_1/bd/design_1/ip/design_1_NCO2_0_0/constraints/NCO2_ooc.xdc:6]
Finished Parsing XDC File [c:/Users/11401393/Desktop/NCO_audio_output/Vivado_BD_SDK/Aansturing_Audio_output/Aansturing_Audio_output.srcs/sources_1/bd/design_1/ip/design_1_NCO2_0_0/constraints/NCO2_ooc.xdc] for cell 'U0'
INFO: [Opt 31-138] Pushed 0 inverter(s) to 0 load pin(s).
INFO: [Project 1-111] Unisim Transformation Summary:
No Unisim elements were transformed.

INFO: [Common 17-83] Releasing license: Synthesis
39 Infos, 3 Warnings, 0 Critical Warnings and 0 Errors encountered.
synth_design completed successfully
synth_design: Time (s): cpu = 00:00:50 ; elapsed = 00:01:12 . Memory (MB): peak = 640.809 ; gain = 422.465
INFO: [Common 17-1381] The checkpoint 'C:/Users/11401393/Desktop/NCO_audio_output/Vivado_BD_SDK/Aansturing_Audio_output/Aansturing_Audio_output.runs/design_1_NCO2_0_0_synth_1/design_1_NCO2_0_0.dcp' has been generated.
