Copyright 1986-2016 Xilinx, Inc. All Rights Reserved.
---------------------------------------------------------------------------------------------
| Tool Version : Vivado v.2016.4 (win64) Build 1756540 Mon Jan 23 19:11:23 MST 2017
| Date         : Mon Jun 12 12:54:57 2017
| Host         : 5CG4363RFZ running 64-bit major release  (build 9200)
| Command      : report_control_sets -verbose -file design_1_wrapper_control_sets_placed.rpt
| Design       : design_1_wrapper
| Device       : xc7z010
---------------------------------------------------------------------------------------------

Control Set Information

Table of Contents
-----------------
1. Summary
2. Flip-Flop Distribution
3. Detailed Control Set Information

1. Summary
----------

+----------------------------------------------------------+-------+
|                          Status                          | Count |
+----------------------------------------------------------+-------+
| Number of unique control sets                            |    65 |
| Unused register locations in slices containing registers |   178 |
+----------------------------------------------------------+-------+


2. Flip-Flop Distribution
-------------------------

+--------------+-----------------------+------------------------+-----------------+--------------+
| Clock Enable | Synchronous Set/Reset | Asynchronous Set/Reset | Total Registers | Total Slices |
+--------------+-----------------------+------------------------+-----------------+--------------+
| No           | No                    | No                     |            2671 |          779 |
| No           | No                    | Yes                    |               0 |            0 |
| No           | Yes                   | No                     |             306 |          104 |
| Yes          | No                    | No                     |             798 |          216 |
| Yes          | No                    | Yes                    |               0 |            0 |
| Yes          | Yes                   | No                     |             311 |           91 |
+--------------+-----------------------+------------------------+-----------------+--------------+


3. Detailed Control Set Information
-----------------------------------

+-------------------------------------------------+---------------------------------------------------------------------------------------------------------------------------------------------------------------+----------------------------------------------------------------------------------------------------------------------------------------------------------------------------------+------------------+----------------+
|                   Clock Signal                  |                                                                         Enable Signal                                                                         |                                                                                 Set/Reset Signal                                                                                 | Slice Load Count | Bel Load Count |
+-------------------------------------------------+---------------------------------------------------------------------------------------------------------------------------------------------------------------+----------------------------------------------------------------------------------------------------------------------------------------------------------------------------------+------------------+----------------+
|  design_1_i/processing_system7_0/inst/FCLK_CLK0 |                                                                                                                                                               | design_1_i/zybo_audio_ctrl_0/U0/USER_LOGIC_I/Inst_iis_ser/ldata_reg                                                                                                              |                1 |              1 |
|  design_1_i/processing_system7_0/inst/FCLK_CLK0 | design_1_i/ps7_0_axi_periph/s00_couplers/auto_pc/inst/gen_axilite.gen_b2s_conv.axilite_b2s/WR.b_channel_0/bid_fifo_0/bresp_push                               |                                                                                                                                                                                  |                1 |              2 |
|  design_1_i/processing_system7_0/inst/FCLK_CLK0 | design_1_i/ps7_0_axi_periph/s00_couplers/auto_pc/inst/gen_axilite.gen_b2s_conv.axilite_b2s/RD.ar_channel_0/ar_cmd_fsm_0/axlen_cnt_reg[3][0]                   | design_1_i/ps7_0_axi_periph/s00_couplers/auto_pc/inst/gen_axilite.gen_b2s_conv.axilite_b2s/RD.ar_channel_0/ar_cmd_fsm_0/axlen_cnt_reg[7]                                         |                2 |              4 |
|  design_1_i/processing_system7_0/inst/FCLK_CLK0 | design_1_i/axi_gpio_0/U0/AXI_LITE_IPIF_I/I_SLAVE_ATTACHMENT/bus2ip_addr_i[8]_i_1_n_0                                                                          | design_1_i/axi_gpio_0/U0/AXI_LITE_IPIF_I/I_SLAVE_ATTACHMENT/SR                                                                                                                   |                1 |              4 |
|  design_1_i/processing_system7_0/inst/FCLK_CLK0 |                                                                                                                                                               | design_1_i/ps7_0_axi_periph/s00_couplers/auto_pc/inst/gen_axilite.gen_b2s_conv.axilite_b2s/SI_REG/ar_pipe/m_valid_i_reg_0                                                        |                2 |              4 |
|  design_1_i/processing_system7_0/inst/FCLK_CLK0 |                                                                                                                                                               | design_1_i/axi_gpio_0/U0/AXI_LITE_IPIF_I/I_SLAVE_ATTACHMENT/clear                                                                                                                |                1 |              4 |
|  design_1_i/processing_system7_0/inst/FCLK_CLK0 |                                                                                                                                                               | design_1_i/ps7_0_axi_periph/s00_couplers/auto_pc/inst/gen_axilite.gen_b2s_conv.axilite_b2s/SI_REG/aw_pipe/s_ready_i_reg_0                                                        |                2 |              4 |
|  design_1_i/processing_system7_0/inst/FCLK_CLK0 | design_1_i/ps7_0_axi_periph/s00_couplers/auto_pc/inst/gen_axilite.gen_b2s_conv.axilite_b2s/WR.aw_channel_0/aw_cmd_fsm_0/E[0]                                  | design_1_i/ps7_0_axi_periph/s00_couplers/auto_pc/inst/gen_axilite.gen_b2s_conv.axilite_b2s/WR.aw_channel_0/aw_cmd_fsm_0/axlen_cnt_reg[7]                                         |                1 |              4 |
|  design_1_i/processing_system7_0/inst/FCLK_CLK0 |                                                                                                                                                               | design_1_i/zybo_audio_ctrl_0/U0/AXI_LITE_IPIF_I/I_SLAVE_ATTACHMENT/rst                                                                                                           |                3 |              4 |
|  design_1_i/processing_system7_0/inst/FCLK_CLK0 | design_1_i/zybo_audio_ctrl_0/U0/USER_LOGIC_I/Inst_iis_ser/FSM_onehot_iis_state[4]_i_1_n_0                                                                     |                                                                                                                                                                                  |                2 |              4 |
|  design_1_i/processing_system7_0/inst/FCLK_CLK0 |                                                                                                                                                               | design_1_i/NCO2/U0/NCO2_sitodp_32ns_dEe_U2/NCO2_ap_sitodp_3_no_dsp_32_u/U0/i_synth/FIX_TO_FLT_OP.SPD.OP/NORM_SHIFT/MUX_LOOP[1].DEL_SHIFT/i_pipe/opt_has_pipe.first_q[27]_i_1_n_0 |                1 |              4 |
|  design_1_i/processing_system7_0/inst/FCLK_CLK0 |                                                                                                                                                               | design_1_i/zybo_audio_ctrl_0/U0/AXI_LITE_IPIF_I/I_SLAVE_ATTACHMENT/p_2_out                                                                                                       |                1 |              4 |
|  design_1_i/processing_system7_0/inst/FCLK_CLK0 | design_1_i/zybo_audio_ctrl_0/U0/USER_LOGIC_I/Inst_iis_deser/bit_rdy                                                                                           | design_1_i/zybo_audio_ctrl_0/U0/USER_LOGIC_I/Inst_iis_deser/bit_cntr[4]_i_1_n_0                                                                                                  |                1 |              5 |
|  design_1_i/processing_system7_0/inst/FCLK_CLK0 |                                                                                                                                                               | design_1_i/rst_ps7_0_100M/U0/EXT_LPF/lpf_int                                                                                                                                     |                3 |              5 |
|  design_1_i/processing_system7_0/inst/FCLK_CLK0 | design_1_i/zybo_audio_ctrl_0/U0/USER_LOGIC_I/Inst_iis_deser/bit_cntr_reg[4]_0[0]                                                                              | design_1_i/zybo_audio_ctrl_0/U0/USER_LOGIC_I/Inst_iis_ser/bit_cntr[4]_i_1__0_n_0                                                                                                 |                1 |              5 |
|  design_1_i/processing_system7_0/inst/FCLK_CLK0 | design_1_i/zybo_audio_ctrl_0/U0/AXI_LITE_IPIF_I/I_SLAVE_ATTACHMENT/I_DECODER/start                                                                            | design_1_i/zybo_audio_ctrl_0/U0/AXI_LITE_IPIF_I/I_SLAVE_ATTACHMENT/I_DECODER/cs_ce_clr                                                                                           |                2 |              5 |
|  design_1_i/processing_system7_0/inst/FCLK_CLK0 | design_1_i/NCO2/U0/NCO2_AXILiteS_s_axi_U/waddr                                                                                                                |                                                                                                                                                                                  |                2 |              5 |
|  design_1_i/processing_system7_0/inst/FCLK_CLK0 | design_1_i/rst_ps7_0_100M/U0/SEQ/seq_cnt_en                                                                                                                   | design_1_i/rst_ps7_0_100M/U0/SEQ/SEQ_COUNTER/clear                                                                                                                               |                1 |              6 |
|  design_1_i/processing_system7_0/inst/FCLK_CLK0 | design_1_i/ps7_0_axi_periph/s00_couplers/auto_pc/inst/gen_axilite.gen_b2s_conv.axilite_b2s/WR.b_channel_0/mhandshake_r                                        | design_1_i/ps7_0_axi_periph/s00_couplers/auto_pc/inst/gen_axilite.gen_b2s_conv.axilite_b2s/WR.b_channel_0/bid_fifo_0/SR[0]                                                       |                2 |              8 |
|  design_1_i/processing_system7_0/inst/FCLK_CLK0 | design_1_i/NCO2/U0/NCO2_AXILiteS_s_axi_U/ar_hs                                                                                                                | design_1_i/NCO2/U0/NCO2_AXILiteS_s_axi_U/rdata_data[31]_i_1_n_0                                                                                                                  |                3 |              9 |
|  design_1_i/processing_system7_0/inst/FCLK_CLK0 |                                                                                                                                                               | design_1_i/NCO2/U0/NCO2_ddiv_64ns_64cud_U1/NCO2_ap_ddiv_29_no_dsp_64_u/U0/i_synth/DIV_OP.SPD.OP/EXP/state_op__0[0]                                                               |                2 |             10 |
|  design_1_i/processing_system7_0/inst/FCLK_CLK0 | design_1_i/ps7_0_axi_periph/s00_couplers/auto_pc/inst/gen_axilite.gen_b2s_conv.axilite_b2s/RD.ar_channel_0/ar_cmd_fsm_0/axaddr_incr_reg[11]                   |                                                                                                                                                                                  |                3 |             12 |
|  design_1_i/processing_system7_0/inst/FCLK_CLK0 |                                                                                                                                                               | design_1_i/ps7_0_axi_periph/xbar/inst/gen_sasd.crossbar_sasd_0/addr_arbiter_inst/SR[0]                                                                                           |                4 |             12 |
|  design_1_i/processing_system7_0/inst/FCLK_CLK0 | design_1_i/ps7_0_axi_periph/s00_couplers/auto_pc/inst/gen_axilite.gen_b2s_conv.axilite_b2s/RD.ar_channel_0/ar_cmd_fsm_0/E[0]                                  |                                                                                                                                                                                  |                3 |             12 |
|  design_1_i/processing_system7_0/inst/FCLK_CLK0 | design_1_i/ps7_0_axi_periph/s00_couplers/auto_pc/inst/gen_axilite.gen_b2s_conv.axilite_b2s/WR.aw_channel_0/aw_cmd_fsm_0/wrap_boundary_axaddr_r_reg[0][0]      |                                                                                                                                                                                  |                4 |             12 |
|  design_1_i/processing_system7_0/inst/FCLK_CLK0 | design_1_i/ps7_0_axi_periph/s00_couplers/auto_pc/inst/gen_axilite.gen_b2s_conv.axilite_b2s/WR.aw_channel_0/cmd_translator_0/incr_cmd_0/axaddr_incr[0]_i_1_n_0 |                                                                                                                                                                                  |                3 |             12 |
|  design_1_i/processing_system7_0/inst/FCLK_CLK0 | design_1_i/ps7_0_axi_periph/s00_couplers/auto_pc/inst/gen_axilite.gen_b2s_conv.axilite_b2s/RD.r_channel_0/r_push_r                                            |                                                                                                                                                                                  |                4 |             13 |
|  design_1_i/processing_system7_0/inst/FCLK_CLK0 | design_1_i/ps7_0_axi_periph/s00_couplers/auto_pc/inst/gen_axilite.gen_b2s_conv.axilite_b2s/SI_REG/b_pipe/p_1_in                                               |                                                                                                                                                                                  |                2 |             14 |
|  design_1_i/processing_system7_0/inst/FCLK_CLK0 | design_1_i/ps7_0_axi_periph/s00_couplers/auto_pc/inst/gen_axilite.gen_b2s_conv.axilite_b2s/SI_REG/b_pipe/skid_buffer_reg[0]_0                                 |                                                                                                                                                                                  |                2 |             14 |
|  design_1_i/processing_system7_0/inst/FCLK_CLK0 |                                                                                                                                                               | design_1_i/axi_gpio_0/U0/AXI_LITE_IPIF_I/I_SLAVE_ATTACHMENT/SR                                                                                                                   |                7 |             15 |
|  design_1_i/processing_system7_0/inst/FCLK_CLK0 | design_1_i/ps7_0_axi_periph/s00_couplers/auto_pc/inst/gen_axilite.gen_b2s_conv.axilite_b2s/WR.aw_channel_0/aw_cmd_fsm_0/b_push                                |                                                                                                                                                                                  |                3 |             16 |
|  design_1_i/processing_system7_0/inst/FCLK_CLK0 | design_1_i/ps7_0_axi_periph/s00_couplers/auto_pc/inst/gen_axilite.gen_b2s_conv.axilite_b2s/RD.ar_channel_0/ar_cmd_fsm_0/axlen_cnt_reg[3][0]                   |                                                                                                                                                                                  |                6 |             20 |
|  design_1_i/processing_system7_0/inst/FCLK_CLK0 | design_1_i/ps7_0_axi_periph/s00_couplers/auto_pc/inst/gen_axilite.gen_b2s_conv.axilite_b2s/WR.aw_channel_0/aw_cmd_fsm_0/E[0]                                  |                                                                                                                                                                                  |                8 |             20 |
|  design_1_i/processing_system7_0/inst/FCLK_CLK0 | design_1_i/NCO2/U0/NCO2_AXILiteS_s_axi_U/ar_hs                                                                                                                | design_1_i/NCO2/U0/NCO2_AXILiteS_s_axi_U/rdata_data[22]_i_1_n_0                                                                                                                  |                7 |             22 |
|  design_1_i/processing_system7_0/inst/FCLK_CLK0 | design_1_i/NCO2/U0/sine_out_V_ap_vld                                                                                                                          | design_1_i/NCO2/U0/NCO2_AXILiteS_s_axi_U/SR[0]                                                                                                                                   |                8 |             23 |
|  design_1_i/processing_system7_0/inst/FCLK_CLK0 | design_1_i/zybo_audio_ctrl_0/U0/USER_LOGIC_I/Inst_iis_deser/rdata_reg0                                                                                        | design_1_i/zybo_audio_ctrl_0/U0/USER_LOGIC_I/Inst_iis_deser/ldata_reg                                                                                                            |                4 |             24 |
|  design_1_i/processing_system7_0/inst/FCLK_CLK0 | design_1_i/zybo_audio_ctrl_0/U0/USER_LOGIC_I/Inst_iis_ser/ldata_reg[23]_i_1__0_n_0                                                                            | design_1_i/zybo_audio_ctrl_0/U0/USER_LOGIC_I/Inst_iis_ser/ldata_reg                                                                                                              |                9 |             24 |
|  design_1_i/processing_system7_0/inst/FCLK_CLK0 | design_1_i/ps7_0_axi_periph/xbar/inst/gen_sasd.crossbar_sasd_0/addr_arbiter_inst/p_0_in1_in                                                                   | design_1_i/ps7_0_axi_periph/xbar/inst/gen_sasd.crossbar_sasd_0/addr_arbiter_inst/SR[0]                                                                                           |               10 |             24 |
|  design_1_i/processing_system7_0/inst/FCLK_CLK0 | design_1_i/zybo_audio_ctrl_0/U0/USER_LOGIC_I/Inst_iis_deser/rdata_reg_reg[23]_0[0]                                                                            | design_1_i/zybo_audio_ctrl_0/U0/USER_LOGIC_I/Inst_iis_ser/ldata_reg                                                                                                              |                8 |             24 |
|  design_1_i/processing_system7_0/inst/FCLK_CLK0 | design_1_i/zybo_audio_ctrl_0/U0/USER_LOGIC_I/Inst_iis_deser/ldata_reg0                                                                                        | design_1_i/zybo_audio_ctrl_0/U0/USER_LOGIC_I/Inst_iis_deser/ldata_reg                                                                                                            |                5 |             24 |
|  design_1_i/processing_system7_0/inst/FCLK_CLK0 |                                                                                                                                                               | design_1_i/NCO2/U0/NCO2_sitodp_32ns_dEe_U2/NCO2_ap_sitodp_3_no_dsp_32_u/U0/i_synth/FIX_TO_FLT_OP.SPD.OP/EXP/ZERO_DELAY/i_pipe/op_state[0]                                        |                8 |             30 |
|  design_1_i/processing_system7_0/inst/FCLK_CLK0 | design_1_i/zybo_audio_ctrl_0/U0/AXI_LITE_IPIF_I/I_SLAVE_ATTACHMENT/I_DECODER/DataTx_L_reg[0][0]                                                               | design_1_i/zybo_audio_ctrl_0/U0/USER_LOGIC_I/SR[0]                                                                                                                               |                5 |             32 |
|  design_1_i/processing_system7_0/inst/FCLK_CLK0 | design_1_i/NCO2/U0/NCO2_AXILiteS_s_axi_U/p_0_in                                                                                                               |                                                                                                                                                                                  |                7 |             32 |
|  design_1_i/processing_system7_0/inst/FCLK_CLK0 | design_1_i/zybo_audio_ctrl_0/U0/AXI_LITE_IPIF_I/I_SLAVE_ATTACHMENT/I_DECODER/E[0]                                                                             | design_1_i/zybo_audio_ctrl_0/U0/USER_LOGIC_I/SR[0]                                                                                                                               |                7 |             32 |
|  design_1_i/processing_system7_0/inst/FCLK_CLK0 | design_1_i/zybo_audio_ctrl_0/U0/AXI_LITE_IPIF_I/I_SLAVE_ATTACHMENT/s_axi_rdata_i                                                                              | design_1_i/zybo_audio_ctrl_0/U0/AXI_LITE_IPIF_I/I_SLAVE_ATTACHMENT/rst                                                                                                           |               14 |             32 |
|  design_1_i/processing_system7_0/inst/FCLK_CLK0 | design_1_i/NCO2/U0/sine_out_V_ap_vld                                                                                                                          |                                                                                                                                                                                  |                8 |             32 |
|  design_1_i/processing_system7_0/inst/FCLK_CLK0 | design_1_i/ps7_0_axi_periph/xbar/inst/gen_sasd.crossbar_sasd_0/reg_slice_r/aa_rready                                                                          |                                                                                                                                                                                  |                7 |             32 |
|  design_1_i/processing_system7_0/inst/FCLK_CLK0 | design_1_i/NCO2/U0/ap_CS_fsm_state1                                                                                                                           |                                                                                                                                                                                  |               11 |             32 |
|  design_1_i/processing_system7_0/inst/FCLK_CLK0 | design_1_i/ps7_0_axi_periph/s00_couplers/auto_pc/inst/gen_axilite.gen_b2s_conv.axilite_b2s/RD.r_channel_0/rd_data_fifo_0/wr_en0                               |                                                                                                                                                                                  |                9 |             34 |
|  design_1_i/processing_system7_0/inst/FCLK_CLK0 | design_1_i/ps7_0_axi_periph/xbar/inst/gen_sasd.crossbar_sasd_0/addr_arbiter_inst/E[0]                                                                         |                                                                                                                                                                                  |                9 |             35 |
|  design_1_i/processing_system7_0/inst/FCLK_CLK0 | design_1_i/NCO2/U0/ap_CS_fsm_state7                                                                                                                           |                                                                                                                                                                                  |               17 |             42 |
|  design_1_i/processing_system7_0/inst/FCLK_CLK0 | design_1_i/ps7_0_axi_periph/s00_couplers/auto_pc/inst/gen_axilite.gen_b2s_conv.axilite_b2s/SI_REG/r_pipe/p_1_in                                               |                                                                                                                                                                                  |                7 |             47 |
|  design_1_i/processing_system7_0/inst/FCLK_CLK0 | design_1_i/ps7_0_axi_periph/s00_couplers/auto_pc/inst/gen_axilite.gen_b2s_conv.axilite_b2s/SI_REG/r_pipe/skid_buffer_reg[0]_0                                 |                                                                                                                                                                                  |               10 |             47 |
|  design_1_i/processing_system7_0/inst/FCLK_CLK0 | design_1_i/zybo_audio_ctrl_0/U0/USER_LOGIC_I/Inst_iis_deser/E[0]                                                                                              |                                                                                                                                                                                  |                7 |             48 |
|  design_1_i/processing_system7_0/inst/FCLK_CLK0 |                                                                                                                                                               | design_1_i/NCO2/U0/NCO2_AXILiteS_s_axi_U/SR[0]                                                                                                                                   |               15 |             50 |
|  design_1_i/processing_system7_0/inst/FCLK_CLK0 | design_1_i/ps7_0_axi_periph/s00_couplers/auto_pc/inst/gen_axilite.gen_b2s_conv.axilite_b2s/SI_REG/ar_pipe/s_axi_arready                                       |                                                                                                                                                                                  |               15 |             50 |
|  design_1_i/processing_system7_0/inst/FCLK_CLK0 | design_1_i/ps7_0_axi_periph/s00_couplers/auto_pc/inst/gen_axilite.gen_b2s_conv.axilite_b2s/SI_REG/aw_pipe/s_axi_awready                                       |                                                                                                                                                                                  |                9 |             50 |
|  design_1_i/processing_system7_0/inst/FCLK_CLK0 | design_1_i/ps7_0_axi_periph/s00_couplers/auto_pc/inst/gen_axilite.gen_b2s_conv.axilite_b2s/RD.ar_channel_0/ar_cmd_fsm_0/m_payload_i_reg[0]_1[0]               |                                                                                                                                                                                  |               13 |             50 |
|  design_1_i/processing_system7_0/inst/FCLK_CLK0 | design_1_i/ps7_0_axi_periph/s00_couplers/auto_pc/inst/gen_axilite.gen_b2s_conv.axilite_b2s/WR.aw_channel_0/aw_cmd_fsm_0/m_payload_i_reg[0][0]                 |                                                                                                                                                                                  |                9 |             50 |
|  design_1_i/processing_system7_0/inst/FCLK_CLK0 |                                                                                                                                                               | design_1_i/NCO2/U0/NCO2_ddiv_64ns_64cud_U1/NCO2_ap_ddiv_29_no_dsp_64_u/U0/i_synth/DIV_OP.SPD.OP/EXP/state_op[0]                                                                  |               12 |             51 |
|  design_1_i/processing_system7_0/inst/FCLK_CLK0 |                                                                                                                                                               | design_1_i/NCO2/U0/NCO2_dmul_64ns_64bkb_U0/NCO2_ap_dmul_4_max_dsp_64_u/U0/i_synth/MULT.OP/EXP/SIG_DELAY/i_pipe/state_op[0]                                                       |               27 |             51 |
|  design_1_i/processing_system7_0/inst/FCLK_CLK0 |                                                                                                                                                               | design_1_i/ps7_0_axi_periph/s00_couplers/auto_pc/inst/gen_axilite.gen_b2s_conv.axilite_b2s/areset_d1                                                                             |               15 |             57 |
|  design_1_i/processing_system7_0/inst/FCLK_CLK0 | design_1_i/NCO2/U0/ap_CS_fsm_state38                                                                                                                          |                                                                                                                                                                                  |               26 |             63 |
|  design_1_i/processing_system7_0/inst/FCLK_CLK0 | design_1_i/NCO2/U0/ce0                                                                                                                                        |                                                                                                                                                                                  |               26 |             63 |
|  design_1_i/processing_system7_0/inst/FCLK_CLK0 |                                                                                                                                                               |                                                                                                                                                                                  |              805 |           2749 |
+-------------------------------------------------+---------------------------------------------------------------------------------------------------------------------------------------------------------------+----------------------------------------------------------------------------------------------------------------------------------------------------------------------------------+------------------+----------------+


+--------+-----------------------+
| Fanout | Number of ControlSets |
+--------+-----------------------+
| 1      |                     1 |
| 2      |                     1 |
| 4      |                    10 |
| 5      |                     5 |
| 6      |                     1 |
| 8      |                     1 |
| 9      |                     1 |
| 10     |                     1 |
| 12     |                     5 |
| 13     |                     1 |
| 14     |                     2 |
| 15     |                     1 |
| 16+    |                    35 |
+--------+-----------------------+


