@I [HLS-0] Workspace C:/Users/11401393/Desktop/NCO_audio_output/IP_Vivado_HLS/NCO_key2/solution1 opened at Mon Jun 12 14:50:09 +0200 2017
@I [HLS-100] Execute     config_clock -quiet -name default -period 10 -default=false 
@I [SYN-201] Setting up clock 'default' with a period of 10ns.
@I [HLS-100] Command     config_clock returned 0; 0 sec.
@I [HLS-100] Execute     config_clock -quiet -name default -uncertainty 0 
@I [SYN-201] Setting up clock 'default' with an uncertainty of 0ns.
@I [HLS-100] Command     config_clock returned 0; 0 sec.
@I [HLS-100] Execute     open_platform DefaultPlatform 
@I [HLS-100] Command     open_platform returned 0; 0 sec.
@I [HLS-100] Execute     import_lib C:/Xilinx/Vivado_HLS/2016.4/common/technology/xilinx/zynq/zynq 
@I [HLS-100] Execute       source C:/Xilinx/Vivado_HLS/2016.4/common/technology/xilinx/common/xilinx.lib 
@I [HLS-100] Execute         source C:/Xilinx/Vivado_HLS/2016.4/common/technology/xilinx/interface/xilinx_interface.lib 
@I [HLS-100] Execute           source C:/Xilinx/Vivado_HLS/2016.4/common/technology/xilinx/interface/plb46.lib 
@I [HLS-100] Command           ap_source returned 0; 0 sec.
@I [HLS-100] Execute           source C:/Xilinx/Vivado_HLS/2016.4/common/technology/xilinx/interface/fsl.lib 
@I [HLS-100] Command           ap_source returned 0; 0.001 sec.
@I [HLS-100] Execute           source C:/Xilinx/Vivado_HLS/2016.4/common/technology/xilinx/interface/axi4.lib 
@I [HLS-100] Command           ap_source returned 0; 0.001 sec.
@I [HLS-100] Execute           source C:/Xilinx/Vivado_HLS/2016.4/common/technology/xilinx/interface/maxi.lib 
@I [HLS-100] Command           ap_source returned 0; 0 sec.
@I [HLS-100] Execute           source C:/Xilinx/Vivado_HLS/2016.4/common/technology/xilinx/interface/saxilite.lib 
@I [HLS-100] Command           ap_source returned 0; 0 sec.
@I [HLS-100] Command         ap_source returned 0; 0.006 sec.
@I [HLS-100] Execute         source C:/Xilinx/Vivado_HLS/2016.4/common/technology/xilinx/common/dsp48.lib 
@I [HLS-100] Command         ap_source returned 0; 0 sec.
@I [HLS-100] Execute         source C:/Xilinx/Vivado_HLS/2016.4/common/technology/xilinx/ip/dds_compiler.lib 
@I [HLS-100] Command         ap_source returned 0; 0.001 sec.
@I [HLS-100] Execute         source C:/Xilinx/Vivado_HLS/2016.4/common/technology/xilinx/ip/xfft.lib 
@I [HLS-100] Command         ap_source returned 0; 0 sec.
@I [HLS-100] Execute         source C:/Xilinx/Vivado_HLS/2016.4/common/technology/xilinx/ip/xfir.lib 
@I [HLS-100] Command         ap_source returned 0; 0.001 sec.
@I [HLS-100] Command       ap_source returned 0; 0.012 sec.
@I [HLS-100] Execute       source C:/Xilinx/Vivado_HLS/2016.4/common/technology/xilinx/common/xilinx_old.lib 
@I [HLS-100] Command       ap_source returned 0; 0.001 sec.
@I [HLS-100] Execute       source C:/Xilinx/Vivado_HLS/2016.4/common/technology/xilinx/common/xilinx_vivado.lib 
@I [HLS-100] Command       ap_source returned 0; 0.001 sec.
@I [HLS-100] Execute       source C:/Xilinx/Vivado_HLS/2016.4/common/technology/xilinx/common/xilinx.hlp 
@I [HLS-100] Execute         source C:/Xilinx/Vivado_HLS/2016.4/common/technology/xilinx/common/target_info.tcl 
@I [HLS-100] Command         ap_source returned 0; 0.003 sec.
@I [HLS-100] Execute         source C:/Xilinx/Vivado_HLS/2016.4/common/technology/xilinx/interface/xilinx_interface.hlp 
@I [HLS-100] Execute           source C:/Xilinx/Vivado_HLS/2016.4/common/technology/xilinx/interface/maxi.hlp 
@I [HLS-100] Command           ap_source returned 0; 0 sec.
@I [HLS-100] Execute           source C:/Xilinx/Vivado_HLS/2016.4/common/technology/xilinx/interface/saxilite.hlp 
@I [HLS-100] Command           ap_source returned 0; 0 sec.
@I [HLS-100] Command         ap_source returned 0; 0.002 sec.
@I [HLS-100] Execute         source C:/Xilinx/Vivado_HLS/2016.4/common/technology/xilinx/common/dsp48.hlp 
@I [HLS-100] Command         ap_source returned 0; 0.001 sec.
@I [HLS-100] Command       ap_source returned 0; 0.01 sec.
@I [HLS-100] Execute       source C:/Xilinx/Vivado_HLS/2016.4/common/technology/xilinx/zynq/dsp48e1.hlp 
@I [HLS-100] Command       ap_source returned 0; 0 sec.
@I [HLS-100] Execute       get_default_platform 
@I [HLS-100] Command       get_default_platform returned 0; 0 sec.
@I [HLS-100] Execute       config_chip_info -quiet -resource  {SLICE 13300}  {LUT 53200}     {FF 106400} {DSP48E 220}   {BRAM 280}  
@I [HLS-100] Command       config_chip_info returned 0; 0 sec.
@I [HLS-100] Execute       config_chip_info -quiet -speed medium 
@I [HLS-100] Command       config_chip_info returned 0; 0 sec.
@I [HLS-100] Command     import_lib returned 0; 0.033 sec.
@I [HLS-100] Execute     source C:/Xilinx/Vivado_HLS/2016.4/common/technology/xilinx/zynq/zynq.gen 
@I [HLS-100] Execute       source C:/Xilinx/Vivado_HLS/2016.4/common/technology/xilinx/common/virtex.gen 
@I [HLS-100] Execute         source C:/Xilinx/Vivado_HLS/2016.4/common/technology/xilinx/common/xilinx.gen 
@I [HLS-100] Execute           source C:/Xilinx/Vivado_HLS/2016.4/common/technology/xilinx/interface/plb46.gen 
@I [HLS-100] Command           ap_source returned 0; 0.003 sec.
@I [HLS-100] Execute           source C:/Xilinx/Vivado_HLS/2016.4/common/technology/xilinx/interface/fsl.gen 
@I [HLS-100] Command           ap_source returned 0; 0.002 sec.
@I [HLS-100] Execute           source C:/Xilinx/Vivado_HLS/2016.4/common/technology/xilinx/interface/axi4.gen 
@I [HLS-100] Command           ap_source returned 0; 0.003 sec.
@I [HLS-100] Execute           source C:/Xilinx/Vivado_HLS/2016.4/common/technology/xilinx/interface/nativeAXI4.gen 
@I [HLS-100] Execute             source C:/Xilinx/Vivado_HLS/2016.4/common/technology/xilinx/interface/saxilite.gen 
@I [HLS-100] Command             ap_source returned 0; 0.004 sec.
@I [HLS-100] Execute             source C:/Xilinx/Vivado_HLS/2016.4/common/technology/xilinx/interface/maxi.gen 
@I [HLS-100] Command             ap_source returned 0; 0.009 sec.
@I [HLS-100] Command           ap_source returned 0; 0.014 sec.
@I [HLS-100] Execute           source C:/Xilinx/Vivado_HLS/2016.4/common/technology/xilinx/scripts/xilinxcoregen.gen 
@I [HLS-100] Command           ap_source returned 0; 0.01 sec.
@I [HLS-100] Execute           source C:/Xilinx/Vivado_HLS/2016.4/common/technology/xilinx/interface/XilEDKCoreGen.gen 
@I [HLS-100] Command           ap_source returned 0; 0.009 sec.
@I [HLS-100] Execute           source C:/Xilinx/Vivado_HLS/2016.4/common/technology/xilinx/ip/dds_compiler.gen 
@I [HLS-100] Command           ap_source returned 0; 0.003 sec.
@I [HLS-100] Execute           source C:/Xilinx/Vivado_HLS/2016.4/common/technology/xilinx/ip/util.gen 
@I [HLS-100] Command           ap_source returned 0; 0 sec.
@I [HLS-100] Execute           source C:/Xilinx/Vivado_HLS/2016.4/common/technology/xilinx/ip/xfft.gen 
@I [HLS-100] Command           ap_source returned 0; 0.105 sec.
@I [HLS-100] Execute           source C:/Xilinx/Vivado_HLS/2016.4/common/technology/xilinx/ip/xfir.gen 
@I [HLS-100] Command           ap_source returned 0; 0.001 sec.
@I [HLS-100] Command         ap_source returned 0; 0.158 sec.
@I [HLS-100] Execute         source C:/Xilinx/Vivado_HLS/2016.4/common/technology/xilinx/common/dsp48.gen 
@I [HLS-100] Command         ap_source returned 0; 0 sec.
@I [HLS-100] Command       ap_source returned 0; 0.161 sec.
@I [HLS-100] Command     ap_source returned 0; 0.162 sec.
@I [HLS-100] Execute     open_platform DefaultPlatform 
@I [HLS-100] Command     open_platform returned 0; 0 sec.
@I [HLS-100] Execute     import_lib C:/Xilinx/Vivado_HLS/2016.4/common/technology/xilinx/zynq/zynq_fpv6 
@I [HLS-100] Execute       source C:/Xilinx/Vivado_HLS/2016.4/common/technology/xilinx/common/xilinx_fpv7.lib 
@I [HLS-100] Execute         source C:/Xilinx/Vivado_HLS/2016.4/common/technology/xilinx/common/xilinx_hp.lib 
@I [HLS-100] Command         ap_source returned 0; 0.001 sec.
@I [HLS-100] Command       ap_source returned 0; 0.003 sec.
@I [HLS-100] Execute       source C:/Xilinx/Vivado_HLS/2016.4/common/technology/xilinx/common/xilinx_fpv.hlp 
@I [HLS-100] Execute         source C:/Xilinx/Vivado_HLS/2016.4/common/technology/xilinx/common/xilinx.hlp 
@I [HLS-100] Execute           source C:/Xilinx/Vivado_HLS/2016.4/common/technology/xilinx/common/target_info.tcl 
@I [HLS-100] Command           ap_source returned 0; 0.009 sec.
@I [HLS-100] Execute           source C:/Xilinx/Vivado_HLS/2016.4/common/technology/xilinx/interface/xilinx_interface.hlp 
@I [HLS-100] Execute             source C:/Xilinx/Vivado_HLS/2016.4/common/technology/xilinx/interface/maxi.hlp 
@I [HLS-100] Command             ap_source returned 0; 0 sec.
@I [HLS-100] Execute             source C:/Xilinx/Vivado_HLS/2016.4/common/technology/xilinx/interface/saxilite.hlp 
@I [HLS-100] Command             ap_source returned 0; 0 sec.
@I [HLS-100] Command           ap_source returned 0; 0.003 sec.
@I [HLS-100] Execute           source C:/Xilinx/Vivado_HLS/2016.4/common/technology/xilinx/common/dsp48.hlp 
@I [HLS-100] Command           ap_source returned 0; 0.001 sec.
@I [HLS-100] Command         ap_source returned 0; 0.014 sec.
@I [HLS-100] Command       ap_source returned 0; 0.015 sec.
@I [HLS-100] Execute       source C:/Xilinx/Vivado_HLS/2016.4/common/technology/xilinx/zynq/zynq_hp.hlp 
@I [HLS-100] Command       ap_source returned 0; 0.001 sec.
@I [HLS-100] Command     import_lib returned 0; 0.031 sec.
@I [HLS-100] Execute     source C:/Xilinx/Vivado_HLS/2016.4/common/technology/xilinx/zynq/zynq_fpv6.gen 
@I [HLS-100] Execute       source C:/Xilinx/Vivado_HLS/2016.4/common/technology/xilinx/common/xilinx_fpv6.gen 
@I [HLS-100] Command       ap_source returned 0; 0.002 sec.
@I [HLS-100] Command     ap_source returned 0; 0.003 sec.
@I [HLS-100] Execute     set_part xc7z010clg400-1 
@I [HLS-100] Execute       add_library xilinx/zynq/zynq:xc7z010:clg400:-1 
@I [HLS-100] Execute         get_default_platform 
@I [HLS-100] Command         get_default_platform returned 0; 0 sec.
@I [HLS-100] Execute         license_isbetapart xc7z010 
@I [HLS-100] Command         license_isbetapart returned 1; 0.015 sec.
@I [HLS-100] Execute         get_default_platform 
@I [HLS-100] Command         get_default_platform returned 0; 0 sec.
@I [HLS-100] Execute         config_chip_info -quiet -resource  {SLICE 4400}   {LUT 17600}     {FF 35200}  {DSP48E 80}    {BRAM 120}  
@I [HLS-100] Command         config_chip_info returned 0; 0 sec.
@I [HLS-100] Execute         config_chip_info -quiet -speed slow 
@I [HLS-100] Command         config_chip_info returned 0; 0 sec.
@I [HLS-100] Command       add_library returned 0; 0.027 sec.
@I [HLS-100] Execute       add_library xilinx/zynq/zynq_fpv6 
@I [HLS-100] Execute         get_default_platform 
@I [HLS-100] Command         get_default_platform returned 0; 0 sec.
@I [HLS-100] Command       add_library returned 0; 0.004 sec.
@I [HLS-10] Setting target device to 'xc7z010clg400-1'
@I [HLS-100] Command     set_part returned 0; 0.034 sec.
@I [HLS-100] Execute     get_default_platform 
@I [HLS-100] Command     get_default_platform returned 0; 0 sec.
@I [HLS-100] Execute     config_chip_info -quiet -resource  {SLICE 4400}   {LUT 17600}     {FF 35200}  {DSP48E 80}    {BRAM 120}  
@I [HLS-100] Command     config_chip_info returned 0; 0 sec.
@I [HLS-100] Execute     config_chip_info -quiet -speed slow 
@I [HLS-100] Command     config_chip_info returned 0; 0 sec.
@I [HLS-100] Command   open_solution returned 0; 0.305 sec.
@I [HLS-100] Execute   set_part xc7z010clg400-1 -tool vivado 
@I [HLS-100] Execute     add_library xilinx/zynq/zynq:xc7z010:clg400:-1 
@I [HLS-100] Execute       get_default_platform 
@I [HLS-100] Command       get_default_platform returned 0; 0 sec.
@I [HLS-100] Execute       license_isbetapart xc7z010 
@I [HLS-100] Command       license_isbetapart returned 1; 0.001 sec.
@I [HLS-100] Execute       get_default_platform 
@I [HLS-100] Command       get_default_platform returned 0; 0 sec.
@I [HLS-100] Execute       config_chip_info -quiet -resource  {SLICE 4400}   {LUT 17600}     {FF 35200}  {DSP48E 80}    {BRAM 120}  
@I [HLS-100] Command       config_chip_info returned 0; 0 sec.
@I [HLS-100] Execute       config_chip_info -quiet -speed slow 
@I [HLS-100] Command       config_chip_info returned 0; 0 sec.
@I [HLS-100] Command     add_library returned 0; 0.006 sec.
@I [HLS-100] Execute     add_library xilinx/zynq/zynq_fpv6 
@I [HLS-100] Execute       get_default_platform 
@I [HLS-100] Command       get_default_platform returned 0; 0 sec.
@I [HLS-100] Command     add_library returned 0; 0.003 sec.
@I [HLS-100] Command   set_part returned 0; 0.013 sec.
@I [HLS-100] Execute   create_clock -period 10 -name default 
@I [HLS-100] Command   create_clock returned 0; 0.003 sec.
@I [HLS-100] Execute   set_clock_uncertainty 0 
@I [HLS-100] Command   set_clock_uncertainty returned 0; 0.003 sec.
@I [HLS-100] Execute   source ./NCO_key2/solution1/directives.tcl 
@I [HLS-100] Execute     set_directive_interface -mode s_axilite NCO2 
@I [HLS-0] Setting directive 'INTERFACE' s_axilite=positionBoolean0mode port=positionBooleanTextRequiredreturn 
@I [HLS-100] Command     set_directive_interface returned 0; 0.006 sec.
@I [HLS-100] Execute     set_directive_interface -mode ap_ctrl_none NCO2 
@I [HLS-0] Setting directive 'INTERFACE' s_axilite=positionBoolean0mode port=positionBooleanTextRequiredreturn 
@I [HLS-0] Setting directive 'INTERFACE' ap_ctrl_none=positionBoolean0mode port=positionBooleanTextRequiredreturn 
@I [HLS-100] Command     set_directive_interface returned 0; 0.01 sec.
@I [HLS-100] Execute     set_directive_interface -mode s_axilite NCO2 sine_out 
@I [HLS-0] Setting directive 'INTERFACE' s_axilite=positionBoolean0mode port=positionBooleanTextRequiredreturn 
@I [HLS-0] Setting directive 'INTERFACE' ap_ctrl_none=positionBoolean0mode port=positionBooleanTextRequiredreturn 
@I [HLS-0] Setting directive 'INTERFACE' s_axilite=positionBoolean0mode port=positionBooleanTextRequiredsine_out 
@I [HLS-100] Command     set_directive_interface returned 0; 0.01 sec.
@I [HLS-100] Execute     set_directive_interface -mode s_axilite NCO2 freqControl 
@I [HLS-0] Setting directive 'INTERFACE' s_axilite=positionBoolean0mode port=positionBooleanTextRequiredreturn 
@I [HLS-0] Setting directive 'INTERFACE' ap_ctrl_none=positionBoolean0mode port=positionBooleanTextRequiredreturn 
@I [HLS-0] Setting directive 'INTERFACE' s_axilite=positionBoolean0mode port=positionBooleanTextRequiredsine_out 
@I [HLS-0] Setting directive 'INTERFACE' s_axilite=positionBoolean0mode port=positionBooleanTextRequiredfreqControl 
@I [HLS-100] Command     set_directive_interface returned 0; 0.01 sec.
@I [HLS-100] Command   ap_source returned 0; 0.045 sec.
@I [HLS-100] Execute   csynth_design 
@I [HLS-100] Execute     elaborate -effort=medium -skip_syncheck=0 -keep_printf=0 -lm=0 -skip_cdt=0 -skip_transform=0 -ng=0 -g=0 -opt_fp=0 
@I [HLS-10] Analyzing design file 'NCO_key2/nco2.cpp' ... 
@I [HLS-0] Compiling one TU...
@I [HLS-0] Handling NCO_key2/nco2.cpp as C++
@I [HLS-0] Syntax Checking before pre-processing...
@I [HLS-100] Execute       clang  -fno-limit-debug-info -gcc-toolchain "C:/Xilinx/Vivado_HLS/2016.4/msys" -hls    -fno-math-errno -c -emit-llvm -O0  -mllvm -disable-llvm-optzns -fno-threadsafe-statics  -fno-use-cxa-atexit  -fno-threadsafe-statics -fno-use-cxa-atexit -Wno-attributes -Wno-gcc-compat -D__cdecl=   -I "C:/Xilinx/Vivado_HLS/2016.4/win64/tools/systemc/include" -I "C:/Xilinx/Vivado_HLS/2016.4/include" -I "C:/Xilinx/Vivado_HLS/2016.4/include/ap_sysc" -fexceptions -I "C:/Xilinx/Vivado_HLS/2016.4/common/technology/autopilot" -include etc/autopilot_ssdm_op.h "NCO_key2/nco2.cpp"  -o "C:/Users/11401393/Desktop/NCO_audio_output/IP_Vivado_HLS/NCO_key2/solution1/.autopilot/db/nco2.pp.00.o" 
@I [HLS-100] Command       clang returned 0; 2.26 sec.
@I [HLS-100] Execute       is_encrypted C:/Users/11401393/Desktop/NCO_audio_output/IP_Vivado_HLS/NCO_key2/solution1/.autopilot/db/nco2.pp.00.o 
@I [HLS-100] Command       is_encrypted returned 0; 0.006 sec.
@I [HLS-0] Source preprocessing
@I [HLS-100] Execute       clang  -fno-limit-debug-info -gcc-toolchain "C:/Xilinx/Vivado_HLS/2016.4/msys" -hls -fno-exceptions  -D__llvm__  -CC -E "NCO_key2/nco2.cpp"     -fno-math-errno -c -emit-llvm -O0  -mllvm -disable-llvm-optzns -fno-threadsafe-statics  -fno-use-cxa-atexit  -fno-threadsafe-statics -fno-use-cxa-atexit -Wno-attributes -Wno-gcc-compat -D__cdecl= -DAESL_SYN -D__SYNTHESIS__ -D__HLS_SYN__ -I "C:/Xilinx/Vivado_HLS/2016.4/common/technology/autopilot" -I "C:/Xilinx/Vivado_HLS/2016.4/common/technology/autopilot/ap_sysc" -include etc/autopilot_ssdm_op.h  -o "C:/Users/11401393/Desktop/NCO_audio_output/IP_Vivado_HLS/NCO_key2/solution1/.autopilot/db/nco2.pp.0.cpp" 
@I [HLS-100] Command       clang returned 0; 0.287 sec.
@I [HLS-0] GCC PP time: 0 seconds per iteration
@I [HLS-0] Setting directive 'INTERFACE' s_axilite=positionBoolean0mode port=positionBooleanTextRequiredreturn 
@I [HLS-0] Setting directive 'INTERFACE' ap_ctrl_none=positionBoolean0mode port=positionBooleanTextRequiredreturn 
@I [HLS-0] Setting directive 'INTERFACE' s_axilite=positionBoolean0mode port=positionBooleanTextRequiredsine_out 
@I [HLS-0] Setting directive 'INTERFACE' s_axilite=positionBoolean0mode port=positionBooleanTextRequiredfreqControl 
@I [HLS-100] Execute       list_core -type functional_unit 
@I [HLS-100] Command       list_core returned 0; 0 sec.
@I [HLS-0] CDT Preprocessing...
@I [HLS-0] Marker-Pragma convertor: C:/Users/11401393/Desktop/NCO_audio_output/IP_Vivado_HLS/NCO_key2/solution1/.autopilot/db/nco2.pp.0.cpp C:/Users/11401393/Desktop/NCO_audio_output/IP_Vivado_HLS/NCO_key2/solution1/.autopilot/db/nco2.pp.0.cpp.ap-line.cpp C:/Users/11401393/Desktop/NCO_audio_output/IP_Vivado_HLS/NCO_key2/solution1/.autopilot/db/nco2.pp.0.cpp.ap-line.cpp.CXX 1
@I [HLS-0] Converting Markers to Pragmas...
@I [HLS-100] Execute       cdt  "C:/Users/11401393/Desktop/NCO_audio_output/IP_Vivado_HLS/NCO_key2/solution1/.autopilot/db/nco2.pp.0.cpp.ap-line.cpp"  -m "NCO2" -o "C:/Users/11401393/Desktop/NCO_audio_output/IP_Vivado_HLS/NCO_key2/solution1/.autopilot/db/nco2.pp.0.cpp.ap-cdt.cpp" --pp --directive C:/Users/11401393/Desktop/NCO_audio_output/IP_Vivado_HLS/NCO_key2/solution1/solution1.directive --source C:/Users/11401393/Desktop/NCO_audio_output/IP_Vivado_HLS/NCO_key2/nco2.cpp --error C:/Users/11401393/Desktop/NCO_audio_output/IP_Vivado_HLS/NCO_key2/solution1/.autopilot/db --funcunit "AddSub AddSub_DSP AddSubnS DAddSub_fulldsp DAddSub_nodsp DDiv DExp_fulldsp DExp_meddsp DExp_nodsp DLog_fulldsp DLog_meddsp DLog_nodsp DMul_fulldsp DMul_maxdsp DMul_meddsp DMul_nodsp DRSqrt DRecip DSqrt DivnS FAddSub_fulldsp FAddSub_nodsp FDiv FExp_fulldsp FExp_meddsp FExp_nodsp FLog_fulldsp FLog_meddsp FLog_nodsp FMul_fulldsp FMul_maxdsp FMul_meddsp FMul_nodsp FRSqrt_fulldsp FRSqrt_nodsp FRecip_fulldsp FRecip_nodsp FSqrt HAddSub_nodsp HDiv HMul_fulldsp HMul_maxdsp HMul_nodsp HSqrt Mul Mul2S Mul3S Mul4S Mul5S Mul6S Mul_LUT MulnS MuxnS" --ve --vetcl C:/Users/11401393/Desktop/NCO_audio_output/IP_Vivado_HLS/NCO_key2/solution1/.autopilot/db --ca --es --gf --pd --p2d C:/Users/11401393/Desktop/NCO_audio_output/IP_Vivado_HLS/NCO_key2/solution1/.autopilot/db --sd --scff C:/Users/11401393/Desktop/NCO_audio_output/IP_Vivado_HLS/NCO_key2/solution1/.autopilot/db/.systemc_flag --ad 
@I [HLS-100] Command       cdt returned 0; 9.308 sec.
@I [HLS-0] Marker-Pragma convertor: C:/Users/11401393/Desktop/NCO_audio_output/IP_Vivado_HLS/NCO_key2/solution1/.autopilot/db/nco2.pp.0.cpp.ap-cdt.cpp C:/Users/11401393/Desktop/NCO_audio_output/IP_Vivado_HLS/NCO_key2/solution1/.autopilot/db/nco2.pragma.0.cpp C:/Users/11401393/Desktop/NCO_audio_output/IP_Vivado_HLS/NCO_key2/solution1/.autopilot/db/nco2.pragma.0.cpp.ap-line.CXX 0
@I [HLS-0] Converting Pragmas to Markers...
@I [HLS-100] Execute       source C:/Users/11401393/Desktop/NCO_audio_output/IP_Vivado_HLS/NCO_key2/solution1/.autopilot/db/pragma.status.tcl 
@I [HLS-100] Command       ap_source returned 0; 0.002 sec.
@I [HLS-0] Pragma Handling...
@I [HLS-0] Source preprocessing
@I [HLS-100] Execute       clang  -fno-limit-debug-info -gcc-toolchain "C:/Xilinx/Vivado_HLS/2016.4/msys" -hls -fno-exceptions  -D__llvm__  -CC -E "C:/Users/11401393/Desktop/NCO_audio_output/IP_Vivado_HLS/NCO_key2/solution1/.autopilot/db/nco2.pragma.1.cpp"     -fno-math-errno -c -emit-llvm -O0  -mllvm -disable-llvm-optzns -fno-threadsafe-statics  -fno-use-cxa-atexit  -fno-threadsafe-statics -fno-use-cxa-atexit -Wno-attributes -Wno-gcc-compat -D__cdecl= -DAESL_SYN -D__SYNTHESIS__ -D__HLS_SYN__ -I "C:/Xilinx/Vivado_HLS/2016.4/common/technology/autopilot" -I "C:/Xilinx/Vivado_HLS/2016.4/common/technology/autopilot/ap_sysc" -include etc/autopilot_ssdm_op.h  -o "C:/Users/11401393/Desktop/NCO_audio_output/IP_Vivado_HLS/NCO_key2/solution1/.autopilot/db/nco2.pragma.2.cpp" 
@I [HLS-100] Command       clang returned 0; 0.367 sec.
@I [HLS-0] Processing labels
@I [HLS-100] Execute       clang  -fno-limit-debug-info -gcc-toolchain C:/Xilinx/Vivado_HLS/2016.4/msys -hls -hls-analyze-label -hls-analyze-pragma -fno-exceptions  -D__llvm__  -w  "C:/Users/11401393/Desktop/NCO_audio_output/IP_Vivado_HLS/NCO_key2/solution1/.autopilot/db/nco2.pragma.2.cpp"    -fno-math-errno -c -emit-llvm -O0  -mllvm -disable-llvm-optzns -fno-threadsafe-statics  -fno-use-cxa-atexit -DAESL_SYN -D__SYNTHESIS__ -D__HLS_SYN__ -I "C:/Xilinx/Vivado_HLS/2016.4/common/technology/autopilot" -I "C:/Xilinx/Vivado_HLS/2016.4/common/technology/autopilot/ap_sysc" -include etc/autopilot_ssdm_op.h -g -o "C:/Users/11401393/Desktop/NCO_audio_output/IP_Vivado_HLS/NCO_key2/solution1/.autopilot/db/nco2.g.bc" 
@I [HLS-100] Command       clang returned 0; 1.576 sec.
@I [HLS-100] Execute       source C:/Users/11401393/Desktop/NCO_audio_output/IP_Vivado_HLS/NCO_key2/solution1/.autopilot/db/ve_warning.tcl 
@I [HLS-100] Command       ap_source returned 0; 0.002 sec.
@I [HLS-10] Validating synthesis directives ...
@I [HLS-100] Execute       source C:/Users/11401393/Desktop/NCO_audio_output/IP_Vivado_HLS/NCO_key2/solution1/.autopilot/db/pragma.status.tcl 
@I [HLS-100] Command       ap_source returned 0; 0.002 sec.
@I [HLS-111] Finished Checking Pragmas Time (s): cpu = 00:00:02 ; elapsed = 00:00:17 . Memory (MB): peak = 92.871 ; gain = 43.969
@I [HLS-0] Linking Release ...
@I [HLS-100] Execute       llvm-ld C:/Users/11401393/Desktop/NCO_audio_output/IP_Vivado_HLS/NCO_key2/solution1/.autopilot/db/nco2.bc -disable-opt -LC:/Xilinx/Vivado_HLS/2016.4/win64/lib -lm_basic -o C:/Users/11401393/Desktop/NCO_audio_output/IP_Vivado_HLS/NCO_key2/solution1/.autopilot/db/a.o 
@I [HLS-100] Command       llvm-ld returned 0; 0.388 sec.
@I [HLS-100] Execute       disassemble C:/Users/11401393/Desktop/NCO_audio_output/IP_Vivado_HLS/NCO_key2/solution1/.autopilot/db/a.o C:/Users/11401393/Desktop/NCO_audio_output/IP_Vivado_HLS/NCO_key2/solution1/.autopilot/db/a.o 
@I [HLS-100] Execute         is_encrypted C:/Users/11401393/Desktop/NCO_audio_output/IP_Vivado_HLS/NCO_key2/solution1/.autopilot/db/a.o.bc 
@I [HLS-100] Command         is_encrypted returned 0; 0.001 sec.
@I [HLS-100] Command       disassemble returned 0; 0.203 sec.
@I [HLS-0] Disassemble time: 0 seconds per iteration
@I [HLS-0] Linking Debug ...
@I [HLS-100] Execute       llvm-ld C:/Users/11401393/Desktop/NCO_audio_output/IP_Vivado_HLS/NCO_key2/solution1/.autopilot/db/nco2.g.bc -disable-opt -LC:/Xilinx/Vivado_HLS/2016.4/win64/lib -lm_basic -o C:/Users/11401393/Desktop/NCO_audio_output/IP_Vivado_HLS/NCO_key2/solution1/.autopilot/db/a.g 
@I [HLS-100] Command       llvm-ld returned 0; 0.389 sec.
@I [HLS-100] Execute       disassemble C:/Users/11401393/Desktop/NCO_audio_output/IP_Vivado_HLS/NCO_key2/solution1/.autopilot/db/a.g C:/Users/11401393/Desktop/NCO_audio_output/IP_Vivado_HLS/NCO_key2/solution1/.autopilot/db/a.g 
@I [HLS-100] Execute         is_encrypted C:/Users/11401393/Desktop/NCO_audio_output/IP_Vivado_HLS/NCO_key2/solution1/.autopilot/db/a.g.bc 
@I [HLS-100] Command         is_encrypted returned 0; 0.001 sec.
@I [HLS-100] Command       disassemble returned 0; 0.29 sec.
@I [HLS-0] Disassemble time: 0 seconds per iteration
@I [HLS-111] Finished Linking Time (s): cpu = 00:00:02 ; elapsed = 00:00:18 . Memory (MB): peak = 92.910 ; gain = 44.008
@I [HLS-100] Execute       opt_and_import_c a -opt_level=2 -skip_syncheck=0 -ng=0 -keep_printf=0 
@I [HLS-100] Execute         cleanup_all_models 
@I [HLS-100] Command         cleanup_all_models returned 0; 0 sec.
@I [HLS-10] Starting code transformations ...
@I [HLS-100] Execute         transform -promote-dbg-pointer C:/Users/11401393/Desktop/NCO_audio_output/IP_Vivado_HLS/NCO_key2/solution1/.autopilot/db/a.pp.bc -o C:/Users/11401393/Desktop/NCO_audio_output/IP_Vivado_HLS/NCO_key2/solution1/.autopilot/db/a.pp.0.bc -f 
@I [HLS-100] Command         transform returned 0; 0.185 sec.
@I [HLS-100] Execute         llvm-ld C:/Users/11401393/Desktop/NCO_audio_output/IP_Vivado_HLS/NCO_key2/solution1/.autopilot/db/a.pp.0.bc -disable-opt -LC:/Xilinx/Vivado_HLS/2016.4/win64/lib -lfloatconversion -o C:/Users/11401393/Desktop/NCO_audio_output/IP_Vivado_HLS/NCO_key2/solution1/.autopilot/db/a.g.0 
@I [HLS-0] WARNING: Linking two modules of different data layouts!
WARNING: Linking two modules of different target triples: C:/Xilinx/Vivado_HLS/2016.4/win64/lib/libfloatconversion.a(r:/builds/2016.4/nightly/2017_01_23_1756540/build/win64.o/products/hls/ext/hlslibm/lib_floatconversion.pragma.o): 'x86_64-w64-mingw32' and 'i686-pc-mingw32'
@I [HLS-100] Command         llvm-ld returned 0; 2.456 sec.
@I [HLS-0] Running Standard Transforms...
@I [HLS-100] Execute         transform -hls -share-std-xform -always-inline -promote-dbg-pointer -interface-preproc -scalarrepl -mem2reg -keep-read-access -instcombine -dce -promote-dbg-pointer -bitop-raise -indvarspre -indvars -loop-simplify -xunroll -constprop -instcombine -simplifycfg -indvars -simplifycfg -dce -globaldce -basicaa -simplifycfg -mem2reg -globalopt -global-constprop -deadargelim -instcombine -simplifycfg -prune-eh -simplifycfg -scalarrepl -instcombine -reassociate -licm -simplifycfg -loop-simplify -indvars -instcombine -simplifycfg -mem2reg -loop-simplify -indvars -instcombine -gvn -gvn -instcombine -adce -break-crit-edges -simplifycfg -loop-delete -global-array-opt -dce -dse -adce -find-syn-modules -top NCO2 -deadargelim -mem2reg -instcombine -dce -presyn-prepare -auto-rom-infer -interface-preproc -syn-check -check-rec-only -find-region -simplifycfg -func-extr -function-inline -globaldce -mem2reg -instcombine -dce -gvn -globaldce -adce -adse -constprop -instcombine -bit-constprop -instcombine -dce -simplifycfg -bitop-raise -simplifycfg -dce -loop-delete -reassociate -globalopt -global-privatize -mem2reg -dce -global-constprop -pointer-simplify -constprop -dce -func-inst -deadargelim -promote-dbg-pointer -norm-name C:/Users/11401393/Desktop/NCO_audio_output/IP_Vivado_HLS/NCO_key2/solution1/.autopilot/db/a.g.0.bc -o C:/Users/11401393/Desktop/NCO_audio_output/IP_Vivado_HLS/NCO_key2/solution1/.autopilot/db/a.g.1.bc -f -phase std-opt 
@I [XFORM-603] Inlining function 'ap_fixed_base<136, 84, false, (ap_q_mode)5, (ap_o_mode)3, 0>::operator<<' into 'hls::cast_IEEE754<unsigned int, double>' (r:/builds/2016.4/nightly/2017_01_23_1756540/src/products/hls/hls_lib/src/hls/hls_round.h:395).
@I [XFORM-603] Inlining function 'ap_fixed_base<1, 33, false, (ap_q_mode)5, (ap_o_mode)0, 0>::overflow_adjust' into 'ap_fixed_base<1, 33, false, (ap_q_mode)5, (ap_o_mode)0, 0>::ap_fixed_base<84, 84, false, (ap_q_mode)5, (ap_o_mode)3, 0>' ().
@I [HLS-100] Command         transform returned 0; 5.222 sec.
@I [HLS-100] Execute         disassemble C:/Users/11401393/Desktop/NCO_audio_output/IP_Vivado_HLS/NCO_key2/solution1/.autopilot/db/a.g.1 C:/Users/11401393/Desktop/NCO_audio_output/IP_Vivado_HLS/NCO_key2/solution1/.autopilot/db/a.g.1 
@I [HLS-100] Execute           is_encrypted C:/Users/11401393/Desktop/NCO_audio_output/IP_Vivado_HLS/NCO_key2/solution1/.autopilot/db/a.g.1.bc 
@I [HLS-100] Command           is_encrypted returned 0; 0 sec.
@I [HLS-100] Command         disassemble returned 0; 0.923 sec.
@I [HLS-111] Finished Standard Transforms Time (s): cpu = 00:00:07 ; elapsed = 00:00:27 . Memory (MB): peak = 335.156 ; gain = 286.254
@I [HLS-10] Checking synthesizability ...
@I [HLS-0] Checking Synthesizability 1/2..
@I [HLS-100] Execute         transform -hls -syn-check -check-rec-only -disaggr -scalarrepl -norm-name -dce -mem2reg -instcombine -function-uniquify -directive-preproc -mem2reg -dse -dce -auto-rom-infer -dce -array-normalize -instcombine -dce -array-seg-normalize -instcombine -dce -array-flatten -instcombine -dce -array-burst -dce -deadargelim -promote-global-argument -simplifycfg -mem2reg -globaldce -resolve-double-ptr -dce -deadargelim -dce -instcombine -function-inline -globaldce -dce -doublePtrSimplify -doublePtrElim -dce -doublePtrSimplify -promote-dbg-pointer -dce -scalarrepl -dse -adse -instcombine -ptrLegalization -simplifycfg -dce -instcombine -pointer-simplify -ptrArgReplace -dce -instcombine -disaggr -scalarrepl -norm-name -dce -mem2reg -instcombine -ptrLegalization -simplifycfg -deadargelim -instcombine -dce -inst-simplify -function-uniquify -directive-preproc -mem2reg -dse -dce -globaldce C:/Users/11401393/Desktop/NCO_audio_output/IP_Vivado_HLS/NCO_key2/solution1/.autopilot/db/a.g.1.bc -o C:/Users/11401393/Desktop/NCO_audio_output/IP_Vivado_HLS/NCO_key2/solution1/.autopilot/db/a.g.2.prechk.bc -f 
@I [XFORM-602] Inlining function 'fp_struct<double>::mantissa' into 'hls::cast_IEEE754<unsigned int, double>' (r:/builds/2016.4/nightly/2017_01_23_1756540/src/products/hls/hls_lib/src/hls/hls_round.h:392) automatically.
@I [XFORM-602] Inlining function 'fp_struct<double>::expv' into 'hls::cast_IEEE754<unsigned int, double>' (r:/builds/2016.4/nightly/2017_01_23_1756540/src/products/hls/hls_lib/src/hls/hls_round.h:395) automatically.
@I [XFORM-602] Inlining function 'fp_struct<double>::__signbit' into 'hls::cast_IEEE754<unsigned int, double>' (r:/builds/2016.4/nightly/2017_01_23_1756540/src/products/hls/hls_lib/src/hls/hls_round.h:402) automatically.
@I [XFORM-602] Inlining function 'hls::cast_IEEE754<unsigned int, double>' into '__hls_fptoui_double_i32' (r:/builds/2016.4/nightly/2017_01_23_1756540/src/products/hls/hls_lib/src/lib_floatconversion.cpp:53) automatically.
@I [XFORM-602] Inlining function '__hls_fptoui_double_i32' into 'NCO2' (NCO_key2/nco2.cpp:224) automatically.
@I [HLS-100] Command         transform returned 0; 0.577 sec.
@I [HLS-0] Checking Synthesizability 2/2..
@I [HLS-100] Execute         transform -syn-check C:/Users/11401393/Desktop/NCO_audio_output/IP_Vivado_HLS/NCO_key2/solution1/.autopilot/db/a.g.2.prechk.bc -o C:/Users/11401393/Desktop/NCO_audio_output/IP_Vivado_HLS/NCO_key2/solution1/.autopilot/db/a.g.2.bc -f -phase syn-check 
@I [HLS-100] Command         transform returned 0; 0.38 sec.
@I [HLS-111] Finished Checking Synthesizability Time (s): cpu = 00:00:08 ; elapsed = 00:00:28 . Memory (MB): peak = 335.156 ; gain = 286.254
@I [HLS-0] Compiler optimizing ...
@I [HLS-0] Share syncheck's 1.bc for syn flow: copy C:/Users/11401393/Desktop/NCO_audio_output/IP_Vivado_HLS/NCO_key2/solution1/.autopilot/db/a.g.1.bc to C:/Users/11401393/Desktop/NCO_audio_output/IP_Vivado_HLS/NCO_key2/solution1/.autopilot/db/a.o.1.bc
@I [HLS-0] Presyn 1...
@I [HLS-100] Execute         transform -hls -tmp C:/Users/11401393/Desktop/NCO_audio_output/IP_Vivado_HLS/NCO_key2/solution1/.autopilot/db -interface-port-rename -type-info -function-uniquify -directive-preproc -mem2reg -dse -dce -disaggr -scalarrepl -norm-name -deadargelim -mem2reg -instcombine -dce -auto-rom-infer -dce -function-uniquify -resource-proc -simplifycfg -mem2reg -globaldce -resolve-double-ptr -dce -deadargelim -dce -instcombine -clib-intrinsic-prepare -dce -func-buffer -dce -array-normalize -func-legal -instcombine -gvn -constprop -dce -ptrArgReplace -mem2reg -instcombine -dce -array-seg-normalize -deadargelim -instcombine -dce -pointer-simplify -dce -port-alignment -dce -interface-preproc -data-pack -instcombine -dce -basicaa -aggr-aa -aggrmodref-aa -aggr-aa -gvn -gvn -basicaa -aggr-aa -aggrmodref-aa -aggr-aa -dse -adse -adce -loop-simplify -indvars -instcombine -gvn -loop-simplify -mem2reg -dce -simplifycfg -find-region -instcombine -auto-loop-pipeline -inst-simplify -interface-preproc -cfgopt -instcombine -indvars -auto-loop-unroll -loop-simplify -loop-bound -xunroll -constprop -instcombine -simplifycfg -indvars -simplifycfg -dce -globaldce -clean-region -attach-range -gvn -inst-simplify -constprop -simplifycfg -dce -pointer-simplify -dce -globalopt -constprop -dce -array-promote -constprop -instcombine -dce -ptrArgReplace -mem2reg -instcombine -simplifycfg -dce -auto-par -instcombine -dce -array-transform-check -array-reshape -instcombine -simplifycfg -dce -ptrArgReplace -deadargelim -mem2reg -instcombine -simplifycfg -dce -indvars -loop-simplify -loop-bound -xunroll -constprop -instcombine -simplifycfg -indvars -simplifycfg -dce -globaldce -duplicate-dataflow-processes -globaldce -instcombine -array-partition -instcombine -simplifycfg -dce -ptrArgReplace -global-constprop -deadargelim -mem2reg -func-legal -instcombine -dce -global-constprop -deadargelim -mem2reg -instcombine -simplifycfg -dce -globalopt -constprop -dce -array-promote -constprop -instcombine -dce -ptrArgReplace -mem2reg -instcombine -simplifycfg -dce -mem-intrinsic-preproc -dce -global-privatize -mem2reg -globaldce -promote-global-argument -ptrArgReplace -mem2reg -instcombine -dce -globalopt -mergereturn -simplify-global-access -mem2reg -dce -pointer-simplify -dce -functionattrs -basicaa -aggr-aa -aggrmodref-aa -aggr-aa -gvn -gvn -basicaa -aggr-aa -aggrmodref-aa -aggr-aa -dse -adse -adce -inst-simplify -dce -norm-name -function-inline -globaldce -func-inst -constprop -instcombine -simplifycfg -dce -func-legal -dce -loop-bound -arraycheck -bitwidthmin -on-by-dataflow -loop-delete -instcombine -simplifycfg -globaldce -dce -gvn -deadargelim -dce -loop-simplify -clean-region -simplifycfg -propagate-stable-arguments -loop-stream -instcombine -simplifycfg -dce -globaldce -stream-intrinsic-preproc -dce -check-ap-stream -loop-simplify -eliminate-keepreads -extract-dataflow-in-loop -loop-simplify -dce -gvn -deadargelim -dse -check-dataflow-syntax -legalize-stream-variable -legalize-global -extract-subproc -dce -dead-channel-elimination -canonicalize-gep -globaldce -dce -gvn -deadargelim -annotate-dataflow-channels -scalar-propagation -deadargelim -globaldce -mem2reg -check-dataflow-channels -function-stream -dce -globaldce -prop-fifo-spec -internal-stream-gen -canonicalize-gep -globaldce -dce -gvn -deadargelim -mergereturn -indvars -loop-simplify -instcombine -array-stream -array-seg-normalize -array-partition -func-legal -instcombine -simplifycfg -dce -bundle-memfifo-ops -deadargelim -function-uniquify -directive-preproc -mem2reg -dse -dce -group-axi-access -licm -simplifycfg -dce -loop-delete -norm-name C:/Users/11401393/Desktop/NCO_audio_output/IP_Vivado_HLS/NCO_key2/solution1/.autopilot/db/a.o.1.bc -o C:/Users/11401393/Desktop/NCO_audio_output/IP_Vivado_HLS/NCO_key2/solution1/.autopilot/db/a.o.1.tmp.bc -f 
@I [XFORM-602] Inlining function 'fp_struct<double>::mantissa' into 'hls::cast_IEEE754<unsigned int, double>' (r:/builds/2016.4/nightly/2017_01_23_1756540/src/products/hls/hls_lib/src/hls/hls_round.h:392) automatically.
@I [XFORM-602] Inlining function 'fp_struct<double>::expv' into 'hls::cast_IEEE754<unsigned int, double>' (r:/builds/2016.4/nightly/2017_01_23_1756540/src/products/hls/hls_lib/src/hls/hls_round.h:395) automatically.
@I [XFORM-602] Inlining function 'hls::cast_IEEE754<unsigned int, double>' into '__hls_fptoui_double_i32' (r:/builds/2016.4/nightly/2017_01_23_1756540/src/products/hls/hls_lib/src/lib_floatconversion.cpp:53) automatically.
@I [XFORM-602] Inlining function '__hls_fptoui_double_i32' into 'NCO2' (NCO_key2/nco2.cpp:224) automatically.
@I [HLS-100] Command         transform returned 0; 0.713 sec.
@I [HLS-0] Presyn 2...
@I [HLS-100] Execute         transform -hls -keep-callgraph -scalarrepl -mem2reg -port-alignment -attach-range -dce -pipe-mux-gen -indvars -loop-bound -inst-simplify -instcombine -dce -merge-array-access -mem2reg -dce -clean-region -mergereturn -if-conv -instcombine -dce -constprop -basicaa -aggr-aa -aggrmodref-aa -aggr-aa -gvn -gvn -basicaa -aggr-aa -aggrmodref-aa -aggr-aa -dse -adse -adce -scalarrepl -mem2reg -global-constprop -deadargelim -deadargelim -instcombine -dce -simplifycfg -ptrArgReplace -mem2reg -function-inline -globaldce -mem2reg -instcombine -dce -expr-balance -instcombine -dce -bitwidthmin -interface-preproc -directive-preproc -inst-rectify -instcombine -dce -functionattrs -constprop -instcombine -bit-constprop -simplify-global-access -globalopt -globaldce -inst-simplify -instcombine -elimdeaddata -dce -loop-delete -simplifycfg -loop-simplify -auto-burst -norm-name C:/Users/11401393/Desktop/NCO_audio_output/IP_Vivado_HLS/NCO_key2/solution1/.autopilot/db/a.o.1.tmp.bc -o C:/Users/11401393/Desktop/NCO_audio_output/IP_Vivado_HLS/NCO_key2/solution1/.autopilot/db/a.o.2.bc -f -phase presyn 
@I [HLS-100] Command         transform returned 0; 0.473 sec.
@I [HLS-100] Execute         disassemble C:/Users/11401393/Desktop/NCO_audio_output/IP_Vivado_HLS/NCO_key2/solution1/.autopilot/db/a.o.2 C:/Users/11401393/Desktop/NCO_audio_output/IP_Vivado_HLS/NCO_key2/solution1/.autopilot/db/a.o.2 
@I [HLS-100] Execute           is_encrypted C:/Users/11401393/Desktop/NCO_audio_output/IP_Vivado_HLS/NCO_key2/solution1/.autopilot/db/a.o.2.bc 
@I [HLS-100] Command           is_encrypted returned 0; 0.001 sec.
@I [HLS-100] Command         disassemble returned 0; 0.653 sec.
@I [HLS-111] Finished Pre-synthesis Time (s): cpu = 00:00:09 ; elapsed = 00:00:30 . Memory (MB): peak = 381.434 ; gain = 332.531
@I [HLS-0] Building ssdm...
@I [HLS-100] Execute         transform -hls -function-uniquify -auto-function-inline -globaldce -ptrArgReplace -mem2reg -instcombine -dce -reset-lda -loop-simplify -indvars -licm -loop-dep -loop-bound -licm -loop-simplify -flattenloopnest -array-flatten -gvn -instcombine -dce -array-map -dce -func-legal -gvn -adce -instcombine -cfgopt -simplifycfg -loop-simplify -array-burst -promote-global-argument -dce -axi4-lower -array-seg-normalize -basicaa -aggrmodref-aa -globalsmodref-aa -aggr-aa -gvn -gvn -basicaa -aggrmodref-aa -globalsmodref-aa -aggr-aa -dse -adse -adce -licm -inst-simplify -dce -globaldce -instcombine -array-stream -eliminate-keepreads -instcombine -dce -deadargelim -doublePtrSimplify -doublePtrElim -dce -doublePtrSimplify -promote-dbg-pointer -dce -scalarrepl -mem2reg -disaggr -norm-name -mem2reg -instcombine -dse -adse -adce -ptrLegalization -dce -auto-rom-infer -array-flatten -dce -instcombine -loop-rot -constprop -cfgopt -simplifycfg -loop-simplify -indvars -pointer-simplify -dce -loop-bound -loop-simplify -loop-preproc -constprop -global-constprop -gvn -mem2reg -instcombine -dce -loop-bound -loop-merge -dce -bitwidthmin -deadargelim -dce -canonicalize-dataflow -dce -scalar-propagation -deadargelim -globaldce -mem2reg -interface-preproc -interface-gen -deadargelim -directive-preproc -inst-simplify -dce -gvn -mem2reg -instcombine -dce -adse -loop-bound -instcombine -cfgopt -simplifycfg -loop-simplify -clean-region -io-protocol -find-region -mem2reg -bitop-raise -inst-simplify -inst-rectify -instcombine -adce -deadargelim -loop-simplify -phi-opt -bitop-raise -cfgopt -simplifycfg -strip-dead-prototypes -interface-lower -bitop-lower -intrinsic-lower -auto-function-inline -basicaa -aggrmodref-aa -globalsmodref-aa -aggr-aa -inst-simplify -simplifycfg -loop-simplify -mergereturn -inst-simplify -inst-rectify -dce -bitop-lower -loop-rewind -pointer-simplify -dce -cfgopt -read-loop-dep -dce -bitwidth -loop-dep -norm-name -legalize -cdfg-build C:/Users/11401393/Desktop/NCO_audio_output/IP_Vivado_HLS/NCO_key2/solution1/.autopilot/db/a.o.2.bc -o C:/Users/11401393/Desktop/NCO_audio_output/IP_Vivado_HLS/NCO_key2/solution1/.autopilot/db/a.o.3.bc -f -phase build-ssdm 
@I [HLS-100] Command         transform returned 0; 0.477 sec.
@I [HLS-100] Execute         disassemble C:/Users/11401393/Desktop/NCO_audio_output/IP_Vivado_HLS/NCO_key2/solution1/.autopilot/db/a.o.3 C:/Users/11401393/Desktop/NCO_audio_output/IP_Vivado_HLS/NCO_key2/solution1/.autopilot/db/a.o.3 
@I [HLS-100] Execute           is_encrypted C:/Users/11401393/Desktop/NCO_audio_output/IP_Vivado_HLS/NCO_key2/solution1/.autopilot/db/a.o.3.bc 
@I [HLS-100] Command           is_encrypted returned 0; 0 sec.
@I [HLS-100] Command         disassemble returned 0; 0.627 sec.
@I [HLS-111] Finished Architecture Synthesis Time (s): cpu = 00:00:09 ; elapsed = 00:00:31 . Memory (MB): peak = 402.559 ; gain = 353.656
@I [HLS-0] Finish building internal data model.
@I [HLS-100] Command       opt_and_import_c returned 0; 12.781 sec.
@I [HLS-100] Command     elaborate returned 0; 29.158 sec.
@I [HLS-100] Execute     autosyn 
@I [HLS-10] Starting hardware synthesis ...
@I [HLS-0] Synthesizing C/C++ design ...
@I [HLS-10] Synthesizing 'NCO2' ...
@I [HLS-100] Execute       ap_set_top_model NCO2 
@I [HLS-100] Command       ap_set_top_model returned 0; 0 sec.
@I [HLS-100] Execute       get_model_list NCO2 -filter all-wo-channel -topdown 
@I [HLS-100] Command       get_model_list returned 0; 0 sec.
@I [HLS-100] Execute       preproc_iomode -model NCO2 
@I [HLS-100] Command       preproc_iomode returned 0; 0.001 sec.
@I [HLS-100] Execute       get_model_list NCO2 -filter all-wo-channel 
@I [HLS-100] Command       get_model_list returned 0; 0 sec.
@I [HLS-0] Model list for configure: NCO2
@I [HLS-0] Configuring Module : NCO2 ...
@I [HLS-100] Execute       set_default_model NCO2 
@I [HLS-100] Command       set_default_model returned 0; 0 sec.
@I [HLS-100] Execute       apply_spec_resource_limit NCO2 
@I [HLS-100] Command       apply_spec_resource_limit returned 0; 0 sec.
@I [HLS-0] Model list for preprocess: NCO2
@I [HLS-0] Preprocessing Module: NCO2 ...
@I [HLS-100] Execute       set_default_model NCO2 
@I [HLS-100] Command       set_default_model returned 0; 0 sec.
@I [HLS-100] Execute       cdfg_preprocess -model NCO2 
@I [HLS-100] Command       cdfg_preprocess returned 0; 0 sec.
@I [HLS-100] Execute       rtl_gen_preprocess NCO2 
@I [HLS-100] Command       rtl_gen_preprocess returned 0; 0 sec.
@I [HLS-0] Model list for synthesis: NCO2
@I [HLS-10] ----------------------------------------------------------------
@I [HLS-10] -- Implementing module 'NCO2' 
@I [HLS-10] ----------------------------------------------------------------
@I [HLS-100] Execute       set_default_model NCO2 
@I [HLS-100] Command       set_default_model returned 0; 0 sec.
@I [HLS-100] Execute       schedule -model NCO2 
@I [SCHED-11] Starting scheduling ...
@I [SCHED-11] Finished scheduling.
@I [HLS-100] Command       schedule returned 0; 0.058 sec.
@I [HLS-111]  Elapsed time: 31.098 seconds; current allocated memory: 341.631 MB.
@I [HLS-100] Execute       report -o C:/Users/11401393/Desktop/NCO_audio_output/IP_Vivado_HLS/NCO_key2/solution1/.autopilot/db/NCO2.verbose.sched.rpt -verbose -f 
@I [HLS-100] Command       report returned 0; 0.051 sec.
@I [HLS-100] Execute       db_write -o C:/Users/11401393/Desktop/NCO_audio_output/IP_Vivado_HLS/NCO_key2/solution1/.autopilot/db/NCO2.sched.adb -f 
@I [HLS-100] Command       db_write returned 0; 0.057 sec.
@I [HLS-0] Finish scheduling NCO2.
@I [HLS-100] Execute       set_default_model NCO2 
@I [HLS-100] Command       set_default_model returned 0; 0 sec.
@I [HLS-100] Execute       bind -model NCO2 
@I [BIND-110] clear=
@I [BIND-110] debug=
@I [BIND-110] drf=
@I [BIND-110] effort=
@I [BIND-110] fast_refine=
@I [BIND-110] fu_weight=[ 0.0 -- 1.0 ]
@I [BIND-110] global_opt=
@I [BIND-110] gsearch=
@I [BIND-110] help=
@I [BIND-110] help-hidden=
@I [BIND-110] min_mem_port=
@I [BIND-110] min_op=
@I [BIND-110] minreg=
@I [BIND-110] ml=
@I [BIND-110] model=NCO2
@I [BIND-110] no_false_path=
@I [BIND-110] no_min_op=
@I [BIND-110] normalize=
@I [BIND-110] quiet=
@I [BIND-110] refine=
@I [BIND-110] reg_weight=[ 0.0 -- 1.0 ]
@I [BIND-110] search=
@I [BIND-110] tight_delay=
@I [BIND-110] verbose=
@I [BIND-110] wFF=
@I [BIND-110] wFU=
@I [BIND-110] wMUX=
@I [BIND-110] wNET=
@I [BIND-100] Starting micro-architecture generation ...
@I [BIND-101] Performing variable lifetime analysis.
@I [BIND-101] Exploring resource sharing.
@I [BIND-101] Binding ...
@I [BIND-100] Finished micro-architecture generation.
@I [HLS-100] Command       bind returned 0; 0.014 sec.
@I [HLS-111]  Elapsed time: 0.22 seconds; current allocated memory: 341.706 MB.
@I [HLS-100] Execute       report -o C:/Users/11401393/Desktop/NCO_audio_output/IP_Vivado_HLS/NCO_key2/solution1/.autopilot/db/NCO2.verbose.bind.rpt -verbose -f 
@I [HLS-100] Command       report returned 0; 0.069 sec.
@I [HLS-100] Execute       db_write -o C:/Users/11401393/Desktop/NCO_audio_output/IP_Vivado_HLS/NCO_key2/solution1/.autopilot/db/NCO2.bind.adb -f 
@I [HLS-100] Command       db_write returned 0; 0.064 sec.
@I [HLS-0] Finish binding NCO2.
@I [HLS-100] Execute       get_model_list NCO2 -filter all-wo-channel 
@I [HLS-100] Command       get_model_list returned 0; 0 sec.
@I [HLS-0] Preprocessing for RTLGen ...
@I [HLS-100] Execute       rtl_gen_preprocess NCO2 
@I [HLS-100] Command       rtl_gen_preprocess returned 0; 0.001 sec.
@I [HLS-0] Model list for RTL generation: NCO2
@I [HLS-10] ----------------------------------------------------------------
@I [HLS-10] -- Generating RTL for module 'NCO2' 
@I [HLS-10] ----------------------------------------------------------------
@I [HLS-100] Execute       create_rtl_model NCO2 -vendor xilinx -mg_file C:/Users/11401393/Desktop/NCO_audio_output/IP_Vivado_HLS/NCO_key2/solution1/.autopilot/db/NCO2.compgen.tcl 
@I [RTGEN-500] Setting interface mode on port 'NCO2/freqControl' to 's_axilite & ap_none'.
@I [RTGEN-500] Setting interface mode on port 'NCO2/sine_out_V' to 's_axilite & ap_vld'.
@I [RTGEN-500] Setting interface mode on function 'NCO2' to 's_axilite & ap_ctrl_none'.
@W [RTGEN-101] Register 'accumulator_V' is power-on initialization.
@W [RTGEN-101] Global scalar 'accumulator_V' will not be exposed as RTL port.
@W [RTGEN-101] Global scalar 'index_V' will not be exposed as RTL port.
@W [RTGEN-101] Global scalar 'phase_V' will not be exposed as RTL port.
@I [RTGEN-100] Bundling port 'return' and 'sine_out_V' to AXI-Lite port AXILiteS.
@I [SYN-210] Renamed object name 'NCO2_dmul_64ns_64ns_64_6_max_dsp' to 'NCO2_dmul_64ns_64bkb' due to the length limit 20
@I [SYN-210] Renamed object name 'NCO2_ddiv_64ns_64ns_64_31' to 'NCO2_ddiv_64ns_64cud' due to the length limit 20
@I [SYN-210] Renamed object name 'NCO2_sitodp_32ns_64_5' to 'NCO2_sitodp_32ns_dEe' due to the length limit 20
@I [RTGEN-100] Generating core module 'NCO2_ddiv_64ns_64cud': 1 instance(s).
@I [RTGEN-100] Generating core module 'NCO2_dmul_64ns_64bkb': 1 instance(s).
@I [RTGEN-100] Generating core module 'NCO2_sitodp_32ns_dEe': 1 instance(s).
@I [RTGEN-100] Finished creating RTL model for 'NCO2'.
@I [HLS-100] Command       create_rtl_model returned 0; 0.065 sec.
@I [HLS-111]  Elapsed time: 0.349 seconds; current allocated memory: 341.617 MB.
@I [HLS-100] Execute       source C:/Users/11401393/Desktop/NCO_audio_output/IP_Vivado_HLS/NCO_key2/solution1/.autopilot/db/NCO2.rtl_wrap.cfg.tcl 
@I [HLS-100] Command       ap_source returned 0; 0.005 sec.
@I [HLS-100] Execute       gen_rtl NCO2 -istop -style xilinx -tracefl mytrace -tracefmt vcd -traceopt all -f -lang sc -o C:/Users/11401393/Desktop/NCO_audio_output/IP_Vivado_HLS/NCO_key2/solution1/syn/systemc/NCO2 -synmodules NCO2 
@I [HLS-100] Command       gen_rtl returned 0; 0.004 sec.
@I [HLS-100] Execute       gen_rtl NCO2 -istop -style xilinx -f -lang vhdl -o C:/Users/11401393/Desktop/NCO_audio_output/IP_Vivado_HLS/NCO_key2/solution1/syn/vhdl/NCO2 
@I [HLS-100] Command       gen_rtl returned 0; 0.019 sec.
@I [HLS-100] Execute       gen_rtl NCO2 -istop -style xilinx -f -lang vlog -o C:/Users/11401393/Desktop/NCO_audio_output/IP_Vivado_HLS/NCO_key2/solution1/syn/verilog/NCO2 
@I [HLS-100] Command       gen_rtl returned 0; 0.013 sec.
@I [HLS-100] Execute       export_constraint_db -o C:/Users/11401393/Desktop/NCO_audio_output/IP_Vivado_HLS/NCO_key2/solution1/.autopilot/db/NCO2.constraint.tcl -f -tool general 
@I [HLS-100] Command       export_constraint_db returned 0; 0.001 sec.
@I [HLS-100] Execute       report -model NCO2 -o C:/Users/11401393/Desktop/NCO_audio_output/IP_Vivado_HLS/NCO_key2/solution1/.autopilot/db/NCO2.design.xml -verbose -f -dv 
@I [HLS-100] Command       report returned 0; 0.015 sec.
@I [HLS-100] Execute       report -model NCO2 -o C:/Users/11401393/Desktop/NCO_audio_output/IP_Vivado_HLS/NCO_key2/solution1/.autopilot/db/NCO2.sdaccel.xml -verbose -f -sdaccel 
@I [HLS-100] Command       report returned 0; 0.022 sec.
@I [HLS-100] Execute       gen_tb_info NCO2 -o C:/Users/11401393/Desktop/NCO_audio_output/IP_Vivado_HLS/NCO_key2/solution1/.autopilot/db/NCO2 -p C:/Users/11401393/Desktop/NCO_audio_output/IP_Vivado_HLS/NCO_key2/solution1/.autopilot/db 
@I [HLS-100] Command       gen_tb_info returned 0; 0.006 sec.
@I [HLS-100] Execute       report -model NCO2 -o C:/Users/11401393/Desktop/NCO_audio_output/IP_Vivado_HLS/NCO_key2/solution1/syn/report/NCO2_csynth.rpt -f 
@I [HLS-100] Command       report returned 0; 0.011 sec.
@I [HLS-100] Execute       report -model NCO2 -o C:/Users/11401393/Desktop/NCO_audio_output/IP_Vivado_HLS/NCO_key2/solution1/syn/report/NCO2_csynth.xml -f -x 
@I [HLS-100] Command       report returned 0; 0.008 sec.
@I [HLS-100] Execute       report -model NCO2 -o C:/Users/11401393/Desktop/NCO_audio_output/IP_Vivado_HLS/NCO_key2/solution1/.autopilot/db/NCO2.verbose.rpt -verbose -f 
@I [HLS-100] Command       report returned 0; 0.087 sec.
@I [HLS-100] Execute       db_write -model NCO2 -o C:/Users/11401393/Desktop/NCO_audio_output/IP_Vivado_HLS/NCO_key2/solution1/.autopilot/db/NCO2.adb -f 
@I [HLS-100] Command       db_write returned 0; 0.071 sec.
@I [HLS-100] Execute       sc_get_clocks NCO2 
@I [HLS-100] Command       sc_get_clocks returned 0; 0 sec.
@I [HLS-100] Execute       sc_get_portdomain NCO2 
@I [HLS-100] Command       sc_get_portdomain returned 0; 0 sec.
@I [HLS-0] Model list for RTL component generation: NCO2
@I [HLS-0] Handling components in module [NCO2] ... 
@I [HLS-100] Execute       source C:/Users/11401393/Desktop/NCO_audio_output/IP_Vivado_HLS/NCO_key2/solution1/.autopilot/db/NCO2.compgen.tcl 
@I [HLS-0] Found component NCO2_dmul_64ns_64bkb.
@I [HLS-0] Append model NCO2_dmul_64ns_64bkb
@I [HLS-0] Found component NCO2_ddiv_64ns_64cud.
@I [HLS-0] Append model NCO2_ddiv_64ns_64cud
@I [HLS-0] Found component NCO2_sitodp_32ns_dEe.
@I [HLS-0] Append model NCO2_sitodp_32ns_dEe
@I [HLS-0] Found component NCO2_sine_V.
@I [HLS-0] Append model NCO2_sine_V
@I [HLS-0] Found component NCO2_AXILiteS_s_axi.
@I [HLS-0] Append model NCO2_AXILiteS_s_axi
@I [HLS-100] Command       ap_source returned 0; 0.009 sec.
@I [HLS-0] Append model NCO2
@I [HLS-0] Generating RTL model list ...
@I [HLS-0] All models in this session: NCO2_dmul_64ns_64bkb NCO2_ddiv_64ns_64cud NCO2_sitodp_32ns_dEe NCO2_sine_V NCO2_AXILiteS_s_axi NCO2
@I [HLS-0] To file: write model NCO2_dmul_64ns_64bkb
@I [HLS-0] To file: write model NCO2_ddiv_64ns_64cud
@I [HLS-0] To file: write model NCO2_sitodp_32ns_dEe
@I [HLS-0] To file: write model NCO2_sine_V
@I [HLS-0] To file: write model NCO2_AXILiteS_s_axi
@I [HLS-0] To file: write model NCO2
@I [HLS-0] Finished generating RTL model list.


@I [HLS-0] RTL Generation done.
@I [HLS-0] CAS Generation done.
@I [HLS-0] CBC Generation done.
@I [HLS-100] Execute       export_ssdm C:/Users/11401393/Desktop/NCO_audio_output/IP_Vivado_HLS/NCO_key2/solution1/.autopilot/db/a.export.ll 
@I [HLS-100] Command       export_ssdm returned 0; 0.005 sec.
@I [HLS-100] Execute       source C:/Users/11401393/Desktop/NCO_audio_output/IP_Vivado_HLS/NCO_key2/solution1/.autopilot/db/global.setting.tcl 
@I [HLS-100] Command       ap_source returned 0; 0.002 sec.
@I [HLS-100] Execute       source C:/Xilinx/Vivado_HLS/2016.4/common/technology/generic/autopilot/common.gen 
@I [HLS-100] Execute         source C:/Xilinx/Vivado_HLS/2016.4/common/technology/generic/autopilot/APCoreGen.gen 
@I [HLS-100] Command         ap_source returned 0; 0.002 sec.
@I [HLS-100] Command       ap_source returned 0; 0.004 sec.
@I [HLS-100] Execute       source C:/Xilinx/Vivado_HLS/2016.4/common/technology/generic/autopilot/op.gen 
@I [HLS-100] Command       ap_source returned 0; 0.002 sec.
@I [HLS-100] Execute       source C:/Xilinx/Vivado_HLS/2016.4/common/technology/generic/autopilot/op_simcore.gen 
@I [HLS-100] Command       ap_source returned 0; 0.003 sec.
@I [HLS-100] Execute       source C:/Xilinx/Vivado_HLS/2016.4/common/technology/generic/autopilot/interface.gen 
@I [HLS-100] Command       ap_source returned 0; 0.001 sec.
@I [HLS-100] Execute       source C:/Users/11401393/Desktop/NCO_audio_output/IP_Vivado_HLS/NCO_key2/solution1/.autopilot/db/global.setting.tcl 
@I [HLS-100] Command       ap_source returned 0; 0.003 sec.
@I [HLS-100] Execute       source C:/Xilinx/Vivado_HLS/2016.4/common/technology/xilinx/zynq/zynq.gen 
@I [HLS-100] Execute         source C:/Xilinx/Vivado_HLS/2016.4/common/technology/xilinx/common/virtex.gen 
@I [HLS-100] Execute           source C:/Xilinx/Vivado_HLS/2016.4/common/technology/xilinx/common/xilinx.gen 
@I [HLS-100] Execute             source C:/Xilinx/Vivado_HLS/2016.4/common/technology/xilinx/interface/plb46.gen 
@I [HLS-100] Command             ap_source returned 0; 0.002 sec.
@I [HLS-100] Execute             source C:/Xilinx/Vivado_HLS/2016.4/common/technology/xilinx/interface/fsl.gen 
@I [HLS-100] Command             ap_source returned 0; 0 sec.
@I [HLS-100] Execute             source C:/Xilinx/Vivado_HLS/2016.4/common/technology/xilinx/interface/axi4.gen 
@I [HLS-100] Command             ap_source returned 0; 0.002 sec.
@I [HLS-100] Execute             source C:/Xilinx/Vivado_HLS/2016.4/common/technology/xilinx/interface/nativeAXI4.gen 
@I [HLS-100] Execute               source C:/Xilinx/Vivado_HLS/2016.4/common/technology/xilinx/interface/saxilite.gen 
@I [HLS-100] Command               ap_source returned 0; 0.004 sec.
@I [HLS-100] Execute               source C:/Xilinx/Vivado_HLS/2016.4/common/technology/xilinx/interface/maxi.gen 
@I [HLS-100] Command               ap_source returned 0; 0.008 sec.
@I [HLS-100] Command             ap_source returned 0; 0.015 sec.
@I [HLS-100] Execute             source C:/Xilinx/Vivado_HLS/2016.4/common/technology/xilinx/scripts/xilinxcoregen.gen 
@I [HLS-100] Command             ap_source returned 0; 0.01 sec.
@I [HLS-100] Execute             source C:/Xilinx/Vivado_HLS/2016.4/common/technology/xilinx/interface/XilEDKCoreGen.gen 
@I [HLS-100] Command             ap_source returned 0; 0.008 sec.
@I [HLS-100] Execute             source C:/Xilinx/Vivado_HLS/2016.4/common/technology/xilinx/ip/dds_compiler.gen 
@I [HLS-100] Command             ap_source returned 0; 0.003 sec.
@I [HLS-100] Execute             source C:/Xilinx/Vivado_HLS/2016.4/common/technology/xilinx/ip/util.gen 
@I [HLS-100] Command             ap_source returned 0; 0 sec.
@I [HLS-100] Execute             source C:/Xilinx/Vivado_HLS/2016.4/common/technology/xilinx/ip/xfft.gen 
@I [HLS-100] Command             ap_source returned 0; 0.098 sec.
@I [HLS-100] Execute             source C:/Xilinx/Vivado_HLS/2016.4/common/technology/xilinx/ip/xfir.gen 
@I [HLS-100] Command             ap_source returned 0; 0.001 sec.
@I [HLS-100] Command           ap_source returned 0; 0.148 sec.
@I [HLS-100] Execute           source C:/Xilinx/Vivado_HLS/2016.4/common/technology/xilinx/common/dsp48.gen 
@I [HLS-100] Command           ap_source returned 0; 0 sec.
@I [HLS-100] Command         ap_source returned 0; 0.152 sec.
@I [HLS-100] Command       ap_source returned 0; 0.154 sec.
@I [HLS-100] Execute       source C:/Xilinx/Vivado_HLS/2016.4/common/technology/xilinx/zynq/zynq_fpv6.gen 
@I [HLS-100] Execute         source C:/Xilinx/Vivado_HLS/2016.4/common/technology/xilinx/common/xilinx_fpv6.gen 
@I [HLS-100] Command         ap_source returned 0; 0.002 sec.
@I [HLS-100] Command       ap_source returned 0; 0.002 sec.
@I [HLS-100] Execute       source C:/Users/11401393/Desktop/NCO_audio_output/IP_Vivado_HLS/NCO_key2/solution1/.autopilot/db/global.setting.tcl 
@I [HLS-100] Command       ap_source returned 0; 0.003 sec.
@I [HLS-100] Execute       source C:/Users/11401393/Desktop/NCO_audio_output/IP_Vivado_HLS/NCO_key2/solution1/.autopilot/db/global.setting.tcl 
@I [HLS-100] Command       ap_source returned 0; 0.003 sec.
@I [HLS-100] Execute       source C:/Users/11401393/Desktop/NCO_audio_output/IP_Vivado_HLS/NCO_key2/solution1/.autopilot/db/global.setting.tcl 
@I [HLS-100] Command       ap_source returned 0; 0.002 sec.
@I [HLS-100] Execute       source C:/Users/11401393/Desktop/NCO_audio_output/IP_Vivado_HLS/NCO_key2/solution1/.autopilot/db/global.setting.tcl 
@I [HLS-100] Command       ap_source returned 0; 0.002 sec.
@I [HLS-100] Execute       source C:/Users/11401393/Desktop/NCO_audio_output/IP_Vivado_HLS/NCO_key2/solution1/.autopilot/db/NCO2.compgen.tcl 
@I [RTMG-279] Implementing memory 'NCO2_sine_V_rom' using auto ROMs.
@I [HLS-100] Execute         source ./AXILiteS.slave.tcl 
@I [HLS-100] Command         ap_source returned 0; 0.003 sec.
@I [HLS-100] Command       ap_source returned 0; 0.794 sec.
@I [HLS-111] Finished generating all RTL models Time (s): cpu = 00:00:11 ; elapsed = 00:00:33 . Memory (MB): peak = 402.559 ; gain = 353.656
@I [SYSC-301] Generating SystemC RTL for NCO2.
@I [VHDL-304] Generating VHDL RTL for NCO2.
@I [VLOG-307] Generating Verilog RTL for NCO2.
@I [HLS-100] Command     autosyn returned 0; 2.389 sec.
@I [HLS-100] Command   csynth_design returned 0; 31.548 sec.
@I [HLS-100] Command ap_source returned 0; 31.965 sec.
@I [HLS-100] Execute cleanup_all 
@I [HLS-100] Command cleanup_all returned 0; 0.003 sec.
