

================================================================
== Vivado HLS Report for 'NCO2'
================================================================
* Date:           Mon Jun 12 14:50:38 2017

* Version:        2016.4 (Build 1756540 on Mon Jan 23 19:31:01 MST 2017)
* Project:        NCO_key2
* Solution:       solution1
* Product family: zynq
* Target device:  xc7z010clg400-1


================================================================
== Performance Estimates
================================================================
+ Timing (ns): 
    * Summary: 
    +--------+-------+----------+------------+
    |  Clock | Target| Estimated| Uncertainty|
    +--------+-------+----------+------------+
    |ap_clk  |  10.00|      9.21|        0.00|
    +--------+-------+----------+------------+

+ Latency (clock cycles): 
    * Summary: 
    +-----+-----+-----+-----+---------+
    |  Latency  |  Interval | Pipeline|
    | min | max | min | max |   Type  |
    +-----+-----+-----+-----+---------+
    |   44|   44|   45|   45|   none  |
    +-----+-----+-----+-----+---------+

    + Detail: 
        * Instance: 
        N/A

        * Loop: 
        N/A

============================================================
+ Verbose Summary: Synthesis Manager
============================================================
InlineROM: 1
ExposeGlobal: 0
============================================================
+ Verbose Summary: CDFG Model
============================================================
IsTopModel: 1
ResetActiveHigh: 1
IsCombinational: 0
IsDatapathOnly: 0
HasWiredReturn: 1
HasMFsm: 0
HasVarLatency: 1
IsPipeline: 0
IsRtlPipelined: 0
IsInstanceOverlapped: 0
IsDontTouch: 0
HasImplIP: 0
IsGatedGlobalClock: 0


============================================================
+ Verbose Summary: Schedule
============================================================
* Number of FSM states: 45
* Pipeline: 0
* Dataflow Pipeline: 0

* FSM state transitions: 
1 --> 
	2  / true
2 --> 
	3  / true
3 --> 
	4  / true
4 --> 
	5  / true
5 --> 
	6  / true
6 --> 
	7  / true
7 --> 
	8  / true
8 --> 
	9  / true
9 --> 
	10  / true
10 --> 
	11  / true
11 --> 
	12  / true
12 --> 
	13  / true
13 --> 
	14  / true
14 --> 
	15  / true
15 --> 
	16  / true
16 --> 
	17  / true
17 --> 
	18  / true
18 --> 
	19  / true
19 --> 
	20  / true
20 --> 
	21  / true
21 --> 
	22  / true
22 --> 
	23  / true
23 --> 
	24  / true
24 --> 
	25  / true
25 --> 
	26  / true
26 --> 
	27  / true
27 --> 
	28  / true
28 --> 
	29  / true
29 --> 
	30  / true
30 --> 
	31  / true
31 --> 
	32  / true
32 --> 
	33  / true
33 --> 
	34  / true
34 --> 
	35  / true
35 --> 
	36  / true
36 --> 
	37  / true
37 --> 
	38  / true
38 --> 
	39  / true
39 --> 
	40  / true
40 --> 
	41  / true
41 --> 
	42  / true
42 --> 
	43  / true
43 --> 
	44  / true
44 --> 
	45  / true
45 --> 
* FSM state operations: 

 <State 1>: 1.00ns
ST_1: freqControl_read (10)  [1/1] 1.00ns
_ZrsILi32ELb0EE11ap_int_baseIXT_EXT0_EXleT_Li64EEERKS1_i.exit:3  %freqControl_read = call i32 @_ssdm_op_Read.s_axilite.i32(i32 %freqControl)

ST_1: freqControl_assign (11)  [1/1] 0.00ns
_ZrsILi32ELb0EE11ap_int_baseIXT_EXT0_EXleT_Li64EEERKS1_i.exit:4  %freqControl_assign = alloca i32, align 4

ST_1: StgValue_48 (12)  [1/1] 0.00ns
_ZrsILi32ELb0EE11ap_int_baseIXT_EXT0_EXleT_Li64EEERKS1_i.exit:5  store volatile i32 %freqControl_read, i32* %freqControl_assign, align 4


 <State 2>: 0.00ns
ST_2: freqControl_assign_l (13)  [1/1] 0.00ns  loc: NCO_key2/nco2.cpp:220
_ZrsILi32ELb0EE11ap_int_baseIXT_EXT0_EXleT_Li64EEERKS1_i.exit:6  %freqControl_assign_l = load volatile i32* %freqControl_assign, align 4


 <State 3>: 8.81ns
ST_3: freqControl_assign_l_1 (21)  [1/1] 0.00ns  loc: NCO_key2/nco2.cpp:224
_ZrsILi32ELb0EE11ap_int_baseIXT_EXT0_EXleT_Li64EEERKS1_i.exit:14  %freqControl_assign_l_1 = load volatile i32* %freqControl_assign, align 4

ST_3: tmp_s (22)  [5/5] 8.81ns  loc: NCO_key2/nco2.cpp:224
_ZrsILi32ELb0EE11ap_int_baseIXT_EXT0_EXleT_Li64EEERKS1_i.exit:15  %tmp_s = sitofp i32 %freqControl_assign_l_1 to double


 <State 4>: 8.81ns
ST_4: tmp_s (22)  [4/5] 8.81ns  loc: NCO_key2/nco2.cpp:224
_ZrsILi32ELb0EE11ap_int_baseIXT_EXT0_EXleT_Li64EEERKS1_i.exit:15  %tmp_s = sitofp i32 %freqControl_assign_l_1 to double


 <State 5>: 8.81ns
ST_5: tmp_s (22)  [3/5] 8.81ns  loc: NCO_key2/nco2.cpp:224
_ZrsILi32ELb0EE11ap_int_baseIXT_EXT0_EXleT_Li64EEERKS1_i.exit:15  %tmp_s = sitofp i32 %freqControl_assign_l_1 to double


 <State 6>: 8.81ns
ST_6: tmp_s (22)  [2/5] 8.81ns  loc: NCO_key2/nco2.cpp:224
_ZrsILi32ELb0EE11ap_int_baseIXT_EXT0_EXleT_Li64EEERKS1_i.exit:15  %tmp_s = sitofp i32 %freqControl_assign_l_1 to double


 <State 7>: 8.81ns
ST_7: tmp_s (22)  [1/5] 8.81ns  loc: NCO_key2/nco2.cpp:224
_ZrsILi32ELb0EE11ap_int_baseIXT_EXT0_EXleT_Li64EEERKS1_i.exit:15  %tmp_s = sitofp i32 %freqControl_assign_l_1 to double


 <State 8>: 8.62ns
ST_8: tmp_1 (23)  [31/31] 8.62ns  loc: NCO_key2/nco2.cpp:224
_ZrsILi32ELb0EE11ap_int_baseIXT_EXT0_EXleT_Li64EEERKS1_i.exit:16  %tmp_1 = fdiv double %tmp_s, 2.328000e-02


 <State 9>: 8.62ns
ST_9: tmp_1 (23)  [30/31] 8.62ns  loc: NCO_key2/nco2.cpp:224
_ZrsILi32ELb0EE11ap_int_baseIXT_EXT0_EXleT_Li64EEERKS1_i.exit:16  %tmp_1 = fdiv double %tmp_s, 2.328000e-02


 <State 10>: 8.62ns
ST_10: tmp_1 (23)  [29/31] 8.62ns  loc: NCO_key2/nco2.cpp:224
_ZrsILi32ELb0EE11ap_int_baseIXT_EXT0_EXleT_Li64EEERKS1_i.exit:16  %tmp_1 = fdiv double %tmp_s, 2.328000e-02


 <State 11>: 8.62ns
ST_11: tmp_1 (23)  [28/31] 8.62ns  loc: NCO_key2/nco2.cpp:224
_ZrsILi32ELb0EE11ap_int_baseIXT_EXT0_EXleT_Li64EEERKS1_i.exit:16  %tmp_1 = fdiv double %tmp_s, 2.328000e-02


 <State 12>: 8.62ns
ST_12: tmp_1 (23)  [27/31] 8.62ns  loc: NCO_key2/nco2.cpp:224
_ZrsILi32ELb0EE11ap_int_baseIXT_EXT0_EXleT_Li64EEERKS1_i.exit:16  %tmp_1 = fdiv double %tmp_s, 2.328000e-02


 <State 13>: 8.62ns
ST_13: tmp_1 (23)  [26/31] 8.62ns  loc: NCO_key2/nco2.cpp:224
_ZrsILi32ELb0EE11ap_int_baseIXT_EXT0_EXleT_Li64EEERKS1_i.exit:16  %tmp_1 = fdiv double %tmp_s, 2.328000e-02


 <State 14>: 8.62ns
ST_14: tmp_1 (23)  [25/31] 8.62ns  loc: NCO_key2/nco2.cpp:224
_ZrsILi32ELb0EE11ap_int_baseIXT_EXT0_EXleT_Li64EEERKS1_i.exit:16  %tmp_1 = fdiv double %tmp_s, 2.328000e-02


 <State 15>: 8.62ns
ST_15: tmp_1 (23)  [24/31] 8.62ns  loc: NCO_key2/nco2.cpp:224
_ZrsILi32ELb0EE11ap_int_baseIXT_EXT0_EXleT_Li64EEERKS1_i.exit:16  %tmp_1 = fdiv double %tmp_s, 2.328000e-02


 <State 16>: 8.62ns
ST_16: tmp_1 (23)  [23/31] 8.62ns  loc: NCO_key2/nco2.cpp:224
_ZrsILi32ELb0EE11ap_int_baseIXT_EXT0_EXleT_Li64EEERKS1_i.exit:16  %tmp_1 = fdiv double %tmp_s, 2.328000e-02


 <State 17>: 8.62ns
ST_17: tmp_1 (23)  [22/31] 8.62ns  loc: NCO_key2/nco2.cpp:224
_ZrsILi32ELb0EE11ap_int_baseIXT_EXT0_EXleT_Li64EEERKS1_i.exit:16  %tmp_1 = fdiv double %tmp_s, 2.328000e-02


 <State 18>: 8.62ns
ST_18: tmp_1 (23)  [21/31] 8.62ns  loc: NCO_key2/nco2.cpp:224
_ZrsILi32ELb0EE11ap_int_baseIXT_EXT0_EXleT_Li64EEERKS1_i.exit:16  %tmp_1 = fdiv double %tmp_s, 2.328000e-02


 <State 19>: 8.62ns
ST_19: tmp_1 (23)  [20/31] 8.62ns  loc: NCO_key2/nco2.cpp:224
_ZrsILi32ELb0EE11ap_int_baseIXT_EXT0_EXleT_Li64EEERKS1_i.exit:16  %tmp_1 = fdiv double %tmp_s, 2.328000e-02


 <State 20>: 8.62ns
ST_20: tmp_1 (23)  [19/31] 8.62ns  loc: NCO_key2/nco2.cpp:224
_ZrsILi32ELb0EE11ap_int_baseIXT_EXT0_EXleT_Li64EEERKS1_i.exit:16  %tmp_1 = fdiv double %tmp_s, 2.328000e-02


 <State 21>: 8.62ns
ST_21: tmp_1 (23)  [18/31] 8.62ns  loc: NCO_key2/nco2.cpp:224
_ZrsILi32ELb0EE11ap_int_baseIXT_EXT0_EXleT_Li64EEERKS1_i.exit:16  %tmp_1 = fdiv double %tmp_s, 2.328000e-02


 <State 22>: 8.62ns
ST_22: tmp_1 (23)  [17/31] 8.62ns  loc: NCO_key2/nco2.cpp:224
_ZrsILi32ELb0EE11ap_int_baseIXT_EXT0_EXleT_Li64EEERKS1_i.exit:16  %tmp_1 = fdiv double %tmp_s, 2.328000e-02


 <State 23>: 8.62ns
ST_23: tmp_1 (23)  [16/31] 8.62ns  loc: NCO_key2/nco2.cpp:224
_ZrsILi32ELb0EE11ap_int_baseIXT_EXT0_EXleT_Li64EEERKS1_i.exit:16  %tmp_1 = fdiv double %tmp_s, 2.328000e-02


 <State 24>: 8.62ns
ST_24: tmp_1 (23)  [15/31] 8.62ns  loc: NCO_key2/nco2.cpp:224
_ZrsILi32ELb0EE11ap_int_baseIXT_EXT0_EXleT_Li64EEERKS1_i.exit:16  %tmp_1 = fdiv double %tmp_s, 2.328000e-02


 <State 25>: 8.62ns
ST_25: tmp_1 (23)  [14/31] 8.62ns  loc: NCO_key2/nco2.cpp:224
_ZrsILi32ELb0EE11ap_int_baseIXT_EXT0_EXleT_Li64EEERKS1_i.exit:16  %tmp_1 = fdiv double %tmp_s, 2.328000e-02


 <State 26>: 8.62ns
ST_26: tmp_1 (23)  [13/31] 8.62ns  loc: NCO_key2/nco2.cpp:224
_ZrsILi32ELb0EE11ap_int_baseIXT_EXT0_EXleT_Li64EEERKS1_i.exit:16  %tmp_1 = fdiv double %tmp_s, 2.328000e-02


 <State 27>: 8.62ns
ST_27: tmp_1 (23)  [12/31] 8.62ns  loc: NCO_key2/nco2.cpp:224
_ZrsILi32ELb0EE11ap_int_baseIXT_EXT0_EXleT_Li64EEERKS1_i.exit:16  %tmp_1 = fdiv double %tmp_s, 2.328000e-02


 <State 28>: 8.62ns
ST_28: tmp_1 (23)  [11/31] 8.62ns  loc: NCO_key2/nco2.cpp:224
_ZrsILi32ELb0EE11ap_int_baseIXT_EXT0_EXleT_Li64EEERKS1_i.exit:16  %tmp_1 = fdiv double %tmp_s, 2.328000e-02


 <State 29>: 8.62ns
ST_29: tmp_1 (23)  [10/31] 8.62ns  loc: NCO_key2/nco2.cpp:224
_ZrsILi32ELb0EE11ap_int_baseIXT_EXT0_EXleT_Li64EEERKS1_i.exit:16  %tmp_1 = fdiv double %tmp_s, 2.328000e-02


 <State 30>: 8.62ns
ST_30: tmp_1 (23)  [9/31] 8.62ns  loc: NCO_key2/nco2.cpp:224
_ZrsILi32ELb0EE11ap_int_baseIXT_EXT0_EXleT_Li64EEERKS1_i.exit:16  %tmp_1 = fdiv double %tmp_s, 2.328000e-02


 <State 31>: 8.62ns
ST_31: tmp_1 (23)  [8/31] 8.62ns  loc: NCO_key2/nco2.cpp:224
_ZrsILi32ELb0EE11ap_int_baseIXT_EXT0_EXleT_Li64EEERKS1_i.exit:16  %tmp_1 = fdiv double %tmp_s, 2.328000e-02


 <State 32>: 8.62ns
ST_32: tmp_1 (23)  [7/31] 8.62ns  loc: NCO_key2/nco2.cpp:224
_ZrsILi32ELb0EE11ap_int_baseIXT_EXT0_EXleT_Li64EEERKS1_i.exit:16  %tmp_1 = fdiv double %tmp_s, 2.328000e-02


 <State 33>: 8.62ns
ST_33: tmp_1 (23)  [6/31] 8.62ns  loc: NCO_key2/nco2.cpp:224
_ZrsILi32ELb0EE11ap_int_baseIXT_EXT0_EXleT_Li64EEERKS1_i.exit:16  %tmp_1 = fdiv double %tmp_s, 2.328000e-02


 <State 34>: 8.62ns
ST_34: tmp_1 (23)  [5/31] 8.62ns  loc: NCO_key2/nco2.cpp:224
_ZrsILi32ELb0EE11ap_int_baseIXT_EXT0_EXleT_Li64EEERKS1_i.exit:16  %tmp_1 = fdiv double %tmp_s, 2.328000e-02


 <State 35>: 8.62ns
ST_35: tmp_1 (23)  [4/31] 8.62ns  loc: NCO_key2/nco2.cpp:224
_ZrsILi32ELb0EE11ap_int_baseIXT_EXT0_EXleT_Li64EEERKS1_i.exit:16  %tmp_1 = fdiv double %tmp_s, 2.328000e-02


 <State 36>: 8.62ns
ST_36: tmp_1 (23)  [3/31] 8.62ns  loc: NCO_key2/nco2.cpp:224
_ZrsILi32ELb0EE11ap_int_baseIXT_EXT0_EXleT_Li64EEERKS1_i.exit:16  %tmp_1 = fdiv double %tmp_s, 2.328000e-02


 <State 37>: 8.62ns
ST_37: tmp_1 (23)  [2/31] 8.62ns  loc: NCO_key2/nco2.cpp:224
_ZrsILi32ELb0EE11ap_int_baseIXT_EXT0_EXleT_Li64EEERKS1_i.exit:16  %tmp_1 = fdiv double %tmp_s, 2.328000e-02


 <State 38>: 8.62ns
ST_38: tmp_1 (23)  [1/31] 8.62ns  loc: NCO_key2/nco2.cpp:224
_ZrsILi32ELb0EE11ap_int_baseIXT_EXT0_EXleT_Li64EEERKS1_i.exit:16  %tmp_1 = fdiv double %tmp_s, 2.328000e-02


 <State 39>: 7.79ns
ST_39: val_assign (24)  [6/6] 7.79ns  loc: NCO_key2/nco2.cpp:224
_ZrsILi32ELb0EE11ap_int_baseIXT_EXT0_EXleT_Li64EEERKS1_i.exit:17  %val_assign = fmul double %tmp_1, 4.500000e+01


 <State 40>: 7.79ns
ST_40: val_assign (24)  [5/6] 7.79ns  loc: NCO_key2/nco2.cpp:224
_ZrsILi32ELb0EE11ap_int_baseIXT_EXT0_EXleT_Li64EEERKS1_i.exit:17  %val_assign = fmul double %tmp_1, 4.500000e+01


 <State 41>: 7.79ns
ST_41: val_assign (24)  [4/6] 7.79ns  loc: NCO_key2/nco2.cpp:224
_ZrsILi32ELb0EE11ap_int_baseIXT_EXT0_EXleT_Li64EEERKS1_i.exit:17  %val_assign = fmul double %tmp_1, 4.500000e+01


 <State 42>: 7.79ns
ST_42: val_assign (24)  [3/6] 7.79ns  loc: NCO_key2/nco2.cpp:224
_ZrsILi32ELb0EE11ap_int_baseIXT_EXT0_EXleT_Li64EEERKS1_i.exit:17  %val_assign = fmul double %tmp_1, 4.500000e+01


 <State 43>: 7.79ns
ST_43: val_assign (24)  [2/6] 7.79ns  loc: NCO_key2/nco2.cpp:224
_ZrsILi32ELb0EE11ap_int_baseIXT_EXT0_EXleT_Li64EEERKS1_i.exit:17  %val_assign = fmul double %tmp_1, 4.500000e+01


 <State 44>: 7.79ns
ST_44: accumulator_V_load (18)  [1/1] 0.00ns  loc: NCO_key2/nco2.cpp:222
_ZrsILi32ELb0EE11ap_int_baseIXT_EXT0_EXleT_Li64EEERKS1_i.exit:11  %accumulator_V_load = load i32* @accumulator_V, align 4

ST_44: phitmp (19)  [1/1] 0.00ns  loc: NCO_key2/nco2.cpp:222
_ZrsILi32ELb0EE11ap_int_baseIXT_EXT0_EXleT_Li64EEERKS1_i.exit:12  %phitmp = call i13 @_ssdm_op_PartSelect.i13.i32.i32.i32(i32 %accumulator_V_load, i32 19, i32 31)

ST_44: StgValue_94 (20)  [1/1] 0.00ns  loc: NCO_key2/nco2.cpp:222
_ZrsILi32ELb0EE11ap_int_baseIXT_EXT0_EXleT_Li64EEERKS1_i.exit:13  store i13 %phitmp, i13* @index_V, align 2

ST_44: val_assign (24)  [1/6] 7.79ns  loc: NCO_key2/nco2.cpp:224
_ZrsILi32ELb0EE11ap_int_baseIXT_EXT0_EXleT_Li64EEERKS1_i.exit:17  %val_assign = fmul double %tmp_1, 4.500000e+01

ST_44: tmp_3 (48)  [1/1] 0.00ns  loc: NCO_key2/nco2.cpp:227
_ZrsILi32ELb0EE11ap_int_baseIXT_EXT0_EXleT_Li64EEERKS1_i.exit:41  %tmp_3 = zext i13 %phitmp to i32

ST_44: sine_V_addr (49)  [1/1] 0.00ns  loc: NCO_key2/nco2.cpp:227
_ZrsILi32ELb0EE11ap_int_baseIXT_EXT0_EXleT_Li64EEERKS1_i.exit:42  %sine_V_addr = getelementptr [8192 x i23]* @sine_V, i32 0, i32 %tmp_3

ST_44: sine_V_load (50)  [2/2] 2.39ns  loc: NCO_key2/nco2.cpp:227
_ZrsILi32ELb0EE11ap_int_baseIXT_EXT0_EXleT_Li64EEERKS1_i.exit:43  %sine_V_load = load i23* %sine_V_addr, align 4


 <State 45>: 9.21ns
ST_45: StgValue_99 (7)  [1/1] 0.00ns
_ZrsILi32ELb0EE11ap_int_baseIXT_EXT0_EXleT_Li64EEERKS1_i.exit:0  call void (...)* @_ssdm_op_SpecBitsMap(i32 %freqControl), !map !378

ST_45: StgValue_100 (8)  [1/1] 0.00ns
_ZrsILi32ELb0EE11ap_int_baseIXT_EXT0_EXleT_Li64EEERKS1_i.exit:1  call void (...)* @_ssdm_op_SpecBitsMap(i24* %sine_out_V), !map !384

ST_45: StgValue_101 (9)  [1/1] 0.00ns
_ZrsILi32ELb0EE11ap_int_baseIXT_EXT0_EXleT_Li64EEERKS1_i.exit:2  call void (...)* @_ssdm_op_SpecTopModule([5 x i8]* @NCO2_str) nounwind

ST_45: StgValue_102 (14)  [1/1] 0.00ns  loc: NCO_key2/nco2.cpp:220
_ZrsILi32ELb0EE11ap_int_baseIXT_EXT0_EXleT_Li64EEERKS1_i.exit:7  call void (...)* @_ssdm_op_SpecInterface(i32 %freqControl, [10 x i8]* @p_str, i32 0, i32 0, [1 x i8]* @p_str5, i32 0, i32 0, [1 x i8]* @p_str5, [1 x i8]* @p_str5, [1 x i8]* @p_str5, i32 0, i32 0, i32 0, i32 0, [1 x i8]* @p_str5, [1 x i8]* @p_str5) nounwind

ST_45: StgValue_103 (15)  [1/1] 0.00ns  loc: NCO_key2/nco2.cpp:220
_ZrsILi32ELb0EE11ap_int_baseIXT_EXT0_EXleT_Li64EEERKS1_i.exit:8  call void (...)* @_ssdm_op_SpecInterface(i24* %sine_out_V, [10 x i8]* @p_str, i32 0, i32 0, [1 x i8]* @p_str5, i32 0, i32 0, [1 x i8]* @p_str5, [1 x i8]* @p_str5, [1 x i8]* @p_str5, i32 0, i32 0, i32 0, i32 0, [1 x i8]* @p_str5, [1 x i8]* @p_str5) nounwind

ST_45: StgValue_104 (16)  [1/1] 0.00ns  loc: NCO_key2/nco2.cpp:220
_ZrsILi32ELb0EE11ap_int_baseIXT_EXT0_EXleT_Li64EEERKS1_i.exit:9  call void (...)* @_ssdm_op_SpecInterface(i32 0, [13 x i8]* @p_str6, i32 0, i32 0, [1 x i8]* @p_str5, i32 0, i32 0, [1 x i8]* @p_str5, [1 x i8]* @p_str5, [1 x i8]* @p_str5, i32 0, i32 0, i32 0, i32 0, [1 x i8]* @p_str5, [1 x i8]* @p_str5) nounwind

ST_45: StgValue_105 (17)  [1/1] 0.00ns  loc: NCO_key2/nco2.cpp:220
_ZrsILi32ELb0EE11ap_int_baseIXT_EXT0_EXleT_Li64EEERKS1_i.exit:10  call void (...)* @_ssdm_op_SpecInterface(i32 0, [10 x i8]* @p_str, i32 0, i32 0, [1 x i8]* @p_str5, i32 0, i32 0, [1 x i8]* @p_str5, [1 x i8]* @p_str5, [1 x i8]* @p_str5, i32 0, i32 0, i32 0, i32 0, [1 x i8]* @p_str5, [1 x i8]* @p_str5) nounwind

ST_45: p_Val2_s (25)  [1/1] 0.00ns  loc: r:/builds/2016.4/nightly/2017_01_23_1756540/src/products/hls/hls_lib/src/hls/utils/x_hls_utils.h:469->r:/builds/2016.4/nightly/2017_01_23_1756540/src/products/hls/hls_lib/src/hls/utils/x_hls_utils.h:473->r:/builds/2016.4/nightly/2017_01_23_1756540/src/products/hls/hls_lib/src/hls/hls_round.h:390->r:/builds/2016.4/nightly/2017_01_23_1756540/src/products/hls/hls_lib/src/lib_floatconversion.cpp:53->NCO_key2/nco2.cpp:224
_ZrsILi32ELb0EE11ap_int_baseIXT_EXT0_EXleT_Li64EEERKS1_i.exit:18  %p_Val2_s = bitcast double %val_assign to i64

ST_45: loc_V (26)  [1/1] 0.00ns  loc: r:/builds/2016.4/nightly/2017_01_23_1756540/src/products/hls/hls_lib/src/hls/utils/x_hls_utils.h:471->r:/builds/2016.4/nightly/2017_01_23_1756540/src/products/hls/hls_lib/src/hls/utils/x_hls_utils.h:473->r:/builds/2016.4/nightly/2017_01_23_1756540/src/products/hls/hls_lib/src/hls/hls_round.h:390->r:/builds/2016.4/nightly/2017_01_23_1756540/src/products/hls/hls_lib/src/lib_floatconversion.cpp:53->NCO_key2/nco2.cpp:224
_ZrsILi32ELb0EE11ap_int_baseIXT_EXT0_EXleT_Li64EEERKS1_i.exit:19  %loc_V = call i11 @_ssdm_op_PartSelect.i11.i64.i32.i32(i64 %p_Val2_s, i32 52, i32 62) nounwind

ST_45: loc_V_1 (27)  [1/1] 0.00ns  loc: r:/builds/2016.4/nightly/2017_01_23_1756540/src/products/hls/hls_lib/src/hls/utils/x_hls_utils.h:472->r:/builds/2016.4/nightly/2017_01_23_1756540/src/products/hls/hls_lib/src/hls/utils/x_hls_utils.h:473->r:/builds/2016.4/nightly/2017_01_23_1756540/src/products/hls/hls_lib/src/hls/hls_round.h:390->r:/builds/2016.4/nightly/2017_01_23_1756540/src/products/hls/hls_lib/src/lib_floatconversion.cpp:53->NCO_key2/nco2.cpp:224
_ZrsILi32ELb0EE11ap_int_baseIXT_EXT0_EXleT_Li64EEERKS1_i.exit:20  %loc_V_1 = trunc i64 %p_Val2_s to i52

ST_45: p_Result_s (28)  [1/1] 0.00ns  loc: r:/builds/2016.4/nightly/2017_01_23_1756540/src/products/hls/hls_lib/src/hls/utils/x_hls_utils.h:516->r:/builds/2016.4/nightly/2017_01_23_1756540/src/products/hls/hls_lib/src/hls/hls_round.h:392->r:/builds/2016.4/nightly/2017_01_23_1756540/src/products/hls/hls_lib/src/lib_floatconversion.cpp:53->NCO_key2/nco2.cpp:224
_ZrsILi32ELb0EE11ap_int_baseIXT_EXT0_EXleT_Li64EEERKS1_i.exit:21  %p_Result_s = call i53 @_ssdm_op_BitConcatenate.i53.i1.i52(i1 true, i52 %loc_V_1) nounwind

ST_45: tmp_i_i (29)  [1/1] 0.00ns  loc: r:/builds/2016.4/nightly/2017_01_23_1756540/src/products/hls/hls_lib/src/hls/hls_round.h:392->r:/builds/2016.4/nightly/2017_01_23_1756540/src/products/hls/hls_lib/src/lib_floatconversion.cpp:53->NCO_key2/nco2.cpp:224 (grouped into LUT with out node result_V)
_ZrsILi32ELb0EE11ap_int_baseIXT_EXT0_EXleT_Li64EEERKS1_i.exit:22  %tmp_i_i = zext i53 %p_Result_s to i136

ST_45: tmp_i_i_i_cast1 (30)  [1/1] 0.00ns  loc: r:/builds/2016.4/nightly/2017_01_23_1756540/src/products/hls/hls_lib/src/hls/utils/x_hls_utils.h:496->r:/builds/2016.4/nightly/2017_01_23_1756540/src/products/hls/hls_lib/src/hls/hls_round.h:395->r:/builds/2016.4/nightly/2017_01_23_1756540/src/products/hls/hls_lib/src/lib_floatconversion.cpp:53->NCO_key2/nco2.cpp:224
_ZrsILi32ELb0EE11ap_int_baseIXT_EXT0_EXleT_Li64EEERKS1_i.exit:23  %tmp_i_i_i_cast1 = zext i11 %loc_V to i12

ST_45: sh_assign (31)  [1/1] 1.84ns  loc: r:/builds/2016.4/nightly/2017_01_23_1756540/src/products/hls/hls_lib/src/hls/utils/x_hls_utils.h:496->r:/builds/2016.4/nightly/2017_01_23_1756540/src/products/hls/hls_lib/src/hls/hls_round.h:395->r:/builds/2016.4/nightly/2017_01_23_1756540/src/products/hls/hls_lib/src/lib_floatconversion.cpp:53->NCO_key2/nco2.cpp:224
_ZrsILi32ELb0EE11ap_int_baseIXT_EXT0_EXleT_Li64EEERKS1_i.exit:24  %sh_assign = add i12 -1023, %tmp_i_i_i_cast1

ST_45: isNeg (32)  [1/1] 0.00ns  loc: r:/builds/2016.4/nightly/2017_01_23_1756540/src/products/hls/hls_lib/src/hls/hls_round.h:395->r:/builds/2016.4/nightly/2017_01_23_1756540/src/products/hls/hls_lib/src/lib_floatconversion.cpp:53->NCO_key2/nco2.cpp:224
_ZrsILi32ELb0EE11ap_int_baseIXT_EXT0_EXleT_Li64EEERKS1_i.exit:25  %isNeg = call i1 @_ssdm_op_BitSelect.i1.i12.i32(i12 %sh_assign, i32 11)

ST_45: tmp_2_i_i (33)  [1/1] 1.84ns  loc: r:/builds/2016.4/nightly/2017_01_23_1756540/src/products/hls/hls_lib/src/hls/hls_round.h:395->r:/builds/2016.4/nightly/2017_01_23_1756540/src/products/hls/hls_lib/src/lib_floatconversion.cpp:53->NCO_key2/nco2.cpp:224
_ZrsILi32ELb0EE11ap_int_baseIXT_EXT0_EXleT_Li64EEERKS1_i.exit:26  %tmp_2_i_i = sub i11 1023, %loc_V

ST_45: tmp_2_i_i_cast (34)  [1/1] 0.00ns  loc: r:/builds/2016.4/nightly/2017_01_23_1756540/src/products/hls/hls_lib/src/hls/hls_round.h:395->r:/builds/2016.4/nightly/2017_01_23_1756540/src/products/hls/hls_lib/src/lib_floatconversion.cpp:53->NCO_key2/nco2.cpp:224
_ZrsILi32ELb0EE11ap_int_baseIXT_EXT0_EXleT_Li64EEERKS1_i.exit:27  %tmp_2_i_i_cast = sext i11 %tmp_2_i_i to i12

ST_45: sh_assign_1 (35)  [1/1] 1.37ns  loc: r:/builds/2016.4/nightly/2017_01_23_1756540/src/products/hls/hls_lib/src/hls/hls_round.h:395->r:/builds/2016.4/nightly/2017_01_23_1756540/src/products/hls/hls_lib/src/lib_floatconversion.cpp:53->NCO_key2/nco2.cpp:224
_ZrsILi32ELb0EE11ap_int_baseIXT_EXT0_EXleT_Li64EEERKS1_i.exit:28  %sh_assign_1 = select i1 %isNeg, i12 %tmp_2_i_i_cast, i12 %sh_assign

ST_45: sh_assign_1_cast (36)  [1/1] 0.00ns  loc: r:/builds/2016.4/nightly/2017_01_23_1756540/src/products/hls/hls_lib/src/hls/hls_round.h:395->r:/builds/2016.4/nightly/2017_01_23_1756540/src/products/hls/hls_lib/src/lib_floatconversion.cpp:53->NCO_key2/nco2.cpp:224
_ZrsILi32ELb0EE11ap_int_baseIXT_EXT0_EXleT_Li64EEERKS1_i.exit:29  %sh_assign_1_cast = sext i12 %sh_assign_1 to i32

ST_45: tmp_4_i_i (37)  [1/1] 0.00ns  loc: r:/builds/2016.4/nightly/2017_01_23_1756540/src/products/hls/hls_lib/src/hls/hls_round.h:395->r:/builds/2016.4/nightly/2017_01_23_1756540/src/products/hls/hls_lib/src/lib_floatconversion.cpp:53->NCO_key2/nco2.cpp:224 (grouped into LUT with out node result_V)
_ZrsILi32ELb0EE11ap_int_baseIXT_EXT0_EXleT_Li64EEERKS1_i.exit:30  %tmp_4_i_i = zext i32 %sh_assign_1_cast to i136

ST_45: tmp_4_i_i_cast (38)  [1/1] 0.00ns  loc: r:/builds/2016.4/nightly/2017_01_23_1756540/src/products/hls/hls_lib/src/hls/hls_round.h:395->r:/builds/2016.4/nightly/2017_01_23_1756540/src/products/hls/hls_lib/src/lib_floatconversion.cpp:53->NCO_key2/nco2.cpp:224 (grouped into LUT with out node result_V)
_ZrsILi32ELb0EE11ap_int_baseIXT_EXT0_EXleT_Li64EEERKS1_i.exit:31  %tmp_4_i_i_cast = zext i32 %sh_assign_1_cast to i53

ST_45: tmp_5_i_i (39)  [1/1] 0.00ns  loc: r:/builds/2016.4/nightly/2017_01_23_1756540/src/products/hls/hls_lib/src/hls/hls_round.h:395->r:/builds/2016.4/nightly/2017_01_23_1756540/src/products/hls/hls_lib/src/lib_floatconversion.cpp:53->NCO_key2/nco2.cpp:224 (grouped into LUT with out node result_V)
_ZrsILi32ELb0EE11ap_int_baseIXT_EXT0_EXleT_Li64EEERKS1_i.exit:32  %tmp_5_i_i = lshr i53 %p_Result_s, %tmp_4_i_i_cast

ST_45: tmp_7_i_i (40)  [1/1] 0.00ns  loc: r:/builds/2016.4/nightly/2017_01_23_1756540/src/products/hls/hls_lib/src/hls/hls_round.h:395->r:/builds/2016.4/nightly/2017_01_23_1756540/src/products/hls/hls_lib/src/lib_floatconversion.cpp:53->NCO_key2/nco2.cpp:224 (grouped into LUT with out node result_V)
_ZrsILi32ELb0EE11ap_int_baseIXT_EXT0_EXleT_Li64EEERKS1_i.exit:33  %tmp_7_i_i = shl i136 %tmp_i_i, %tmp_4_i_i

ST_45: tmp (41)  [1/1] 0.00ns  loc: r:/builds/2016.4/nightly/2017_01_23_1756540/src/products/hls/hls_lib/src/hls/hls_round.h:395->r:/builds/2016.4/nightly/2017_01_23_1756540/src/products/hls/hls_lib/src/lib_floatconversion.cpp:53->NCO_key2/nco2.cpp:224 (grouped into LUT with out node result_V)
_ZrsILi32ELb0EE11ap_int_baseIXT_EXT0_EXleT_Li64EEERKS1_i.exit:34  %tmp = call i1 @_ssdm_op_BitSelect.i1.i53.i32(i53 %tmp_5_i_i, i32 52)

ST_45: tmp_4 (42)  [1/1] 0.00ns  loc: r:/builds/2016.4/nightly/2017_01_23_1756540/src/products/hls/hls_lib/src/hls/hls_round.h:395->r:/builds/2016.4/nightly/2017_01_23_1756540/src/products/hls/hls_lib/src/lib_floatconversion.cpp:53->NCO_key2/nco2.cpp:224 (grouped into LUT with out node result_V)
_ZrsILi32ELb0EE11ap_int_baseIXT_EXT0_EXleT_Li64EEERKS1_i.exit:35  %tmp_4 = zext i1 %tmp to i32

ST_45: tmp_5 (43)  [1/1] 0.00ns  loc: r:/builds/2016.4/nightly/2017_01_23_1756540/src/products/hls/hls_lib/src/hls/hls_round.h:398->r:/builds/2016.4/nightly/2017_01_23_1756540/src/products/hls/hls_lib/src/lib_floatconversion.cpp:53->NCO_key2/nco2.cpp:224 (grouped into LUT with out node result_V)
_ZrsILi32ELb0EE11ap_int_baseIXT_EXT0_EXleT_Li64EEERKS1_i.exit:36  %tmp_5 = call i32 @_ssdm_op_PartSelect.i32.i136.i32.i32(i136 %tmp_7_i_i, i32 52, i32 83)

ST_45: result_V (44)  [1/1] 3.56ns  loc: r:/builds/2016.4/nightly/2017_01_23_1756540/src/products/hls/hls_lib/src/hls/hls_round.h:395->r:/builds/2016.4/nightly/2017_01_23_1756540/src/products/hls/hls_lib/src/lib_floatconversion.cpp:53->NCO_key2/nco2.cpp:224 (out node of the LUT)
_ZrsILi32ELb0EE11ap_int_baseIXT_EXT0_EXleT_Li64EEERKS1_i.exit:37  %result_V = select i1 %isNeg, i32 %tmp_4, i32 %tmp_5

ST_45: StgValue_126 (45)  [1/1] 0.00ns  loc: NCO_key2/nco2.cpp:224
_ZrsILi32ELb0EE11ap_int_baseIXT_EXT0_EXleT_Li64EEERKS1_i.exit:38  store i32 %result_V, i32* @phase_V, align 4

ST_45: tmp_2 (46)  [1/1] 2.44ns  loc: NCO_key2/nco2.cpp:225
_ZrsILi32ELb0EE11ap_int_baseIXT_EXT0_EXleT_Li64EEERKS1_i.exit:39  %tmp_2 = add i32 %accumulator_V_load, %result_V

ST_45: StgValue_128 (47)  [1/1] 0.00ns  loc: NCO_key2/nco2.cpp:225
_ZrsILi32ELb0EE11ap_int_baseIXT_EXT0_EXleT_Li64EEERKS1_i.exit:40  store i32 %tmp_2, i32* @accumulator_V, align 4

ST_45: sine_V_load (50)  [1/2] 2.39ns  loc: NCO_key2/nco2.cpp:227
_ZrsILi32ELb0EE11ap_int_baseIXT_EXT0_EXleT_Li64EEERKS1_i.exit:43  %sine_V_load = load i23* %sine_V_addr, align 4

ST_45: sine_V_load_cast (51)  [1/1] 0.00ns  loc: NCO_key2/nco2.cpp:227
_ZrsILi32ELb0EE11ap_int_baseIXT_EXT0_EXleT_Li64EEERKS1_i.exit:44  %sine_V_load_cast = zext i23 %sine_V_load to i24

ST_45: StgValue_131 (52)  [1/1] 1.00ns  loc: NCO_key2/nco2.cpp:227
_ZrsILi32ELb0EE11ap_int_baseIXT_EXT0_EXleT_Li64EEERKS1_i.exit:45  call void @_ssdm_op_Write.s_axilite.i24P(i24* %sine_out_V, i24 %sine_V_load_cast)

ST_45: StgValue_132 (53)  [1/1] 0.00ns  loc: NCO_key2/nco2.cpp:229
_ZrsILi32ELb0EE11ap_int_baseIXT_EXT0_EXleT_Li64EEERKS1_i.exit:46  ret void



============================================================
+ Verbose Summary: Timing violations
============================================================
Target clock period: 10ns, clock uncertainty: 0ns.

 <State 1>: 1ns
The critical path consists of the following:
	s_axi read on port 'freqControl' [10]  (1 ns)

 <State 2>: 0ns
The critical path consists of the following:

 <State 3>: 8.81ns
The critical path consists of the following:
	'load' operation ('freqControl_assign_l_1', NCO_key2/nco2.cpp:224) on local variable 'freqControl' [21]  (0 ns)
	'sitodp' operation ('tmp_s', NCO_key2/nco2.cpp:224) [22]  (8.81 ns)

 <State 4>: 8.81ns
The critical path consists of the following:
	'sitodp' operation ('tmp_s', NCO_key2/nco2.cpp:224) [22]  (8.81 ns)

 <State 5>: 8.81ns
The critical path consists of the following:
	'sitodp' operation ('tmp_s', NCO_key2/nco2.cpp:224) [22]  (8.81 ns)

 <State 6>: 8.81ns
The critical path consists of the following:
	'sitodp' operation ('tmp_s', NCO_key2/nco2.cpp:224) [22]  (8.81 ns)

 <State 7>: 8.81ns
The critical path consists of the following:
	'sitodp' operation ('tmp_s', NCO_key2/nco2.cpp:224) [22]  (8.81 ns)

 <State 8>: 8.62ns
The critical path consists of the following:
	'ddiv' operation ('tmp_1', NCO_key2/nco2.cpp:224) [23]  (8.62 ns)

 <State 9>: 8.62ns
The critical path consists of the following:
	'ddiv' operation ('tmp_1', NCO_key2/nco2.cpp:224) [23]  (8.62 ns)

 <State 10>: 8.62ns
The critical path consists of the following:
	'ddiv' operation ('tmp_1', NCO_key2/nco2.cpp:224) [23]  (8.62 ns)

 <State 11>: 8.62ns
The critical path consists of the following:
	'ddiv' operation ('tmp_1', NCO_key2/nco2.cpp:224) [23]  (8.62 ns)

 <State 12>: 8.62ns
The critical path consists of the following:
	'ddiv' operation ('tmp_1', NCO_key2/nco2.cpp:224) [23]  (8.62 ns)

 <State 13>: 8.62ns
The critical path consists of the following:
	'ddiv' operation ('tmp_1', NCO_key2/nco2.cpp:224) [23]  (8.62 ns)

 <State 14>: 8.62ns
The critical path consists of the following:
	'ddiv' operation ('tmp_1', NCO_key2/nco2.cpp:224) [23]  (8.62 ns)

 <State 15>: 8.62ns
The critical path consists of the following:
	'ddiv' operation ('tmp_1', NCO_key2/nco2.cpp:224) [23]  (8.62 ns)

 <State 16>: 8.62ns
The critical path consists of the following:
	'ddiv' operation ('tmp_1', NCO_key2/nco2.cpp:224) [23]  (8.62 ns)

 <State 17>: 8.62ns
The critical path consists of the following:
	'ddiv' operation ('tmp_1', NCO_key2/nco2.cpp:224) [23]  (8.62 ns)

 <State 18>: 8.62ns
The critical path consists of the following:
	'ddiv' operation ('tmp_1', NCO_key2/nco2.cpp:224) [23]  (8.62 ns)

 <State 19>: 8.62ns
The critical path consists of the following:
	'ddiv' operation ('tmp_1', NCO_key2/nco2.cpp:224) [23]  (8.62 ns)

 <State 20>: 8.62ns
The critical path consists of the following:
	'ddiv' operation ('tmp_1', NCO_key2/nco2.cpp:224) [23]  (8.62 ns)

 <State 21>: 8.62ns
The critical path consists of the following:
	'ddiv' operation ('tmp_1', NCO_key2/nco2.cpp:224) [23]  (8.62 ns)

 <State 22>: 8.62ns
The critical path consists of the following:
	'ddiv' operation ('tmp_1', NCO_key2/nco2.cpp:224) [23]  (8.62 ns)

 <State 23>: 8.62ns
The critical path consists of the following:
	'ddiv' operation ('tmp_1', NCO_key2/nco2.cpp:224) [23]  (8.62 ns)

 <State 24>: 8.62ns
The critical path consists of the following:
	'ddiv' operation ('tmp_1', NCO_key2/nco2.cpp:224) [23]  (8.62 ns)

 <State 25>: 8.62ns
The critical path consists of the following:
	'ddiv' operation ('tmp_1', NCO_key2/nco2.cpp:224) [23]  (8.62 ns)

 <State 26>: 8.62ns
The critical path consists of the following:
	'ddiv' operation ('tmp_1', NCO_key2/nco2.cpp:224) [23]  (8.62 ns)

 <State 27>: 8.62ns
The critical path consists of the following:
	'ddiv' operation ('tmp_1', NCO_key2/nco2.cpp:224) [23]  (8.62 ns)

 <State 28>: 8.62ns
The critical path consists of the following:
	'ddiv' operation ('tmp_1', NCO_key2/nco2.cpp:224) [23]  (8.62 ns)

 <State 29>: 8.62ns
The critical path consists of the following:
	'ddiv' operation ('tmp_1', NCO_key2/nco2.cpp:224) [23]  (8.62 ns)

 <State 30>: 8.62ns
The critical path consists of the following:
	'ddiv' operation ('tmp_1', NCO_key2/nco2.cpp:224) [23]  (8.62 ns)

 <State 31>: 8.62ns
The critical path consists of the following:
	'ddiv' operation ('tmp_1', NCO_key2/nco2.cpp:224) [23]  (8.62 ns)

 <State 32>: 8.62ns
The critical path consists of the following:
	'ddiv' operation ('tmp_1', NCO_key2/nco2.cpp:224) [23]  (8.62 ns)

 <State 33>: 8.62ns
The critical path consists of the following:
	'ddiv' operation ('tmp_1', NCO_key2/nco2.cpp:224) [23]  (8.62 ns)

 <State 34>: 8.62ns
The critical path consists of the following:
	'ddiv' operation ('tmp_1', NCO_key2/nco2.cpp:224) [23]  (8.62 ns)

 <State 35>: 8.62ns
The critical path consists of the following:
	'ddiv' operation ('tmp_1', NCO_key2/nco2.cpp:224) [23]  (8.62 ns)

 <State 36>: 8.62ns
The critical path consists of the following:
	'ddiv' operation ('tmp_1', NCO_key2/nco2.cpp:224) [23]  (8.62 ns)

 <State 37>: 8.62ns
The critical path consists of the following:
	'ddiv' operation ('tmp_1', NCO_key2/nco2.cpp:224) [23]  (8.62 ns)

 <State 38>: 8.62ns
The critical path consists of the following:
	'ddiv' operation ('tmp_1', NCO_key2/nco2.cpp:224) [23]  (8.62 ns)

 <State 39>: 7.79ns
The critical path consists of the following:
	'dmul' operation ('val', NCO_key2/nco2.cpp:224) [24]  (7.79 ns)

 <State 40>: 7.79ns
The critical path consists of the following:
	'dmul' operation ('val', NCO_key2/nco2.cpp:224) [24]  (7.79 ns)

 <State 41>: 7.79ns
The critical path consists of the following:
	'dmul' operation ('val', NCO_key2/nco2.cpp:224) [24]  (7.79 ns)

 <State 42>: 7.79ns
The critical path consists of the following:
	'dmul' operation ('val', NCO_key2/nco2.cpp:224) [24]  (7.79 ns)

 <State 43>: 7.79ns
The critical path consists of the following:
	'dmul' operation ('val', NCO_key2/nco2.cpp:224) [24]  (7.79 ns)

 <State 44>: 7.79ns
The critical path consists of the following:
	'dmul' operation ('val', NCO_key2/nco2.cpp:224) [24]  (7.79 ns)

 <State 45>: 9.21ns
The critical path consists of the following:
	'add' operation ('sh', r:/builds/2016.4/nightly/2017_01_23_1756540/src/products/hls/hls_lib/src/hls/utils/x_hls_utils.h:496->r:/builds/2016.4/nightly/2017_01_23_1756540/src/products/hls/hls_lib/src/hls/hls_round.h:395->r:/builds/2016.4/nightly/2017_01_23_1756540/src/products/hls/hls_lib/src/lib_floatconversion.cpp:53->NCO_key2/nco2.cpp:224) [31]  (1.84 ns)
	'select' operation ('sh', r:/builds/2016.4/nightly/2017_01_23_1756540/src/products/hls/hls_lib/src/hls/hls_round.h:395->r:/builds/2016.4/nightly/2017_01_23_1756540/src/products/hls/hls_lib/src/lib_floatconversion.cpp:53->NCO_key2/nco2.cpp:224) [35]  (1.37 ns)
	'shl' operation ('tmp_7_i_i', r:/builds/2016.4/nightly/2017_01_23_1756540/src/products/hls/hls_lib/src/hls/hls_round.h:395->r:/builds/2016.4/nightly/2017_01_23_1756540/src/products/hls/hls_lib/src/lib_floatconversion.cpp:53->NCO_key2/nco2.cpp:224) [40]  (0 ns)
	'select' operation ('result.V', r:/builds/2016.4/nightly/2017_01_23_1756540/src/products/hls/hls_lib/src/hls/hls_round.h:395->r:/builds/2016.4/nightly/2017_01_23_1756540/src/products/hls/hls_lib/src/lib_floatconversion.cpp:53->NCO_key2/nco2.cpp:224) [44]  (3.56 ns)
	'add' operation ('tmp_2', NCO_key2/nco2.cpp:225) [46]  (2.44 ns)
	'store' operation (NCO_key2/nco2.cpp:225) of variable 'tmp_2', NCO_key2/nco2.cpp:225 on global variable 'accumulator_V' [47]  (0 ns)


============================================================
+ Verbose Summary: Binding
============================================================
N/A
* FSMD analyzer results:
  - Output states:
 - Input state : 
  - Chain level:
	State 1
	State 2
	State 3
	State 4
	State 5
	State 6
	State 7
	State 8
	State 9
	State 10
	State 11
	State 12
	State 13
	State 14
	State 15
	State 16
	State 17
	State 18
	State 19
	State 20
	State 21
	State 22
	State 23
	State 24
	State 25
	State 26
	State 27
	State 28
	State 29
	State 30
	State 31
	State 32
	State 33
	State 34
	State 35
	State 36
	State 37
	State 38
	State 39
	State 40
	State 41
	State 42
	State 43
	State 44
	State 45


============================================================
+ Verbose Summary: Datapath Resource usage 
============================================================
N/A
